[1.201s] Invoking command in '/home/ubuntu/odrv_ws/build/turtlesim': CMAKE_PREFIX_PATH=${CMAKE_PREFIX_PATH}:/home/ubuntu/odrv_ws/install/srvcli:/home/ubuntu/odrv_ws/install/py_srvcli:/opt/ros/foxy /usr/bin/cmake --build /home/ubuntu/odrv_ws/build/turtlesim -- -j4 -l4
[1.564s] [  1%] Built target turtlesim__cpp
[1.623s] [ 11%] Built target turtlesim__rosidl_generator_c
[1.830s] [ 21%] Built target turtlesim__rosidl_typesupport_cpp
[1.877s] [ 31%] Built target turtlesim__rosidl_typesupport_c
[1.895s] [ 41%] Built target turtlesim__rosidl_typesupport_fastrtps_cpp
[1.909s] [ 51%] Built target turtlesim__rosidl_typesupport_introspection_cpp
[2.019s] [ 61%] Built target turtlesim__rosidl_typesupport_introspection_c
[2.084s] [ 71%] Built target turtlesim__rosidl_typesupport_fastrtps_c
[2.178s] [ 71%] Built target turtlesim
[2.338s] [ 72%] Built target turtlesim__py
[2.551s] [ 74%] Built target turtle_teleop_key
[2.681s] [ 76%] Built target draw_square
[2.684s] [ 78%] Built target mimic
[3.049s] [ 84%] Built target turtlesim_node
[3.069s] [ 93%] Built target turtlesim__python
[3.509s] [ 95%] Built target turtlesim__rosidl_typesupport_fastrtps_c__pyext
[3.553s] [ 97%] Built target turtlesim__rosidl_typesupport_c__pyext
[3.585s] [100%] Built target turtlesim__rosidl_typesupport_introspection_c__pyext
[3.704s] Invoked command in '/home/ubuntu/odrv_ws/build/turtlesim' returned '0': CMAKE_PREFIX_PATH=${CMAKE_PREFIX_PATH}:/home/ubuntu/odrv_ws/install/srvcli:/home/ubuntu/odrv_ws/install/py_srvcli:/opt/ros/foxy /usr/bin/cmake --build /home/ubuntu/odrv_ws/build/turtlesim -- -j4 -l4
[5.378s] Invoking command in '/home/ubuntu/odrv_ws/build/turtlesim': CMAKE_PREFIX_PATH=${CMAKE_PREFIX_PATH}:/home/ubuntu/odrv_ws/install/srvcli:/home/ubuntu/odrv_ws/install/py_srvcli:/opt/ros/foxy /usr/bin/cmake --install /home/ubuntu/odrv_ws/build/turtlesim
[5.426s] -- Install configuration: ""
[5.429s] -- Up-to-date: /home/ubuntu/odrv_ws/install/turtlesim/share/ament_index/resource_index/rosidl_interfaces/turtlesim
[5.432s] -- Up-to-date: /home/ubuntu/odrv_ws/install/turtlesim/include/turtlesim
[5.435s] -- Up-to-date: /home/ubuntu/odrv_ws/install/turtlesim/include/turtlesim/action
[5.437s] -- Up-to-date: /home/ubuntu/odrv_ws/install/turtlesim/include/turtlesim/action/detail
[5.438s] -- Up-to-date: /home/ubuntu/odrv_ws/install/turtlesim/include/turtlesim/action/detail/rotate_absolute__functions.c
[5.440s] -- Up-to-date: /home/ubuntu/odrv_ws/install/turtlesim/include/turtlesim/action/detail/rotate_absolute__functions.h
[5.441s] -- Up-to-date: /home/ubuntu/odrv_ws/install/turtlesim/include/turtlesim/action/detail/rotate_absolute__type_support.h
[5.444s] -- Up-to-date: /home/ubuntu/odrv_ws/install/turtlesim/include/turtlesim/action/detail/rotate_absolute__struct.h
[5.445s] -- Up-to-date: /home/ubuntu/odrv_ws/install/turtlesim/include/turtlesim/action/rotate_absolute.h
[5.449s] -- Up-to-date: /home/ubuntu/odrv_ws/install/turtlesim/include/turtlesim/msg
[5.451s] -- Up-to-date: /home/ubuntu/odrv_ws/install/turtlesim/include/turtlesim/msg/rosidl_generator_c__visibility_control.h
[5.452s] -- Up-to-date: /home/ubuntu/odrv_ws/install/turtlesim/include/turtlesim/msg/detail
[5.453s] -- Up-to-date: /home/ubuntu/odrv_ws/install/turtlesim/include/turtlesim/msg/detail/color__functions.h
[5.455s] -- Up-to-date: /home/ubuntu/odrv_ws/install/turtlesim/include/turtlesim/msg/detail/pose__functions.c
[5.456s] -- Up-to-date: /home/ubuntu/odrv_ws/install/turtlesim/include/turtlesim/msg/detail/color__type_support.h
[5.457s] -- Up-to-date: /home/ubuntu/odrv_ws/install/turtlesim/include/turtlesim/msg/detail/color__struct.h
[5.457s] -- Up-to-date: /home/ubuntu/odrv_ws/install/turtlesim/include/turtlesim/msg/detail/color__functions.c
[5.458s] -- Up-to-date: /home/ubuntu/odrv_ws/install/turtlesim/include/turtlesim/msg/detail/pose__struct.h
[5.458s] -- Up-to-date: /home/ubuntu/odrv_ws/install/turtlesim/include/turtlesim/msg/detail/pose__type_support.h
[5.459s] -- Up-to-date: /home/ubuntu/odrv_ws/install/turtlesim/include/turtlesim/msg/detail/pose__functions.h
[5.459s] -- Up-to-date: /home/ubuntu/odrv_ws/install/turtlesim/include/turtlesim/msg/color.h
[5.459s] -- Up-to-date: /home/ubuntu/odrv_ws/install/turtlesim/include/turtlesim/msg/pose.h
[5.460s] -- Up-to-date: /home/ubuntu/odrv_ws/install/turtlesim/include/turtlesim/srv
[5.460s] -- Up-to-date: /home/ubuntu/odrv_ws/install/turtlesim/include/turtlesim/srv/detail
[5.460s] -- Up-to-date: /home/ubuntu/odrv_ws/install/turtlesim/include/turtlesim/srv/detail/kill__struct.h
[5.461s] -- Up-to-date: /home/ubuntu/odrv_ws/install/turtlesim/include/turtlesim/srv/detail/teleport_absolute__functions.h
[5.461s] -- Up-to-date: /home/ubuntu/odrv_ws/install/turtlesim/include/turtlesim/srv/detail/set_pen__struct.h
[5.461s] -- Up-to-date: /home/ubuntu/odrv_ws/install/turtlesim/include/turtlesim/srv/detail/teleport_relative__type_support.h
[5.462s] -- Up-to-date: /home/ubuntu/odrv_ws/install/turtlesim/include/turtlesim/srv/detail/spawn__functions.c
[5.463s] -- Up-to-date: /home/ubuntu/odrv_ws/install/turtlesim/include/turtlesim/srv/detail/set_pen__functions.h
[5.464s] -- Up-to-date: /home/ubuntu/odrv_ws/install/turtlesim/include/turtlesim/srv/detail/teleport_relative__functions.h
[5.466s] -- Up-to-date: /home/ubuntu/odrv_ws/install/turtlesim/include/turtlesim/srv/detail/set_pen__type_support.h
[5.467s] -- Up-to-date: /home/ubuntu/odrv_ws/install/turtlesim/include/turtlesim/srv/detail/kill__functions.h
[5.469s] -- Up-to-date: /home/ubuntu/odrv_ws/install/turtlesim/include/turtlesim/srv/detail/teleport_relative__functions.c
[5.470s] -- Up-to-date: /home/ubuntu/odrv_ws/install/turtlesim/include/turtlesim/srv/detail/spawn__struct.h
[5.470s] -- Up-to-date: /home/ubuntu/odrv_ws/install/turtlesim/include/turtlesim/srv/detail/spawn__functions.h
[5.471s] -- Up-to-date: /home/ubuntu/odrv_ws/install/turtlesim/include/turtlesim/srv/detail/kill__type_support.h
[5.472s] -- Up-to-date: /home/ubuntu/odrv_ws/install/turtlesim/include/turtlesim/srv/detail/spawn__type_support.h
[5.473s] -- Up-to-date: /home/ubuntu/odrv_ws/install/turtlesim/include/turtlesim/srv/detail/teleport_relative__struct.h
[5.473s] -- Up-to-date: /home/ubuntu/odrv_ws/install/turtlesim/include/turtlesim/srv/detail/teleport_absolute__type_support.h
[5.474s] -- Up-to-date: /home/ubuntu/odrv_ws/install/turtlesim/include/turtlesim/srv/detail/kill__functions.c
[5.475s] -- Up-to-date: /home/ubuntu/odrv_ws/install/turtlesim/include/turtlesim/srv/detail/teleport_absolute__struct.h
[5.475s] -- Up-to-date: /home/ubuntu/odrv_ws/install/turtlesim/include/turtlesim/srv/detail/teleport_absolute__functions.c
[5.476s] -- Up-to-date: /home/ubuntu/odrv_ws/install/turtlesim/include/turtlesim/srv/detail/set_pen__functions.c
[5.476s] -- Up-to-date: /home/ubuntu/odrv_ws/install/turtlesim/include/turtlesim/srv/spawn.h
[5.477s] -- Up-to-date: /home/ubuntu/odrv_ws/install/turtlesim/include/turtlesim/srv/teleport_absolute.h
[5.478s] -- Up-to-date: /home/ubuntu/odrv_ws/install/turtlesim/include/turtlesim/srv/teleport_relative.h
[5.478s] -- Up-to-date: /home/ubuntu/odrv_ws/install/turtlesim/include/turtlesim/srv/set_pen.h
[5.479s] -- Up-to-date: /home/ubuntu/odrv_ws/install/turtlesim/include/turtlesim/srv/kill.h
[5.480s] -- Up-to-date: /home/ubuntu/odrv_ws/install/turtlesim/share/turtlesim/environment/library_path.sh
[5.481s] -- Up-to-date: /home/ubuntu/odrv_ws/install/turtlesim/share/turtlesim/environment/library_path.dsv
[5.482s] -- Up-to-date: /home/ubuntu/odrv_ws/install/turtlesim/lib/libturtlesim__rosidl_generator_c.so
[5.483s] -- Up-to-date: /home/ubuntu/odrv_ws/install/turtlesim/include/turtlesim
[5.484s] -- Up-to-date: /home/ubuntu/odrv_ws/install/turtlesim/include/turtlesim/action
[5.485s] -- Up-to-date: /home/ubuntu/odrv_ws/install/turtlesim/include/turtlesim/action/detail
[5.486s] -- Up-to-date: /home/ubuntu/odrv_ws/install/turtlesim/include/turtlesim/action/detail/rotate_absolute__rosidl_typesupport_fastrtps_c.h
[5.487s] -- Up-to-date: /home/ubuntu/odrv_ws/install/turtlesim/include/turtlesim/msg
[5.488s] -- Up-to-date: /home/ubuntu/odrv_ws/install/turtlesim/include/turtlesim/msg/detail
[5.488s] -- Up-to-date: /home/ubuntu/odrv_ws/install/turtlesim/include/turtlesim/msg/detail/pose__rosidl_typesupport_fastrtps_c.h
[5.489s] -- Up-to-date: /home/ubuntu/odrv_ws/install/turtlesim/include/turtlesim/msg/detail/color__rosidl_typesupport_fastrtps_c.h
[5.490s] -- Up-to-date: /home/ubuntu/odrv_ws/install/turtlesim/include/turtlesim/msg/rosidl_typesupport_fastrtps_c__visibility_control.h
[5.490s] -- Up-to-date: /home/ubuntu/odrv_ws/install/turtlesim/include/turtlesim/srv
[5.491s] -- Up-to-date: /home/ubuntu/odrv_ws/install/turtlesim/include/turtlesim/srv/detail
[5.492s] -- Up-to-date: /home/ubuntu/odrv_ws/install/turtlesim/include/turtlesim/srv/detail/spawn__rosidl_typesupport_fastrtps_c.h
[5.495s] -- Up-to-date: /home/ubuntu/odrv_ws/install/turtlesim/include/turtlesim/srv/detail/teleport_relative__rosidl_typesupport_fastrtps_c.h
[5.496s] -- Up-to-date: /home/ubuntu/odrv_ws/install/turtlesim/include/turtlesim/srv/detail/kill__rosidl_typesupport_fastrtps_c.h
[5.497s] -- Up-to-date: /home/ubuntu/odrv_ws/install/turtlesim/include/turtlesim/srv/detail/set_pen__rosidl_typesupport_fastrtps_c.h
[5.497s] -- Up-to-date: /home/ubuntu/odrv_ws/install/turtlesim/include/turtlesim/srv/detail/teleport_absolute__rosidl_typesupport_fastrtps_c.h
[5.498s] -- Up-to-date: /home/ubuntu/odrv_ws/install/turtlesim/lib/libturtlesim__rosidl_typesupport_fastrtps_c.so
[5.499s] -- Up-to-date: /home/ubuntu/odrv_ws/install/turtlesim/include/turtlesim
[5.500s] -- Up-to-date: /home/ubuntu/odrv_ws/install/turtlesim/include/turtlesim/action
[5.500s] -- Up-to-date: /home/ubuntu/odrv_ws/install/turtlesim/include/turtlesim/action/detail
[5.501s] -- Up-to-date: /home/ubuntu/odrv_ws/install/turtlesim/include/turtlesim/action/detail/dds_fastrtps
[5.501s] -- Up-to-date: /home/ubuntu/odrv_ws/install/turtlesim/include/turtlesim/action/detail/rotate_absolute__rosidl_typesupport_fastrtps_cpp.hpp
[5.502s] -- Up-to-date: /home/ubuntu/odrv_ws/install/turtlesim/include/turtlesim/msg
[5.502s] -- Up-to-date: /home/ubuntu/odrv_ws/install/turtlesim/include/turtlesim/msg/detail
[5.503s] -- Up-to-date: /home/ubuntu/odrv_ws/install/turtlesim/include/turtlesim/msg/detail/dds_fastrtps
[5.504s] -- Up-to-date: /home/ubuntu/odrv_ws/install/turtlesim/include/turtlesim/msg/detail/color__rosidl_typesupport_fastrtps_cpp.hpp
[5.504s] -- Up-to-date: /home/ubuntu/odrv_ws/install/turtlesim/include/turtlesim/msg/detail/pose__rosidl_typesupport_fastrtps_cpp.hpp
[5.505s] -- Up-to-date: /home/ubuntu/odrv_ws/install/turtlesim/include/turtlesim/msg/rosidl_typesupport_fastrtps_cpp__visibility_control.h
[5.505s] -- Up-to-date: /home/ubuntu/odrv_ws/install/turtlesim/include/turtlesim/srv
[5.507s] -- Up-to-date: /home/ubuntu/odrv_ws/install/turtlesim/include/turtlesim/srv/detail
[5.507s] -- Up-to-date: /home/ubuntu/odrv_ws/install/turtlesim/include/turtlesim/srv/detail/kill__rosidl_typesupport_fastrtps_cpp.hpp
[5.508s] -- Up-to-date: /home/ubuntu/odrv_ws/install/turtlesim/include/turtlesim/srv/detail/spawn__rosidl_typesupport_fastrtps_cpp.hpp
[5.509s] -- Up-to-date: /home/ubuntu/odrv_ws/install/turtlesim/include/turtlesim/srv/detail/dds_fastrtps
[5.509s] -- Up-to-date: /home/ubuntu/odrv_ws/install/turtlesim/include/turtlesim/srv/detail/set_pen__rosidl_typesupport_fastrtps_cpp.hpp
[5.510s] -- Up-to-date: /home/ubuntu/odrv_ws/install/turtlesim/include/turtlesim/srv/detail/teleport_absolute__rosidl_typesupport_fastrtps_cpp.hpp
[5.511s] -- Up-to-date: /home/ubuntu/odrv_ws/install/turtlesim/include/turtlesim/srv/detail/teleport_relative__rosidl_typesupport_fastrtps_cpp.hpp
[5.512s] -- Up-to-date: /home/ubuntu/odrv_ws/install/turtlesim/lib/libturtlesim__rosidl_typesupport_fastrtps_cpp.so
[5.513s] -- Up-to-date: /home/ubuntu/odrv_ws/install/turtlesim/include/turtlesim
[5.514s] -- Up-to-date: /home/ubuntu/odrv_ws/install/turtlesim/include/turtlesim/action
[5.515s] -- Up-to-date: /home/ubuntu/odrv_ws/install/turtlesim/include/turtlesim/action/detail
[5.515s] -- Up-to-date: /home/ubuntu/odrv_ws/install/turtlesim/include/turtlesim/action/detail/rotate_absolute__type_support.c
[5.516s] -- Up-to-date: /home/ubuntu/odrv_ws/install/turtlesim/include/turtlesim/action/detail/rotate_absolute__rosidl_typesupport_introspection_c.h
[5.518s] -- Up-to-date: /home/ubuntu/odrv_ws/install/turtlesim/include/turtlesim/msg
[5.518s] -- Up-to-date: /home/ubuntu/odrv_ws/install/turtlesim/include/turtlesim/msg/rosidl_typesupport_introspection_c__visibility_control.h
[5.519s] -- Up-to-date: /home/ubuntu/odrv_ws/install/turtlesim/include/turtlesim/msg/detail
[5.520s] -- Up-to-date: /home/ubuntu/odrv_ws/install/turtlesim/include/turtlesim/msg/detail/pose__type_support.c
[5.521s] -- Up-to-date: /home/ubuntu/odrv_ws/install/turtlesim/include/turtlesim/msg/detail/color__rosidl_typesupport_introspection_c.h
[5.522s] -- Up-to-date: /home/ubuntu/odrv_ws/install/turtlesim/include/turtlesim/msg/detail/color__type_support.c
[5.523s] -- Up-to-date: /home/ubuntu/odrv_ws/install/turtlesim/include/turtlesim/msg/detail/pose__rosidl_typesupport_introspection_c.h
[5.524s] -- Up-to-date: /home/ubuntu/odrv_ws/install/turtlesim/include/turtlesim/srv
[5.525s] -- Up-to-date: /home/ubuntu/odrv_ws/install/turtlesim/include/turtlesim/srv/detail
[5.527s] -- Up-to-date: /home/ubuntu/odrv_ws/install/turtlesim/include/turtlesim/srv/detail/teleport_absolute__type_support.c
[5.528s] -- Up-to-date: /home/ubuntu/odrv_ws/install/turtlesim/include/turtlesim/srv/detail/kill__rosidl_typesupport_introspection_c.h
[5.529s] -- Up-to-date: /home/ubuntu/odrv_ws/install/turtlesim/include/turtlesim/srv/detail/teleport_absolute__rosidl_typesupport_introspection_c.h
[5.530s] -- Up-to-date: /home/ubuntu/odrv_ws/install/turtlesim/include/turtlesim/srv/detail/set_pen__type_support.c
[5.530s] -- Up-to-date: /home/ubuntu/odrv_ws/install/turtlesim/include/turtlesim/srv/detail/spawn__type_support.c
[5.531s] -- Up-to-date: /home/ubuntu/odrv_ws/install/turtlesim/include/turtlesim/srv/detail/teleport_relative__type_support.c
[5.532s] -- Up-to-date: /home/ubuntu/odrv_ws/install/turtlesim/include/turtlesim/srv/detail/kill__type_support.c
[5.533s] -- Up-to-date: /home/ubuntu/odrv_ws/install/turtlesim/include/turtlesim/srv/detail/teleport_relative__rosidl_typesupport_introspection_c.h
[5.533s] -- Up-to-date: /home/ubuntu/odrv_ws/install/turtlesim/include/turtlesim/srv/detail/spawn__rosidl_typesupport_introspection_c.h
[5.534s] -- Up-to-date: /home/ubuntu/odrv_ws/install/turtlesim/include/turtlesim/srv/detail/set_pen__rosidl_typesupport_introspection_c.h
[5.535s] -- Up-to-date: /home/ubuntu/odrv_ws/install/turtlesim/lib/libturtlesim__rosidl_typesupport_introspection_c.so
[5.535s] -- Up-to-date: /home/ubuntu/odrv_ws/install/turtlesim/lib/libturtlesim__rosidl_typesupport_c.so
[5.536s] -- Up-to-date: /home/ubuntu/odrv_ws/install/turtlesim/include/turtlesim
[5.537s] -- Up-to-date: /home/ubuntu/odrv_ws/install/turtlesim/include/turtlesim/action
[5.538s] -- Up-to-date: /home/ubuntu/odrv_ws/install/turtlesim/include/turtlesim/action/detail
[5.539s] -- Up-to-date: /home/ubuntu/odrv_ws/install/turtlesim/include/turtlesim/action/detail/rotate_absolute__traits.hpp
[5.539s] -- Up-to-date: /home/ubuntu/odrv_ws/install/turtlesim/include/turtlesim/action/detail/rotate_absolute__builder.hpp
[5.540s] -- Up-to-date: /home/ubuntu/odrv_ws/install/turtlesim/include/turtlesim/action/detail/rotate_absolute__struct.hpp
[5.540s] -- Up-to-date: /home/ubuntu/odrv_ws/install/turtlesim/include/turtlesim/action/rotate_absolute.hpp
[5.541s] -- Up-to-date: /home/ubuntu/odrv_ws/install/turtlesim/include/turtlesim/msg
[5.542s] -- Up-to-date: /home/ubuntu/odrv_ws/install/turtlesim/include/turtlesim/msg/color.hpp
[5.542s] -- Up-to-date: /home/ubuntu/odrv_ws/install/turtlesim/include/turtlesim/msg/detail
[5.543s] -- Up-to-date: /home/ubuntu/odrv_ws/install/turtlesim/include/turtlesim/msg/detail/color__struct.hpp
[5.543s] -- Up-to-date: /home/ubuntu/odrv_ws/install/turtlesim/include/turtlesim/msg/detail/pose__struct.hpp
[5.544s] -- Up-to-date: /home/ubuntu/odrv_ws/install/turtlesim/include/turtlesim/msg/detail/color__builder.hpp
[5.544s] -- Up-to-date: /home/ubuntu/odrv_ws/install/turtlesim/include/turtlesim/msg/detail/pose__traits.hpp
[5.545s] -- Up-to-date: /home/ubuntu/odrv_ws/install/turtlesim/include/turtlesim/msg/detail/color__traits.hpp
[5.546s] -- Up-to-date: /home/ubuntu/odrv_ws/install/turtlesim/include/turtlesim/msg/detail/pose__builder.hpp
[5.546s] -- Up-to-date: /home/ubuntu/odrv_ws/install/turtlesim/include/turtlesim/msg/pose.hpp
[5.547s] -- Up-to-date: /home/ubuntu/odrv_ws/install/turtlesim/include/turtlesim/srv
[5.548s] -- Up-to-date: /home/ubuntu/odrv_ws/install/turtlesim/include/turtlesim/srv/set_pen.hpp
[5.548s] -- Up-to-date: /home/ubuntu/odrv_ws/install/turtlesim/include/turtlesim/srv/detail
[5.549s] -- Up-to-date: /home/ubuntu/odrv_ws/install/turtlesim/include/turtlesim/srv/detail/set_pen__builder.hpp
[5.549s] -- Up-to-date: /home/ubuntu/odrv_ws/install/turtlesim/include/turtlesim/srv/detail/teleport_relative__builder.hpp
[5.550s] -- Up-to-date: /home/ubuntu/odrv_ws/install/turtlesim/include/turtlesim/srv/detail/teleport_absolute__builder.hpp
[5.551s] -- Up-to-date: /home/ubuntu/odrv_ws/install/turtlesim/include/turtlesim/srv/detail/teleport_relative__traits.hpp
[5.551s] -- Up-to-date: /home/ubuntu/odrv_ws/install/turtlesim/include/turtlesim/srv/detail/kill__builder.hpp
[5.552s] -- Up-to-date: /home/ubuntu/odrv_ws/install/turtlesim/include/turtlesim/srv/detail/set_pen__struct.hpp
[5.553s] -- Up-to-date: /home/ubuntu/odrv_ws/install/turtlesim/include/turtlesim/srv/detail/spawn__builder.hpp
[5.554s] -- Up-to-date: /home/ubuntu/odrv_ws/install/turtlesim/include/turtlesim/srv/detail/kill__traits.hpp
[5.554s] -- Up-to-date: /home/ubuntu/odrv_ws/install/turtlesim/include/turtlesim/srv/detail/teleport_absolute__struct.hpp
[5.555s] -- Up-to-date: /home/ubuntu/odrv_ws/install/turtlesim/include/turtlesim/srv/detail/spawn__traits.hpp
[5.556s] -- Up-to-date: /home/ubuntu/odrv_ws/install/turtlesim/include/turtlesim/srv/detail/kill__struct.hpp
[5.556s] -- Up-to-date: /home/ubuntu/odrv_ws/install/turtlesim/include/turtlesim/srv/detail/set_pen__traits.hpp
[5.557s] -- Up-to-date: /home/ubuntu/odrv_ws/install/turtlesim/include/turtlesim/srv/detail/teleport_relative__struct.hpp
[5.558s] -- Up-to-date: /home/ubuntu/odrv_ws/install/turtlesim/include/turtlesim/srv/detail/teleport_absolute__traits.hpp
[5.559s] -- Up-to-date: /home/ubuntu/odrv_ws/install/turtlesim/include/turtlesim/srv/detail/spawn__struct.hpp
[5.560s] -- Up-to-date: /home/ubuntu/odrv_ws/install/turtlesim/include/turtlesim/srv/spawn.hpp
[5.561s] -- Up-to-date: /home/ubuntu/odrv_ws/install/turtlesim/include/turtlesim/srv/teleport_relative.hpp
[5.561s] -- Up-to-date: /home/ubuntu/odrv_ws/install/turtlesim/include/turtlesim/srv/kill.hpp
[5.562s] -- Up-to-date: /home/ubuntu/odrv_ws/install/turtlesim/include/turtlesim/srv/teleport_absolute.hpp
[5.563s] -- Up-to-date: /home/ubuntu/odrv_ws/install/turtlesim/include/turtlesim
[5.564s] -- Up-to-date: /home/ubuntu/odrv_ws/install/turtlesim/include/turtlesim/action
[5.564s] -- Up-to-date: /home/ubuntu/odrv_ws/install/turtlesim/include/turtlesim/action/detail
[5.565s] -- Up-to-date: /home/ubuntu/odrv_ws/install/turtlesim/include/turtlesim/action/detail/rotate_absolute__type_support.cpp
[5.565s] -- Up-to-date: /home/ubuntu/odrv_ws/install/turtlesim/include/turtlesim/action/detail/rotate_absolute__rosidl_typesupport_introspection_cpp.hpp
[5.566s] -- Up-to-date: /home/ubuntu/odrv_ws/install/turtlesim/include/turtlesim/msg
[5.566s] -- Up-to-date: /home/ubuntu/odrv_ws/install/turtlesim/include/turtlesim/msg/detail
[5.567s] -- Up-to-date: /home/ubuntu/odrv_ws/install/turtlesim/include/turtlesim/msg/detail/pose__type_support.cpp
[5.567s] -- Up-to-date: /home/ubuntu/odrv_ws/install/turtlesim/include/turtlesim/msg/detail/color__type_support.cpp
[5.568s] -- Up-to-date: /home/ubuntu/odrv_ws/install/turtlesim/include/turtlesim/msg/detail/color__rosidl_typesupport_introspection_cpp.hpp
[5.569s] -- Up-to-date: /home/ubuntu/odrv_ws/install/turtlesim/include/turtlesim/msg/detail/pose__rosidl_typesupport_introspection_cpp.hpp
[5.570s] -- Up-to-date: /home/ubuntu/odrv_ws/install/turtlesim/include/turtlesim/srv
[5.571s] -- Up-to-date: /home/ubuntu/odrv_ws/install/turtlesim/include/turtlesim/srv/detail
[5.572s] -- Up-to-date: /home/ubuntu/odrv_ws/install/turtlesim/include/turtlesim/srv/detail/spawn__rosidl_typesupport_introspection_cpp.hpp
[5.573s] -- Up-to-date: /home/ubuntu/odrv_ws/install/turtlesim/include/turtlesim/srv/detail/teleport_relative__type_support.cpp
[5.573s] -- Up-to-date: /home/ubuntu/odrv_ws/install/turtlesim/include/turtlesim/srv/detail/kill__type_support.cpp
[5.574s] -- Up-to-date: /home/ubuntu/odrv_ws/install/turtlesim/include/turtlesim/srv/detail/set_pen__type_support.cpp
[5.575s] -- Up-to-date: /home/ubuntu/odrv_ws/install/turtlesim/include/turtlesim/srv/detail/spawn__type_support.cpp
[5.576s] -- Up-to-date: /home/ubuntu/odrv_ws/install/turtlesim/include/turtlesim/srv/detail/kill__rosidl_typesupport_introspection_cpp.hpp
[5.576s] -- Up-to-date: /home/ubuntu/odrv_ws/install/turtlesim/include/turtlesim/srv/detail/set_pen__rosidl_typesupport_introspection_cpp.hpp
[5.577s] -- Up-to-date: /home/ubuntu/odrv_ws/install/turtlesim/include/turtlesim/srv/detail/teleport_relative__rosidl_typesupport_introspection_cpp.hpp
[5.578s] -- Up-to-date: /home/ubuntu/odrv_ws/install/turtlesim/include/turtlesim/srv/detail/teleport_absolute__type_support.cpp
[5.579s] -- Up-to-date: /home/ubuntu/odrv_ws/install/turtlesim/include/turtlesim/srv/detail/teleport_absolute__rosidl_typesupport_introspection_cpp.hpp
[5.579s] -- Up-to-date: /home/ubuntu/odrv_ws/install/turtlesim/lib/libturtlesim__rosidl_typesupport_introspection_cpp.so
[5.580s] -- Up-to-date: /home/ubuntu/odrv_ws/install/turtlesim/lib/libturtlesim__rosidl_typesupport_cpp.so
[5.580s] -- Up-to-date: /home/ubuntu/odrv_ws/install/turtlesim/share/turtlesim/environment/pythonpath.sh
[5.581s] -- Up-to-date: /home/ubuntu/odrv_ws/install/turtlesim/share/turtlesim/environment/pythonpath.dsv
[5.581s] -- Up-to-date: /home/ubuntu/odrv_ws/install/turtlesim/lib/python3.8/site-packages/turtlesim/__init__.py
[5.742s] -- Up-to-date: /home/ubuntu/odrv_ws/install/turtlesim/lib/python3.8/site-packages/turtlesim/action
[5.743s] -- Up-to-date: /home/ubuntu/odrv_ws/install/turtlesim/lib/python3.8/site-packages/turtlesim/action/__init__.py
[5.744s] -- Up-to-date: /home/ubuntu/odrv_ws/install/turtlesim/lib/python3.8/site-packages/turtlesim/action/_rotate_absolute.py
[5.745s] -- Up-to-date: /home/ubuntu/odrv_ws/install/turtlesim/lib/python3.8/site-packages/turtlesim/action/_rotate_absolute_s.c
[5.747s] -- Up-to-date: /home/ubuntu/odrv_ws/install/turtlesim/lib/python3.8/site-packages/turtlesim/msg
[5.747s] -- Up-to-date: /home/ubuntu/odrv_ws/install/turtlesim/lib/python3.8/site-packages/turtlesim/msg/_pose.py
[5.748s] -- Up-to-date: /home/ubuntu/odrv_ws/install/turtlesim/lib/python3.8/site-packages/turtlesim/msg/_color_s.c
[5.750s] -- Up-to-date: /home/ubuntu/odrv_ws/install/turtlesim/lib/python3.8/site-packages/turtlesim/msg/__init__.py
[5.751s] -- Up-to-date: /home/ubuntu/odrv_ws/install/turtlesim/lib/python3.8/site-packages/turtlesim/msg/_color.py
[5.751s] -- Up-to-date: /home/ubuntu/odrv_ws/install/turtlesim/lib/python3.8/site-packages/turtlesim/msg/_pose_s.c
[5.752s] -- Up-to-date: /home/ubuntu/odrv_ws/install/turtlesim/lib/python3.8/site-packages/turtlesim/srv
[5.754s] -- Up-to-date: /home/ubuntu/odrv_ws/install/turtlesim/lib/python3.8/site-packages/turtlesim/srv/_spawn.py
[5.755s] -- Up-to-date: /home/ubuntu/odrv_ws/install/turtlesim/lib/python3.8/site-packages/turtlesim/srv/_teleport_absolute.py
[5.756s] -- Up-to-date: /home/ubuntu/odrv_ws/install/turtlesim/lib/python3.8/site-packages/turtlesim/srv/_teleport_relative_s.c
[5.757s] -- Up-to-date: /home/ubuntu/odrv_ws/install/turtlesim/lib/python3.8/site-packages/turtlesim/srv/__init__.py
[5.758s] -- Up-to-date: /home/ubuntu/odrv_ws/install/turtlesim/lib/python3.8/site-packages/turtlesim/srv/_spawn_s.c
[5.760s] -- Up-to-date: /home/ubuntu/odrv_ws/install/turtlesim/lib/python3.8/site-packages/turtlesim/srv/_set_pen_s.c
[5.761s] -- Up-to-date: /home/ubuntu/odrv_ws/install/turtlesim/lib/python3.8/site-packages/turtlesim/srv/_kill_s.c
[5.762s] -- Up-to-date: /home/ubuntu/odrv_ws/install/turtlesim/lib/python3.8/site-packages/turtlesim/srv/_teleport_relative.py
[5.763s] -- Up-to-date: /home/ubuntu/odrv_ws/install/turtlesim/lib/python3.8/site-packages/turtlesim/srv/_set_pen.py
[5.764s] -- Up-to-date: /home/ubuntu/odrv_ws/install/turtlesim/lib/python3.8/site-packages/turtlesim/srv/_kill.py
[5.765s] -- Up-to-date: /home/ubuntu/odrv_ws/install/turtlesim/lib/python3.8/site-packages/turtlesim/srv/_teleport_absolute_s.c
[5.767s] -- Up-to-date: /home/ubuntu/odrv_ws/install/turtlesim/lib/python3.8/site-packages/turtlesim/turtlesim_s__rosidl_typesupport_fastrtps_c.cpython-38-aarch64-linux-gnu.so
[5.768s] -- Up-to-date: /home/ubuntu/odrv_ws/install/turtlesim/lib/python3.8/site-packages/turtlesim/turtlesim_s__rosidl_typesupport_introspection_c.cpython-38-aarch64-linux-gnu.so
[5.774s] -- Up-to-date: /home/ubuntu/odrv_ws/install/turtlesim/lib/python3.8/site-packages/turtlesim/turtlesim_s__rosidl_typesupport_c.cpython-38-aarch64-linux-gnu.so
[5.781s] -- Up-to-date: /home/ubuntu/odrv_ws/install/turtlesim/lib/libturtlesim__python.so
[5.784s] -- Up-to-date: /home/ubuntu/odrv_ws/install/turtlesim/share/turtlesim/action/RotateAbsolute.idl
[5.786s] -- Up-to-date: /home/ubuntu/odrv_ws/install/turtlesim/share/turtlesim/msg/Color.idl
[5.788s] -- Up-to-date: /home/ubuntu/odrv_ws/install/turtlesim/share/turtlesim/msg/Pose.idl
[5.790s] -- Up-to-date: /home/ubuntu/odrv_ws/install/turtlesim/share/turtlesim/srv/Kill.idl
[5.792s] -- Up-to-date: /home/ubuntu/odrv_ws/install/turtlesim/share/turtlesim/srv/SetPen.idl
[5.794s] -- Up-to-date: /home/ubuntu/odrv_ws/install/turtlesim/share/turtlesim/srv/Spawn.idl
[5.798s] -- Up-to-date: /home/ubuntu/odrv_ws/install/turtlesim/share/turtlesim/srv/TeleportAbsolute.idl
[5.799s] -- Up-to-date: /home/ubuntu/odrv_ws/install/turtlesim/share/turtlesim/srv/TeleportRelative.idl
[5.800s] -- Up-to-date: /home/ubuntu/odrv_ws/install/turtlesim/share/turtlesim/action/RotateAbsolute.action
[5.801s] -- Up-to-date: /home/ubuntu/odrv_ws/install/turtlesim/share/turtlesim/msg/Color.msg
[5.801s] -- Up-to-date: /home/ubuntu/odrv_ws/install/turtlesim/share/turtlesim/msg/Pose.msg
[5.802s] -- Up-to-date: /home/ubuntu/odrv_ws/install/turtlesim/share/turtlesim/srv/Kill.srv
[5.803s] -- Up-to-date: /home/ubuntu/odrv_ws/install/turtlesim/share/turtlesim/srv/Kill_Request.msg
[5.803s] -- Up-to-date: /home/ubuntu/odrv_ws/install/turtlesim/share/turtlesim/srv/Kill_Response.msg
[5.804s] -- Up-to-date: /home/ubuntu/odrv_ws/install/turtlesim/share/turtlesim/srv/SetPen.srv
[5.804s] -- Up-to-date: /home/ubuntu/odrv_ws/install/turtlesim/share/turtlesim/srv/SetPen_Request.msg
[5.805s] -- Up-to-date: /home/ubuntu/odrv_ws/install/turtlesim/share/turtlesim/srv/SetPen_Response.msg
[5.805s] -- Up-to-date: /home/ubuntu/odrv_ws/install/turtlesim/share/turtlesim/srv/Spawn.srv
[5.806s] -- Up-to-date: /home/ubuntu/odrv_ws/install/turtlesim/share/turtlesim/srv/Spawn_Request.msg
[5.806s] -- Up-to-date: /home/ubuntu/odrv_ws/install/turtlesim/share/turtlesim/srv/Spawn_Response.msg
[5.807s] -- Up-to-date: /home/ubuntu/odrv_ws/install/turtlesim/share/turtlesim/srv/TeleportAbsolute.srv
[5.807s] -- Up-to-date: /home/ubuntu/odrv_ws/install/turtlesim/share/turtlesim/srv/TeleportAbsolute_Request.msg
[5.808s] -- Up-to-date: /home/ubuntu/odrv_ws/install/turtlesim/share/turtlesim/srv/TeleportAbsolute_Response.msg
[5.808s] -- Up-to-date: /home/ubuntu/odrv_ws/install/turtlesim/share/turtlesim/srv/TeleportRelative.srv
[5.809s] -- Up-to-date: /home/ubuntu/odrv_ws/install/turtlesim/share/turtlesim/srv/TeleportRelative_Request.msg
[5.809s] -- Up-to-date: /home/ubuntu/odrv_ws/install/turtlesim/share/turtlesim/srv/TeleportRelative_Response.msg
[5.810s] -- Up-to-date: /home/ubuntu/odrv_ws/install/turtlesim/lib/turtlesim/turtlesim_node
[5.816s] -- Up-to-date: /home/ubuntu/odrv_ws/install/turtlesim/lib/turtlesim/turtle_teleop_key
[5.821s] -- Up-to-date: /home/ubuntu/odrv_ws/install/turtlesim/lib/turtlesim/draw_square
[5.830s] -- Up-to-date: /home/ubuntu/odrv_ws/install/turtlesim/lib/turtlesim/mimic
[5.832s] -- Up-to-date: /home/ubuntu/odrv_ws/install/turtlesim/share/turtlesim/images
[5.834s] -- Up-to-date: /home/ubuntu/odrv_ws/install/turtlesim/share/turtlesim/images/dashing.png
[5.835s] -- Up-to-date: /home/ubuntu/odrv_ws/install/turtlesim/share/turtlesim/images/crystal.png
[5.835s] -- Up-to-date: /home/ubuntu/odrv_ws/install/turtlesim/share/turtlesim/images/eloquent.png
[5.836s] -- Up-to-date: /home/ubuntu/odrv_ws/install/turtlesim/share/turtlesim/images/foxy.png
[5.836s] -- Up-to-date: /home/ubuntu/odrv_ws/install/turtlesim/share/turtlesim/images/ardent.png
[5.837s] -- Up-to-date: /home/ubuntu/odrv_ws/install/turtlesim/share/turtlesim/images/bouncy.png
[5.838s] -- Up-to-date: /home/ubuntu/odrv_ws/install/turtlesim/share/turtlesim/launch
[5.839s] -- Up-to-date: /home/ubuntu/odrv_ws/install/turtlesim/share/turtlesim/launch/multisim.launch.py
[5.839s] -- Up-to-date: /home/ubuntu/odrv_ws/install/turtlesim/share/ament_index/resource_index/package_run_dependencies/turtlesim
[5.840s] -- Up-to-date: /home/ubuntu/odrv_ws/install/turtlesim/share/ament_index/resource_index/parent_prefix_path/turtlesim
[5.841s] -- Up-to-date: /home/ubuntu/odrv_ws/install/turtlesim/share/turtlesim/environment/ament_prefix_path.sh
[5.841s] -- Up-to-date: /home/ubuntu/odrv_ws/install/turtlesim/share/turtlesim/environment/ament_prefix_path.dsv
[5.842s] -- Up-to-date: /home/ubuntu/odrv_ws/install/turtlesim/share/turtlesim/environment/path.sh
[5.843s] -- Up-to-date: /home/ubuntu/odrv_ws/install/turtlesim/share/turtlesim/environment/path.dsv
[5.844s] -- Up-to-date: /home/ubuntu/odrv_ws/install/turtlesim/share/turtlesim/local_setup.bash
[5.844s] -- Up-to-date: /home/ubuntu/odrv_ws/install/turtlesim/share/turtlesim/local_setup.sh
[5.845s] -- Up-to-date: /home/ubuntu/odrv_ws/install/turtlesim/share/turtlesim/local_setup.zsh
[5.845s] -- Up-to-date: /home/ubuntu/odrv_ws/install/turtlesim/share/turtlesim/local_setup.dsv
[5.847s] -- Installing: /home/ubuntu/odrv_ws/install/turtlesim/share/turtlesim/package.dsv
[5.848s] -- Up-to-date: /home/ubuntu/odrv_ws/install/turtlesim/share/ament_index/resource_index/packages/turtlesim
[5.856s] -- Up-to-date: /home/ubuntu/odrv_ws/install/turtlesim/share/turtlesim/cmake/turtlesim__rosidl_generator_cExport.cmake
[5.857s] -- Up-to-date: /home/ubuntu/odrv_ws/install/turtlesim/share/turtlesim/cmake/turtlesim__rosidl_generator_cExport-noconfig.cmake
[5.860s] -- Up-to-date: /home/ubuntu/odrv_ws/install/turtlesim/share/turtlesim/cmake/turtlesim__rosidl_typesupport_introspection_cExport.cmake
[5.860s] -- Up-to-date: /home/ubuntu/odrv_ws/install/turtlesim/share/turtlesim/cmake/turtlesim__rosidl_typesupport_introspection_cExport-noconfig.cmake
[5.864s] -- Up-to-date: /home/ubuntu/odrv_ws/install/turtlesim/share/turtlesim/cmake/turtlesim__rosidl_typesupport_cExport.cmake
[5.865s] -- Up-to-date: /home/ubuntu/odrv_ws/install/turtlesim/share/turtlesim/cmake/turtlesim__rosidl_typesupport_cExport-noconfig.cmake
[5.868s] -- Up-to-date: /home/ubuntu/odrv_ws/install/turtlesim/share/turtlesim/cmake/turtlesim__rosidl_generator_cppExport.cmake
[5.871s] -- Up-to-date: /home/ubuntu/odrv_ws/install/turtlesim/share/turtlesim/cmake/turtlesim__rosidl_typesupport_introspection_cppExport.cmake
[5.872s] -- Up-to-date: /home/ubuntu/odrv_ws/install/turtlesim/share/turtlesim/cmake/turtlesim__rosidl_typesupport_introspection_cppExport-noconfig.cmake
[5.874s] -- Up-to-date: /home/ubuntu/odrv_ws/install/turtlesim/share/turtlesim/cmake/turtlesim__rosidl_typesupport_cppExport.cmake
[5.875s] -- Up-to-date: /home/ubuntu/odrv_ws/install/turtlesim/share/turtlesim/cmake/turtlesim__rosidl_typesupport_cppExport-noconfig.cmake
[5.877s] -- Up-to-date: /home/ubuntu/odrv_ws/install/turtlesim/share/turtlesim/cmake/rosidl_cmake-extras.cmake
[5.878s] -- Up-to-date: /home/ubuntu/odrv_ws/install/turtlesim/share/turtlesim/cmake/ament_cmake_export_dependencies-extras.cmake
[5.879s] -- Up-to-date: /home/ubuntu/odrv_ws/install/turtlesim/share/turtlesim/cmake/ament_cmake_export_libraries-extras.cmake
[5.880s] -- Up-to-date: /home/ubuntu/odrv_ws/install/turtlesim/share/turtlesim/cmake/ament_cmake_export_targets-extras.cmake
[5.880s] -- Up-to-date: /home/ubuntu/odrv_ws/install/turtlesim/share/turtlesim/cmake/ament_cmake_export_include_directories-extras.cmake
[5.881s] -- Up-to-date: /home/ubuntu/odrv_ws/install/turtlesim/share/turtlesim/cmake/rosidl_cmake_export_typesupport_libraries-extras.cmake
[5.882s] -- Up-to-date: /home/ubuntu/odrv_ws/install/turtlesim/share/turtlesim/cmake/rosidl_cmake_export_typesupport_targets-extras.cmake
[5.882s] -- Up-to-date: /home/ubuntu/odrv_ws/install/turtlesim/share/turtlesim/cmake/turtlesimConfig.cmake
[5.883s] -- Up-to-date: /home/ubuntu/odrv_ws/install/turtlesim/share/turtlesim/cmake/turtlesimConfig-version.cmake
[5.883s] -- Up-to-date: /home/ubuntu/odrv_ws/install/turtlesim/share/turtlesim/package.xml
[5.889s] Invoked command in '/home/ubuntu/odrv_ws/build/turtlesim' returned '0': CMAKE_PREFIX_PATH=${CMAKE_PREFIX_PATH}:/home/ubuntu/odrv_ws/install/srvcli:/home/ubuntu/odrv_ws/install/py_srvcli:/opt/ros/foxy /usr/bin/cmake --install /home/ubuntu/odrv_ws/build/turtlesim
