[0.054s] Invoking command in '/home/ubuntu/odrv_ws/build/interfaces': CMAKE_PREFIX_PATH=${CMAKE_PREFIX_PATH}:/home/ubuntu/odrv_ws/install/srvcli:/home/ubuntu/odrv_ws/install/py_srvcli:/opt/ros/foxy /usr/bin/cmake --build /home/ubuntu/odrv_ws/build/interfaces -- -j4 -l4
[0.168s] -- Found ament_cmake: 0.9.9 (/opt/ros/foxy/share/ament_cmake/cmake)
[0.260s] -- Found PythonInterp: /usr/bin/python3 (found suitable version "3.8.10", minimum required is "3") 
[0.261s] -- Using PYTHON_EXECUTABLE: /usr/bin/python3
[1.022s] -- Found rosidl_default_generators: 1.0.1 (/opt/ros/foxy/share/rosidl_default_generators/cmake)
[1.031s] -- Using all available rosidl_typesupport_c: rosidl_typesupport_fastrtps_c;rosidl_typesupport_introspection_c
[1.043s] -- Found rosidl_adapter: 1.2.1 (/opt/ros/foxy/share/rosidl_adapter/cmake)
[2.047s] -- Using all available rosidl_typesupport_cpp: rosidl_typesupport_fastrtps_cpp;rosidl_typesupport_introspection_cpp
[2.223s] -- Found PythonInterp: /usr/bin/python3 (found version "3.8.10") 
[2.955s] CMake Error at /opt/ros/foxy/share/rosidl_adapter/cmake/rosidl_adapt_interfaces.cmake:60 (message):
[2.956s]   execute_process(/usr/bin/python3 -m rosidl_adapter --package-name
[2.956s]   interfaces --arguments-file
[2.956s]   /home/ubuntu/odrv_ws/build/interfaces/rosidl_adapter__arguments__interfaces.json
[2.956s]   --output-dir
[2.957s]   /home/ubuntu/odrv_ws/build/interfaces/rosidl_adapter/interfaces
[2.957s]   --output-file
[2.957s]   /home/ubuntu/odrv_ws/build/interfaces/rosidl_adapter/interfaces.idls)
[2.957s]   returned error code 1:
[2.958s] 
[2.958s]   Traceback (most recent call last):
[2.958s] 
[2.958s]     File "/usr/lib/python3.8/runpy.py", line 194, in _run_module_as_main
[2.959s]       return _run_code(code, main_globals, None,
[2.959s]     File "/usr/lib/python3.8/runpy.py", line 87, in _run_code
[2.959s]       exec(code, run_globals)
[2.959s]     File "/opt/ros/foxy/lib/python3.8/site-packages/rosidl_adapter/__main__.py", line 19, in <module>
[2.960s]       sys.exit(main())
[2.960s]     File "/opt/ros/foxy/lib/python3.8/site-packages/rosidl_adapter/main.py", line 53, in main
[2.960s]       abs_idl_file = convert_to_idl(
[2.960s]     File "/opt/ros/foxy/lib/python3.8/site-packages/rosidl_adapter/__init__.py", line 19, in convert_to_idl
[2.961s]       return convert_msg_to_idl(
[2.961s]     File "/opt/ros/foxy/lib/python3.8/site-packages/rosidl_adapter/msg/__init__.py", line 28, in convert_msg_to_idl
[2.961s]       msg = parse_message_string(package_name, input_file.stem, content)
[2.961s]     File "/opt/ros/foxy/lib/python3.8/site-packages/rosidl_adapter/parser.py", line 540, in parse_message_string
[2.962s]       msg = MessageSpecification(pkg_name, msg_name, fields, constants)
[2.962s]     File "/opt/ros/foxy/lib/python3.8/site-packages/rosidl_adapter/parser.py", line 387, in __init__
[2.962s]       self.base_type = BaseType(
[2.962s]     File "/opt/ros/foxy/lib/python3.8/site-packages/rosidl_adapter/parser.py", line 204, in __init__
[2.963s]       raise InvalidResourceName(
[2.963s] 
[2.963s]   rosidl_adapter.parser.InvalidResourceName: 'motor' is an invalid message
[2.963s]   name.  It should have the pattern '^[A-Z][A-Za-z0-9]*$'
[2.964s] 
[2.964s] Call Stack (most recent call first):
[2.964s]   /opt/ros/foxy/share/rosidl_cmake/cmake/rosidl_generate_interfaces.cmake:130 (rosidl_adapt_interfaces)
[2.965s]   CMakeLists.txt:25 (rosidl_generate_interfaces)
[2.965s] 
[2.965s] 
[2.966s] -- Configuring incomplete, errors occurred!
[2.966s] See also "/home/ubuntu/odrv_ws/build/interfaces/CMakeFiles/CMakeOutput.log".
[2.983s] make: *** [Makefile:748: cmake_check_build_system] Error 1
[2.988s] Invoked command in '/home/ubuntu/odrv_ws/build/interfaces' returned '2': CMAKE_PREFIX_PATH=${CMAKE_PREFIX_PATH}:/home/ubuntu/odrv_ws/install/srvcli:/home/ubuntu/odrv_ws/install/py_srvcli:/opt/ros/foxy /usr/bin/cmake --build /home/ubuntu/odrv_ws/build/interfaces -- -j4 -l4
