[2.580s] Invoking command in '/home/ubuntu/odrv_ws/src/srvcli': CMAKE_PREFIX_PATH=/home/ubuntu/odrv_ws/install/interfaces:/home/ubuntu/odrv_ws/install/turtlesim LD_LIBRARY_PATH=/home/ubuntu/odrv_ws/install/interfaces/lib:/home/ubuntu/odrv_ws/install/turtlesim/lib:/opt/ros/foxy/opt/yaml_cpp_vendor/lib:/opt/ros/foxy/opt/rviz_ogre_vendor/lib:/opt/ros/foxy/lib/aarch64-linux-gnu:/opt/ros/foxy/lib PYTHONPATH=/home/ubuntu/odrv_ws/install/srvcli/lib/python3.8/site-packages:/home/ubuntu/odrv_ws/install/interfaces/lib/python3.8/site-packages:/home/ubuntu/odrv_ws/install/turtlesim/lib/python3.8/site-packages:/home/ubuntu/odrv_ws/install/srvcli/lib/python3.8/site-packages:/home/ubuntu/odrv_ws/install/py_srvcli/lib/python3.8/site-packages:/opt/ros/foxy/lib/python3.8/site-packages /usr/bin/python3 setup.py egg_info --egg-base ../../build/srvcli build --build-base /home/ubuntu/odrv_ws/build/srvcli/build install --prefix /home/ubuntu/odrv_ws/install/srvcli --record /home/ubuntu/odrv_ws/build/srvcli/install.log --single-version-externally-managed
[3.424s] running egg_info
[3.426s] writing ../../build/srvcli/srvcli.egg-info/PKG-INFO
[3.427s] writing dependency_links to ../../build/srvcli/srvcli.egg-info/dependency_links.txt
[3.427s] writing entry points to ../../build/srvcli/srvcli.egg-info/entry_points.txt
[3.428s] writing requirements to ../../build/srvcli/srvcli.egg-info/requires.txt
[3.429s] writing top-level names to ../../build/srvcli/srvcli.egg-info/top_level.txt
[3.553s] reading manifest file '../../build/srvcli/srvcli.egg-info/SOURCES.txt'
[3.556s] writing manifest file '../../build/srvcli/srvcli.egg-info/SOURCES.txt'
[3.557s] running build
[3.557s] running build_py
[3.557s] copying srvcli/service_member_function1.py -> /home/ubuntu/odrv_ws/build/srvcli/build/lib/srvcli
[3.559s] running install
[3.562s] running install_lib
[3.566s] copying /home/ubuntu/odrv_ws/build/srvcli/build/lib/srvcli/service_member_function1.py -> /home/ubuntu/odrv_ws/install/srvcli/lib/python3.8/site-packages/srvcli
[3.568s] byte-compiling /home/ubuntu/odrv_ws/install/srvcli/lib/python3.8/site-packages/srvcli/service_member_function1.py to service_member_function1.cpython-38.pyc
[3.576s] running install_data
[3.578s] running install_egg_info
[3.583s] removing '/home/ubuntu/odrv_ws/install/srvcli/lib/python3.8/site-packages/srvcli-0.0.0-py3.8.egg-info' (and everything under it)
[3.585s] Copying ../../build/srvcli/srvcli.egg-info to /home/ubuntu/odrv_ws/install/srvcli/lib/python3.8/site-packages/srvcli-0.0.0-py3.8.egg-info
[3.589s] running install_scripts
[3.649s] Installing client script to /home/ubuntu/odrv_ws/install/srvcli/lib/srvcli
[3.649s] Installing service script to /home/ubuntu/odrv_ws/install/srvcli/lib/srvcli
[3.651s] writing list of installed files to '/home/ubuntu/odrv_ws/build/srvcli/install.log'
[3.744s] Invoked command in '/home/ubuntu/odrv_ws/src/srvcli' returned '0': CMAKE_PREFIX_PATH=/home/ubuntu/odrv_ws/install/interfaces:/home/ubuntu/odrv_ws/install/turtlesim LD_LIBRARY_PATH=/home/ubuntu/odrv_ws/install/interfaces/lib:/home/ubuntu/odrv_ws/install/turtlesim/lib:/opt/ros/foxy/opt/yaml_cpp_vendor/lib:/opt/ros/foxy/opt/rviz_ogre_vendor/lib:/opt/ros/foxy/lib/aarch64-linux-gnu:/opt/ros/foxy/lib PYTHONPATH=/home/ubuntu/odrv_ws/install/srvcli/lib/python3.8/site-packages:/home/ubuntu/odrv_ws/install/interfaces/lib/python3.8/site-packages:/home/ubuntu/odrv_ws/install/turtlesim/lib/python3.8/site-packages:/home/ubuntu/odrv_ws/install/srvcli/lib/python3.8/site-packages:/home/ubuntu/odrv_ws/install/py_srvcli/lib/python3.8/site-packages:/opt/ros/foxy/lib/python3.8/site-packages /usr/bin/python3 setup.py egg_info --egg-base ../../build/srvcli build --build-base /home/ubuntu/odrv_ws/build/srvcli/build install --prefix /home/ubuntu/odrv_ws/install/srvcli --record /home/ubuntu/odrv_ws/build/srvcli/install.log --single-version-externally-managed
