[0.525s] DEBUG:colcon:Command line arguments: ['/usr/bin/colcon', 'build']
[0.525s] DEBUG:colcon:Parsed command line arguments: Namespace(allow_overriding=[], ament_cmake_args=None, base_paths=['.'], build_base='build', catkin_cmake_args=None, catkin_skip_building_tests=False, cmake_args=None, cmake_clean_cache=False, cmake_clean_first=False, cmake_force_configure=False, cmake_target=None, cmake_target_skip_unavailable=False, continue_on_error=False, event_handlers=None, executor='parallel', ignore_user_meta=False, install_base='install', log_base=None, log_level=None, main=<bound method BuildVerb.main of <colcon_core.verb.build.BuildVerb object at 0xffffa34351f0>>, merge_install=False, metas=['./colcon.meta'], packages_above=None, packages_above_and_dependencies=None, packages_above_depth=None, packages_end=None, packages_ignore=None, packages_ignore_regex=None, packages_select=None, packages_select_build_failed=False, packages_select_by_dep=None, packages_select_regex=None, packages_select_test_failures=False, packages_skip=None, packages_skip_build_finished=False, packages_skip_by_dep=None, packages_skip_regex=None, packages_skip_test_passed=False, packages_skip_up_to=None, packages_start=None, packages_up_to=None, packages_up_to_regex=None, parallel_workers=4, paths=None, symlink_install=False, test_result_base=None, verb_extension=<colcon_core.verb.build.BuildVerb object at 0xffffa34351f0>, verb_name='build', verb_parser=<colcon_defaults.argument_parser.defaults.DefaultArgumentsDecorator object at 0xffffa3435730>)
[0.542s] Level 1:colcon.colcon_core.package_discovery:discover_packages(colcon_meta) check parameters
[0.543s] Level 1:colcon.colcon_core.package_discovery:discover_packages(recursive) check parameters
[0.543s] Level 1:colcon.colcon_core.package_discovery:discover_packages(ignore) check parameters
[0.543s] Level 1:colcon.colcon_core.package_discovery:discover_packages(path) check parameters
[0.543s] Level 1:colcon.colcon_core.package_discovery:discover_packages(colcon_meta) discover
[0.543s] Level 1:colcon.colcon_core.package_discovery:discover_packages(recursive) discover
[0.544s] INFO:colcon.colcon_core.package_discovery:Crawling recursively for packages in '/home/ubuntu/odrv_ws'
[0.544s] Level 1:colcon.colcon_core.package_identification:_identify(.) by extensions ['ignore', 'ignore_ament_install']
[0.544s] Level 1:colcon.colcon_core.package_identification:_identify(.) by extension 'ignore'
[0.545s] Level 1:colcon.colcon_core.package_identification:_identify(.) by extension 'ignore_ament_install'
[0.545s] Level 1:colcon.colcon_core.package_identification:_identify(.) by extensions ['colcon_pkg']
[0.545s] Level 1:colcon.colcon_core.package_identification:_identify(.) by extension 'colcon_pkg'
[0.545s] Level 1:colcon.colcon_core.package_identification:_identify(.) by extensions ['colcon_meta']
[0.545s] Level 1:colcon.colcon_core.package_identification:_identify(.) by extension 'colcon_meta'
[0.545s] Level 1:colcon.colcon_core.package_identification:_identify(.) by extensions ['ros']
[0.545s] Level 1:colcon.colcon_core.package_identification:_identify(.) by extension 'ros'
[0.588s] Level 1:colcon.colcon_core.package_identification:_identify(.) by extensions ['cmake', 'python']
[0.589s] Level 1:colcon.colcon_core.package_identification:_identify(.) by extension 'cmake'
[0.589s] Level 1:colcon.colcon_core.package_identification:_identify(.) by extension 'python'
[0.589s] Level 1:colcon.colcon_core.package_identification:_identify(.) by extensions ['python_setup_py']
[0.589s] Level 1:colcon.colcon_core.package_identification:_identify(.) by extension 'python_setup_py'
[0.590s] Level 1:colcon.colcon_core.package_identification:_identify(build) by extensions ['ignore', 'ignore_ament_install']
[0.590s] Level 1:colcon.colcon_core.package_identification:_identify(build) by extension 'ignore'
[0.590s] Level 1:colcon.colcon_core.package_identification:_identify(build) ignored
[0.591s] Level 1:colcon.colcon_core.package_identification:_identify(install) by extensions ['ignore', 'ignore_ament_install']
[0.591s] Level 1:colcon.colcon_core.package_identification:_identify(install) by extension 'ignore'
[0.591s] Level 1:colcon.colcon_core.package_identification:_identify(install) ignored
[0.592s] Level 1:colcon.colcon_core.package_identification:_identify(log) by extensions ['ignore', 'ignore_ament_install']
[0.592s] Level 1:colcon.colcon_core.package_identification:_identify(log) by extension 'ignore'
[0.592s] Level 1:colcon.colcon_core.package_identification:_identify(log) ignored
[0.593s] Level 1:colcon.colcon_core.package_identification:_identify(src) by extensions ['ignore', 'ignore_ament_install']
[0.593s] Level 1:colcon.colcon_core.package_identification:_identify(src) by extension 'ignore'
[0.593s] Level 1:colcon.colcon_core.package_identification:_identify(src) by extension 'ignore_ament_install'
[0.593s] Level 1:colcon.colcon_core.package_identification:_identify(src) by extensions ['colcon_pkg']
[0.593s] Level 1:colcon.colcon_core.package_identification:_identify(src) by extension 'colcon_pkg'
[0.593s] Level 1:colcon.colcon_core.package_identification:_identify(src) by extensions ['colcon_meta']
[0.594s] Level 1:colcon.colcon_core.package_identification:_identify(src) by extension 'colcon_meta'
[0.594s] Level 1:colcon.colcon_core.package_identification:_identify(src) by extensions ['ros']
[0.594s] Level 1:colcon.colcon_core.package_identification:_identify(src) by extension 'ros'
[0.594s] Level 1:colcon.colcon_core.package_identification:_identify(src) by extensions ['cmake', 'python']
[0.594s] Level 1:colcon.colcon_core.package_identification:_identify(src) by extension 'cmake'
[0.594s] Level 1:colcon.colcon_core.package_identification:_identify(src) by extension 'python'
[0.595s] Level 1:colcon.colcon_core.package_identification:_identify(src) by extensions ['python_setup_py']
[0.595s] Level 1:colcon.colcon_core.package_identification:_identify(src) by extension 'python_setup_py'
[0.595s] Level 1:colcon.colcon_core.package_identification:_identify(src/interfaces) by extensions ['ignore', 'ignore_ament_install']
[0.595s] Level 1:colcon.colcon_core.package_identification:_identify(src/interfaces) by extension 'ignore'
[0.596s] Level 1:colcon.colcon_core.package_identification:_identify(src/interfaces) by extension 'ignore_ament_install'
[0.596s] Level 1:colcon.colcon_core.package_identification:_identify(src/interfaces) by extensions ['colcon_pkg']
[0.596s] Level 1:colcon.colcon_core.package_identification:_identify(src/interfaces) by extension 'colcon_pkg'
[0.596s] Level 1:colcon.colcon_core.package_identification:_identify(src/interfaces) by extensions ['colcon_meta']
[0.596s] Level 1:colcon.colcon_core.package_identification:_identify(src/interfaces) by extension 'colcon_meta'
[0.596s] Level 1:colcon.colcon_core.package_identification:_identify(src/interfaces) by extensions ['ros']
[0.596s] Level 1:colcon.colcon_core.package_identification:_identify(src/interfaces) by extension 'ros'
[0.604s] DEBUG:colcon.colcon_core.package_identification:Package 'src/interfaces' with type 'ros.ament_cmake' and name 'interfaces'
[0.605s] Level 1:colcon.colcon_core.package_identification:_identify(src/py_srvcli) by extensions ['ignore', 'ignore_ament_install']
[0.605s] Level 1:colcon.colcon_core.package_identification:_identify(src/py_srvcli) by extension 'ignore'
[0.605s] Level 1:colcon.colcon_core.package_identification:_identify(src/py_srvcli) by extension 'ignore_ament_install'
[0.605s] Level 1:colcon.colcon_core.package_identification:_identify(src/py_srvcli) by extensions ['colcon_pkg']
[0.605s] Level 1:colcon.colcon_core.package_identification:_identify(src/py_srvcli) by extension 'colcon_pkg'
[0.606s] Level 1:colcon.colcon_core.package_identification:_identify(src/py_srvcli) by extensions ['colcon_meta']
[0.606s] Level 1:colcon.colcon_core.package_identification:_identify(src/py_srvcli) by extension 'colcon_meta'
[0.606s] Level 1:colcon.colcon_core.package_identification:_identify(src/py_srvcli) by extensions ['ros']
[0.606s] Level 1:colcon.colcon_core.package_identification:_identify(src/py_srvcli) by extension 'ros'
[0.608s] DEBUG:colcon.colcon_core.package_identification:Package 'src/py_srvcli' with type 'ros.ament_python' and name 'py_srvcli'
[0.609s] Level 1:colcon.colcon_core.package_identification:_identify(src/ros_tutorials) by extensions ['ignore', 'ignore_ament_install']
[0.609s] Level 1:colcon.colcon_core.package_identification:_identify(src/ros_tutorials) by extension 'ignore'
[0.610s] Level 1:colcon.colcon_core.package_identification:_identify(src/ros_tutorials) by extension 'ignore_ament_install'
[0.610s] Level 1:colcon.colcon_core.package_identification:_identify(src/ros_tutorials) by extensions ['colcon_pkg']
[0.610s] Level 1:colcon.colcon_core.package_identification:_identify(src/ros_tutorials) by extension 'colcon_pkg'
[0.610s] Level 1:colcon.colcon_core.package_identification:_identify(src/ros_tutorials) by extensions ['colcon_meta']
[0.610s] Level 1:colcon.colcon_core.package_identification:_identify(src/ros_tutorials) by extension 'colcon_meta'
[0.610s] Level 1:colcon.colcon_core.package_identification:_identify(src/ros_tutorials) by extensions ['ros']
[0.610s] Level 1:colcon.colcon_core.package_identification:_identify(src/ros_tutorials) by extension 'ros'
[0.611s] Level 1:colcon.colcon_core.package_identification:_identify(src/ros_tutorials) by extensions ['cmake', 'python']
[0.611s] Level 1:colcon.colcon_core.package_identification:_identify(src/ros_tutorials) by extension 'cmake'
[0.611s] Level 1:colcon.colcon_core.package_identification:_identify(src/ros_tutorials) by extension 'python'
[0.611s] Level 1:colcon.colcon_core.package_identification:_identify(src/ros_tutorials) by extensions ['python_setup_py']
[0.611s] Level 1:colcon.colcon_core.package_identification:_identify(src/ros_tutorials) by extension 'python_setup_py'
[0.612s] Level 1:colcon.colcon_core.package_identification:_identify(src/ros_tutorials/ros_tutorials) by extensions ['ignore', 'ignore_ament_install']
[0.612s] Level 1:colcon.colcon_core.package_identification:_identify(src/ros_tutorials/ros_tutorials) by extension 'ignore'
[0.612s] Level 1:colcon.colcon_core.package_identification:_identify(src/ros_tutorials/ros_tutorials) ignored
[0.613s] Level 1:colcon.colcon_core.package_identification:_identify(src/ros_tutorials/roscpp_tutorials) by extensions ['ignore', 'ignore_ament_install']
[0.613s] Level 1:colcon.colcon_core.package_identification:_identify(src/ros_tutorials/roscpp_tutorials) by extension 'ignore'
[0.613s] Level 1:colcon.colcon_core.package_identification:_identify(src/ros_tutorials/roscpp_tutorials) ignored
[0.614s] Level 1:colcon.colcon_core.package_identification:_identify(src/ros_tutorials/rospy_tutorials) by extensions ['ignore', 'ignore_ament_install']
[0.614s] Level 1:colcon.colcon_core.package_identification:_identify(src/ros_tutorials/rospy_tutorials) by extension 'ignore'
[0.614s] Level 1:colcon.colcon_core.package_identification:_identify(src/ros_tutorials/rospy_tutorials) ignored
[0.615s] Level 1:colcon.colcon_core.package_identification:_identify(src/ros_tutorials/turtlesim) by extensions ['ignore', 'ignore_ament_install']
[0.615s] Level 1:colcon.colcon_core.package_identification:_identify(src/ros_tutorials/turtlesim) by extension 'ignore'
[0.615s] Level 1:colcon.colcon_core.package_identification:_identify(src/ros_tutorials/turtlesim) by extension 'ignore_ament_install'
[0.615s] Level 1:colcon.colcon_core.package_identification:_identify(src/ros_tutorials/turtlesim) by extensions ['colcon_pkg']
[0.615s] Level 1:colcon.colcon_core.package_identification:_identify(src/ros_tutorials/turtlesim) by extension 'colcon_pkg'
[0.616s] Level 1:colcon.colcon_core.package_identification:_identify(src/ros_tutorials/turtlesim) by extensions ['colcon_meta']
[0.616s] Level 1:colcon.colcon_core.package_identification:_identify(src/ros_tutorials/turtlesim) by extension 'colcon_meta'
[0.616s] Level 1:colcon.colcon_core.package_identification:_identify(src/ros_tutorials/turtlesim) by extensions ['ros']
[0.616s] Level 1:colcon.colcon_core.package_identification:_identify(src/ros_tutorials/turtlesim) by extension 'ros'
[0.620s] DEBUG:colcon.colcon_core.package_identification:Package 'src/ros_tutorials/turtlesim' with type 'ros.ament_cmake' and name 'turtlesim'
[0.621s] Level 1:colcon.colcon_core.package_identification:_identify(src/srvcli) by extensions ['ignore', 'ignore_ament_install']
[0.621s] Level 1:colcon.colcon_core.package_identification:_identify(src/srvcli) by extension 'ignore'
[0.621s] Level 1:colcon.colcon_core.package_identification:_identify(src/srvcli) by extension 'ignore_ament_install'
[0.622s] Level 1:colcon.colcon_core.package_identification:_identify(src/srvcli) by extensions ['colcon_pkg']
[0.622s] Level 1:colcon.colcon_core.package_identification:_identify(src/srvcli) by extension 'colcon_pkg'
[0.622s] Level 1:colcon.colcon_core.package_identification:_identify(src/srvcli) by extensions ['colcon_meta']
[0.622s] Level 1:colcon.colcon_core.package_identification:_identify(src/srvcli) by extension 'colcon_meta'
[0.622s] Level 1:colcon.colcon_core.package_identification:_identify(src/srvcli) by extensions ['ros']
[0.622s] Level 1:colcon.colcon_core.package_identification:_identify(src/srvcli) by extension 'ros'
[0.624s] DEBUG:colcon.colcon_core.package_identification:Package 'src/srvcli' with type 'ros.ament_python' and name 'srvcli'
[0.625s] Level 1:colcon.colcon_core.package_discovery:discover_packages(recursive) using defaults
[0.625s] Level 1:colcon.colcon_core.package_discovery:discover_packages(ignore) discover
[0.625s] Level 1:colcon.colcon_core.package_discovery:discover_packages(ignore) using defaults
[0.625s] Level 1:colcon.colcon_core.package_discovery:discover_packages(path) discover
[0.625s] Level 1:colcon.colcon_core.package_discovery:discover_packages(path) using defaults
[0.690s] Level 5:colcon.colcon_core.verb:set package 'interfaces' build argument 'cmake_args' from command line to 'None'
[0.690s] Level 5:colcon.colcon_core.verb:set package 'interfaces' build argument 'cmake_target' from command line to 'None'
[0.690s] Level 5:colcon.colcon_core.verb:set package 'interfaces' build argument 'cmake_target_skip_unavailable' from command line to 'False'
[0.691s] Level 5:colcon.colcon_core.verb:set package 'interfaces' build argument 'cmake_clean_cache' from command line to 'False'
[0.691s] Level 5:colcon.colcon_core.verb:set package 'interfaces' build argument 'cmake_clean_first' from command line to 'False'
[0.691s] Level 5:colcon.colcon_core.verb:set package 'interfaces' build argument 'cmake_force_configure' from command line to 'False'
[0.691s] Level 5:colcon.colcon_core.verb:set package 'interfaces' build argument 'ament_cmake_args' from command line to 'None'
[0.691s] Level 5:colcon.colcon_core.verb:set package 'interfaces' build argument 'catkin_cmake_args' from command line to 'None'
[0.691s] Level 5:colcon.colcon_core.verb:set package 'interfaces' build argument 'catkin_skip_building_tests' from command line to 'False'
[0.691s] DEBUG:colcon.colcon_core.verb:Building package 'interfaces' with the following arguments: {'ament_cmake_args': None, 'build_base': '/home/ubuntu/odrv_ws/build/interfaces', 'catkin_cmake_args': None, 'catkin_skip_building_tests': False, 'cmake_args': None, 'cmake_clean_cache': False, 'cmake_clean_first': False, 'cmake_force_configure': False, 'cmake_target': None, 'cmake_target_skip_unavailable': False, 'install_base': '/home/ubuntu/odrv_ws/install/interfaces', 'merge_install': False, 'path': '/home/ubuntu/odrv_ws/src/interfaces', 'symlink_install': False, 'test_result_base': None}
[0.694s] Level 5:colcon.colcon_core.verb:set package 'py_srvcli' build argument 'cmake_args' from command line to 'None'
[0.694s] Level 5:colcon.colcon_core.verb:set package 'py_srvcli' build argument 'cmake_target' from command line to 'None'
[0.694s] Level 5:colcon.colcon_core.verb:set package 'py_srvcli' build argument 'cmake_target_skip_unavailable' from command line to 'False'
[0.694s] Level 5:colcon.colcon_core.verb:set package 'py_srvcli' build argument 'cmake_clean_cache' from command line to 'False'
[0.694s] Level 5:colcon.colcon_core.verb:set package 'py_srvcli' build argument 'cmake_clean_first' from command line to 'False'
[0.694s] Level 5:colcon.colcon_core.verb:set package 'py_srvcli' build argument 'cmake_force_configure' from command line to 'False'
[0.694s] Level 5:colcon.colcon_core.verb:set package 'py_srvcli' build argument 'ament_cmake_args' from command line to 'None'
[0.695s] Level 5:colcon.colcon_core.verb:set package 'py_srvcli' build argument 'catkin_cmake_args' from command line to 'None'
[0.695s] Level 5:colcon.colcon_core.verb:set package 'py_srvcli' build argument 'catkin_skip_building_tests' from command line to 'False'
[0.695s] DEBUG:colcon.colcon_core.verb:Building package 'py_srvcli' with the following arguments: {'ament_cmake_args': None, 'build_base': '/home/ubuntu/odrv_ws/build/py_srvcli', 'catkin_cmake_args': None, 'catkin_skip_building_tests': False, 'cmake_args': None, 'cmake_clean_cache': False, 'cmake_clean_first': False, 'cmake_force_configure': False, 'cmake_target': None, 'cmake_target_skip_unavailable': False, 'install_base': '/home/ubuntu/odrv_ws/install/py_srvcli', 'merge_install': False, 'path': '/home/ubuntu/odrv_ws/src/py_srvcli', 'symlink_install': False, 'test_result_base': None}
[0.697s] Level 5:colcon.colcon_core.verb:set package 'turtlesim' build argument 'cmake_args' from command line to 'None'
[0.697s] Level 5:colcon.colcon_core.verb:set package 'turtlesim' build argument 'cmake_target' from command line to 'None'
[0.697s] Level 5:colcon.colcon_core.verb:set package 'turtlesim' build argument 'cmake_target_skip_unavailable' from command line to 'False'
[0.698s] Level 5:colcon.colcon_core.verb:set package 'turtlesim' build argument 'cmake_clean_cache' from command line to 'False'
[0.698s] Level 5:colcon.colcon_core.verb:set package 'turtlesim' build argument 'cmake_clean_first' from command line to 'False'
[0.698s] Level 5:colcon.colcon_core.verb:set package 'turtlesim' build argument 'cmake_force_configure' from command line to 'False'
[0.698s] Level 5:colcon.colcon_core.verb:set package 'turtlesim' build argument 'ament_cmake_args' from command line to 'None'
[0.698s] Level 5:colcon.colcon_core.verb:set package 'turtlesim' build argument 'catkin_cmake_args' from command line to 'None'
[0.698s] Level 5:colcon.colcon_core.verb:set package 'turtlesim' build argument 'catkin_skip_building_tests' from command line to 'False'
[0.698s] DEBUG:colcon.colcon_core.verb:Building package 'turtlesim' with the following arguments: {'ament_cmake_args': None, 'build_base': '/home/ubuntu/odrv_ws/build/turtlesim', 'catkin_cmake_args': None, 'catkin_skip_building_tests': False, 'cmake_args': None, 'cmake_clean_cache': False, 'cmake_clean_first': False, 'cmake_force_configure': False, 'cmake_target': None, 'cmake_target_skip_unavailable': False, 'install_base': '/home/ubuntu/odrv_ws/install/turtlesim', 'merge_install': False, 'path': '/home/ubuntu/odrv_ws/src/ros_tutorials/turtlesim', 'symlink_install': False, 'test_result_base': None}
[0.701s] Level 5:colcon.colcon_core.verb:set package 'srvcli' build argument 'cmake_args' from command line to 'None'
[0.701s] Level 5:colcon.colcon_core.verb:set package 'srvcli' build argument 'cmake_target' from command line to 'None'
[0.701s] Level 5:colcon.colcon_core.verb:set package 'srvcli' build argument 'cmake_target_skip_unavailable' from command line to 'False'
[0.701s] Level 5:colcon.colcon_core.verb:set package 'srvcli' build argument 'cmake_clean_cache' from command line to 'False'
[0.701s] Level 5:colcon.colcon_core.verb:set package 'srvcli' build argument 'cmake_clean_first' from command line to 'False'
[0.701s] Level 5:colcon.colcon_core.verb:set package 'srvcli' build argument 'cmake_force_configure' from command line to 'False'
[0.701s] Level 5:colcon.colcon_core.verb:set package 'srvcli' build argument 'ament_cmake_args' from command line to 'None'
[0.701s] Level 5:colcon.colcon_core.verb:set package 'srvcli' build argument 'catkin_cmake_args' from command line to 'None'
[0.701s] Level 5:colcon.colcon_core.verb:set package 'srvcli' build argument 'catkin_skip_building_tests' from command line to 'False'
[0.702s] DEBUG:colcon.colcon_core.verb:Building package 'srvcli' with the following arguments: {'ament_cmake_args': None, 'build_base': '/home/ubuntu/odrv_ws/build/srvcli', 'catkin_cmake_args': None, 'catkin_skip_building_tests': False, 'cmake_args': None, 'cmake_clean_cache': False, 'cmake_clean_first': False, 'cmake_force_configure': False, 'cmake_target': None, 'cmake_target_skip_unavailable': False, 'install_base': '/home/ubuntu/odrv_ws/install/srvcli', 'merge_install': False, 'path': '/home/ubuntu/odrv_ws/src/srvcli', 'symlink_install': False, 'test_result_base': None}
[0.707s] INFO:colcon.colcon_core.executor:Executing jobs using 'parallel' executor
[0.713s] DEBUG:colcon.colcon_parallel_executor.executor.parallel:run_until_complete
[0.715s] INFO:colcon.colcon_ros.task.ament_cmake.build:Building ROS package in '/home/ubuntu/odrv_ws/src/interfaces' with build type 'ament_cmake'
[0.715s] INFO:colcon.colcon_cmake.task.cmake.build:Building CMake package in '/home/ubuntu/odrv_ws/src/interfaces'
[0.728s] INFO:colcon.colcon_core.plugin_system:Skipping extension 'colcon_core.shell.bat': Not used on non-Windows systems
[0.728s] INFO:colcon.colcon_core.shell:Skip shell extension 'powershell' for command environment: Not usable outside of PowerShell
[0.729s] DEBUG:colcon.colcon_core.shell:Skip shell extension 'dsv' for command environment
[0.739s] INFO:colcon.colcon_ros.task.ament_python.build:Building ROS package in '/home/ubuntu/odrv_ws/src/py_srvcli' with build type 'ament_python'
[0.740s] Level 1:colcon.colcon_core.shell:create_environment_hook('py_srvcli', 'ament_prefix_path')
[0.743s] INFO:colcon.colcon_core.shell:Creating environment hook '/home/ubuntu/odrv_ws/install/py_srvcli/share/py_srvcli/hook/ament_prefix_path.ps1'
[0.747s] INFO:colcon.colcon_core.shell:Creating environment descriptor '/home/ubuntu/odrv_ws/install/py_srvcli/share/py_srvcli/hook/ament_prefix_path.dsv'
[0.749s] INFO:colcon.colcon_core.shell:Creating environment hook '/home/ubuntu/odrv_ws/install/py_srvcli/share/py_srvcli/hook/ament_prefix_path.sh'
[0.754s] INFO:colcon.colcon_core.shell:Skip shell extension 'powershell' for command environment: Not usable outside of PowerShell
[0.754s] DEBUG:colcon.colcon_core.shell:Skip shell extension 'dsv' for command environment
[0.763s] INFO:colcon.colcon_ros.task.ament_cmake.build:Building ROS package in '/home/ubuntu/odrv_ws/src/ros_tutorials/turtlesim' with build type 'ament_cmake'
[0.764s] INFO:colcon.colcon_cmake.task.cmake.build:Building CMake package in '/home/ubuntu/odrv_ws/src/ros_tutorials/turtlesim'
[0.767s] INFO:colcon.colcon_core.shell:Skip shell extension 'powershell' for command environment: Not usable outside of PowerShell
[0.768s] DEBUG:colcon.colcon_core.shell:Skip shell extension 'dsv' for command environment
[0.796s] DEBUG:colcon.colcon_core.event_handler.log_command:Invoking command in '/home/ubuntu/odrv_ws/build/interfaces': /usr/bin/cmake --build /home/ubuntu/odrv_ws/build/interfaces -- -j4 -l4
[1.859s] INFO:colcon.colcon_core.task.python.build:Building Python package in '/home/ubuntu/odrv_ws/src/py_srvcli'
[1.861s] INFO:colcon.colcon_core.shell:Skip shell extension 'powershell' for command environment: Not usable outside of PowerShell
[1.862s] DEBUG:colcon.colcon_core.shell:Skip shell extension 'dsv' for command environment
[1.907s] DEBUG:colcon.colcon_core.event_handler.log_command:Invoking command in '/home/ubuntu/odrv_ws/build/turtlesim': /usr/bin/cmake --build /home/ubuntu/odrv_ws/build/turtlesim -- -j4 -l4
[1.913s] DEBUG:colcon.colcon_core.event_handler.log_command:Invoked command in '/home/ubuntu/odrv_ws/build/interfaces' returned '0': /usr/bin/cmake --build /home/ubuntu/odrv_ws/build/interfaces -- -j4 -l4
[2.322s] DEBUG:colcon.colcon_core.event_handler.log_command:Invoking command in '/home/ubuntu/odrv_ws/build/interfaces': /usr/bin/cmake --install /home/ubuntu/odrv_ws/build/interfaces
[2.638s] Level 1:colcon.colcon_core.environment:create_environment_scripts_only(interfaces)
[2.666s] Level 1:colcon.colcon_core.environment:checking '/home/ubuntu/odrv_ws/install/interfaces' for CMake module files
[2.679s] Level 1:colcon.colcon_core.environment:checking '/home/ubuntu/odrv_ws/install/interfaces' for CMake config files
[2.684s] DEBUG:colcon.colcon_core.event_handler.log_command:Invoked command in '/home/ubuntu/odrv_ws/build/interfaces' returned '0': /usr/bin/cmake --install /home/ubuntu/odrv_ws/build/interfaces
[2.688s] Level 1:colcon.colcon_core.shell:create_environment_hook('interfaces', 'cmake_prefix_path')
[2.692s] INFO:colcon.colcon_core.shell:Creating environment hook '/home/ubuntu/odrv_ws/install/interfaces/share/interfaces/hook/cmake_prefix_path.ps1'
[2.696s] INFO:colcon.colcon_core.shell:Creating environment descriptor '/home/ubuntu/odrv_ws/install/interfaces/share/interfaces/hook/cmake_prefix_path.dsv'
[2.699s] INFO:colcon.colcon_core.shell:Creating environment hook '/home/ubuntu/odrv_ws/install/interfaces/share/interfaces/hook/cmake_prefix_path.sh'
[2.704s] Level 1:colcon.colcon_core.environment:checking '/home/ubuntu/odrv_ws/install/interfaces/lib'
[2.706s] Level 1:colcon.colcon_core.shell:create_environment_hook('interfaces', 'ld_library_path_lib')
[2.709s] INFO:colcon.colcon_core.shell:Creating environment hook '/home/ubuntu/odrv_ws/install/interfaces/share/interfaces/hook/ld_library_path_lib.ps1'
[2.712s] INFO:colcon.colcon_core.shell:Creating environment descriptor '/home/ubuntu/odrv_ws/install/interfaces/share/interfaces/hook/ld_library_path_lib.dsv'
[2.715s] INFO:colcon.colcon_core.shell:Creating environment hook '/home/ubuntu/odrv_ws/install/interfaces/share/interfaces/hook/ld_library_path_lib.sh'
[2.719s] Level 1:colcon.colcon_core.environment:checking '/home/ubuntu/odrv_ws/install/interfaces/bin'
[2.719s] Level 1:colcon.colcon_core.environment:checking '/home/ubuntu/odrv_ws/install/interfaces/lib/pkgconfig/interfaces.pc'
[2.720s] Level 1:colcon.colcon_core.environment:checking '/home/ubuntu/odrv_ws/install/interfaces/lib/python3.8/site-packages'
[2.721s] Level 1:colcon.colcon_core.shell:create_environment_hook('interfaces', 'pythonpath')
[2.724s] INFO:colcon.colcon_core.shell:Creating environment hook '/home/ubuntu/odrv_ws/install/interfaces/share/interfaces/hook/pythonpath.ps1'
[2.727s] INFO:colcon.colcon_core.shell:Creating environment descriptor '/home/ubuntu/odrv_ws/install/interfaces/share/interfaces/hook/pythonpath.dsv'
[2.730s] INFO:colcon.colcon_core.shell:Creating environment hook '/home/ubuntu/odrv_ws/install/interfaces/share/interfaces/hook/pythonpath.sh'
[2.736s] INFO:colcon.colcon_core.shell:Creating package script '/home/ubuntu/odrv_ws/install/interfaces/share/interfaces/package.ps1'
[2.744s] INFO:colcon.colcon_core.shell:Creating package descriptor '/home/ubuntu/odrv_ws/install/interfaces/share/interfaces/package.dsv'
[2.749s] INFO:colcon.colcon_core.shell:Creating package script '/home/ubuntu/odrv_ws/install/interfaces/share/interfaces/package.sh'
[2.755s] INFO:colcon.colcon_core.shell:Creating package script '/home/ubuntu/odrv_ws/install/interfaces/share/interfaces/package.bash'
[2.760s] INFO:colcon.colcon_core.shell:Creating package script '/home/ubuntu/odrv_ws/install/interfaces/share/interfaces/package.zsh'
[2.764s] Level 1:colcon.colcon_core.environment:create_file_with_runtime_dependencies(/home/ubuntu/odrv_ws/install/interfaces/share/colcon-core/packages/interfaces)
[3.517s] Level 1:colcon.colcon_core.environment:create_environment_scripts_only(interfaces)
[3.531s] Level 1:colcon.colcon_core.environment:checking '/home/ubuntu/odrv_ws/install/interfaces' for CMake module files
[3.541s] Level 1:colcon.colcon_core.environment:checking '/home/ubuntu/odrv_ws/install/interfaces' for CMake config files
[3.552s] Level 1:colcon.colcon_core.shell:create_environment_hook('interfaces', 'cmake_prefix_path')
[3.558s] INFO:colcon.colcon_core.shell:Creating environment hook '/home/ubuntu/odrv_ws/install/interfaces/share/interfaces/hook/cmake_prefix_path.ps1'
[3.563s] INFO:colcon.colcon_core.shell:Creating environment descriptor '/home/ubuntu/odrv_ws/install/interfaces/share/interfaces/hook/cmake_prefix_path.dsv'
[3.568s] INFO:colcon.colcon_core.shell:Creating environment hook '/home/ubuntu/odrv_ws/install/interfaces/share/interfaces/hook/cmake_prefix_path.sh'
[3.575s] Level 1:colcon.colcon_core.environment:checking '/home/ubuntu/odrv_ws/install/interfaces/lib'
[3.576s] Level 1:colcon.colcon_core.shell:create_environment_hook('interfaces', 'ld_library_path_lib')
[3.581s] INFO:colcon.colcon_core.shell:Creating environment hook '/home/ubuntu/odrv_ws/install/interfaces/share/interfaces/hook/ld_library_path_lib.ps1'
[3.586s] INFO:colcon.colcon_core.shell:Creating environment descriptor '/home/ubuntu/odrv_ws/install/interfaces/share/interfaces/hook/ld_library_path_lib.dsv'
[3.590s] INFO:colcon.colcon_core.shell:Creating environment hook '/home/ubuntu/odrv_ws/install/interfaces/share/interfaces/hook/ld_library_path_lib.sh'
[3.594s] Level 1:colcon.colcon_core.environment:checking '/home/ubuntu/odrv_ws/install/interfaces/bin'
[3.595s] Level 1:colcon.colcon_core.environment:checking '/home/ubuntu/odrv_ws/install/interfaces/lib/pkgconfig/interfaces.pc'
[3.596s] Level 1:colcon.colcon_core.environment:checking '/home/ubuntu/odrv_ws/install/interfaces/lib/python3.8/site-packages'
[3.597s] Level 1:colcon.colcon_core.shell:create_environment_hook('interfaces', 'pythonpath')
[3.601s] INFO:colcon.colcon_core.shell:Creating environment hook '/home/ubuntu/odrv_ws/install/interfaces/share/interfaces/hook/pythonpath.ps1'
[3.606s] INFO:colcon.colcon_core.shell:Creating environment descriptor '/home/ubuntu/odrv_ws/install/interfaces/share/interfaces/hook/pythonpath.dsv'
[3.610s] INFO:colcon.colcon_core.shell:Creating environment hook '/home/ubuntu/odrv_ws/install/interfaces/share/interfaces/hook/pythonpath.sh'
[3.622s] INFO:colcon.colcon_core.shell:Creating package script '/home/ubuntu/odrv_ws/install/interfaces/share/interfaces/package.ps1'
[3.629s] INFO:colcon.colcon_core.shell:Creating package descriptor '/home/ubuntu/odrv_ws/install/interfaces/share/interfaces/package.dsv'
[3.635s] INFO:colcon.colcon_core.shell:Creating package script '/home/ubuntu/odrv_ws/install/interfaces/share/interfaces/package.sh'
[3.641s] INFO:colcon.colcon_core.shell:Creating package script '/home/ubuntu/odrv_ws/install/interfaces/share/interfaces/package.bash'
[3.645s] INFO:colcon.colcon_core.shell:Creating package script '/home/ubuntu/odrv_ws/install/interfaces/share/interfaces/package.zsh'
[3.651s] Level 1:colcon.colcon_core.environment:create_file_with_runtime_dependencies(/home/ubuntu/odrv_ws/install/interfaces/share/colcon-core/packages/interfaces)
[3.658s] INFO:colcon.colcon_ros.task.ament_python.build:Building ROS package in '/home/ubuntu/odrv_ws/src/srvcli' with build type 'ament_python'
[3.660s] Level 1:colcon.colcon_core.shell:create_environment_hook('srvcli', 'ament_prefix_path')
[3.665s] INFO:colcon.colcon_core.shell:Creating environment hook '/home/ubuntu/odrv_ws/install/srvcli/share/srvcli/hook/ament_prefix_path.ps1'
[3.672s] INFO:colcon.colcon_core.shell:Creating environment descriptor '/home/ubuntu/odrv_ws/install/srvcli/share/srvcli/hook/ament_prefix_path.dsv'
[3.676s] INFO:colcon.colcon_core.shell:Creating environment hook '/home/ubuntu/odrv_ws/install/srvcli/share/srvcli/hook/ament_prefix_path.sh'
[3.684s] INFO:colcon.colcon_core.shell:Skip shell extension 'powershell' for command environment: Not usable outside of PowerShell
[3.684s] DEBUG:colcon.colcon_core.shell:Skip shell extension 'dsv' for command environment
[3.714s] DEBUG:colcon.colcon_core.event_handler.log_command:Invoked command in '/home/ubuntu/odrv_ws/build/turtlesim' returned '0': /usr/bin/cmake --build /home/ubuntu/odrv_ws/build/turtlesim -- -j4 -l4
[6.111s] INFO:colcon.colcon_core.task.python.build:Building Python package in '/home/ubuntu/odrv_ws/src/srvcli'
[6.113s] INFO:colcon.colcon_core.shell:Skip shell extension 'powershell' for command environment: Not usable outside of PowerShell
[6.113s] DEBUG:colcon.colcon_core.shell:Skip shell extension 'dsv' for command environment
[6.140s] DEBUG:colcon.colcon_core.event_handler.log_command:Invoking command in '/home/ubuntu/odrv_ws/build/turtlesim': /usr/bin/cmake --install /home/ubuntu/odrv_ws/build/turtlesim
[6.155s] DEBUG:colcon.colcon_core.event_handler.log_command:Invoking command in '/home/ubuntu/odrv_ws/src/py_srvcli': PYTHONPATH=/home/ubuntu/odrv_ws/install/py_srvcli/lib/python3.8/site-packages: /usr/bin/python3 setup.py egg_info --egg-base ../../build/py_srvcli build --build-base /home/ubuntu/odrv_ws/build/py_srvcli/build install --prefix /home/ubuntu/odrv_ws/install/py_srvcli --record /home/ubuntu/odrv_ws/build/py_srvcli/install.log --single-version-externally-managed
[6.529s] Level 1:colcon.colcon_core.environment:create_environment_scripts_only(turtlesim)
[6.534s] Level 1:colcon.colcon_core.environment:checking '/home/ubuntu/odrv_ws/install/turtlesim' for CMake module files
[6.552s] Level 1:colcon.colcon_core.environment:checking '/home/ubuntu/odrv_ws/install/turtlesim' for CMake config files
[6.571s] Level 1:colcon.colcon_core.shell:create_environment_hook('turtlesim', 'cmake_prefix_path')
[6.574s] INFO:colcon.colcon_core.shell:Creating environment hook '/home/ubuntu/odrv_ws/install/turtlesim/share/turtlesim/hook/cmake_prefix_path.ps1'
[6.578s] INFO:colcon.colcon_core.shell:Creating environment descriptor '/home/ubuntu/odrv_ws/install/turtlesim/share/turtlesim/hook/cmake_prefix_path.dsv'
[6.580s] DEBUG:colcon.colcon_core.event_handler.log_command:Invoked command in '/home/ubuntu/odrv_ws/build/turtlesim' returned '0': /usr/bin/cmake --install /home/ubuntu/odrv_ws/build/turtlesim
[6.583s] INFO:colcon.colcon_core.shell:Creating environment hook '/home/ubuntu/odrv_ws/install/turtlesim/share/turtlesim/hook/cmake_prefix_path.sh'
[6.586s] Level 1:colcon.colcon_core.environment:checking '/home/ubuntu/odrv_ws/install/turtlesim/lib'
[6.586s] Level 1:colcon.colcon_core.shell:create_environment_hook('turtlesim', 'ld_library_path_lib')
[6.588s] INFO:colcon.colcon_core.shell:Creating environment hook '/home/ubuntu/odrv_ws/install/turtlesim/share/turtlesim/hook/ld_library_path_lib.ps1'
[6.590s] INFO:colcon.colcon_core.shell:Creating environment descriptor '/home/ubuntu/odrv_ws/install/turtlesim/share/turtlesim/hook/ld_library_path_lib.dsv'
[6.592s] INFO:colcon.colcon_core.shell:Creating environment hook '/home/ubuntu/odrv_ws/install/turtlesim/share/turtlesim/hook/ld_library_path_lib.sh'
[6.595s] Level 1:colcon.colcon_core.environment:checking '/home/ubuntu/odrv_ws/install/turtlesim/bin'
[6.595s] Level 1:colcon.colcon_core.environment:checking '/home/ubuntu/odrv_ws/install/turtlesim/lib/pkgconfig/turtlesim.pc'
[6.596s] Level 1:colcon.colcon_core.environment:checking '/home/ubuntu/odrv_ws/install/turtlesim/lib/python3.8/site-packages'
[6.596s] Level 1:colcon.colcon_core.shell:create_environment_hook('turtlesim', 'pythonpath')
[6.598s] INFO:colcon.colcon_core.shell:Creating environment hook '/home/ubuntu/odrv_ws/install/turtlesim/share/turtlesim/hook/pythonpath.ps1'
[6.600s] INFO:colcon.colcon_core.shell:Creating environment descriptor '/home/ubuntu/odrv_ws/install/turtlesim/share/turtlesim/hook/pythonpath.dsv'
[6.602s] INFO:colcon.colcon_core.shell:Creating environment hook '/home/ubuntu/odrv_ws/install/turtlesim/share/turtlesim/hook/pythonpath.sh'
[6.607s] INFO:colcon.colcon_core.shell:Creating package script '/home/ubuntu/odrv_ws/install/turtlesim/share/turtlesim/package.ps1'
[6.610s] INFO:colcon.colcon_core.shell:Creating package descriptor '/home/ubuntu/odrv_ws/install/turtlesim/share/turtlesim/package.dsv'
[6.612s] INFO:colcon.colcon_core.shell:Creating package script '/home/ubuntu/odrv_ws/install/turtlesim/share/turtlesim/package.sh'
[6.615s] INFO:colcon.colcon_core.shell:Creating package script '/home/ubuntu/odrv_ws/install/turtlesim/share/turtlesim/package.bash'
[6.617s] INFO:colcon.colcon_core.shell:Creating package script '/home/ubuntu/odrv_ws/install/turtlesim/share/turtlesim/package.zsh'
[6.619s] Level 1:colcon.colcon_core.environment:create_file_with_runtime_dependencies(/home/ubuntu/odrv_ws/install/turtlesim/share/colcon-core/packages/turtlesim)
[7.461s] Level 1:colcon.colcon_core.environment:create_environment_scripts_only(turtlesim)
[7.466s] Level 1:colcon.colcon_core.environment:checking '/home/ubuntu/odrv_ws/install/turtlesim' for CMake module files
[7.470s] Level 1:colcon.colcon_core.environment:checking '/home/ubuntu/odrv_ws/install/turtlesim' for CMake config files
[7.474s] Level 1:colcon.colcon_core.shell:create_environment_hook('turtlesim', 'cmake_prefix_path')
[7.477s] INFO:colcon.colcon_core.shell:Creating environment hook '/home/ubuntu/odrv_ws/install/turtlesim/share/turtlesim/hook/cmake_prefix_path.ps1'
[7.482s] INFO:colcon.colcon_core.shell:Creating environment descriptor '/home/ubuntu/odrv_ws/install/turtlesim/share/turtlesim/hook/cmake_prefix_path.dsv'
[7.484s] INFO:colcon.colcon_core.shell:Creating environment hook '/home/ubuntu/odrv_ws/install/turtlesim/share/turtlesim/hook/cmake_prefix_path.sh'
[7.487s] Level 1:colcon.colcon_core.environment:checking '/home/ubuntu/odrv_ws/install/turtlesim/lib'
[7.488s] Level 1:colcon.colcon_core.shell:create_environment_hook('turtlesim', 'ld_library_path_lib')
[7.490s] INFO:colcon.colcon_core.shell:Creating environment hook '/home/ubuntu/odrv_ws/install/turtlesim/share/turtlesim/hook/ld_library_path_lib.ps1'
[7.492s] INFO:colcon.colcon_core.shell:Creating environment descriptor '/home/ubuntu/odrv_ws/install/turtlesim/share/turtlesim/hook/ld_library_path_lib.dsv'
[7.495s] INFO:colcon.colcon_core.shell:Creating environment hook '/home/ubuntu/odrv_ws/install/turtlesim/share/turtlesim/hook/ld_library_path_lib.sh'
[7.497s] Level 1:colcon.colcon_core.environment:checking '/home/ubuntu/odrv_ws/install/turtlesim/bin'
[7.497s] Level 1:colcon.colcon_core.environment:checking '/home/ubuntu/odrv_ws/install/turtlesim/lib/pkgconfig/turtlesim.pc'
[7.498s] Level 1:colcon.colcon_core.environment:checking '/home/ubuntu/odrv_ws/install/turtlesim/lib/python3.8/site-packages'
[7.498s] Level 1:colcon.colcon_core.shell:create_environment_hook('turtlesim', 'pythonpath')
[7.500s] INFO:colcon.colcon_core.shell:Creating environment hook '/home/ubuntu/odrv_ws/install/turtlesim/share/turtlesim/hook/pythonpath.ps1'
[7.502s] INFO:colcon.colcon_core.shell:Creating environment descriptor '/home/ubuntu/odrv_ws/install/turtlesim/share/turtlesim/hook/pythonpath.dsv'
[7.505s] INFO:colcon.colcon_core.shell:Creating environment hook '/home/ubuntu/odrv_ws/install/turtlesim/share/turtlesim/hook/pythonpath.sh'
[7.510s] INFO:colcon.colcon_core.shell:Creating package script '/home/ubuntu/odrv_ws/install/turtlesim/share/turtlesim/package.ps1'
[7.519s] INFO:colcon.colcon_core.shell:Creating package descriptor '/home/ubuntu/odrv_ws/install/turtlesim/share/turtlesim/package.dsv'
[7.524s] INFO:colcon.colcon_core.shell:Creating package script '/home/ubuntu/odrv_ws/install/turtlesim/share/turtlesim/package.sh'
[7.529s] INFO:colcon.colcon_core.shell:Creating package script '/home/ubuntu/odrv_ws/install/turtlesim/share/turtlesim/package.bash'
[7.533s] INFO:colcon.colcon_core.shell:Creating package script '/home/ubuntu/odrv_ws/install/turtlesim/share/turtlesim/package.zsh'
[7.537s] Level 1:colcon.colcon_core.environment:create_file_with_runtime_dependencies(/home/ubuntu/odrv_ws/install/turtlesim/share/colcon-core/packages/turtlesim)
[7.617s] Level 1:colcon.colcon_core.environment:checking '/home/ubuntu/odrv_ws/install/py_srvcli' for CMake module files
[7.620s] DEBUG:colcon.colcon_core.event_handler.log_command:Invoked command in '/home/ubuntu/odrv_ws/src/py_srvcli' returned '0': PYTHONPATH=/home/ubuntu/odrv_ws/install/py_srvcli/lib/python3.8/site-packages: /usr/bin/python3 setup.py egg_info --egg-base ../../build/py_srvcli build --build-base /home/ubuntu/odrv_ws/build/py_srvcli/build install --prefix /home/ubuntu/odrv_ws/install/py_srvcli --record /home/ubuntu/odrv_ws/build/py_srvcli/install.log --single-version-externally-managed
[7.621s] Level 1:colcon.colcon_core.environment:checking '/home/ubuntu/odrv_ws/install/py_srvcli' for CMake config files
[7.624s] Level 1:colcon.colcon_core.environment:checking '/home/ubuntu/odrv_ws/install/py_srvcli/lib'
[7.625s] Level 1:colcon.colcon_core.environment:checking '/home/ubuntu/odrv_ws/install/py_srvcli/bin'
[7.625s] Level 1:colcon.colcon_core.environment:checking '/home/ubuntu/odrv_ws/install/py_srvcli/lib/pkgconfig/py_srvcli.pc'
[7.626s] Level 1:colcon.colcon_core.environment:checking '/home/ubuntu/odrv_ws/install/py_srvcli/lib/python3.8/site-packages'
[7.626s] Level 1:colcon.colcon_core.shell:create_environment_hook('py_srvcli', 'pythonpath')
[7.628s] INFO:colcon.colcon_core.shell:Creating environment hook '/home/ubuntu/odrv_ws/install/py_srvcli/share/py_srvcli/hook/pythonpath.ps1'
[7.630s] INFO:colcon.colcon_core.shell:Creating environment descriptor '/home/ubuntu/odrv_ws/install/py_srvcli/share/py_srvcli/hook/pythonpath.dsv'
[7.632s] INFO:colcon.colcon_core.shell:Creating environment hook '/home/ubuntu/odrv_ws/install/py_srvcli/share/py_srvcli/hook/pythonpath.sh'
[7.635s] Level 1:colcon.colcon_core.environment:create_environment_scripts_only(py_srvcli)
[7.637s] INFO:colcon.colcon_core.shell:Creating package script '/home/ubuntu/odrv_ws/install/py_srvcli/share/py_srvcli/package.ps1'
[7.640s] INFO:colcon.colcon_core.shell:Creating package descriptor '/home/ubuntu/odrv_ws/install/py_srvcli/share/py_srvcli/package.dsv'
[7.642s] INFO:colcon.colcon_core.shell:Creating package script '/home/ubuntu/odrv_ws/install/py_srvcli/share/py_srvcli/package.sh'
[7.644s] INFO:colcon.colcon_core.shell:Creating package script '/home/ubuntu/odrv_ws/install/py_srvcli/share/py_srvcli/package.bash'
[7.647s] INFO:colcon.colcon_core.shell:Creating package script '/home/ubuntu/odrv_ws/install/py_srvcli/share/py_srvcli/package.zsh'
[7.649s] Level 1:colcon.colcon_core.environment:create_file_with_runtime_dependencies(/home/ubuntu/odrv_ws/install/py_srvcli/share/colcon-core/packages/py_srvcli)
[8.069s] DEBUG:colcon.colcon_core.event_handler.log_command:Invoking command in '/home/ubuntu/odrv_ws/src/srvcli': AMENT_PREFIX_PATH=/home/ubuntu/odrv_ws/install/interfaces CMAKE_PREFIX_PATH=/home/ubuntu/odrv_ws/install/interfaces LD_LIBRARY_PATH=/home/ubuntu/odrv_ws/install/interfaces/lib PYTHONPATH=/home/ubuntu/odrv_ws/install/srvcli/lib/python3.8/site-packages:/home/ubuntu/odrv_ws/install/interfaces/lib/python3.8/site-packages /usr/bin/python3 setup.py egg_info --egg-base ../../build/srvcli build --build-base /home/ubuntu/odrv_ws/build/srvcli/build install --prefix /home/ubuntu/odrv_ws/install/srvcli --record /home/ubuntu/odrv_ws/build/srvcli/install.log --single-version-externally-managed
[9.111s] Level 1:colcon.colcon_core.environment:checking '/home/ubuntu/odrv_ws/install/srvcli' for CMake module files
[9.113s] DEBUG:colcon.colcon_core.event_handler.log_command:Invoked command in '/home/ubuntu/odrv_ws/src/srvcli' returned '0': AMENT_PREFIX_PATH=/home/ubuntu/odrv_ws/install/interfaces CMAKE_PREFIX_PATH=/home/ubuntu/odrv_ws/install/interfaces LD_LIBRARY_PATH=/home/ubuntu/odrv_ws/install/interfaces/lib PYTHONPATH=/home/ubuntu/odrv_ws/install/srvcli/lib/python3.8/site-packages:/home/ubuntu/odrv_ws/install/interfaces/lib/python3.8/site-packages /usr/bin/python3 setup.py egg_info --egg-base ../../build/srvcli build --build-base /home/ubuntu/odrv_ws/build/srvcli/build install --prefix /home/ubuntu/odrv_ws/install/srvcli --record /home/ubuntu/odrv_ws/build/srvcli/install.log --single-version-externally-managed
[9.114s] Level 1:colcon.colcon_core.environment:checking '/home/ubuntu/odrv_ws/install/srvcli' for CMake config files
[9.118s] Level 1:colcon.colcon_core.environment:checking '/home/ubuntu/odrv_ws/install/srvcli/lib'
[9.118s] Level 1:colcon.colcon_core.environment:checking '/home/ubuntu/odrv_ws/install/srvcli/bin'
[9.119s] Level 1:colcon.colcon_core.environment:checking '/home/ubuntu/odrv_ws/install/srvcli/lib/pkgconfig/srvcli.pc'
[9.119s] Level 1:colcon.colcon_core.environment:checking '/home/ubuntu/odrv_ws/install/srvcli/lib/python3.8/site-packages'
[9.119s] Level 1:colcon.colcon_core.shell:create_environment_hook('srvcli', 'pythonpath')
[9.121s] INFO:colcon.colcon_core.shell:Creating environment hook '/home/ubuntu/odrv_ws/install/srvcli/share/srvcli/hook/pythonpath.ps1'
[9.123s] INFO:colcon.colcon_core.shell:Creating environment descriptor '/home/ubuntu/odrv_ws/install/srvcli/share/srvcli/hook/pythonpath.dsv'
[9.125s] INFO:colcon.colcon_core.shell:Creating environment hook '/home/ubuntu/odrv_ws/install/srvcli/share/srvcli/hook/pythonpath.sh'
[9.127s] Level 1:colcon.colcon_core.environment:create_environment_scripts_only(srvcli)
[9.129s] INFO:colcon.colcon_core.shell:Creating package script '/home/ubuntu/odrv_ws/install/srvcli/share/srvcli/package.ps1'
[9.131s] INFO:colcon.colcon_core.shell:Creating package descriptor '/home/ubuntu/odrv_ws/install/srvcli/share/srvcli/package.dsv'
[9.134s] INFO:colcon.colcon_core.shell:Creating package script '/home/ubuntu/odrv_ws/install/srvcli/share/srvcli/package.sh'
[9.136s] INFO:colcon.colcon_core.shell:Creating package script '/home/ubuntu/odrv_ws/install/srvcli/share/srvcli/package.bash'
[9.137s] INFO:colcon.colcon_core.shell:Creating package script '/home/ubuntu/odrv_ws/install/srvcli/share/srvcli/package.zsh'
[9.139s] Level 1:colcon.colcon_core.environment:create_file_with_runtime_dependencies(/home/ubuntu/odrv_ws/install/srvcli/share/colcon-core/packages/srvcli)
[9.140s] DEBUG:colcon.colcon_parallel_executor.executor.parallel:closing loop
[9.141s] DEBUG:colcon.colcon_parallel_executor.executor.parallel:loop closed
[9.142s] DEBUG:colcon.colcon_parallel_executor.executor.parallel:run_until_complete finished with '0'
[9.142s] DEBUG:colcon.colcon_core.event_reactor:joining thread
[9.163s] INFO:colcon.colcon_core.plugin_system:Skipping extension 'colcon_notification.desktop_notification.terminal_notifier': Not used on non-Darwin systems
[9.164s] INFO:colcon.colcon_core.plugin_system:Skipping extension 'colcon_notification.desktop_notification.win32': Not used on non-Windows systems
[9.164s] INFO:colcon.colcon_notification.desktop_notification:Sending desktop notification using 'notify2'
[9.168s] DEBUG:colcon.colcon_notification.desktop_notification.notify2:Failed to initialize notify2: org.freedesktop.DBus.Error.ServiceUnknown: The name org.freedesktop.Notifications was not provided by any .service files
[9.168s] DEBUG:colcon.colcon_core.event_reactor:joined thread
[9.171s] INFO:colcon.colcon_core.shell:Creating prefix script '/home/ubuntu/odrv_ws/install/local_setup.ps1'
[9.174s] INFO:colcon.colcon_core.shell:Creating prefix util module '/home/ubuntu/odrv_ws/install/_local_setup_util_ps1.py'
[9.181s] INFO:colcon.colcon_core.shell:Creating prefix chain script '/home/ubuntu/odrv_ws/install/setup.ps1'
[9.186s] INFO:colcon.colcon_core.shell:Creating prefix script '/home/ubuntu/odrv_ws/install/local_setup.sh'
[9.188s] INFO:colcon.colcon_core.shell:Creating prefix util module '/home/ubuntu/odrv_ws/install/_local_setup_util_sh.py'
[9.190s] INFO:colcon.colcon_core.shell:Creating prefix chain script '/home/ubuntu/odrv_ws/install/setup.sh'
[9.193s] INFO:colcon.colcon_core.shell:Creating prefix script '/home/ubuntu/odrv_ws/install/local_setup.bash'
[9.195s] INFO:colcon.colcon_core.shell:Creating prefix chain script '/home/ubuntu/odrv_ws/install/setup.bash'
[9.199s] INFO:colcon.colcon_core.shell:Creating prefix script '/home/ubuntu/odrv_ws/install/local_setup.zsh'
[9.200s] INFO:colcon.colcon_core.shell:Creating prefix chain script '/home/ubuntu/odrv_ws/install/setup.zsh'
