[0.061s] Invoking command in '/home/ubuntu/odrv_ws/build/interfaces': CMAKE_PREFIX_PATH=${CMAKE_PREFIX_PATH}:/home/ubuntu/odrv_ws/install/srvcli:/home/ubuntu/odrv_ws/install/py_srvcli:/opt/ros/foxy /usr/bin/cmake --build /home/ubuntu/odrv_ws/build/interfaces -- -j4 -l4
[0.492s] -- Found ament_cmake: 0.9.9 (/opt/ros/foxy/share/ament_cmake/cmake)
[0.605s] -- Found PythonInterp: /usr/bin/python3 (found suitable version "3.8.10", minimum required is "3") 
[0.605s] -- Using PYTHON_EXECUTABLE: /usr/bin/python3
[1.423s] -- Found rosidl_default_generators: 1.0.1 (/opt/ros/foxy/share/rosidl_default_generators/cmake)
[1.439s] -- Using all available rosidl_typesupport_c: rosidl_typesupport_fastrtps_c;rosidl_typesupport_introspection_c
[1.461s] -- Found rosidl_adapter: 1.2.1 (/opt/ros/foxy/share/rosidl_adapter/cmake)
[2.597s] -- Using all available rosidl_typesupport_cpp: rosidl_typesupport_fastrtps_cpp;rosidl_typesupport_introspection_cpp
[2.801s] -- Found PythonInterp: /usr/bin/python3 (found version "3.8.10") 
[3.571s] CMake Error at /opt/ros/foxy/share/rosidl_adapter/cmake/rosidl_adapt_interfaces.cmake:60 (message):
[3.571s]   execute_process(/usr/bin/python3 -m rosidl_adapter --package-name
[3.571s]   interfaces --arguments-file
[3.572s]   /home/ubuntu/odrv_ws/build/interfaces/rosidl_adapter__arguments__interfaces.json
[3.572s]   --output-dir
[3.572s]   /home/ubuntu/odrv_ws/build/interfaces/rosidl_adapter/interfaces
[3.572s]   --output-file
[3.573s]   /home/ubuntu/odrv_ws/build/interfaces/rosidl_adapter/interfaces.idls)
[3.573s]   returned error code 1:
[3.573s] 
[3.573s]   Error processing 'float32 velocidadD' of 'interfaces/motor': ''velocidadD'
[3.574s]   is an invalid field name.  It should have the pattern
[3.574s]   '^(?!.*__)(?!.*_$)[a-z][a-z0-9_]*$''
[3.574s] 
[3.574s]   Traceback (most recent call last):
[3.575s] 
[3.575s]     File "/usr/lib/python3.8/runpy.py", line 194, in _run_module_as_main
[3.575s]       return _run_code(code, main_globals, None,
[3.575s]     File "/usr/lib/python3.8/runpy.py", line 87, in _run_code
[3.576s]       exec(code, run_globals)
[3.576s]     File "/opt/ros/foxy/lib/python3.8/site-packages/rosidl_adapter/__main__.py", line 19, in <module>
[3.576s]       sys.exit(main())
[3.576s]     File "/opt/ros/foxy/lib/python3.8/site-packages/rosidl_adapter/main.py", line 53, in main
[3.577s]       abs_idl_file = convert_to_idl(
[3.577s]     File "/opt/ros/foxy/lib/python3.8/site-packages/rosidl_adapter/__init__.py", line 19, in convert_to_idl
[3.577s]       return convert_msg_to_idl(
[3.577s]     File "/opt/ros/foxy/lib/python3.8/site-packages/rosidl_adapter/msg/__init__.py", line 28, in convert_msg_to_idl
[3.578s]       msg = parse_message_string(package_name, input_file.stem, content)
[3.578s]     File "/opt/ros/foxy/lib/python3.8/site-packages/rosidl_adapter/parser.py", line 515, in parse_message_string
[3.578s]       fields.append(Field(
[3.578s]     File "/opt/ros/foxy/lib/python3.8/site-packages/rosidl_adapter/parser.py", line 353, in __init__
[3.579s]       raise NameError(
[3.579s] 
[3.580s]   NameError: 'velocidadD' is an invalid field name.  It should have the
[3.580s]   pattern '^(?!.*__)(?!.*_$)[a-z][a-z0-9_]*$'
[3.580s] 
[3.580s] Call Stack (most recent call first):
[3.581s]   /opt/ros/foxy/share/rosidl_cmake/cmake/rosidl_generate_interfaces.cmake:130 (rosidl_adapt_interfaces)
[3.581s]   CMakeLists.txt:25 (rosidl_generate_interfaces)
[3.581s] 
[3.582s] 
[3.582s] -- Configuring incomplete, errors occurred!
[3.582s] See also "/home/ubuntu/odrv_ws/build/interfaces/CMakeFiles/CMakeOutput.log".
[3.613s] make: *** [Makefile:748: cmake_check_build_system] Error 1
[3.623s] Invoked command in '/home/ubuntu/odrv_ws/build/interfaces' returned '2': CMAKE_PREFIX_PATH=${CMAKE_PREFIX_PATH}:/home/ubuntu/odrv_ws/install/srvcli:/home/ubuntu/odrv_ws/install/py_srvcli:/opt/ros/foxy /usr/bin/cmake --build /home/ubuntu/odrv_ws/build/interfaces -- -j4 -l4
