[0.085s] Invoking command in '/home/ubuntu/odrv_ws/build/interfaces': CMAKE_PREFIX_PATH=/opt/ros/foxy /usr/bin/cmake --build /home/ubuntu/odrv_ws/build/interfaces -- -j4 -l4
[0.213s] -- Found ament_cmake: 0.9.9 (/opt/ros/foxy/share/ament_cmake/cmake)
[0.315s] -- Using PYTHON_EXECUTABLE: /usr/bin/python3
[1.237s] -- Found rosidl_default_generators: 1.0.1 (/opt/ros/foxy/share/rosidl_default_generators/cmake)
[1.253s] -- Using all available rosidl_typesupport_c: rosidl_typesupport_fastrtps_c;rosidl_typesupport_introspection_c
[1.266s] -- Found rosidl_adapter: 1.2.1 (/opt/ros/foxy/share/rosidl_adapter/cmake)
[2.307s] -- Using all available rosidl_typesupport_cpp: rosidl_typesupport_fastrtps_cpp;rosidl_typesupport_introspection_cpp
[2.528s] -- Found PythonInterp: /usr/bin/python3 (found version "3.8.10") 
[3.085s] -- Found ament_cmake_ros: 0.9.2 (/opt/ros/foxy/share/ament_cmake_ros/cmake)
[3.901s] -- Using all available rosidl_typesupport_c: rosidl_typesupport_fastrtps_c;rosidl_typesupport_introspection_c
[3.929s] -- Using all available rosidl_typesupport_cpp: rosidl_typesupport_fastrtps_cpp;rosidl_typesupport_introspection_cpp
[4.039s] -- Found PythonInterp: /usr/bin/python3 (found suitable version "3.8.10", minimum required is "3.5") 
[4.064s] -- Found python_cmake_module: 0.8.1 (/opt/ros/foxy/share/python_cmake_module/cmake)
[4.196s] -- Found PythonLibs: /usr/lib/aarch64-linux-gnu/libpython3.8.so (found suitable version "3.8.10", minimum required is "3.5") 
[4.197s] -- Using PYTHON_EXECUTABLE: /usr/bin/python3
[4.198s] -- Using PYTHON_INCLUDE_DIRS: /usr/include/python3.8
[4.198s] -- Using PYTHON_LIBRARIES: /usr/lib/aarch64-linux-gnu/libpython3.8.so
[4.303s] -- Found PythonExtra: .so  
[4.488s] -- Found ament_lint_auto: 0.9.6 (/opt/ros/foxy/share/ament_lint_auto/cmake)
[4.594s] -- Found PythonInterp: /usr/bin/python3 (found version "3.8.10") 
[4.967s] CMake Error at /opt/ros/foxy/share/rosidl_cmake/cmake/rosidl_generate_interfaces.cmake:213 (add_custom_target):
[4.968s]   add_custom_target cannot create target "interfaces" because another target
[4.968s]   with the same name already exists.  The existing target is a custom target
[4.969s]   created in source directory "/home/ubuntu/odrv_ws/src/interfaces".  See
[4.969s]   documentation for policy CMP0002 for more details.
[4.970s] Call Stack (most recent call first):
[4.970s]   CMakeLists.txt:29 (rosidl_generate_interfaces)
[4.971s] 
[4.971s] 
[5.011s] -- Added test 'copyright' to check source files copyright and LICENSE
[5.022s] -- Added test 'lint_cmake' to check CMake code style
[5.029s] -- Added test 'xmllint' to check XML markup files
[5.052s] -- Configuring incomplete, errors occurred!
[5.053s] See also "/home/ubuntu/odrv_ws/build/interfaces/CMakeFiles/CMakeOutput.log".
[5.088s] make: *** [Makefile:558: cmake_check_build_system] Error 1
[5.093s] Invoked command in '/home/ubuntu/odrv_ws/build/interfaces' returned '2': CMAKE_PREFIX_PATH=/opt/ros/foxy /usr/bin/cmake --build /home/ubuntu/odrv_ws/build/interfaces -- -j4 -l4
