[0.079s] Invoking command in '/home/ubuntu/odrv_ws/build/interfaces': /usr/bin/cmake --build /home/ubuntu/odrv_ws/build/interfaces -- -j4 -l4
[1.162s] [  3%] Built target interfaces__cpp
[1.163s] [ 12%] Built target interfaces__rosidl_generator_c
[1.164s] [ 22%] Built target interfaces__rosidl_typesupport_introspection_cpp
[1.164s] [ 32%] Built target interfaces__rosidl_typesupport_c
[1.166s] [ 41%] Built target interfaces__rosidl_typesupport_cpp
[1.167s] [ 51%] Built target interfaces__rosidl_typesupport_fastrtps_cpp
[1.167s] [ 61%] Built target interfaces__rosidl_typesupport_introspection_c
[1.168s] [ 70%] Built target interfaces__rosidl_typesupport_fastrtps_c
[1.169s] [ 70%] Built target interfaces
[1.170s] [ 74%] Built target interfaces__py
[1.177s] [ 80%] Built target interfaces__python
[1.179s] [ 93%] Built target interfaces__rosidl_typesupport_c__pyext
[1.180s] [ 93%] Built target interfaces__rosidl_typesupport_introspection_c__pyext
[1.180s] [100%] Built target interfaces__rosidl_typesupport_fastrtps_c__pyext
[1.196s] Invoked command in '/home/ubuntu/odrv_ws/build/interfaces' returned '0': /usr/bin/cmake --build /home/ubuntu/odrv_ws/build/interfaces -- -j4 -l4
[1.605s] Invoking command in '/home/ubuntu/odrv_ws/build/interfaces': /usr/bin/cmake --install /home/ubuntu/odrv_ws/build/interfaces
[1.659s] -- Install configuration: ""
[1.662s] -- Up-to-date: /home/ubuntu/odrv_ws/install/interfaces/share/ament_index/resource_index/rosidl_interfaces/interfaces
[1.663s] -- Up-to-date: /home/ubuntu/odrv_ws/install/interfaces/include/interfaces
[1.664s] -- Up-to-date: /home/ubuntu/odrv_ws/install/interfaces/include/interfaces/msg
[1.664s] -- Up-to-date: /home/ubuntu/odrv_ws/install/interfaces/include/interfaces/msg/rosidl_generator_c__visibility_control.h
[1.665s] -- Up-to-date: /home/ubuntu/odrv_ws/install/interfaces/include/interfaces/srv
[1.666s] -- Up-to-date: /home/ubuntu/odrv_ws/install/interfaces/include/interfaces/srv/odrive.h
[1.667s] -- Up-to-date: /home/ubuntu/odrv_ws/install/interfaces/include/interfaces/srv/detail
[1.667s] -- Up-to-date: /home/ubuntu/odrv_ws/install/interfaces/include/interfaces/srv/detail/odrive__functions.c
[1.668s] -- Up-to-date: /home/ubuntu/odrv_ws/install/interfaces/include/interfaces/srv/detail/odrive__type_support.h
[1.668s] -- Up-to-date: /home/ubuntu/odrv_ws/install/interfaces/include/interfaces/srv/detail/odrive__functions.h
[1.669s] -- Up-to-date: /home/ubuntu/odrv_ws/install/interfaces/include/interfaces/srv/detail/odrive__struct.h
[1.669s] -- Up-to-date: /home/ubuntu/odrv_ws/install/interfaces/share/interfaces/environment/library_path.sh
[1.670s] -- Up-to-date: /home/ubuntu/odrv_ws/install/interfaces/share/interfaces/environment/library_path.dsv
[1.679s] -- Up-to-date: /home/ubuntu/odrv_ws/install/interfaces/lib/libinterfaces__rosidl_generator_c.so
[1.680s] -- Up-to-date: /home/ubuntu/odrv_ws/install/interfaces/include/interfaces
[1.681s] -- Up-to-date: /home/ubuntu/odrv_ws/install/interfaces/include/interfaces/msg
[1.681s] -- Up-to-date: /home/ubuntu/odrv_ws/install/interfaces/include/interfaces/msg/rosidl_typesupport_fastrtps_c__visibility_control.h
[1.682s] -- Up-to-date: /home/ubuntu/odrv_ws/install/interfaces/include/interfaces/srv
[1.682s] -- Up-to-date: /home/ubuntu/odrv_ws/install/interfaces/include/interfaces/srv/detail
[1.683s] -- Up-to-date: /home/ubuntu/odrv_ws/install/interfaces/include/interfaces/srv/detail/odrive__rosidl_typesupport_fastrtps_c.h
[1.685s] -- Up-to-date: /home/ubuntu/odrv_ws/install/interfaces/lib/libinterfaces__rosidl_typesupport_fastrtps_c.so
[1.686s] -- Up-to-date: /home/ubuntu/odrv_ws/install/interfaces/include/interfaces
[1.687s] -- Up-to-date: /home/ubuntu/odrv_ws/install/interfaces/include/interfaces/msg
[1.690s] -- Up-to-date: /home/ubuntu/odrv_ws/install/interfaces/include/interfaces/msg/rosidl_typesupport_fastrtps_cpp__visibility_control.h
[1.691s] -- Up-to-date: /home/ubuntu/odrv_ws/install/interfaces/include/interfaces/srv
[1.691s] -- Up-to-date: /home/ubuntu/odrv_ws/install/interfaces/include/interfaces/srv/detail
[1.692s] -- Up-to-date: /home/ubuntu/odrv_ws/install/interfaces/include/interfaces/srv/detail/dds_fastrtps
[1.693s] -- Up-to-date: /home/ubuntu/odrv_ws/install/interfaces/include/interfaces/srv/detail/odrive__rosidl_typesupport_fastrtps_cpp.hpp
[1.693s] -- Up-to-date: /home/ubuntu/odrv_ws/install/interfaces/lib/libinterfaces__rosidl_typesupport_fastrtps_cpp.so
[1.694s] -- Up-to-date: /home/ubuntu/odrv_ws/install/interfaces/include/interfaces
[1.694s] -- Up-to-date: /home/ubuntu/odrv_ws/install/interfaces/include/interfaces/msg
[1.695s] -- Up-to-date: /home/ubuntu/odrv_ws/install/interfaces/include/interfaces/msg/rosidl_typesupport_introspection_c__visibility_control.h
[1.696s] -- Up-to-date: /home/ubuntu/odrv_ws/install/interfaces/include/interfaces/srv
[1.697s] -- Up-to-date: /home/ubuntu/odrv_ws/install/interfaces/include/interfaces/srv/detail
[1.698s] -- Up-to-date: /home/ubuntu/odrv_ws/install/interfaces/include/interfaces/srv/detail/odrive__type_support.c
[1.699s] -- Up-to-date: /home/ubuntu/odrv_ws/install/interfaces/include/interfaces/srv/detail/odrive__rosidl_typesupport_introspection_c.h
[1.699s] -- Up-to-date: /home/ubuntu/odrv_ws/install/interfaces/lib/libinterfaces__rosidl_typesupport_introspection_c.so
[1.699s] -- Up-to-date: /home/ubuntu/odrv_ws/install/interfaces/lib/libinterfaces__rosidl_typesupport_c.so
[1.700s] -- Up-to-date: /home/ubuntu/odrv_ws/install/interfaces/include/interfaces
[1.701s] -- Up-to-date: /home/ubuntu/odrv_ws/install/interfaces/include/interfaces/srv
[1.701s] -- Up-to-date: /home/ubuntu/odrv_ws/install/interfaces/include/interfaces/srv/detail
[1.702s] -- Up-to-date: /home/ubuntu/odrv_ws/install/interfaces/include/interfaces/srv/detail/odrive__builder.hpp
[1.702s] -- Up-to-date: /home/ubuntu/odrv_ws/install/interfaces/include/interfaces/srv/detail/odrive__traits.hpp
[1.703s] -- Up-to-date: /home/ubuntu/odrv_ws/install/interfaces/include/interfaces/srv/detail/odrive__struct.hpp
[1.704s] -- Up-to-date: /home/ubuntu/odrv_ws/install/interfaces/include/interfaces/srv/odrive.hpp
[1.704s] -- Up-to-date: /home/ubuntu/odrv_ws/install/interfaces/include/interfaces
[1.705s] -- Up-to-date: /home/ubuntu/odrv_ws/install/interfaces/include/interfaces/srv
[1.706s] -- Up-to-date: /home/ubuntu/odrv_ws/install/interfaces/include/interfaces/srv/detail
[1.706s] -- Up-to-date: /home/ubuntu/odrv_ws/install/interfaces/include/interfaces/srv/detail/odrive__type_support.cpp
[1.707s] -- Up-to-date: /home/ubuntu/odrv_ws/install/interfaces/include/interfaces/srv/detail/odrive__rosidl_typesupport_introspection_cpp.hpp
[1.708s] -- Up-to-date: /home/ubuntu/odrv_ws/install/interfaces/lib/libinterfaces__rosidl_typesupport_introspection_cpp.so
[1.708s] -- Up-to-date: /home/ubuntu/odrv_ws/install/interfaces/lib/libinterfaces__rosidl_typesupport_cpp.so
[1.709s] -- Up-to-date: /home/ubuntu/odrv_ws/install/interfaces/share/interfaces/environment/pythonpath.sh
[1.710s] -- Up-to-date: /home/ubuntu/odrv_ws/install/interfaces/share/interfaces/environment/pythonpath.dsv
[1.710s] -- Up-to-date: /home/ubuntu/odrv_ws/install/interfaces/lib/python3.8/site-packages/interfaces/__init__.py
[1.876s] -- Up-to-date: /home/ubuntu/odrv_ws/install/interfaces/lib/python3.8/site-packages/interfaces/srv
[1.878s] -- Up-to-date: /home/ubuntu/odrv_ws/install/interfaces/lib/python3.8/site-packages/interfaces/srv/__init__.py
[1.879s] -- Up-to-date: /home/ubuntu/odrv_ws/install/interfaces/lib/python3.8/site-packages/interfaces/srv/_odrive.py
[1.880s] -- Up-to-date: /home/ubuntu/odrv_ws/install/interfaces/lib/python3.8/site-packages/interfaces/srv/_odrive_s.c
[1.880s] -- Up-to-date: /home/ubuntu/odrv_ws/install/interfaces/lib/python3.8/site-packages/interfaces/interfaces_s__rosidl_typesupport_fastrtps_c.cpython-38-aarch64-linux-gnu.so
[1.882s] -- Up-to-date: /home/ubuntu/odrv_ws/install/interfaces/lib/python3.8/site-packages/interfaces/interfaces_s__rosidl_typesupport_introspection_c.cpython-38-aarch64-linux-gnu.so
[1.885s] -- Up-to-date: /home/ubuntu/odrv_ws/install/interfaces/lib/python3.8/site-packages/interfaces/interfaces_s__rosidl_typesupport_c.cpython-38-aarch64-linux-gnu.so
[1.888s] -- Up-to-date: /home/ubuntu/odrv_ws/install/interfaces/lib/libinterfaces__python.so
[1.891s] -- Up-to-date: /home/ubuntu/odrv_ws/install/interfaces/share/interfaces/srv/Odrive.idl
[1.892s] -- Up-to-date: /home/ubuntu/odrv_ws/install/interfaces/share/interfaces/srv/Odrive.srv
[1.893s] -- Up-to-date: /home/ubuntu/odrv_ws/install/interfaces/share/interfaces/srv/Odrive_Request.msg
[1.895s] -- Up-to-date: /home/ubuntu/odrv_ws/install/interfaces/share/interfaces/srv/Odrive_Response.msg
[1.896s] -- Up-to-date: /home/ubuntu/odrv_ws/install/interfaces/share/ament_index/resource_index/package_run_dependencies/interfaces
[1.897s] -- Up-to-date: /home/ubuntu/odrv_ws/install/interfaces/share/ament_index/resource_index/parent_prefix_path/interfaces
[1.899s] -- Up-to-date: /home/ubuntu/odrv_ws/install/interfaces/share/interfaces/environment/ament_prefix_path.sh
[1.900s] -- Up-to-date: /home/ubuntu/odrv_ws/install/interfaces/share/interfaces/environment/ament_prefix_path.dsv
[1.901s] -- Up-to-date: /home/ubuntu/odrv_ws/install/interfaces/share/interfaces/environment/path.sh
[1.903s] -- Up-to-date: /home/ubuntu/odrv_ws/install/interfaces/share/interfaces/environment/path.dsv
[1.904s] -- Up-to-date: /home/ubuntu/odrv_ws/install/interfaces/share/interfaces/local_setup.bash
[1.905s] -- Up-to-date: /home/ubuntu/odrv_ws/install/interfaces/share/interfaces/local_setup.sh
[1.907s] -- Up-to-date: /home/ubuntu/odrv_ws/install/interfaces/share/interfaces/local_setup.zsh
[1.908s] -- Up-to-date: /home/ubuntu/odrv_ws/install/interfaces/share/interfaces/local_setup.dsv
[1.909s] -- Installing: /home/ubuntu/odrv_ws/install/interfaces/share/interfaces/package.dsv
[1.911s] -- Up-to-date: /home/ubuntu/odrv_ws/install/interfaces/share/ament_index/resource_index/packages/interfaces
[1.912s] -- Up-to-date: /home/ubuntu/odrv_ws/install/interfaces/share/interfaces/cmake/interfaces__rosidl_generator_cExport.cmake
[1.913s] -- Up-to-date: /home/ubuntu/odrv_ws/install/interfaces/share/interfaces/cmake/interfaces__rosidl_generator_cExport-noconfig.cmake
[1.914s] -- Up-to-date: /home/ubuntu/odrv_ws/install/interfaces/share/interfaces/cmake/interfaces__rosidl_typesupport_introspection_cExport.cmake
[1.915s] -- Up-to-date: /home/ubuntu/odrv_ws/install/interfaces/share/interfaces/cmake/interfaces__rosidl_typesupport_introspection_cExport-noconfig.cmake
[1.917s] -- Up-to-date: /home/ubuntu/odrv_ws/install/interfaces/share/interfaces/cmake/interfaces__rosidl_typesupport_cExport.cmake
[1.920s] -- Up-to-date: /home/ubuntu/odrv_ws/install/interfaces/share/interfaces/cmake/interfaces__rosidl_typesupport_cExport-noconfig.cmake
[1.924s] -- Up-to-date: /home/ubuntu/odrv_ws/install/interfaces/share/interfaces/cmake/interfaces__rosidl_generator_cppExport.cmake
[1.928s] -- Up-to-date: /home/ubuntu/odrv_ws/install/interfaces/share/interfaces/cmake/interfaces__rosidl_typesupport_introspection_cppExport.cmake
[1.929s] -- Up-to-date: /home/ubuntu/odrv_ws/install/interfaces/share/interfaces/cmake/interfaces__rosidl_typesupport_introspection_cppExport-noconfig.cmake
[1.930s] -- Up-to-date: /home/ubuntu/odrv_ws/install/interfaces/share/interfaces/cmake/interfaces__rosidl_typesupport_cppExport.cmake
[1.931s] -- Up-to-date: /home/ubuntu/odrv_ws/install/interfaces/share/interfaces/cmake/interfaces__rosidl_typesupport_cppExport-noconfig.cmake
[1.932s] -- Up-to-date: /home/ubuntu/odrv_ws/install/interfaces/share/interfaces/cmake/rosidl_cmake-extras.cmake
[1.933s] -- Up-to-date: /home/ubuntu/odrv_ws/install/interfaces/share/interfaces/cmake/ament_cmake_export_dependencies-extras.cmake
[1.934s] -- Up-to-date: /home/ubuntu/odrv_ws/install/interfaces/share/interfaces/cmake/ament_cmake_export_libraries-extras.cmake
[1.954s] -- Up-to-date: /home/ubuntu/odrv_ws/install/interfaces/share/interfaces/cmake/ament_cmake_export_targets-extras.cmake
[1.955s] -- Up-to-date: /home/ubuntu/odrv_ws/install/interfaces/share/interfaces/cmake/ament_cmake_export_include_directories-extras.cmake
[1.955s] -- Up-to-date: /home/ubuntu/odrv_ws/install/interfaces/share/interfaces/cmake/rosidl_cmake_export_typesupport_libraries-extras.cmake
[1.957s] -- Up-to-date: /home/ubuntu/odrv_ws/install/interfaces/share/interfaces/cmake/rosidl_cmake_export_typesupport_targets-extras.cmake
[1.958s] -- Up-to-date: /home/ubuntu/odrv_ws/install/interfaces/share/interfaces/cmake/interfacesConfig.cmake
[1.959s] -- Up-to-date: /home/ubuntu/odrv_ws/install/interfaces/share/interfaces/cmake/interfacesConfig-version.cmake
[1.964s] -- Up-to-date: /home/ubuntu/odrv_ws/install/interfaces/share/interfaces/package.xml
[1.967s] Invoked command in '/home/ubuntu/odrv_ws/build/interfaces' returned '0': /usr/bin/cmake --install /home/ubuntu/odrv_ws/build/interfaces
