[4.398s] Invoking command in '/home/ubuntu/odrv_ws/src/srvcli': AMENT_PREFIX_PATH=/home/ubuntu/odrv_ws/install/interfaces CMAKE_PREFIX_PATH=/home/ubuntu/odrv_ws/install/interfaces LD_LIBRARY_PATH=/home/ubuntu/odrv_ws/install/interfaces/lib PYTHONPATH=/home/ubuntu/odrv_ws/install/srvcli/lib/python3.8/site-packages:/home/ubuntu/odrv_ws/install/interfaces/lib/python3.8/site-packages /usr/bin/python3 setup.py egg_info --egg-base ../../build/srvcli build --build-base /home/ubuntu/odrv_ws/build/srvcli/build install --prefix /home/ubuntu/odrv_ws/install/srvcli --record /home/ubuntu/odrv_ws/build/srvcli/install.log --single-version-externally-managed
[5.128s] running egg_info
[5.130s] writing ../../build/srvcli/srvcli.egg-info/PKG-INFO
[5.131s] writing dependency_links to ../../build/srvcli/srvcli.egg-info/dependency_links.txt
[5.131s] writing entry points to ../../build/srvcli/srvcli.egg-info/entry_points.txt
[5.132s] writing requirements to ../../build/srvcli/srvcli.egg-info/requires.txt
[5.133s] writing top-level names to ../../build/srvcli/srvcli.egg-info/top_level.txt
[5.259s] reading manifest file '../../build/srvcli/srvcli.egg-info/SOURCES.txt'
[5.263s] writing manifest file '../../build/srvcli/srvcli.egg-info/SOURCES.txt'
[5.263s] running build
[5.264s] running build_py
[5.265s] running install
[5.268s] running install_lib
[5.273s] running install_data
[5.275s] running install_egg_info
[5.281s] removing '/home/ubuntu/odrv_ws/install/srvcli/lib/python3.8/site-packages/srvcli-0.0.0-py3.8.egg-info' (and everything under it)
[5.282s] Copying ../../build/srvcli/srvcli.egg-info to /home/ubuntu/odrv_ws/install/srvcli/lib/python3.8/site-packages/srvcli-0.0.0-py3.8.egg-info
[5.286s] running install_scripts
[5.346s] Installing client script to /home/ubuntu/odrv_ws/install/srvcli/lib/srvcli
[5.346s] Installing service script to /home/ubuntu/odrv_ws/install/srvcli/lib/srvcli
[5.348s] writing list of installed files to '/home/ubuntu/odrv_ws/build/srvcli/install.log'
[5.442s] Invoked command in '/home/ubuntu/odrv_ws/src/srvcli' returned '0': AMENT_PREFIX_PATH=/home/ubuntu/odrv_ws/install/interfaces CMAKE_PREFIX_PATH=/home/ubuntu/odrv_ws/install/interfaces LD_LIBRARY_PATH=/home/ubuntu/odrv_ws/install/interfaces/lib PYTHONPATH=/home/ubuntu/odrv_ws/install/srvcli/lib/python3.8/site-packages:/home/ubuntu/odrv_ws/install/interfaces/lib/python3.8/site-packages /usr/bin/python3 setup.py egg_info --egg-base ../../build/srvcli build --build-base /home/ubuntu/odrv_ws/build/srvcli/build install --prefix /home/ubuntu/odrv_ws/install/srvcli --record /home/ubuntu/odrv_ws/build/srvcli/install.log --single-version-externally-managed
