running egg_info
creating ../../build/srvcli/srvcli.egg-info
writing ../../build/srvcli/srvcli.egg-info/PKG-INFO
writing dependency_links to ../../build/srvcli/srvcli.egg-info/dependency_links.txt
writing entry points to ../../build/srvcli/srvcli.egg-info/entry_points.txt
writing requirements to ../../build/srvcli/srvcli.egg-info/requires.txt
writing top-level names to ../../build/srvcli/srvcli.egg-info/top_level.txt
writing manifest file '../../build/srvcli/srvcli.egg-info/SOURCES.txt'
reading manifest file '../../build/srvcli/srvcli.egg-info/SOURCES.txt'
writing manifest file '../../build/srvcli/srvcli.egg-info/SOURCES.txt'
running build
running build_py
creating /home/ubuntu/odrv_ws/build/srvcli/build
creating /home/ubuntu/odrv_ws/build/srvcli/build/lib
creating /home/ubuntu/odrv_ws/build/srvcli/build/lib/srvcli
copying srvcli/__init__.py -> /home/ubuntu/odrv_ws/build/srvcli/build/lib/srvcli
running install
running install_lib
creating /home/ubuntu/odrv_ws/install/srvcli/lib/python3.8/site-packages/srvcli
copying /home/ubuntu/odrv_ws/build/srvcli/build/lib/srvcli/__init__.py -> /home/ubuntu/odrv_ws/install/srvcli/lib/python3.8/site-packages/srvcli
byte-compiling /home/ubuntu/odrv_ws/install/srvcli/lib/python3.8/site-packages/srvcli/__init__.py to __init__.cpython-38.pyc
running install_data
creating /home/ubuntu/odrv_ws/install/srvcli/share/ament_index
creating /home/ubuntu/odrv_ws/install/srvcli/share/ament_index/resource_index
creating /home/ubuntu/odrv_ws/install/srvcli/share/ament_index/resource_index/packages
copying resource/srvcli -> /home/ubuntu/odrv_ws/install/srvcli/share/ament_index/resource_index/packages
copying package.xml -> /home/ubuntu/odrv_ws/install/srvcli/share/srvcli
running install_egg_info
Copying ../../build/srvcli/srvcli.egg-info to /home/ubuntu/odrv_ws/install/srvcli/lib/python3.8/site-packages/srvcli-0.0.0-py3.8.egg-info
running install_scripts
writing list of installed files to '/home/ubuntu/odrv_ws/build/srvcli/install.log'
