[3.165s] Invoking command in '/home/ubuntu/odrv_ws/src/srvcli': PYTHONPATH=/home/ubuntu/odrv_ws/install/srvcli/lib/python3.8/site-packages:${PYTHONPATH} /usr/bin/python3 setup.py egg_info --egg-base ../../build/srvcli build --build-base /home/ubuntu/odrv_ws/build/srvcli/build install --prefix /home/ubuntu/odrv_ws/install/srvcli --record /home/ubuntu/odrv_ws/build/srvcli/install.log --single-version-externally-managed
[4.061s] running egg_info
[4.063s] creating ../../build/srvcli/srvcli.egg-info
[4.064s] writing ../../build/srvcli/srvcli.egg-info/PKG-INFO
[4.066s] writing dependency_links to ../../build/srvcli/srvcli.egg-info/dependency_links.txt
[4.069s] writing entry points to ../../build/srvcli/srvcli.egg-info/entry_points.txt
[4.070s] writing requirements to ../../build/srvcli/srvcli.egg-info/requires.txt
[4.072s] writing top-level names to ../../build/srvcli/srvcli.egg-info/top_level.txt
[4.083s] writing manifest file '../../build/srvcli/srvcli.egg-info/SOURCES.txt'
[4.211s] reading manifest file '../../build/srvcli/srvcli.egg-info/SOURCES.txt'
[4.213s] writing manifest file '../../build/srvcli/srvcli.egg-info/SOURCES.txt'
[4.214s] running build
[4.214s] running build_py
[4.215s] creating /home/ubuntu/odrv_ws/build/srvcli/build
[4.215s] creating /home/ubuntu/odrv_ws/build/srvcli/build/lib
[4.216s] creating /home/ubuntu/odrv_ws/build/srvcli/build/lib/srvcli
[4.216s] copying srvcli/__init__.py -> /home/ubuntu/odrv_ws/build/srvcli/build/lib/srvcli
[4.217s] running install
[4.219s] running install_lib
[4.223s] creating /home/ubuntu/odrv_ws/install/srvcli/lib/python3.8/site-packages/srvcli
[4.223s] copying /home/ubuntu/odrv_ws/build/srvcli/build/lib/srvcli/__init__.py -> /home/ubuntu/odrv_ws/install/srvcli/lib/python3.8/site-packages/srvcli
[4.225s] byte-compiling /home/ubuntu/odrv_ws/install/srvcli/lib/python3.8/site-packages/srvcli/__init__.py to __init__.cpython-38.pyc
[4.230s] running install_data
[4.232s] creating /home/ubuntu/odrv_ws/install/srvcli/share/ament_index
[4.232s] creating /home/ubuntu/odrv_ws/install/srvcli/share/ament_index/resource_index
[4.233s] creating /home/ubuntu/odrv_ws/install/srvcli/share/ament_index/resource_index/packages
[4.233s] copying resource/srvcli -> /home/ubuntu/odrv_ws/install/srvcli/share/ament_index/resource_index/packages
[4.234s] copying package.xml -> /home/ubuntu/odrv_ws/install/srvcli/share/srvcli
[4.234s] running install_egg_info
[4.239s] Copying ../../build/srvcli/srvcli.egg-info to /home/ubuntu/odrv_ws/install/srvcli/lib/python3.8/site-packages/srvcli-0.0.0-py3.8.egg-info
[4.244s] running install_scripts
[4.310s] writing list of installed files to '/home/ubuntu/odrv_ws/build/srvcli/install.log'
[4.413s] Invoked command in '/home/ubuntu/odrv_ws/src/srvcli' returned '0': PYTHONPATH=/home/ubuntu/odrv_ws/install/srvcli/lib/python3.8/site-packages:${PYTHONPATH} /usr/bin/python3 setup.py egg_info --egg-base ../../build/srvcli build --build-base /home/ubuntu/odrv_ws/build/srvcli/build install --prefix /home/ubuntu/odrv_ws/install/srvcli --record /home/ubuntu/odrv_ws/build/srvcli/install.log --single-version-externally-managed
