[5.414s] Invoking command in '/home/ubuntu/odrv_ws/src/py_srvcli': PYTHONPATH=/home/ubuntu/odrv_ws/install/py_srvcli/lib/python3.8/site-packages: /usr/bin/python3 setup.py egg_info --egg-base ../../build/py_srvcli build --build-base /home/ubuntu/odrv_ws/build/py_srvcli/build install --prefix /home/ubuntu/odrv_ws/install/py_srvcli --record /home/ubuntu/odrv_ws/build/py_srvcli/install.log --single-version-externally-managed
[6.483s] running egg_info
[6.485s] writing ../../build/py_srvcli/py_srvcli.egg-info/PKG-INFO
[6.487s] writing dependency_links to ../../build/py_srvcli/py_srvcli.egg-info/dependency_links.txt
[6.488s] writing entry points to ../../build/py_srvcli/py_srvcli.egg-info/entry_points.txt
[6.489s] writing requirements to ../../build/py_srvcli/py_srvcli.egg-info/requires.txt
[6.490s] writing top-level names to ../../build/py_srvcli/py_srvcli.egg-info/top_level.txt
[6.649s] reading manifest file '../../build/py_srvcli/py_srvcli.egg-info/SOURCES.txt'
[6.654s] writing manifest file '../../build/py_srvcli/py_srvcli.egg-info/SOURCES.txt'
[6.655s] running build
[6.655s] running build_py
[6.657s] running install
[6.660s] running install_lib
[6.667s] running install_data
[6.669s] running install_egg_info
[6.678s] removing '/home/ubuntu/odrv_ws/install/py_srvcli/lib/python3.8/site-packages/py_srvcli-0.0.0-py3.8.egg-info' (and everything under it)
[6.679s] Copying ../../build/py_srvcli/py_srvcli.egg-info to /home/ubuntu/odrv_ws/install/py_srvcli/lib/python3.8/site-packages/py_srvcli-0.0.0-py3.8.egg-info
[6.687s] running install_scripts
[6.766s] Installing client script to /home/ubuntu/odrv_ws/install/py_srvcli/lib/py_srvcli
[6.772s] Installing service script to /home/ubuntu/odrv_ws/install/py_srvcli/lib/py_srvcli
[6.777s] writing list of installed files to '/home/ubuntu/odrv_ws/build/py_srvcli/install.log'
[6.879s] Invoked command in '/home/ubuntu/odrv_ws/src/py_srvcli' returned '0': PYTHONPATH=/home/ubuntu/odrv_ws/install/py_srvcli/lib/python3.8/site-packages: /usr/bin/python3 setup.py egg_info --egg-base ../../build/py_srvcli build --build-base /home/ubuntu/odrv_ws/build/py_srvcli/build install --prefix /home/ubuntu/odrv_ws/install/py_srvcli --record /home/ubuntu/odrv_ws/build/py_srvcli/install.log --single-version-externally-managed
