[1.083s] Invoking command in '/home/ubuntu/odrv_ws/build/turtlesim': /usr/bin/cmake --build /home/ubuntu/odrv_ws/build/turtlesim -- -j4 -l4
[1.361s] [  1%] Built target turtlesim__cpp
[1.397s] [ 11%] Built target turtlesim__rosidl_generator_c
[1.631s] [ 21%] Built target turtlesim__rosidl_typesupport_cpp
[1.750s] [ 31%] Built target turtlesim__rosidl_typesupport_introspection_cpp
[1.782s] [ 41%] Built target turtlesim__rosidl_typesupport_c
[1.892s] [ 51%] Built target turtlesim__rosidl_typesupport_fastrtps_cpp
[1.991s] [ 61%] Built target turtlesim__rosidl_typesupport_introspection_c
[2.293s] [ 71%] Built target turtlesim__rosidl_typesupport_fastrtps_c
[2.482s] [ 71%] Built target turtlesim
[2.813s] [ 72%] Built target turtlesim__py
[3.031s] [ 74%] Built target turtle_teleop_key
[3.100s] [ 76%] Built target draw_square
[3.162s] [ 78%] Built target mimic
[3.477s] [ 87%] Built target turtlesim__python
[3.584s] [ 93%] Built target turtlesim_node
[3.951s] [ 95%] Built target turtlesim__rosidl_typesupport_fastrtps_c__pyext
[3.968s] [ 97%] Built target turtlesim__rosidl_typesupport_introspection_c__pyext
[3.972s] [100%] Built target turtlesim__rosidl_typesupport_c__pyext
[5.316s] Invoked command in '/home/ubuntu/odrv_ws/build/turtlesim' returned '0': /usr/bin/cmake --build /home/ubuntu/odrv_ws/build/turtlesim -- -j4 -l4
[6.130s] Invoking command in '/home/ubuntu/odrv_ws/build/turtlesim': /usr/bin/cmake --install /home/ubuntu/odrv_ws/build/turtlesim
[6.166s] -- Install configuration: ""
[6.170s] -- Up-to-date: /home/ubuntu/odrv_ws/install/turtlesim/share/ament_index/resource_index/rosidl_interfaces/turtlesim
[6.171s] -- Up-to-date: /home/ubuntu/odrv_ws/install/turtlesim/include/turtlesim
[6.172s] -- Up-to-date: /home/ubuntu/odrv_ws/install/turtlesim/include/turtlesim/action
[6.173s] -- Up-to-date: /home/ubuntu/odrv_ws/install/turtlesim/include/turtlesim/action/detail
[6.174s] -- Up-to-date: /home/ubuntu/odrv_ws/install/turtlesim/include/turtlesim/action/detail/rotate_absolute__functions.c
[6.175s] -- Up-to-date: /home/ubuntu/odrv_ws/install/turtlesim/include/turtlesim/action/detail/rotate_absolute__functions.h
[6.176s] -- Up-to-date: /home/ubuntu/odrv_ws/install/turtlesim/include/turtlesim/action/detail/rotate_absolute__type_support.h
[6.177s] -- Up-to-date: /home/ubuntu/odrv_ws/install/turtlesim/include/turtlesim/action/detail/rotate_absolute__struct.h
[6.178s] -- Up-to-date: /home/ubuntu/odrv_ws/install/turtlesim/include/turtlesim/action/rotate_absolute.h
[6.180s] -- Up-to-date: /home/ubuntu/odrv_ws/install/turtlesim/include/turtlesim/msg
[6.180s] -- Up-to-date: /home/ubuntu/odrv_ws/install/turtlesim/include/turtlesim/msg/rosidl_generator_c__visibility_control.h
[6.181s] -- Up-to-date: /home/ubuntu/odrv_ws/install/turtlesim/include/turtlesim/msg/detail
[6.182s] -- Up-to-date: /home/ubuntu/odrv_ws/install/turtlesim/include/turtlesim/msg/detail/color__functions.h
[6.184s] -- Up-to-date: /home/ubuntu/odrv_ws/install/turtlesim/include/turtlesim/msg/detail/pose__functions.c
[6.185s] -- Up-to-date: /home/ubuntu/odrv_ws/install/turtlesim/include/turtlesim/msg/detail/color__type_support.h
[6.187s] -- Up-to-date: /home/ubuntu/odrv_ws/install/turtlesim/include/turtlesim/msg/detail/color__struct.h
[6.188s] -- Up-to-date: /home/ubuntu/odrv_ws/install/turtlesim/include/turtlesim/msg/detail/color__functions.c
[6.189s] -- Up-to-date: /home/ubuntu/odrv_ws/install/turtlesim/include/turtlesim/msg/detail/pose__struct.h
[6.190s] -- Up-to-date: /home/ubuntu/odrv_ws/install/turtlesim/include/turtlesim/msg/detail/pose__type_support.h
[6.191s] -- Up-to-date: /home/ubuntu/odrv_ws/install/turtlesim/include/turtlesim/msg/detail/pose__functions.h
[6.192s] -- Up-to-date: /home/ubuntu/odrv_ws/install/turtlesim/include/turtlesim/msg/color.h
[6.193s] -- Up-to-date: /home/ubuntu/odrv_ws/install/turtlesim/include/turtlesim/msg/pose.h
[6.193s] -- Up-to-date: /home/ubuntu/odrv_ws/install/turtlesim/include/turtlesim/srv
[6.194s] -- Up-to-date: /home/ubuntu/odrv_ws/install/turtlesim/include/turtlesim/srv/detail
[6.195s] -- Up-to-date: /home/ubuntu/odrv_ws/install/turtlesim/include/turtlesim/srv/detail/kill__struct.h
[6.196s] -- Up-to-date: /home/ubuntu/odrv_ws/install/turtlesim/include/turtlesim/srv/detail/teleport_absolute__functions.h
[6.196s] -- Up-to-date: /home/ubuntu/odrv_ws/install/turtlesim/include/turtlesim/srv/detail/set_pen__struct.h
[6.197s] -- Up-to-date: /home/ubuntu/odrv_ws/install/turtlesim/include/turtlesim/srv/detail/teleport_relative__type_support.h
[6.198s] -- Up-to-date: /home/ubuntu/odrv_ws/install/turtlesim/include/turtlesim/srv/detail/spawn__functions.c
[6.199s] -- Up-to-date: /home/ubuntu/odrv_ws/install/turtlesim/include/turtlesim/srv/detail/set_pen__functions.h
[6.200s] -- Up-to-date: /home/ubuntu/odrv_ws/install/turtlesim/include/turtlesim/srv/detail/teleport_relative__functions.h
[6.201s] -- Up-to-date: /home/ubuntu/odrv_ws/install/turtlesim/include/turtlesim/srv/detail/set_pen__type_support.h
[6.203s] -- Up-to-date: /home/ubuntu/odrv_ws/install/turtlesim/include/turtlesim/srv/detail/kill__functions.h
[6.204s] -- Up-to-date: /home/ubuntu/odrv_ws/install/turtlesim/include/turtlesim/srv/detail/teleport_relative__functions.c
[6.204s] -- Up-to-date: /home/ubuntu/odrv_ws/install/turtlesim/include/turtlesim/srv/detail/spawn__struct.h
[6.205s] -- Up-to-date: /home/ubuntu/odrv_ws/install/turtlesim/include/turtlesim/srv/detail/spawn__functions.h
[6.206s] -- Up-to-date: /home/ubuntu/odrv_ws/install/turtlesim/include/turtlesim/srv/detail/kill__type_support.h
[6.206s] -- Up-to-date: /home/ubuntu/odrv_ws/install/turtlesim/include/turtlesim/srv/detail/spawn__type_support.h
[6.207s] -- Up-to-date: /home/ubuntu/odrv_ws/install/turtlesim/include/turtlesim/srv/detail/teleport_relative__struct.h
[6.209s] -- Up-to-date: /home/ubuntu/odrv_ws/install/turtlesim/include/turtlesim/srv/detail/teleport_absolute__type_support.h
[6.209s] -- Up-to-date: /home/ubuntu/odrv_ws/install/turtlesim/include/turtlesim/srv/detail/kill__functions.c
[6.213s] -- Up-to-date: /home/ubuntu/odrv_ws/install/turtlesim/include/turtlesim/srv/detail/teleport_absolute__struct.h
[6.214s] -- Up-to-date: /home/ubuntu/odrv_ws/install/turtlesim/include/turtlesim/srv/detail/teleport_absolute__functions.c
[6.215s] -- Up-to-date: /home/ubuntu/odrv_ws/install/turtlesim/include/turtlesim/srv/detail/set_pen__functions.c
[6.216s] -- Up-to-date: /home/ubuntu/odrv_ws/install/turtlesim/include/turtlesim/srv/spawn.h
[6.217s] -- Up-to-date: /home/ubuntu/odrv_ws/install/turtlesim/include/turtlesim/srv/teleport_absolute.h
[6.218s] -- Up-to-date: /home/ubuntu/odrv_ws/install/turtlesim/include/turtlesim/srv/teleport_relative.h
[6.218s] -- Up-to-date: /home/ubuntu/odrv_ws/install/turtlesim/include/turtlesim/srv/set_pen.h
[6.219s] -- Up-to-date: /home/ubuntu/odrv_ws/install/turtlesim/include/turtlesim/srv/kill.h
[6.219s] -- Up-to-date: /home/ubuntu/odrv_ws/install/turtlesim/share/turtlesim/environment/library_path.sh
[6.220s] -- Up-to-date: /home/ubuntu/odrv_ws/install/turtlesim/share/turtlesim/environment/library_path.dsv
[6.221s] -- Up-to-date: /home/ubuntu/odrv_ws/install/turtlesim/lib/libturtlesim__rosidl_generator_c.so
[6.222s] -- Up-to-date: /home/ubuntu/odrv_ws/install/turtlesim/include/turtlesim
[6.223s] -- Up-to-date: /home/ubuntu/odrv_ws/install/turtlesim/include/turtlesim/action
[6.224s] -- Up-to-date: /home/ubuntu/odrv_ws/install/turtlesim/include/turtlesim/action/detail
[6.226s] -- Up-to-date: /home/ubuntu/odrv_ws/install/turtlesim/include/turtlesim/action/detail/rotate_absolute__rosidl_typesupport_fastrtps_c.h
[6.227s] -- Up-to-date: /home/ubuntu/odrv_ws/install/turtlesim/include/turtlesim/msg
[6.228s] -- Up-to-date: /home/ubuntu/odrv_ws/install/turtlesim/include/turtlesim/msg/detail
[6.230s] -- Up-to-date: /home/ubuntu/odrv_ws/install/turtlesim/include/turtlesim/msg/detail/pose__rosidl_typesupport_fastrtps_c.h
[6.231s] -- Up-to-date: /home/ubuntu/odrv_ws/install/turtlesim/include/turtlesim/msg/detail/color__rosidl_typesupport_fastrtps_c.h
[6.231s] -- Up-to-date: /home/ubuntu/odrv_ws/install/turtlesim/include/turtlesim/msg/rosidl_typesupport_fastrtps_c__visibility_control.h
[6.232s] -- Up-to-date: /home/ubuntu/odrv_ws/install/turtlesim/include/turtlesim/srv
[6.233s] -- Up-to-date: /home/ubuntu/odrv_ws/install/turtlesim/include/turtlesim/srv/detail
[6.234s] -- Up-to-date: /home/ubuntu/odrv_ws/install/turtlesim/include/turtlesim/srv/detail/spawn__rosidl_typesupport_fastrtps_c.h
[6.235s] -- Up-to-date: /home/ubuntu/odrv_ws/install/turtlesim/include/turtlesim/srv/detail/teleport_relative__rosidl_typesupport_fastrtps_c.h
[6.236s] -- Up-to-date: /home/ubuntu/odrv_ws/install/turtlesim/include/turtlesim/srv/detail/kill__rosidl_typesupport_fastrtps_c.h
[6.236s] -- Up-to-date: /home/ubuntu/odrv_ws/install/turtlesim/include/turtlesim/srv/detail/set_pen__rosidl_typesupport_fastrtps_c.h
[6.237s] -- Up-to-date: /home/ubuntu/odrv_ws/install/turtlesim/include/turtlesim/srv/detail/teleport_absolute__rosidl_typesupport_fastrtps_c.h
[6.238s] -- Up-to-date: /home/ubuntu/odrv_ws/install/turtlesim/lib/libturtlesim__rosidl_typesupport_fastrtps_c.so
[6.238s] -- Up-to-date: /home/ubuntu/odrv_ws/install/turtlesim/include/turtlesim
[6.239s] -- Up-to-date: /home/ubuntu/odrv_ws/install/turtlesim/include/turtlesim/action
[6.241s] -- Up-to-date: /home/ubuntu/odrv_ws/install/turtlesim/include/turtlesim/action/detail
[6.242s] -- Up-to-date: /home/ubuntu/odrv_ws/install/turtlesim/include/turtlesim/action/detail/dds_fastrtps
[6.244s] -- Up-to-date: /home/ubuntu/odrv_ws/install/turtlesim/include/turtlesim/action/detail/rotate_absolute__rosidl_typesupport_fastrtps_cpp.hpp
[6.245s] -- Up-to-date: /home/ubuntu/odrv_ws/install/turtlesim/include/turtlesim/msg
[6.246s] -- Up-to-date: /home/ubuntu/odrv_ws/install/turtlesim/include/turtlesim/msg/detail
[6.247s] -- Up-to-date: /home/ubuntu/odrv_ws/install/turtlesim/include/turtlesim/msg/detail/dds_fastrtps
[6.248s] -- Up-to-date: /home/ubuntu/odrv_ws/install/turtlesim/include/turtlesim/msg/detail/color__rosidl_typesupport_fastrtps_cpp.hpp
[6.250s] -- Up-to-date: /home/ubuntu/odrv_ws/install/turtlesim/include/turtlesim/msg/detail/pose__rosidl_typesupport_fastrtps_cpp.hpp
[6.251s] -- Up-to-date: /home/ubuntu/odrv_ws/install/turtlesim/include/turtlesim/msg/rosidl_typesupport_fastrtps_cpp__visibility_control.h
[6.254s] -- Up-to-date: /home/ubuntu/odrv_ws/install/turtlesim/include/turtlesim/srv
[6.256s] -- Up-to-date: /home/ubuntu/odrv_ws/install/turtlesim/include/turtlesim/srv/detail
[6.257s] -- Up-to-date: /home/ubuntu/odrv_ws/install/turtlesim/include/turtlesim/srv/detail/kill__rosidl_typesupport_fastrtps_cpp.hpp
[6.258s] -- Up-to-date: /home/ubuntu/odrv_ws/install/turtlesim/include/turtlesim/srv/detail/spawn__rosidl_typesupport_fastrtps_cpp.hpp
[6.260s] -- Up-to-date: /home/ubuntu/odrv_ws/install/turtlesim/include/turtlesim/srv/detail/dds_fastrtps
[6.261s] -- Up-to-date: /home/ubuntu/odrv_ws/install/turtlesim/include/turtlesim/srv/detail/set_pen__rosidl_typesupport_fastrtps_cpp.hpp
[6.262s] -- Up-to-date: /home/ubuntu/odrv_ws/install/turtlesim/include/turtlesim/srv/detail/teleport_absolute__rosidl_typesupport_fastrtps_cpp.hpp
[6.263s] -- Up-to-date: /home/ubuntu/odrv_ws/install/turtlesim/include/turtlesim/srv/detail/teleport_relative__rosidl_typesupport_fastrtps_cpp.hpp
[6.264s] -- Up-to-date: /home/ubuntu/odrv_ws/install/turtlesim/lib/libturtlesim__rosidl_typesupport_fastrtps_cpp.so
[6.264s] -- Up-to-date: /home/ubuntu/odrv_ws/install/turtlesim/include/turtlesim
[6.265s] -- Up-to-date: /home/ubuntu/odrv_ws/install/turtlesim/include/turtlesim/action
[6.266s] -- Up-to-date: /home/ubuntu/odrv_ws/install/turtlesim/include/turtlesim/action/detail
[6.267s] -- Up-to-date: /home/ubuntu/odrv_ws/install/turtlesim/include/turtlesim/action/detail/rotate_absolute__type_support.c
[6.268s] -- Up-to-date: /home/ubuntu/odrv_ws/install/turtlesim/include/turtlesim/action/detail/rotate_absolute__rosidl_typesupport_introspection_c.h
[6.268s] -- Up-to-date: /home/ubuntu/odrv_ws/install/turtlesim/include/turtlesim/msg
[6.269s] -- Up-to-date: /home/ubuntu/odrv_ws/install/turtlesim/include/turtlesim/msg/rosidl_typesupport_introspection_c__visibility_control.h
[6.270s] -- Up-to-date: /home/ubuntu/odrv_ws/install/turtlesim/include/turtlesim/msg/detail
[6.271s] -- Up-to-date: /home/ubuntu/odrv_ws/install/turtlesim/include/turtlesim/msg/detail/pose__type_support.c
[6.271s] -- Up-to-date: /home/ubuntu/odrv_ws/install/turtlesim/include/turtlesim/msg/detail/color__rosidl_typesupport_introspection_c.h
[6.272s] -- Up-to-date: /home/ubuntu/odrv_ws/install/turtlesim/include/turtlesim/msg/detail/color__type_support.c
[6.273s] -- Up-to-date: /home/ubuntu/odrv_ws/install/turtlesim/include/turtlesim/msg/detail/pose__rosidl_typesupport_introspection_c.h
[6.274s] -- Up-to-date: /home/ubuntu/odrv_ws/install/turtlesim/include/turtlesim/srv
[6.274s] -- Up-to-date: /home/ubuntu/odrv_ws/install/turtlesim/include/turtlesim/srv/detail
[6.275s] -- Up-to-date: /home/ubuntu/odrv_ws/install/turtlesim/include/turtlesim/srv/detail/teleport_absolute__type_support.c
[6.276s] -- Up-to-date: /home/ubuntu/odrv_ws/install/turtlesim/include/turtlesim/srv/detail/kill__rosidl_typesupport_introspection_c.h
[6.276s] -- Up-to-date: /home/ubuntu/odrv_ws/install/turtlesim/include/turtlesim/srv/detail/teleport_absolute__rosidl_typesupport_introspection_c.h
[6.278s] -- Up-to-date: /home/ubuntu/odrv_ws/install/turtlesim/include/turtlesim/srv/detail/set_pen__type_support.c
[6.278s] -- Up-to-date: /home/ubuntu/odrv_ws/install/turtlesim/include/turtlesim/srv/detail/spawn__type_support.c
[6.279s] -- Up-to-date: /home/ubuntu/odrv_ws/install/turtlesim/include/turtlesim/srv/detail/teleport_relative__type_support.c
[6.279s] -- Up-to-date: /home/ubuntu/odrv_ws/install/turtlesim/include/turtlesim/srv/detail/kill__type_support.c
[6.280s] -- Up-to-date: /home/ubuntu/odrv_ws/install/turtlesim/include/turtlesim/srv/detail/teleport_relative__rosidl_typesupport_introspection_c.h
[6.281s] -- Up-to-date: /home/ubuntu/odrv_ws/install/turtlesim/include/turtlesim/srv/detail/spawn__rosidl_typesupport_introspection_c.h
[6.281s] -- Up-to-date: /home/ubuntu/odrv_ws/install/turtlesim/include/turtlesim/srv/detail/set_pen__rosidl_typesupport_introspection_c.h
[6.282s] -- Up-to-date: /home/ubuntu/odrv_ws/install/turtlesim/lib/libturtlesim__rosidl_typesupport_introspection_c.so
[6.283s] -- Up-to-date: /home/ubuntu/odrv_ws/install/turtlesim/lib/libturtlesim__rosidl_typesupport_c.so
[6.283s] -- Up-to-date: /home/ubuntu/odrv_ws/install/turtlesim/include/turtlesim
[6.284s] -- Up-to-date: /home/ubuntu/odrv_ws/install/turtlesim/include/turtlesim/action
[6.284s] -- Up-to-date: /home/ubuntu/odrv_ws/install/turtlesim/include/turtlesim/action/detail
[6.285s] -- Up-to-date: /home/ubuntu/odrv_ws/install/turtlesim/include/turtlesim/action/detail/rotate_absolute__traits.hpp
[6.286s] -- Up-to-date: /home/ubuntu/odrv_ws/install/turtlesim/include/turtlesim/action/detail/rotate_absolute__builder.hpp
[6.287s] -- Up-to-date: /home/ubuntu/odrv_ws/install/turtlesim/include/turtlesim/action/detail/rotate_absolute__struct.hpp
[6.288s] -- Up-to-date: /home/ubuntu/odrv_ws/install/turtlesim/include/turtlesim/action/rotate_absolute.hpp
[6.288s] -- Up-to-date: /home/ubuntu/odrv_ws/install/turtlesim/include/turtlesim/msg
[6.289s] -- Up-to-date: /home/ubuntu/odrv_ws/install/turtlesim/include/turtlesim/msg/color.hpp
[6.290s] -- Up-to-date: /home/ubuntu/odrv_ws/install/turtlesim/include/turtlesim/msg/detail
[6.291s] -- Up-to-date: /home/ubuntu/odrv_ws/install/turtlesim/include/turtlesim/msg/detail/color__struct.hpp
[6.291s] -- Up-to-date: /home/ubuntu/odrv_ws/install/turtlesim/include/turtlesim/msg/detail/pose__struct.hpp
[6.292s] -- Up-to-date: /home/ubuntu/odrv_ws/install/turtlesim/include/turtlesim/msg/detail/color__builder.hpp
[6.293s] -- Up-to-date: /home/ubuntu/odrv_ws/install/turtlesim/include/turtlesim/msg/detail/pose__traits.hpp
[6.294s] -- Up-to-date: /home/ubuntu/odrv_ws/install/turtlesim/include/turtlesim/msg/detail/color__traits.hpp
[6.294s] -- Up-to-date: /home/ubuntu/odrv_ws/install/turtlesim/include/turtlesim/msg/detail/pose__builder.hpp
[6.295s] -- Up-to-date: /home/ubuntu/odrv_ws/install/turtlesim/include/turtlesim/msg/pose.hpp
[6.295s] -- Up-to-date: /home/ubuntu/odrv_ws/install/turtlesim/include/turtlesim/srv
[6.296s] -- Up-to-date: /home/ubuntu/odrv_ws/install/turtlesim/include/turtlesim/srv/set_pen.hpp
[6.296s] -- Up-to-date: /home/ubuntu/odrv_ws/install/turtlesim/include/turtlesim/srv/detail
[6.297s] -- Up-to-date: /home/ubuntu/odrv_ws/install/turtlesim/include/turtlesim/srv/detail/set_pen__builder.hpp
[6.297s] -- Up-to-date: /home/ubuntu/odrv_ws/install/turtlesim/include/turtlesim/srv/detail/teleport_relative__builder.hpp
[6.298s] -- Up-to-date: /home/ubuntu/odrv_ws/install/turtlesim/include/turtlesim/srv/detail/teleport_absolute__builder.hpp
[6.299s] -- Up-to-date: /home/ubuntu/odrv_ws/install/turtlesim/include/turtlesim/srv/detail/teleport_relative__traits.hpp
[6.299s] -- Up-to-date: /home/ubuntu/odrv_ws/install/turtlesim/include/turtlesim/srv/detail/kill__builder.hpp
[6.300s] -- Up-to-date: /home/ubuntu/odrv_ws/install/turtlesim/include/turtlesim/srv/detail/set_pen__struct.hpp
[6.300s] -- Up-to-date: /home/ubuntu/odrv_ws/install/turtlesim/include/turtlesim/srv/detail/spawn__builder.hpp
[6.301s] -- Up-to-date: /home/ubuntu/odrv_ws/install/turtlesim/include/turtlesim/srv/detail/kill__traits.hpp
[6.302s] -- Up-to-date: /home/ubuntu/odrv_ws/install/turtlesim/include/turtlesim/srv/detail/teleport_absolute__struct.hpp
[6.303s] -- Up-to-date: /home/ubuntu/odrv_ws/install/turtlesim/include/turtlesim/srv/detail/spawn__traits.hpp
[6.303s] -- Up-to-date: /home/ubuntu/odrv_ws/install/turtlesim/include/turtlesim/srv/detail/kill__struct.hpp
[6.304s] -- Up-to-date: /home/ubuntu/odrv_ws/install/turtlesim/include/turtlesim/srv/detail/set_pen__traits.hpp
[6.304s] -- Up-to-date: /home/ubuntu/odrv_ws/install/turtlesim/include/turtlesim/srv/detail/teleport_relative__struct.hpp
[6.305s] -- Up-to-date: /home/ubuntu/odrv_ws/install/turtlesim/include/turtlesim/srv/detail/teleport_absolute__traits.hpp
[6.306s] -- Up-to-date: /home/ubuntu/odrv_ws/install/turtlesim/include/turtlesim/srv/detail/spawn__struct.hpp
[6.306s] -- Up-to-date: /home/ubuntu/odrv_ws/install/turtlesim/include/turtlesim/srv/spawn.hpp
[6.307s] -- Up-to-date: /home/ubuntu/odrv_ws/install/turtlesim/include/turtlesim/srv/teleport_relative.hpp
[6.308s] -- Up-to-date: /home/ubuntu/odrv_ws/install/turtlesim/include/turtlesim/srv/kill.hpp
[6.308s] -- Up-to-date: /home/ubuntu/odrv_ws/install/turtlesim/include/turtlesim/srv/teleport_absolute.hpp
[6.309s] -- Up-to-date: /home/ubuntu/odrv_ws/install/turtlesim/include/turtlesim
[6.310s] -- Up-to-date: /home/ubuntu/odrv_ws/install/turtlesim/include/turtlesim/action
[6.311s] -- Up-to-date: /home/ubuntu/odrv_ws/install/turtlesim/include/turtlesim/action/detail
[6.312s] -- Up-to-date: /home/ubuntu/odrv_ws/install/turtlesim/include/turtlesim/action/detail/rotate_absolute__type_support.cpp
[6.313s] -- Up-to-date: /home/ubuntu/odrv_ws/install/turtlesim/include/turtlesim/action/detail/rotate_absolute__rosidl_typesupport_introspection_cpp.hpp
[6.313s] -- Up-to-date: /home/ubuntu/odrv_ws/install/turtlesim/include/turtlesim/msg
[6.314s] -- Up-to-date: /home/ubuntu/odrv_ws/install/turtlesim/include/turtlesim/msg/detail
[6.315s] -- Up-to-date: /home/ubuntu/odrv_ws/install/turtlesim/include/turtlesim/msg/detail/pose__type_support.cpp
[6.315s] -- Up-to-date: /home/ubuntu/odrv_ws/install/turtlesim/include/turtlesim/msg/detail/color__type_support.cpp
[6.316s] -- Up-to-date: /home/ubuntu/odrv_ws/install/turtlesim/include/turtlesim/msg/detail/color__rosidl_typesupport_introspection_cpp.hpp
[6.316s] -- Up-to-date: /home/ubuntu/odrv_ws/install/turtlesim/include/turtlesim/msg/detail/pose__rosidl_typesupport_introspection_cpp.hpp
[6.317s] -- Up-to-date: /home/ubuntu/odrv_ws/install/turtlesim/include/turtlesim/srv
[6.318s] -- Up-to-date: /home/ubuntu/odrv_ws/install/turtlesim/include/turtlesim/srv/detail
[6.318s] -- Up-to-date: /home/ubuntu/odrv_ws/install/turtlesim/include/turtlesim/srv/detail/spawn__rosidl_typesupport_introspection_cpp.hpp
[6.319s] -- Up-to-date: /home/ubuntu/odrv_ws/install/turtlesim/include/turtlesim/srv/detail/teleport_relative__type_support.cpp
[6.319s] -- Up-to-date: /home/ubuntu/odrv_ws/install/turtlesim/include/turtlesim/srv/detail/kill__type_support.cpp
[6.320s] -- Up-to-date: /home/ubuntu/odrv_ws/install/turtlesim/include/turtlesim/srv/detail/set_pen__type_support.cpp
[6.320s] -- Up-to-date: /home/ubuntu/odrv_ws/install/turtlesim/include/turtlesim/srv/detail/spawn__type_support.cpp
[6.321s] -- Up-to-date: /home/ubuntu/odrv_ws/install/turtlesim/include/turtlesim/srv/detail/kill__rosidl_typesupport_introspection_cpp.hpp
[6.321s] -- Up-to-date: /home/ubuntu/odrv_ws/install/turtlesim/include/turtlesim/srv/detail/set_pen__rosidl_typesupport_introspection_cpp.hpp
[6.322s] -- Up-to-date: /home/ubuntu/odrv_ws/install/turtlesim/include/turtlesim/srv/detail/teleport_relative__rosidl_typesupport_introspection_cpp.hpp
[6.322s] -- Up-to-date: /home/ubuntu/odrv_ws/install/turtlesim/include/turtlesim/srv/detail/teleport_absolute__type_support.cpp
[6.323s] -- Up-to-date: /home/ubuntu/odrv_ws/install/turtlesim/include/turtlesim/srv/detail/teleport_absolute__rosidl_typesupport_introspection_cpp.hpp
[6.323s] -- Up-to-date: /home/ubuntu/odrv_ws/install/turtlesim/lib/libturtlesim__rosidl_typesupport_introspection_cpp.so
[6.324s] -- Up-to-date: /home/ubuntu/odrv_ws/install/turtlesim/lib/libturtlesim__rosidl_typesupport_cpp.so
[6.324s] -- Up-to-date: /home/ubuntu/odrv_ws/install/turtlesim/share/turtlesim/environment/pythonpath.sh
[6.325s] -- Up-to-date: /home/ubuntu/odrv_ws/install/turtlesim/share/turtlesim/environment/pythonpath.dsv
[6.325s] -- Up-to-date: /home/ubuntu/odrv_ws/install/turtlesim/lib/python3.8/site-packages/turtlesim/__init__.py
[6.445s] -- Up-to-date: /home/ubuntu/odrv_ws/install/turtlesim/lib/python3.8/site-packages/turtlesim/action
[6.446s] -- Up-to-date: /home/ubuntu/odrv_ws/install/turtlesim/lib/python3.8/site-packages/turtlesim/action/__init__.py
[6.448s] -- Up-to-date: /home/ubuntu/odrv_ws/install/turtlesim/lib/python3.8/site-packages/turtlesim/action/_rotate_absolute.py
[6.449s] -- Up-to-date: /home/ubuntu/odrv_ws/install/turtlesim/lib/python3.8/site-packages/turtlesim/action/_rotate_absolute_s.c
[6.449s] -- Up-to-date: /home/ubuntu/odrv_ws/install/turtlesim/lib/python3.8/site-packages/turtlesim/msg
[6.450s] -- Up-to-date: /home/ubuntu/odrv_ws/install/turtlesim/lib/python3.8/site-packages/turtlesim/msg/_pose.py
[6.451s] -- Up-to-date: /home/ubuntu/odrv_ws/install/turtlesim/lib/python3.8/site-packages/turtlesim/msg/_color_s.c
[6.452s] -- Up-to-date: /home/ubuntu/odrv_ws/install/turtlesim/lib/python3.8/site-packages/turtlesim/msg/__init__.py
[6.453s] -- Up-to-date: /home/ubuntu/odrv_ws/install/turtlesim/lib/python3.8/site-packages/turtlesim/msg/_color.py
[6.453s] -- Up-to-date: /home/ubuntu/odrv_ws/install/turtlesim/lib/python3.8/site-packages/turtlesim/msg/_pose_s.c
[6.454s] -- Up-to-date: /home/ubuntu/odrv_ws/install/turtlesim/lib/python3.8/site-packages/turtlesim/srv
[6.454s] -- Up-to-date: /home/ubuntu/odrv_ws/install/turtlesim/lib/python3.8/site-packages/turtlesim/srv/_spawn.py
[6.455s] -- Up-to-date: /home/ubuntu/odrv_ws/install/turtlesim/lib/python3.8/site-packages/turtlesim/srv/_teleport_absolute.py
[6.455s] -- Up-to-date: /home/ubuntu/odrv_ws/install/turtlesim/lib/python3.8/site-packages/turtlesim/srv/_teleport_relative_s.c
[6.456s] -- Up-to-date: /home/ubuntu/odrv_ws/install/turtlesim/lib/python3.8/site-packages/turtlesim/srv/__init__.py
[6.456s] -- Up-to-date: /home/ubuntu/odrv_ws/install/turtlesim/lib/python3.8/site-packages/turtlesim/srv/_spawn_s.c
[6.456s] -- Up-to-date: /home/ubuntu/odrv_ws/install/turtlesim/lib/python3.8/site-packages/turtlesim/srv/_set_pen_s.c
[6.457s] -- Up-to-date: /home/ubuntu/odrv_ws/install/turtlesim/lib/python3.8/site-packages/turtlesim/srv/_kill_s.c
[6.457s] -- Up-to-date: /home/ubuntu/odrv_ws/install/turtlesim/lib/python3.8/site-packages/turtlesim/srv/_teleport_relative.py
[6.457s] -- Up-to-date: /home/ubuntu/odrv_ws/install/turtlesim/lib/python3.8/site-packages/turtlesim/srv/_set_pen.py
[6.458s] -- Up-to-date: /home/ubuntu/odrv_ws/install/turtlesim/lib/python3.8/site-packages/turtlesim/srv/_kill.py
[6.458s] -- Up-to-date: /home/ubuntu/odrv_ws/install/turtlesim/lib/python3.8/site-packages/turtlesim/srv/_teleport_absolute_s.c
[6.459s] -- Up-to-date: /home/ubuntu/odrv_ws/install/turtlesim/lib/python3.8/site-packages/turtlesim/turtlesim_s__rosidl_typesupport_fastrtps_c.cpython-38-aarch64-linux-gnu.so
[6.466s] -- Up-to-date: /home/ubuntu/odrv_ws/install/turtlesim/lib/python3.8/site-packages/turtlesim/turtlesim_s__rosidl_typesupport_introspection_c.cpython-38-aarch64-linux-gnu.so
[6.469s] -- Up-to-date: /home/ubuntu/odrv_ws/install/turtlesim/lib/python3.8/site-packages/turtlesim/turtlesim_s__rosidl_typesupport_c.cpython-38-aarch64-linux-gnu.so
[6.475s] -- Up-to-date: /home/ubuntu/odrv_ws/install/turtlesim/lib/libturtlesim__python.so
[6.478s] -- Up-to-date: /home/ubuntu/odrv_ws/install/turtlesim/share/turtlesim/action/RotateAbsolute.idl
[6.480s] -- Up-to-date: /home/ubuntu/odrv_ws/install/turtlesim/share/turtlesim/msg/Color.idl
[6.482s] -- Up-to-date: /home/ubuntu/odrv_ws/install/turtlesim/share/turtlesim/msg/Pose.idl
[6.484s] -- Up-to-date: /home/ubuntu/odrv_ws/install/turtlesim/share/turtlesim/srv/Kill.idl
[6.485s] -- Up-to-date: /home/ubuntu/odrv_ws/install/turtlesim/share/turtlesim/srv/SetPen.idl
[6.487s] -- Up-to-date: /home/ubuntu/odrv_ws/install/turtlesim/share/turtlesim/srv/Spawn.idl
[6.488s] -- Up-to-date: /home/ubuntu/odrv_ws/install/turtlesim/share/turtlesim/srv/TeleportAbsolute.idl
[6.490s] -- Up-to-date: /home/ubuntu/odrv_ws/install/turtlesim/share/turtlesim/srv/TeleportRelative.idl
[6.491s] -- Up-to-date: /home/ubuntu/odrv_ws/install/turtlesim/share/turtlesim/action/RotateAbsolute.action
[6.492s] -- Up-to-date: /home/ubuntu/odrv_ws/install/turtlesim/share/turtlesim/msg/Color.msg
[6.494s] -- Up-to-date: /home/ubuntu/odrv_ws/install/turtlesim/share/turtlesim/msg/Pose.msg
[6.495s] -- Up-to-date: /home/ubuntu/odrv_ws/install/turtlesim/share/turtlesim/srv/Kill.srv
[6.496s] -- Up-to-date: /home/ubuntu/odrv_ws/install/turtlesim/share/turtlesim/srv/Kill_Request.msg
[6.498s] -- Up-to-date: /home/ubuntu/odrv_ws/install/turtlesim/share/turtlesim/srv/Kill_Response.msg
[6.499s] -- Up-to-date: /home/ubuntu/odrv_ws/install/turtlesim/share/turtlesim/srv/SetPen.srv
[6.501s] -- Up-to-date: /home/ubuntu/odrv_ws/install/turtlesim/share/turtlesim/srv/SetPen_Request.msg
[6.502s] -- Up-to-date: /home/ubuntu/odrv_ws/install/turtlesim/share/turtlesim/srv/SetPen_Response.msg
[6.503s] -- Up-to-date: /home/ubuntu/odrv_ws/install/turtlesim/share/turtlesim/srv/Spawn.srv
[6.505s] -- Up-to-date: /home/ubuntu/odrv_ws/install/turtlesim/share/turtlesim/srv/Spawn_Request.msg
[6.506s] -- Up-to-date: /home/ubuntu/odrv_ws/install/turtlesim/share/turtlesim/srv/Spawn_Response.msg
[6.507s] -- Up-to-date: /home/ubuntu/odrv_ws/install/turtlesim/share/turtlesim/srv/TeleportAbsolute.srv
[6.509s] -- Up-to-date: /home/ubuntu/odrv_ws/install/turtlesim/share/turtlesim/srv/TeleportAbsolute_Request.msg
[6.510s] -- Up-to-date: /home/ubuntu/odrv_ws/install/turtlesim/share/turtlesim/srv/TeleportAbsolute_Response.msg
[6.512s] -- Up-to-date: /home/ubuntu/odrv_ws/install/turtlesim/share/turtlesim/srv/TeleportRelative.srv
[6.514s] -- Up-to-date: /home/ubuntu/odrv_ws/install/turtlesim/share/turtlesim/srv/TeleportRelative_Request.msg
[6.515s] -- Up-to-date: /home/ubuntu/odrv_ws/install/turtlesim/share/turtlesim/srv/TeleportRelative_Response.msg
[6.521s] -- Up-to-date: /home/ubuntu/odrv_ws/install/turtlesim/lib/turtlesim/turtlesim_node
[6.527s] -- Up-to-date: /home/ubuntu/odrv_ws/install/turtlesim/lib/turtlesim/turtle_teleop_key
[6.534s] -- Up-to-date: /home/ubuntu/odrv_ws/install/turtlesim/lib/turtlesim/draw_square
[6.540s] -- Up-to-date: /home/ubuntu/odrv_ws/install/turtlesim/lib/turtlesim/mimic
[6.542s] -- Up-to-date: /home/ubuntu/odrv_ws/install/turtlesim/share/turtlesim/images
[6.546s] -- Up-to-date: /home/ubuntu/odrv_ws/install/turtlesim/share/turtlesim/images/dashing.png
[6.546s] -- Up-to-date: /home/ubuntu/odrv_ws/install/turtlesim/share/turtlesim/images/crystal.png
[6.547s] -- Up-to-date: /home/ubuntu/odrv_ws/install/turtlesim/share/turtlesim/images/eloquent.png
[6.547s] -- Up-to-date: /home/ubuntu/odrv_ws/install/turtlesim/share/turtlesim/images/foxy.png
[6.548s] -- Up-to-date: /home/ubuntu/odrv_ws/install/turtlesim/share/turtlesim/images/ardent.png
[6.548s] -- Up-to-date: /home/ubuntu/odrv_ws/install/turtlesim/share/turtlesim/images/bouncy.png
[6.549s] -- Up-to-date: /home/ubuntu/odrv_ws/install/turtlesim/share/turtlesim/launch
[6.550s] -- Up-to-date: /home/ubuntu/odrv_ws/install/turtlesim/share/turtlesim/launch/multisim.launch.py
[6.551s] -- Up-to-date: /home/ubuntu/odrv_ws/install/turtlesim/share/ament_index/resource_index/package_run_dependencies/turtlesim
[6.553s] -- Up-to-date: /home/ubuntu/odrv_ws/install/turtlesim/share/ament_index/resource_index/parent_prefix_path/turtlesim
[6.555s] -- Up-to-date: /home/ubuntu/odrv_ws/install/turtlesim/share/turtlesim/environment/ament_prefix_path.sh
[6.557s] -- Up-to-date: /home/ubuntu/odrv_ws/install/turtlesim/share/turtlesim/environment/ament_prefix_path.dsv
[6.558s] -- Up-to-date: /home/ubuntu/odrv_ws/install/turtlesim/share/turtlesim/environment/path.sh
[6.558s] -- Up-to-date: /home/ubuntu/odrv_ws/install/turtlesim/share/turtlesim/environment/path.dsv
[6.559s] -- Up-to-date: /home/ubuntu/odrv_ws/install/turtlesim/share/turtlesim/local_setup.bash
[6.560s] -- Up-to-date: /home/ubuntu/odrv_ws/install/turtlesim/share/turtlesim/local_setup.sh
[6.560s] -- Up-to-date: /home/ubuntu/odrv_ws/install/turtlesim/share/turtlesim/local_setup.zsh
[6.561s] -- Up-to-date: /home/ubuntu/odrv_ws/install/turtlesim/share/turtlesim/local_setup.dsv
[6.561s] -- Installing: /home/ubuntu/odrv_ws/install/turtlesim/share/turtlesim/package.dsv
[6.562s] -- Up-to-date: /home/ubuntu/odrv_ws/install/turtlesim/share/ament_index/resource_index/packages/turtlesim
[6.569s] -- Up-to-date: /home/ubuntu/odrv_ws/install/turtlesim/share/turtlesim/cmake/turtlesim__rosidl_generator_cExport.cmake
[6.570s] -- Up-to-date: /home/ubuntu/odrv_ws/install/turtlesim/share/turtlesim/cmake/turtlesim__rosidl_generator_cExport-noconfig.cmake
[6.573s] -- Up-to-date: /home/ubuntu/odrv_ws/install/turtlesim/share/turtlesim/cmake/turtlesim__rosidl_typesupport_introspection_cExport.cmake
[6.574s] -- Up-to-date: /home/ubuntu/odrv_ws/install/turtlesim/share/turtlesim/cmake/turtlesim__rosidl_typesupport_introspection_cExport-noconfig.cmake
[6.578s] -- Up-to-date: /home/ubuntu/odrv_ws/install/turtlesim/share/turtlesim/cmake/turtlesim__rosidl_typesupport_cExport.cmake
[6.578s] -- Up-to-date: /home/ubuntu/odrv_ws/install/turtlesim/share/turtlesim/cmake/turtlesim__rosidl_typesupport_cExport-noconfig.cmake
[6.581s] -- Up-to-date: /home/ubuntu/odrv_ws/install/turtlesim/share/turtlesim/cmake/turtlesim__rosidl_generator_cppExport.cmake
[6.584s] -- Up-to-date: /home/ubuntu/odrv_ws/install/turtlesim/share/turtlesim/cmake/turtlesim__rosidl_typesupport_introspection_cppExport.cmake
[6.585s] -- Up-to-date: /home/ubuntu/odrv_ws/install/turtlesim/share/turtlesim/cmake/turtlesim__rosidl_typesupport_introspection_cppExport-noconfig.cmake
[6.589s] -- Up-to-date: /home/ubuntu/odrv_ws/install/turtlesim/share/turtlesim/cmake/turtlesim__rosidl_typesupport_cppExport.cmake
[6.591s] -- Up-to-date: /home/ubuntu/odrv_ws/install/turtlesim/share/turtlesim/cmake/turtlesim__rosidl_typesupport_cppExport-noconfig.cmake
[6.592s] -- Up-to-date: /home/ubuntu/odrv_ws/install/turtlesim/share/turtlesim/cmake/rosidl_cmake-extras.cmake
[6.594s] -- Up-to-date: /home/ubuntu/odrv_ws/install/turtlesim/share/turtlesim/cmake/ament_cmake_export_dependencies-extras.cmake
[6.595s] -- Up-to-date: /home/ubuntu/odrv_ws/install/turtlesim/share/turtlesim/cmake/ament_cmake_export_libraries-extras.cmake
[6.596s] -- Up-to-date: /home/ubuntu/odrv_ws/install/turtlesim/share/turtlesim/cmake/ament_cmake_export_targets-extras.cmake
[6.597s] -- Up-to-date: /home/ubuntu/odrv_ws/install/turtlesim/share/turtlesim/cmake/ament_cmake_export_include_directories-extras.cmake
[6.597s] -- Up-to-date: /home/ubuntu/odrv_ws/install/turtlesim/share/turtlesim/cmake/rosidl_cmake_export_typesupport_libraries-extras.cmake
[6.598s] -- Up-to-date: /home/ubuntu/odrv_ws/install/turtlesim/share/turtlesim/cmake/rosidl_cmake_export_typesupport_targets-extras.cmake
[6.599s] -- Up-to-date: /home/ubuntu/odrv_ws/install/turtlesim/share/turtlesim/cmake/turtlesimConfig.cmake
[6.601s] -- Up-to-date: /home/ubuntu/odrv_ws/install/turtlesim/share/turtlesim/cmake/turtlesimConfig-version.cmake
[6.602s] -- Up-to-date: /home/ubuntu/odrv_ws/install/turtlesim/share/turtlesim/package.xml
[6.613s] Invoked command in '/home/ubuntu/odrv_ws/build/turtlesim' returned '0': /usr/bin/cmake --install /home/ubuntu/odrv_ws/build/turtlesim
