[3.871s] Invoking command in '/home/ubuntu/odrv_ws/src/py_srvcli': PYTHONPATH=/home/ubuntu/odrv_ws/install/py_srvcli/lib/python3.8/site-packages:${PYTHONPATH} /usr/bin/python3 setup.py egg_info --egg-base ../../build/py_srvcli build --build-base /home/ubuntu/odrv_ws/build/py_srvcli/build install --prefix /home/ubuntu/odrv_ws/install/py_srvcli --record /home/ubuntu/odrv_ws/build/py_srvcli/install.log --single-version-externally-managed
[4.841s] running egg_info
[4.843s] creating ../../build/py_srvcli/py_srvcli.egg-info
[4.845s] writing ../../build/py_srvcli/py_srvcli.egg-info/PKG-INFO
[4.846s] writing dependency_links to ../../build/py_srvcli/py_srvcli.egg-info/dependency_links.txt
[4.846s] writing entry points to ../../build/py_srvcli/py_srvcli.egg-info/entry_points.txt
[4.848s] writing requirements to ../../build/py_srvcli/py_srvcli.egg-info/requires.txt
[4.848s] writing top-level names to ../../build/py_srvcli/py_srvcli.egg-info/top_level.txt
[4.853s] writing manifest file '../../build/py_srvcli/py_srvcli.egg-info/SOURCES.txt'
[4.987s] reading manifest file '../../build/py_srvcli/py_srvcli.egg-info/SOURCES.txt'
[4.996s] writing manifest file '../../build/py_srvcli/py_srvcli.egg-info/SOURCES.txt'
[4.997s] running build
[4.997s] running build_py
[4.999s] creating /home/ubuntu/odrv_ws/build/py_srvcli/build
[4.999s] creating /home/ubuntu/odrv_ws/build/py_srvcli/build/lib
[5.000s] creating /home/ubuntu/odrv_ws/build/py_srvcli/build/lib/py_srvcli
[5.000s] copying py_srvcli/client_member_function.py -> /home/ubuntu/odrv_ws/build/py_srvcli/build/lib/py_srvcli
[5.001s] copying py_srvcli/__init__.py -> /home/ubuntu/odrv_ws/build/py_srvcli/build/lib/py_srvcli
[5.001s] copying py_srvcli/sevice_member_function.py -> /home/ubuntu/odrv_ws/build/py_srvcli/build/lib/py_srvcli
[5.002s] running install
[5.005s] running install_lib
[5.008s] creating /home/ubuntu/odrv_ws/install/py_srvcli/lib/python3.8/site-packages/py_srvcli
[5.009s] copying /home/ubuntu/odrv_ws/build/py_srvcli/build/lib/py_srvcli/client_member_function.py -> /home/ubuntu/odrv_ws/install/py_srvcli/lib/python3.8/site-packages/py_srvcli
[5.009s] copying /home/ubuntu/odrv_ws/build/py_srvcli/build/lib/py_srvcli/__init__.py -> /home/ubuntu/odrv_ws/install/py_srvcli/lib/python3.8/site-packages/py_srvcli
[5.010s] copying /home/ubuntu/odrv_ws/build/py_srvcli/build/lib/py_srvcli/sevice_member_function.py -> /home/ubuntu/odrv_ws/install/py_srvcli/lib/python3.8/site-packages/py_srvcli
[5.012s] byte-compiling /home/ubuntu/odrv_ws/install/py_srvcli/lib/python3.8/site-packages/py_srvcli/client_member_function.py to client_member_function.cpython-38.pyc
[5.018s] byte-compiling /home/ubuntu/odrv_ws/install/py_srvcli/lib/python3.8/site-packages/py_srvcli/__init__.py to __init__.cpython-38.pyc
[5.019s] byte-compiling /home/ubuntu/odrv_ws/install/py_srvcli/lib/python3.8/site-packages/py_srvcli/sevice_member_function.py to sevice_member_function.cpython-38.pyc
[5.021s] running install_data
[5.023s] creating /home/ubuntu/odrv_ws/install/py_srvcli/share/ament_index
[5.024s] creating /home/ubuntu/odrv_ws/install/py_srvcli/share/ament_index/resource_index
[5.024s] creating /home/ubuntu/odrv_ws/install/py_srvcli/share/ament_index/resource_index/packages
[5.024s] copying resource/py_srvcli -> /home/ubuntu/odrv_ws/install/py_srvcli/share/ament_index/resource_index/packages
[5.025s] copying package.xml -> /home/ubuntu/odrv_ws/install/py_srvcli/share/py_srvcli
[5.025s] running install_egg_info
[5.031s] Copying ../../build/py_srvcli/py_srvcli.egg-info to /home/ubuntu/odrv_ws/install/py_srvcli/lib/python3.8/site-packages/py_srvcli-0.0.0-py3.8.egg-info
[5.037s] running install_scripts
[5.120s] Installing client script to /home/ubuntu/odrv_ws/install/py_srvcli/lib/py_srvcli
[5.121s] Installing service script to /home/ubuntu/odrv_ws/install/py_srvcli/lib/py_srvcli
[5.123s] writing list of installed files to '/home/ubuntu/odrv_ws/build/py_srvcli/install.log'
[5.237s] Invoked command in '/home/ubuntu/odrv_ws/src/py_srvcli' returned '0': PYTHONPATH=/home/ubuntu/odrv_ws/install/py_srvcli/lib/python3.8/site-packages:${PYTHONPATH} /usr/bin/python3 setup.py egg_info --egg-base ../../build/py_srvcli build --build-base /home/ubuntu/odrv_ws/build/py_srvcli/build install --prefix /home/ubuntu/odrv_ws/install/py_srvcli --record /home/ubuntu/odrv_ws/build/py_srvcli/install.log --single-version-externally-managed
