[2.086s] Invoking command in '/home/ubuntu/odrv_ws/build/turtlesim': /usr/bin/cmake --build /home/ubuntu/odrv_ws/build/turtlesim -- -j4 -l4
[2.576s] [  1%] Built target turtlesim__cpp
[2.639s] [ 11%] Built target turtlesim__rosidl_generator_c
[2.845s] [ 21%] Built target turtlesim__rosidl_typesupport_cpp
[2.852s] [ 31%] Built target turtlesim__rosidl_typesupport_introspection_cpp
[2.897s] [ 41%] Built target turtlesim__rosidl_typesupport_c
[2.909s] [ 51%] Built target turtlesim__rosidl_typesupport_fastrtps_cpp
[2.992s] [ 61%] Built target turtlesim__rosidl_typesupport_introspection_c
[3.068s] [ 71%] Built target turtlesim__rosidl_typesupport_fastrtps_c
[3.162s] [ 71%] Built target turtlesim
[3.365s] [ 72%] Built target turtlesim__py
[3.369s] [ 74%] Built target draw_square
[3.398s] [ 76%] Built target mimic
[3.447s] [ 78%] Built target turtle_teleop_key
[3.521s] [ 87%] Built target turtlesim__python
[3.666s] [ 93%] Built target turtlesim_node
[3.690s] [ 95%] Built target turtlesim__rosidl_typesupport_introspection_c__pyext
[3.712s] [ 97%] Built target turtlesim__rosidl_typesupport_fastrtps_c__pyext
[3.715s] [100%] Built target turtlesim__rosidl_typesupport_c__pyext
[3.843s] Invoked command in '/home/ubuntu/odrv_ws/build/turtlesim' returned '0': /usr/bin/cmake --build /home/ubuntu/odrv_ws/build/turtlesim -- -j4 -l4
[4.920s] Invoking command in '/home/ubuntu/odrv_ws/build/turtlesim': /usr/bin/cmake --install /home/ubuntu/odrv_ws/build/turtlesim
[4.959s] -- Install configuration: ""
[4.960s] -- Up-to-date: /home/ubuntu/odrv_ws/install/turtlesim/share/ament_index/resource_index/rosidl_interfaces/turtlesim
[4.961s] -- Up-to-date: /home/ubuntu/odrv_ws/install/turtlesim/include/turtlesim
[4.961s] -- Up-to-date: /home/ubuntu/odrv_ws/install/turtlesim/include/turtlesim/action
[4.962s] -- Up-to-date: /home/ubuntu/odrv_ws/install/turtlesim/include/turtlesim/action/detail
[4.963s] -- Up-to-date: /home/ubuntu/odrv_ws/install/turtlesim/include/turtlesim/action/detail/rotate_absolute__functions.c
[4.964s] -- Up-to-date: /home/ubuntu/odrv_ws/install/turtlesim/include/turtlesim/action/detail/rotate_absolute__functions.h
[4.964s] -- Up-to-date: /home/ubuntu/odrv_ws/install/turtlesim/include/turtlesim/action/detail/rotate_absolute__type_support.h
[4.965s] -- Up-to-date: /home/ubuntu/odrv_ws/install/turtlesim/include/turtlesim/action/detail/rotate_absolute__struct.h
[4.965s] -- Up-to-date: /home/ubuntu/odrv_ws/install/turtlesim/include/turtlesim/action/rotate_absolute.h
[4.966s] -- Up-to-date: /home/ubuntu/odrv_ws/install/turtlesim/include/turtlesim/msg
[4.968s] -- Up-to-date: /home/ubuntu/odrv_ws/install/turtlesim/include/turtlesim/msg/rosidl_generator_c__visibility_control.h
[4.969s] -- Up-to-date: /home/ubuntu/odrv_ws/install/turtlesim/include/turtlesim/msg/detail
[4.970s] -- Up-to-date: /home/ubuntu/odrv_ws/install/turtlesim/include/turtlesim/msg/detail/color__functions.h
[4.972s] -- Up-to-date: /home/ubuntu/odrv_ws/install/turtlesim/include/turtlesim/msg/detail/pose__functions.c
[4.973s] -- Up-to-date: /home/ubuntu/odrv_ws/install/turtlesim/include/turtlesim/msg/detail/color__type_support.h
[4.974s] -- Up-to-date: /home/ubuntu/odrv_ws/install/turtlesim/include/turtlesim/msg/detail/color__struct.h
[4.975s] -- Up-to-date: /home/ubuntu/odrv_ws/install/turtlesim/include/turtlesim/msg/detail/color__functions.c
[4.975s] -- Up-to-date: /home/ubuntu/odrv_ws/install/turtlesim/include/turtlesim/msg/detail/pose__struct.h
[4.976s] -- Up-to-date: /home/ubuntu/odrv_ws/install/turtlesim/include/turtlesim/msg/detail/pose__type_support.h
[4.977s] -- Up-to-date: /home/ubuntu/odrv_ws/install/turtlesim/include/turtlesim/msg/detail/pose__functions.h
[4.979s] -- Up-to-date: /home/ubuntu/odrv_ws/install/turtlesim/include/turtlesim/msg/color.h
[4.980s] -- Up-to-date: /home/ubuntu/odrv_ws/install/turtlesim/include/turtlesim/msg/pose.h
[4.981s] -- Up-to-date: /home/ubuntu/odrv_ws/install/turtlesim/include/turtlesim/srv
[4.982s] -- Up-to-date: /home/ubuntu/odrv_ws/install/turtlesim/include/turtlesim/srv/detail
[4.982s] -- Up-to-date: /home/ubuntu/odrv_ws/install/turtlesim/include/turtlesim/srv/detail/kill__struct.h
[4.983s] -- Up-to-date: /home/ubuntu/odrv_ws/install/turtlesim/include/turtlesim/srv/detail/teleport_absolute__functions.h
[4.983s] -- Up-to-date: /home/ubuntu/odrv_ws/install/turtlesim/include/turtlesim/srv/detail/set_pen__struct.h
[4.984s] -- Up-to-date: /home/ubuntu/odrv_ws/install/turtlesim/include/turtlesim/srv/detail/teleport_relative__type_support.h
[4.985s] -- Up-to-date: /home/ubuntu/odrv_ws/install/turtlesim/include/turtlesim/srv/detail/spawn__functions.c
[4.986s] -- Up-to-date: /home/ubuntu/odrv_ws/install/turtlesim/include/turtlesim/srv/detail/set_pen__functions.h
[4.987s] -- Up-to-date: /home/ubuntu/odrv_ws/install/turtlesim/include/turtlesim/srv/detail/teleport_relative__functions.h
[4.989s] -- Up-to-date: /home/ubuntu/odrv_ws/install/turtlesim/include/turtlesim/srv/detail/set_pen__type_support.h
[4.990s] -- Up-to-date: /home/ubuntu/odrv_ws/install/turtlesim/include/turtlesim/srv/detail/kill__functions.h
[4.991s] -- Up-to-date: /home/ubuntu/odrv_ws/install/turtlesim/include/turtlesim/srv/detail/teleport_relative__functions.c
[4.992s] -- Up-to-date: /home/ubuntu/odrv_ws/install/turtlesim/include/turtlesim/srv/detail/spawn__struct.h
[4.993s] -- Up-to-date: /home/ubuntu/odrv_ws/install/turtlesim/include/turtlesim/srv/detail/spawn__functions.h
[4.993s] -- Up-to-date: /home/ubuntu/odrv_ws/install/turtlesim/include/turtlesim/srv/detail/kill__type_support.h
[4.994s] -- Up-to-date: /home/ubuntu/odrv_ws/install/turtlesim/include/turtlesim/srv/detail/spawn__type_support.h
[4.995s] -- Up-to-date: /home/ubuntu/odrv_ws/install/turtlesim/include/turtlesim/srv/detail/teleport_relative__struct.h
[4.996s] -- Up-to-date: /home/ubuntu/odrv_ws/install/turtlesim/include/turtlesim/srv/detail/teleport_absolute__type_support.h
[4.997s] -- Up-to-date: /home/ubuntu/odrv_ws/install/turtlesim/include/turtlesim/srv/detail/kill__functions.c
[4.998s] -- Up-to-date: /home/ubuntu/odrv_ws/install/turtlesim/include/turtlesim/srv/detail/teleport_absolute__struct.h
[4.999s] -- Up-to-date: /home/ubuntu/odrv_ws/install/turtlesim/include/turtlesim/srv/detail/teleport_absolute__functions.c
[5.000s] -- Up-to-date: /home/ubuntu/odrv_ws/install/turtlesim/include/turtlesim/srv/detail/set_pen__functions.c
[5.002s] -- Up-to-date: /home/ubuntu/odrv_ws/install/turtlesim/include/turtlesim/srv/spawn.h
[5.002s] -- Up-to-date: /home/ubuntu/odrv_ws/install/turtlesim/include/turtlesim/srv/teleport_absolute.h
[5.004s] -- Up-to-date: /home/ubuntu/odrv_ws/install/turtlesim/include/turtlesim/srv/teleport_relative.h
[5.005s] -- Up-to-date: /home/ubuntu/odrv_ws/install/turtlesim/include/turtlesim/srv/set_pen.h
[5.007s] -- Up-to-date: /home/ubuntu/odrv_ws/install/turtlesim/include/turtlesim/srv/kill.h
[5.008s] -- Up-to-date: /home/ubuntu/odrv_ws/install/turtlesim/share/turtlesim/environment/library_path.sh
[5.010s] -- Up-to-date: /home/ubuntu/odrv_ws/install/turtlesim/share/turtlesim/environment/library_path.dsv
[5.013s] -- Up-to-date: /home/ubuntu/odrv_ws/install/turtlesim/lib/libturtlesim__rosidl_generator_c.so
[5.014s] -- Up-to-date: /home/ubuntu/odrv_ws/install/turtlesim/include/turtlesim
[5.015s] -- Up-to-date: /home/ubuntu/odrv_ws/install/turtlesim/include/turtlesim/action
[5.017s] -- Up-to-date: /home/ubuntu/odrv_ws/install/turtlesim/include/turtlesim/action/detail
[5.018s] -- Up-to-date: /home/ubuntu/odrv_ws/install/turtlesim/include/turtlesim/action/detail/rotate_absolute__rosidl_typesupport_fastrtps_c.h
[5.019s] -- Up-to-date: /home/ubuntu/odrv_ws/install/turtlesim/include/turtlesim/msg
[5.023s] -- Up-to-date: /home/ubuntu/odrv_ws/install/turtlesim/include/turtlesim/msg/detail
[5.026s] -- Up-to-date: /home/ubuntu/odrv_ws/install/turtlesim/include/turtlesim/msg/detail/pose__rosidl_typesupport_fastrtps_c.h
[5.027s] -- Up-to-date: /home/ubuntu/odrv_ws/install/turtlesim/include/turtlesim/msg/detail/color__rosidl_typesupport_fastrtps_c.h
[5.028s] -- Up-to-date: /home/ubuntu/odrv_ws/install/turtlesim/include/turtlesim/msg/rosidl_typesupport_fastrtps_c__visibility_control.h
[5.029s] -- Up-to-date: /home/ubuntu/odrv_ws/install/turtlesim/include/turtlesim/srv
[5.029s] -- Up-to-date: /home/ubuntu/odrv_ws/install/turtlesim/include/turtlesim/srv/detail
[5.030s] -- Up-to-date: /home/ubuntu/odrv_ws/install/turtlesim/include/turtlesim/srv/detail/spawn__rosidl_typesupport_fastrtps_c.h
[5.030s] -- Up-to-date: /home/ubuntu/odrv_ws/install/turtlesim/include/turtlesim/srv/detail/teleport_relative__rosidl_typesupport_fastrtps_c.h
[5.031s] -- Up-to-date: /home/ubuntu/odrv_ws/install/turtlesim/include/turtlesim/srv/detail/kill__rosidl_typesupport_fastrtps_c.h
[5.031s] -- Up-to-date: /home/ubuntu/odrv_ws/install/turtlesim/include/turtlesim/srv/detail/set_pen__rosidl_typesupport_fastrtps_c.h
[5.032s] -- Up-to-date: /home/ubuntu/odrv_ws/install/turtlesim/include/turtlesim/srv/detail/teleport_absolute__rosidl_typesupport_fastrtps_c.h
[5.032s] -- Up-to-date: /home/ubuntu/odrv_ws/install/turtlesim/lib/libturtlesim__rosidl_typesupport_fastrtps_c.so
[5.033s] -- Up-to-date: /home/ubuntu/odrv_ws/install/turtlesim/include/turtlesim
[5.033s] -- Up-to-date: /home/ubuntu/odrv_ws/install/turtlesim/include/turtlesim/action
[5.034s] -- Up-to-date: /home/ubuntu/odrv_ws/install/turtlesim/include/turtlesim/action/detail
[5.035s] -- Up-to-date: /home/ubuntu/odrv_ws/install/turtlesim/include/turtlesim/action/detail/dds_fastrtps
[5.036s] -- Up-to-date: /home/ubuntu/odrv_ws/install/turtlesim/include/turtlesim/action/detail/rotate_absolute__rosidl_typesupport_fastrtps_cpp.hpp
[5.037s] -- Up-to-date: /home/ubuntu/odrv_ws/install/turtlesim/include/turtlesim/msg
[5.038s] -- Up-to-date: /home/ubuntu/odrv_ws/install/turtlesim/include/turtlesim/msg/detail
[5.039s] -- Up-to-date: /home/ubuntu/odrv_ws/install/turtlesim/include/turtlesim/msg/detail/dds_fastrtps
[5.040s] -- Up-to-date: /home/ubuntu/odrv_ws/install/turtlesim/include/turtlesim/msg/detail/color__rosidl_typesupport_fastrtps_cpp.hpp
[5.040s] -- Up-to-date: /home/ubuntu/odrv_ws/install/turtlesim/include/turtlesim/msg/detail/pose__rosidl_typesupport_fastrtps_cpp.hpp
[5.041s] -- Up-to-date: /home/ubuntu/odrv_ws/install/turtlesim/include/turtlesim/msg/rosidl_typesupport_fastrtps_cpp__visibility_control.h
[5.041s] -- Up-to-date: /home/ubuntu/odrv_ws/install/turtlesim/include/turtlesim/srv
[5.054s] -- Up-to-date: /home/ubuntu/odrv_ws/install/turtlesim/include/turtlesim/srv/detail
[5.056s] -- Up-to-date: /home/ubuntu/odrv_ws/install/turtlesim/include/turtlesim/srv/detail/kill__rosidl_typesupport_fastrtps_cpp.hpp
[5.057s] -- Up-to-date: /home/ubuntu/odrv_ws/install/turtlesim/include/turtlesim/srv/detail/spawn__rosidl_typesupport_fastrtps_cpp.hpp
[5.057s] -- Up-to-date: /home/ubuntu/odrv_ws/install/turtlesim/include/turtlesim/srv/detail/dds_fastrtps
[5.058s] -- Up-to-date: /home/ubuntu/odrv_ws/install/turtlesim/include/turtlesim/srv/detail/set_pen__rosidl_typesupport_fastrtps_cpp.hpp
[5.059s] -- Up-to-date: /home/ubuntu/odrv_ws/install/turtlesim/include/turtlesim/srv/detail/teleport_absolute__rosidl_typesupport_fastrtps_cpp.hpp
[5.059s] -- Up-to-date: /home/ubuntu/odrv_ws/install/turtlesim/include/turtlesim/srv/detail/teleport_relative__rosidl_typesupport_fastrtps_cpp.hpp
[5.060s] -- Up-to-date: /home/ubuntu/odrv_ws/install/turtlesim/lib/libturtlesim__rosidl_typesupport_fastrtps_cpp.so
[5.060s] -- Up-to-date: /home/ubuntu/odrv_ws/install/turtlesim/include/turtlesim
[5.061s] -- Up-to-date: /home/ubuntu/odrv_ws/install/turtlesim/include/turtlesim/action
[5.061s] -- Up-to-date: /home/ubuntu/odrv_ws/install/turtlesim/include/turtlesim/action/detail
[5.062s] -- Up-to-date: /home/ubuntu/odrv_ws/install/turtlesim/include/turtlesim/action/detail/rotate_absolute__type_support.c
[5.063s] -- Up-to-date: /home/ubuntu/odrv_ws/install/turtlesim/include/turtlesim/action/detail/rotate_absolute__rosidl_typesupport_introspection_c.h
[5.063s] -- Up-to-date: /home/ubuntu/odrv_ws/install/turtlesim/include/turtlesim/msg
[5.064s] -- Up-to-date: /home/ubuntu/odrv_ws/install/turtlesim/include/turtlesim/msg/rosidl_typesupport_introspection_c__visibility_control.h
[5.065s] -- Up-to-date: /home/ubuntu/odrv_ws/install/turtlesim/include/turtlesim/msg/detail
[5.065s] -- Up-to-date: /home/ubuntu/odrv_ws/install/turtlesim/include/turtlesim/msg/detail/pose__type_support.c
[5.066s] -- Up-to-date: /home/ubuntu/odrv_ws/install/turtlesim/include/turtlesim/msg/detail/color__rosidl_typesupport_introspection_c.h
[5.067s] -- Up-to-date: /home/ubuntu/odrv_ws/install/turtlesim/include/turtlesim/msg/detail/color__type_support.c
[5.067s] -- Up-to-date: /home/ubuntu/odrv_ws/install/turtlesim/include/turtlesim/msg/detail/pose__rosidl_typesupport_introspection_c.h
[5.068s] -- Up-to-date: /home/ubuntu/odrv_ws/install/turtlesim/include/turtlesim/srv
[5.069s] -- Up-to-date: /home/ubuntu/odrv_ws/install/turtlesim/include/turtlesim/srv/detail
[5.070s] -- Up-to-date: /home/ubuntu/odrv_ws/install/turtlesim/include/turtlesim/srv/detail/teleport_absolute__type_support.c
[5.071s] -- Up-to-date: /home/ubuntu/odrv_ws/install/turtlesim/include/turtlesim/srv/detail/kill__rosidl_typesupport_introspection_c.h
[5.071s] -- Up-to-date: /home/ubuntu/odrv_ws/install/turtlesim/include/turtlesim/srv/detail/teleport_absolute__rosidl_typesupport_introspection_c.h
[5.072s] -- Up-to-date: /home/ubuntu/odrv_ws/install/turtlesim/include/turtlesim/srv/detail/set_pen__type_support.c
[5.073s] -- Up-to-date: /home/ubuntu/odrv_ws/install/turtlesim/include/turtlesim/srv/detail/spawn__type_support.c
[5.074s] -- Up-to-date: /home/ubuntu/odrv_ws/install/turtlesim/include/turtlesim/srv/detail/teleport_relative__type_support.c
[5.075s] -- Up-to-date: /home/ubuntu/odrv_ws/install/turtlesim/include/turtlesim/srv/detail/kill__type_support.c
[5.076s] -- Up-to-date: /home/ubuntu/odrv_ws/install/turtlesim/include/turtlesim/srv/detail/teleport_relative__rosidl_typesupport_introspection_c.h
[5.076s] -- Up-to-date: /home/ubuntu/odrv_ws/install/turtlesim/include/turtlesim/srv/detail/spawn__rosidl_typesupport_introspection_c.h
[5.077s] -- Up-to-date: /home/ubuntu/odrv_ws/install/turtlesim/include/turtlesim/srv/detail/set_pen__rosidl_typesupport_introspection_c.h
[5.078s] -- Up-to-date: /home/ubuntu/odrv_ws/install/turtlesim/lib/libturtlesim__rosidl_typesupport_introspection_c.so
[5.079s] -- Up-to-date: /home/ubuntu/odrv_ws/install/turtlesim/lib/libturtlesim__rosidl_typesupport_c.so
[5.079s] -- Up-to-date: /home/ubuntu/odrv_ws/install/turtlesim/include/turtlesim
[5.080s] -- Up-to-date: /home/ubuntu/odrv_ws/install/turtlesim/include/turtlesim/action
[5.081s] -- Up-to-date: /home/ubuntu/odrv_ws/install/turtlesim/include/turtlesim/action/detail
[5.081s] -- Up-to-date: /home/ubuntu/odrv_ws/install/turtlesim/include/turtlesim/action/detail/rotate_absolute__traits.hpp
[5.082s] -- Up-to-date: /home/ubuntu/odrv_ws/install/turtlesim/include/turtlesim/action/detail/rotate_absolute__builder.hpp
[5.083s] -- Up-to-date: /home/ubuntu/odrv_ws/install/turtlesim/include/turtlesim/action/detail/rotate_absolute__struct.hpp
[5.084s] -- Up-to-date: /home/ubuntu/odrv_ws/install/turtlesim/include/turtlesim/action/rotate_absolute.hpp
[5.084s] -- Up-to-date: /home/ubuntu/odrv_ws/install/turtlesim/include/turtlesim/msg
[5.085s] -- Up-to-date: /home/ubuntu/odrv_ws/install/turtlesim/include/turtlesim/msg/color.hpp
[5.086s] -- Up-to-date: /home/ubuntu/odrv_ws/install/turtlesim/include/turtlesim/msg/detail
[5.086s] -- Up-to-date: /home/ubuntu/odrv_ws/install/turtlesim/include/turtlesim/msg/detail/color__struct.hpp
[5.087s] -- Up-to-date: /home/ubuntu/odrv_ws/install/turtlesim/include/turtlesim/msg/detail/pose__struct.hpp
[5.087s] -- Up-to-date: /home/ubuntu/odrv_ws/install/turtlesim/include/turtlesim/msg/detail/color__builder.hpp
[5.088s] -- Up-to-date: /home/ubuntu/odrv_ws/install/turtlesim/include/turtlesim/msg/detail/pose__traits.hpp
[5.088s] -- Up-to-date: /home/ubuntu/odrv_ws/install/turtlesim/include/turtlesim/msg/detail/color__traits.hpp
[5.089s] -- Up-to-date: /home/ubuntu/odrv_ws/install/turtlesim/include/turtlesim/msg/detail/pose__builder.hpp
[5.090s] -- Up-to-date: /home/ubuntu/odrv_ws/install/turtlesim/include/turtlesim/msg/pose.hpp
[5.090s] -- Up-to-date: /home/ubuntu/odrv_ws/install/turtlesim/include/turtlesim/srv
[5.091s] -- Up-to-date: /home/ubuntu/odrv_ws/install/turtlesim/include/turtlesim/srv/set_pen.hpp
[5.092s] -- Up-to-date: /home/ubuntu/odrv_ws/install/turtlesim/include/turtlesim/srv/detail
[5.093s] -- Up-to-date: /home/ubuntu/odrv_ws/install/turtlesim/include/turtlesim/srv/detail/set_pen__builder.hpp
[5.094s] -- Up-to-date: /home/ubuntu/odrv_ws/install/turtlesim/include/turtlesim/srv/detail/teleport_relative__builder.hpp
[5.095s] -- Up-to-date: /home/ubuntu/odrv_ws/install/turtlesim/include/turtlesim/srv/detail/teleport_absolute__builder.hpp
[5.095s] -- Up-to-date: /home/ubuntu/odrv_ws/install/turtlesim/include/turtlesim/srv/detail/teleport_relative__traits.hpp
[5.096s] -- Up-to-date: /home/ubuntu/odrv_ws/install/turtlesim/include/turtlesim/srv/detail/kill__builder.hpp
[5.097s] -- Up-to-date: /home/ubuntu/odrv_ws/install/turtlesim/include/turtlesim/srv/detail/set_pen__struct.hpp
[5.098s] -- Up-to-date: /home/ubuntu/odrv_ws/install/turtlesim/include/turtlesim/srv/detail/spawn__builder.hpp
[5.098s] -- Up-to-date: /home/ubuntu/odrv_ws/install/turtlesim/include/turtlesim/srv/detail/kill__traits.hpp
[5.099s] -- Up-to-date: /home/ubuntu/odrv_ws/install/turtlesim/include/turtlesim/srv/detail/teleport_absolute__struct.hpp
[5.100s] -- Up-to-date: /home/ubuntu/odrv_ws/install/turtlesim/include/turtlesim/srv/detail/spawn__traits.hpp
[5.100s] -- Up-to-date: /home/ubuntu/odrv_ws/install/turtlesim/include/turtlesim/srv/detail/kill__struct.hpp
[5.101s] -- Up-to-date: /home/ubuntu/odrv_ws/install/turtlesim/include/turtlesim/srv/detail/set_pen__traits.hpp
[5.102s] -- Up-to-date: /home/ubuntu/odrv_ws/install/turtlesim/include/turtlesim/srv/detail/teleport_relative__struct.hpp
[5.103s] -- Up-to-date: /home/ubuntu/odrv_ws/install/turtlesim/include/turtlesim/srv/detail/teleport_absolute__traits.hpp
[5.103s] -- Up-to-date: /home/ubuntu/odrv_ws/install/turtlesim/include/turtlesim/srv/detail/spawn__struct.hpp
[5.104s] -- Up-to-date: /home/ubuntu/odrv_ws/install/turtlesim/include/turtlesim/srv/spawn.hpp
[5.105s] -- Up-to-date: /home/ubuntu/odrv_ws/install/turtlesim/include/turtlesim/srv/teleport_relative.hpp
[5.105s] -- Up-to-date: /home/ubuntu/odrv_ws/install/turtlesim/include/turtlesim/srv/kill.hpp
[5.106s] -- Up-to-date: /home/ubuntu/odrv_ws/install/turtlesim/include/turtlesim/srv/teleport_absolute.hpp
[5.107s] -- Up-to-date: /home/ubuntu/odrv_ws/install/turtlesim/include/turtlesim
[5.108s] -- Up-to-date: /home/ubuntu/odrv_ws/install/turtlesim/include/turtlesim/action
[5.108s] -- Up-to-date: /home/ubuntu/odrv_ws/install/turtlesim/include/turtlesim/action/detail
[5.110s] -- Up-to-date: /home/ubuntu/odrv_ws/install/turtlesim/include/turtlesim/action/detail/rotate_absolute__type_support.cpp
[5.111s] -- Up-to-date: /home/ubuntu/odrv_ws/install/turtlesim/include/turtlesim/action/detail/rotate_absolute__rosidl_typesupport_introspection_cpp.hpp
[5.113s] -- Up-to-date: /home/ubuntu/odrv_ws/install/turtlesim/include/turtlesim/msg
[5.113s] -- Up-to-date: /home/ubuntu/odrv_ws/install/turtlesim/include/turtlesim/msg/detail
[5.114s] -- Up-to-date: /home/ubuntu/odrv_ws/install/turtlesim/include/turtlesim/msg/detail/pose__type_support.cpp
[5.115s] -- Up-to-date: /home/ubuntu/odrv_ws/install/turtlesim/include/turtlesim/msg/detail/color__type_support.cpp
[5.116s] -- Up-to-date: /home/ubuntu/odrv_ws/install/turtlesim/include/turtlesim/msg/detail/color__rosidl_typesupport_introspection_cpp.hpp
[5.116s] -- Up-to-date: /home/ubuntu/odrv_ws/install/turtlesim/include/turtlesim/msg/detail/pose__rosidl_typesupport_introspection_cpp.hpp
[5.117s] -- Up-to-date: /home/ubuntu/odrv_ws/install/turtlesim/include/turtlesim/srv
[5.118s] -- Up-to-date: /home/ubuntu/odrv_ws/install/turtlesim/include/turtlesim/srv/detail
[5.119s] -- Up-to-date: /home/ubuntu/odrv_ws/install/turtlesim/include/turtlesim/srv/detail/spawn__rosidl_typesupport_introspection_cpp.hpp
[5.119s] -- Up-to-date: /home/ubuntu/odrv_ws/install/turtlesim/include/turtlesim/srv/detail/teleport_relative__type_support.cpp
[5.120s] -- Up-to-date: /home/ubuntu/odrv_ws/install/turtlesim/include/turtlesim/srv/detail/kill__type_support.cpp
[5.120s] -- Up-to-date: /home/ubuntu/odrv_ws/install/turtlesim/include/turtlesim/srv/detail/set_pen__type_support.cpp
[5.121s] -- Up-to-date: /home/ubuntu/odrv_ws/install/turtlesim/include/turtlesim/srv/detail/spawn__type_support.cpp
[5.121s] -- Up-to-date: /home/ubuntu/odrv_ws/install/turtlesim/include/turtlesim/srv/detail/kill__rosidl_typesupport_introspection_cpp.hpp
[5.122s] -- Up-to-date: /home/ubuntu/odrv_ws/install/turtlesim/include/turtlesim/srv/detail/set_pen__rosidl_typesupport_introspection_cpp.hpp
[5.123s] -- Up-to-date: /home/ubuntu/odrv_ws/install/turtlesim/include/turtlesim/srv/detail/teleport_relative__rosidl_typesupport_introspection_cpp.hpp
[5.123s] -- Up-to-date: /home/ubuntu/odrv_ws/install/turtlesim/include/turtlesim/srv/detail/teleport_absolute__type_support.cpp
[5.124s] -- Up-to-date: /home/ubuntu/odrv_ws/install/turtlesim/include/turtlesim/srv/detail/teleport_absolute__rosidl_typesupport_introspection_cpp.hpp
[5.126s] -- Up-to-date: /home/ubuntu/odrv_ws/install/turtlesim/lib/libturtlesim__rosidl_typesupport_introspection_cpp.so
[5.127s] -- Up-to-date: /home/ubuntu/odrv_ws/install/turtlesim/lib/libturtlesim__rosidl_typesupport_cpp.so
[5.127s] -- Up-to-date: /home/ubuntu/odrv_ws/install/turtlesim/share/turtlesim/environment/pythonpath.sh
[5.128s] -- Up-to-date: /home/ubuntu/odrv_ws/install/turtlesim/share/turtlesim/environment/pythonpath.dsv
[5.129s] -- Up-to-date: /home/ubuntu/odrv_ws/install/turtlesim/lib/python3.8/site-packages/turtlesim/__init__.py
[5.218s] -- Up-to-date: /home/ubuntu/odrv_ws/install/turtlesim/lib/python3.8/site-packages/turtlesim/action
[5.220s] -- Up-to-date: /home/ubuntu/odrv_ws/install/turtlesim/lib/python3.8/site-packages/turtlesim/action/__init__.py
[5.221s] -- Up-to-date: /home/ubuntu/odrv_ws/install/turtlesim/lib/python3.8/site-packages/turtlesim/action/_rotate_absolute.py
[5.222s] -- Up-to-date: /home/ubuntu/odrv_ws/install/turtlesim/lib/python3.8/site-packages/turtlesim/action/_rotate_absolute_s.c
[5.223s] -- Up-to-date: /home/ubuntu/odrv_ws/install/turtlesim/lib/python3.8/site-packages/turtlesim/msg
[5.224s] -- Up-to-date: /home/ubuntu/odrv_ws/install/turtlesim/lib/python3.8/site-packages/turtlesim/msg/_pose.py
[5.226s] -- Up-to-date: /home/ubuntu/odrv_ws/install/turtlesim/lib/python3.8/site-packages/turtlesim/msg/_color_s.c
[5.227s] -- Up-to-date: /home/ubuntu/odrv_ws/install/turtlesim/lib/python3.8/site-packages/turtlesim/msg/__init__.py
[5.228s] -- Up-to-date: /home/ubuntu/odrv_ws/install/turtlesim/lib/python3.8/site-packages/turtlesim/msg/_color.py
[5.229s] -- Up-to-date: /home/ubuntu/odrv_ws/install/turtlesim/lib/python3.8/site-packages/turtlesim/msg/_pose_s.c
[5.230s] -- Up-to-date: /home/ubuntu/odrv_ws/install/turtlesim/lib/python3.8/site-packages/turtlesim/srv
[5.231s] -- Up-to-date: /home/ubuntu/odrv_ws/install/turtlesim/lib/python3.8/site-packages/turtlesim/srv/_spawn.py
[5.231s] -- Up-to-date: /home/ubuntu/odrv_ws/install/turtlesim/lib/python3.8/site-packages/turtlesim/srv/_teleport_absolute.py
[5.233s] -- Up-to-date: /home/ubuntu/odrv_ws/install/turtlesim/lib/python3.8/site-packages/turtlesim/srv/_teleport_relative_s.c
[5.233s] -- Up-to-date: /home/ubuntu/odrv_ws/install/turtlesim/lib/python3.8/site-packages/turtlesim/srv/__init__.py
[5.234s] -- Up-to-date: /home/ubuntu/odrv_ws/install/turtlesim/lib/python3.8/site-packages/turtlesim/srv/_spawn_s.c
[5.234s] -- Up-to-date: /home/ubuntu/odrv_ws/install/turtlesim/lib/python3.8/site-packages/turtlesim/srv/_set_pen_s.c
[5.235s] -- Up-to-date: /home/ubuntu/odrv_ws/install/turtlesim/lib/python3.8/site-packages/turtlesim/srv/_kill_s.c
[5.235s] -- Up-to-date: /home/ubuntu/odrv_ws/install/turtlesim/lib/python3.8/site-packages/turtlesim/srv/_teleport_relative.py
[5.236s] -- Up-to-date: /home/ubuntu/odrv_ws/install/turtlesim/lib/python3.8/site-packages/turtlesim/srv/_set_pen.py
[5.237s] -- Up-to-date: /home/ubuntu/odrv_ws/install/turtlesim/lib/python3.8/site-packages/turtlesim/srv/_kill.py
[5.237s] -- Up-to-date: /home/ubuntu/odrv_ws/install/turtlesim/lib/python3.8/site-packages/turtlesim/srv/_teleport_absolute_s.c
[5.238s] -- Up-to-date: /home/ubuntu/odrv_ws/install/turtlesim/lib/python3.8/site-packages/turtlesim/turtlesim_s__rosidl_typesupport_fastrtps_c.cpython-38-aarch64-linux-gnu.so
[5.238s] -- Up-to-date: /home/ubuntu/odrv_ws/install/turtlesim/lib/python3.8/site-packages/turtlesim/turtlesim_s__rosidl_typesupport_introspection_c.cpython-38-aarch64-linux-gnu.so
[5.240s] -- Up-to-date: /home/ubuntu/odrv_ws/install/turtlesim/lib/python3.8/site-packages/turtlesim/turtlesim_s__rosidl_typesupport_c.cpython-38-aarch64-linux-gnu.so
[5.243s] -- Up-to-date: /home/ubuntu/odrv_ws/install/turtlesim/lib/libturtlesim__python.so
[5.245s] -- Up-to-date: /home/ubuntu/odrv_ws/install/turtlesim/share/turtlesim/action/RotateAbsolute.idl
[5.246s] -- Up-to-date: /home/ubuntu/odrv_ws/install/turtlesim/share/turtlesim/msg/Color.idl
[5.247s] -- Up-to-date: /home/ubuntu/odrv_ws/install/turtlesim/share/turtlesim/msg/Pose.idl
[5.248s] -- Up-to-date: /home/ubuntu/odrv_ws/install/turtlesim/share/turtlesim/srv/Kill.idl
[5.250s] -- Up-to-date: /home/ubuntu/odrv_ws/install/turtlesim/share/turtlesim/srv/SetPen.idl
[5.251s] -- Up-to-date: /home/ubuntu/odrv_ws/install/turtlesim/share/turtlesim/srv/Spawn.idl
[5.253s] -- Up-to-date: /home/ubuntu/odrv_ws/install/turtlesim/share/turtlesim/srv/TeleportAbsolute.idl
[5.254s] -- Up-to-date: /home/ubuntu/odrv_ws/install/turtlesim/share/turtlesim/srv/TeleportRelative.idl
[5.255s] -- Up-to-date: /home/ubuntu/odrv_ws/install/turtlesim/share/turtlesim/action/RotateAbsolute.action
[5.258s] -- Up-to-date: /home/ubuntu/odrv_ws/install/turtlesim/share/turtlesim/msg/Color.msg
[5.260s] -- Up-to-date: /home/ubuntu/odrv_ws/install/turtlesim/share/turtlesim/msg/Pose.msg
[5.261s] -- Up-to-date: /home/ubuntu/odrv_ws/install/turtlesim/share/turtlesim/srv/Kill.srv
[5.261s] -- Up-to-date: /home/ubuntu/odrv_ws/install/turtlesim/share/turtlesim/srv/Kill_Request.msg
[5.262s] -- Up-to-date: /home/ubuntu/odrv_ws/install/turtlesim/share/turtlesim/srv/Kill_Response.msg
[5.263s] -- Up-to-date: /home/ubuntu/odrv_ws/install/turtlesim/share/turtlesim/srv/SetPen.srv
[5.263s] -- Up-to-date: /home/ubuntu/odrv_ws/install/turtlesim/share/turtlesim/srv/SetPen_Request.msg
[5.264s] -- Up-to-date: /home/ubuntu/odrv_ws/install/turtlesim/share/turtlesim/srv/SetPen_Response.msg
[5.265s] -- Up-to-date: /home/ubuntu/odrv_ws/install/turtlesim/share/turtlesim/srv/Spawn.srv
[5.265s] -- Up-to-date: /home/ubuntu/odrv_ws/install/turtlesim/share/turtlesim/srv/Spawn_Request.msg
[5.266s] -- Up-to-date: /home/ubuntu/odrv_ws/install/turtlesim/share/turtlesim/srv/Spawn_Response.msg
[5.266s] -- Up-to-date: /home/ubuntu/odrv_ws/install/turtlesim/share/turtlesim/srv/TeleportAbsolute.srv
[5.267s] -- Up-to-date: /home/ubuntu/odrv_ws/install/turtlesim/share/turtlesim/srv/TeleportAbsolute_Request.msg
[5.268s] -- Up-to-date: /home/ubuntu/odrv_ws/install/turtlesim/share/turtlesim/srv/TeleportAbsolute_Response.msg
[5.268s] -- Up-to-date: /home/ubuntu/odrv_ws/install/turtlesim/share/turtlesim/srv/TeleportRelative.srv
[5.269s] -- Up-to-date: /home/ubuntu/odrv_ws/install/turtlesim/share/turtlesim/srv/TeleportRelative_Request.msg
[5.269s] -- Up-to-date: /home/ubuntu/odrv_ws/install/turtlesim/share/turtlesim/srv/TeleportRelative_Response.msg
[5.270s] -- Up-to-date: /home/ubuntu/odrv_ws/install/turtlesim/lib/turtlesim/turtlesim_node
[5.270s] -- Up-to-date: /home/ubuntu/odrv_ws/install/turtlesim/lib/turtlesim/turtle_teleop_key
[5.272s] -- Up-to-date: /home/ubuntu/odrv_ws/install/turtlesim/lib/turtlesim/draw_square
[5.275s] -- Up-to-date: /home/ubuntu/odrv_ws/install/turtlesim/lib/turtlesim/mimic
[5.275s] -- Up-to-date: /home/ubuntu/odrv_ws/install/turtlesim/share/turtlesim/images
[5.276s] -- Up-to-date: /home/ubuntu/odrv_ws/install/turtlesim/share/turtlesim/images/dashing.png
[5.277s] -- Up-to-date: /home/ubuntu/odrv_ws/install/turtlesim/share/turtlesim/images/crystal.png
[5.279s] -- Up-to-date: /home/ubuntu/odrv_ws/install/turtlesim/share/turtlesim/images/eloquent.png
[5.280s] -- Up-to-date: /home/ubuntu/odrv_ws/install/turtlesim/share/turtlesim/images/foxy.png
[5.281s] -- Up-to-date: /home/ubuntu/odrv_ws/install/turtlesim/share/turtlesim/images/ardent.png
[5.282s] -- Up-to-date: /home/ubuntu/odrv_ws/install/turtlesim/share/turtlesim/images/bouncy.png
[5.282s] -- Up-to-date: /home/ubuntu/odrv_ws/install/turtlesim/share/turtlesim/launch
[5.283s] -- Up-to-date: /home/ubuntu/odrv_ws/install/turtlesim/share/turtlesim/launch/multisim.launch.py
[5.284s] -- Up-to-date: /home/ubuntu/odrv_ws/install/turtlesim/share/ament_index/resource_index/package_run_dependencies/turtlesim
[5.285s] -- Up-to-date: /home/ubuntu/odrv_ws/install/turtlesim/share/ament_index/resource_index/parent_prefix_path/turtlesim
[5.285s] -- Up-to-date: /home/ubuntu/odrv_ws/install/turtlesim/share/turtlesim/environment/ament_prefix_path.sh
[5.286s] -- Up-to-date: /home/ubuntu/odrv_ws/install/turtlesim/share/turtlesim/environment/ament_prefix_path.dsv
[5.287s] -- Up-to-date: /home/ubuntu/odrv_ws/install/turtlesim/share/turtlesim/environment/path.sh
[5.288s] -- Up-to-date: /home/ubuntu/odrv_ws/install/turtlesim/share/turtlesim/environment/path.dsv
[5.289s] -- Up-to-date: /home/ubuntu/odrv_ws/install/turtlesim/share/turtlesim/local_setup.bash
[5.290s] -- Up-to-date: /home/ubuntu/odrv_ws/install/turtlesim/share/turtlesim/local_setup.sh
[5.291s] -- Up-to-date: /home/ubuntu/odrv_ws/install/turtlesim/share/turtlesim/local_setup.zsh
[5.292s] -- Up-to-date: /home/ubuntu/odrv_ws/install/turtlesim/share/turtlesim/local_setup.dsv
[5.293s] -- Installing: /home/ubuntu/odrv_ws/install/turtlesim/share/turtlesim/package.dsv
[5.294s] -- Up-to-date: /home/ubuntu/odrv_ws/install/turtlesim/share/ament_index/resource_index/packages/turtlesim
[5.295s] -- Up-to-date: /home/ubuntu/odrv_ws/install/turtlesim/share/turtlesim/cmake/turtlesim__rosidl_generator_cExport.cmake
[5.296s] -- Up-to-date: /home/ubuntu/odrv_ws/install/turtlesim/share/turtlesim/cmake/turtlesim__rosidl_generator_cExport-noconfig.cmake
[5.297s] -- Up-to-date: /home/ubuntu/odrv_ws/install/turtlesim/share/turtlesim/cmake/turtlesim__rosidl_typesupport_introspection_cExport.cmake
[5.298s] -- Up-to-date: /home/ubuntu/odrv_ws/install/turtlesim/share/turtlesim/cmake/turtlesim__rosidl_typesupport_introspection_cExport-noconfig.cmake
[5.299s] -- Up-to-date: /home/ubuntu/odrv_ws/install/turtlesim/share/turtlesim/cmake/turtlesim__rosidl_typesupport_cExport.cmake
[5.301s] -- Up-to-date: /home/ubuntu/odrv_ws/install/turtlesim/share/turtlesim/cmake/turtlesim__rosidl_typesupport_cExport-noconfig.cmake
[5.302s] -- Up-to-date: /home/ubuntu/odrv_ws/install/turtlesim/share/turtlesim/cmake/turtlesim__rosidl_generator_cppExport.cmake
[5.303s] -- Up-to-date: /home/ubuntu/odrv_ws/install/turtlesim/share/turtlesim/cmake/turtlesim__rosidl_typesupport_introspection_cppExport.cmake
[5.304s] -- Up-to-date: /home/ubuntu/odrv_ws/install/turtlesim/share/turtlesim/cmake/turtlesim__rosidl_typesupport_introspection_cppExport-noconfig.cmake
[5.305s] -- Up-to-date: /home/ubuntu/odrv_ws/install/turtlesim/share/turtlesim/cmake/turtlesim__rosidl_typesupport_cppExport.cmake
[5.307s] -- Up-to-date: /home/ubuntu/odrv_ws/install/turtlesim/share/turtlesim/cmake/turtlesim__rosidl_typesupport_cppExport-noconfig.cmake
[5.310s] -- Up-to-date: /home/ubuntu/odrv_ws/install/turtlesim/share/turtlesim/cmake/rosidl_cmake-extras.cmake
[5.317s] -- Up-to-date: /home/ubuntu/odrv_ws/install/turtlesim/share/turtlesim/cmake/ament_cmake_export_dependencies-extras.cmake
[5.318s] -- Up-to-date: /home/ubuntu/odrv_ws/install/turtlesim/share/turtlesim/cmake/ament_cmake_export_libraries-extras.cmake
[5.318s] -- Up-to-date: /home/ubuntu/odrv_ws/install/turtlesim/share/turtlesim/cmake/ament_cmake_export_targets-extras.cmake
[5.319s] -- Up-to-date: /home/ubuntu/odrv_ws/install/turtlesim/share/turtlesim/cmake/ament_cmake_export_include_directories-extras.cmake
[5.320s] -- Up-to-date: /home/ubuntu/odrv_ws/install/turtlesim/share/turtlesim/cmake/rosidl_cmake_export_typesupport_libraries-extras.cmake
[5.321s] -- Up-to-date: /home/ubuntu/odrv_ws/install/turtlesim/share/turtlesim/cmake/rosidl_cmake_export_typesupport_targets-extras.cmake
[5.322s] -- Up-to-date: /home/ubuntu/odrv_ws/install/turtlesim/share/turtlesim/cmake/turtlesimConfig.cmake
[5.323s] -- Up-to-date: /home/ubuntu/odrv_ws/install/turtlesim/share/turtlesim/cmake/turtlesimConfig-version.cmake
[5.323s] -- Up-to-date: /home/ubuntu/odrv_ws/install/turtlesim/share/turtlesim/package.xml
[5.324s] Invoked command in '/home/ubuntu/odrv_ws/build/turtlesim' returned '0': /usr/bin/cmake --install /home/ubuntu/odrv_ws/build/turtlesim
