[2.994s] Invoking command in '/home/ubuntu/odrv_ws/src/srvcli': PYTHONPATH=/home/ubuntu/odrv_ws/install/srvcli/lib/python3.8/site-packages:${PYTHONPATH} /usr/bin/python3 setup.py egg_info --egg-base ../../build/srvcli build --build-base /home/ubuntu/odrv_ws/build/srvcli/build install --prefix /home/ubuntu/odrv_ws/install/srvcli --record /home/ubuntu/odrv_ws/build/srvcli/install.log --single-version-externally-managed
[3.995s] running egg_info
[3.997s] writing ../../build/srvcli/srvcli.egg-info/PKG-INFO
[3.998s] writing dependency_links to ../../build/srvcli/srvcli.egg-info/dependency_links.txt
[3.999s] writing entry points to ../../build/srvcli/srvcli.egg-info/entry_points.txt
[4.000s] writing requirements to ../../build/srvcli/srvcli.egg-info/requires.txt
[4.000s] writing top-level names to ../../build/srvcli/srvcli.egg-info/top_level.txt
[4.132s] reading manifest file '../../build/srvcli/srvcli.egg-info/SOURCES.txt'
[4.135s] writing manifest file '../../build/srvcli/srvcli.egg-info/SOURCES.txt'
[4.136s] running build
[4.136s] running build_py
[4.138s] running install
[4.141s] running install_lib
[4.147s] running install_data
[4.149s] copying package.xml -> /home/ubuntu/odrv_ws/install/srvcli/share/srvcli
[4.149s] running install_egg_info
[4.156s] removing '/home/ubuntu/odrv_ws/install/srvcli/lib/python3.8/site-packages/srvcli-0.0.0-py3.8.egg-info' (and everything under it)
[4.157s] Copying ../../build/srvcli/srvcli.egg-info to /home/ubuntu/odrv_ws/install/srvcli/lib/python3.8/site-packages/srvcli-0.0.0-py3.8.egg-info
[4.161s] running install_scripts
[4.237s] Installing client script to /home/ubuntu/odrv_ws/install/srvcli/lib/srvcli
[4.238s] Installing service script to /home/ubuntu/odrv_ws/install/srvcli/lib/srvcli
[4.240s] writing list of installed files to '/home/ubuntu/odrv_ws/build/srvcli/install.log'
[4.345s] Invoked command in '/home/ubuntu/odrv_ws/src/srvcli' returned '0': PYTHONPATH=/home/ubuntu/odrv_ws/install/srvcli/lib/python3.8/site-packages:${PYTHONPATH} /usr/bin/python3 setup.py egg_info --egg-base ../../build/srvcli build --build-base /home/ubuntu/odrv_ws/build/srvcli/build install --prefix /home/ubuntu/odrv_ws/install/srvcli --record /home/ubuntu/odrv_ws/build/srvcli/install.log --single-version-externally-managed
