[0.116s] Invoking command in '/home/ubuntu/odrv_ws/build/interfaces': CMAKE_PREFIX_PATH=${CMAKE_PREFIX_PATH}:/home/ubuntu/odrv_ws/install/srvcli:/home/ubuntu/odrv_ws/install/py_srvcli:/opt/ros/foxy /usr/bin/cmake --build /home/ubuntu/odrv_ws/build/interfaces -- -j4 -l4
[1.330s] [  3%] Built target interfaces__cpp
[1.331s] [ 12%] Built target interfaces__rosidl_generator_c
[1.332s] [ 22%] Built target interfaces__rosidl_typesupport_introspection_cpp
[1.334s] [ 32%] Built target interfaces__rosidl_typesupport_cpp
[1.334s] [ 41%] Built target interfaces__rosidl_typesupport_c
[1.336s] [ 51%] Built target interfaces__rosidl_typesupport_fastrtps_cpp
[1.340s] [ 61%] Built target interfaces__rosidl_typesupport_introspection_c
[1.342s] [ 70%] Built target interfaces__rosidl_typesupport_fastrtps_c
[1.342s] [ 70%] Built target interfaces
[1.343s] [ 74%] Built target interfaces__py
[1.344s] [ 80%] Built target interfaces__python
[1.345s] [ 93%] Built target interfaces__rosidl_typesupport_c__pyext
[1.348s] [ 93%] Built target interfaces__rosidl_typesupport_introspection_c__pyext
[1.349s] [100%] Built target interfaces__rosidl_typesupport_fastrtps_c__pyext
[1.350s] Invoked command in '/home/ubuntu/odrv_ws/build/interfaces' returned '0': CMAKE_PREFIX_PATH=${CMAKE_PREFIX_PATH}:/home/ubuntu/odrv_ws/install/srvcli:/home/ubuntu/odrv_ws/install/py_srvcli:/opt/ros/foxy /usr/bin/cmake --build /home/ubuntu/odrv_ws/build/interfaces -- -j4 -l4
[1.709s] Invoking command in '/home/ubuntu/odrv_ws/build/interfaces': CMAKE_PREFIX_PATH=${CMAKE_PREFIX_PATH}:/home/ubuntu/odrv_ws/install/srvcli:/home/ubuntu/odrv_ws/install/py_srvcli:/opt/ros/foxy /usr/bin/cmake --install /home/ubuntu/odrv_ws/build/interfaces
[1.773s] -- Install configuration: ""
[1.774s] -- Up-to-date: /home/ubuntu/odrv_ws/install/interfaces/share/ament_index/resource_index/rosidl_interfaces/interfaces
[1.775s] -- Up-to-date: /home/ubuntu/odrv_ws/install/interfaces/include/interfaces
[1.776s] -- Up-to-date: /home/ubuntu/odrv_ws/install/interfaces/include/interfaces/msg
[1.776s] -- Up-to-date: /home/ubuntu/odrv_ws/install/interfaces/include/interfaces/msg/rosidl_generator_c__visibility_control.h
[1.777s] -- Up-to-date: /home/ubuntu/odrv_ws/install/interfaces/include/interfaces/srv
[1.778s] -- Up-to-date: /home/ubuntu/odrv_ws/install/interfaces/include/interfaces/srv/odrive.h
[1.779s] -- Up-to-date: /home/ubuntu/odrv_ws/install/interfaces/include/interfaces/srv/detail
[1.779s] -- Up-to-date: /home/ubuntu/odrv_ws/install/interfaces/include/interfaces/srv/detail/odrive__functions.c
[1.780s] -- Up-to-date: /home/ubuntu/odrv_ws/install/interfaces/include/interfaces/srv/detail/odrive__type_support.h
[1.781s] -- Up-to-date: /home/ubuntu/odrv_ws/install/interfaces/include/interfaces/srv/detail/odrive__functions.h
[1.781s] -- Up-to-date: /home/ubuntu/odrv_ws/install/interfaces/include/interfaces/srv/detail/odrive__struct.h
[1.782s] -- Up-to-date: /home/ubuntu/odrv_ws/install/interfaces/share/interfaces/environment/library_path.sh
[1.782s] -- Up-to-date: /home/ubuntu/odrv_ws/install/interfaces/share/interfaces/environment/library_path.dsv
[1.796s] -- Up-to-date: /home/ubuntu/odrv_ws/install/interfaces/lib/libinterfaces__rosidl_generator_c.so
[1.796s] -- Up-to-date: /home/ubuntu/odrv_ws/install/interfaces/include/interfaces
[1.797s] -- Up-to-date: /home/ubuntu/odrv_ws/install/interfaces/include/interfaces/msg
[1.797s] -- Up-to-date: /home/ubuntu/odrv_ws/install/interfaces/include/interfaces/msg/rosidl_typesupport_fastrtps_c__visibility_control.h
[1.798s] -- Up-to-date: /home/ubuntu/odrv_ws/install/interfaces/include/interfaces/srv
[1.799s] -- Up-to-date: /home/ubuntu/odrv_ws/install/interfaces/include/interfaces/srv/detail
[1.799s] -- Up-to-date: /home/ubuntu/odrv_ws/install/interfaces/include/interfaces/srv/detail/odrive__rosidl_typesupport_fastrtps_c.h
[1.800s] -- Up-to-date: /home/ubuntu/odrv_ws/install/interfaces/lib/libinterfaces__rosidl_typesupport_fastrtps_c.so
[1.800s] -- Up-to-date: /home/ubuntu/odrv_ws/install/interfaces/include/interfaces
[1.801s] -- Up-to-date: /home/ubuntu/odrv_ws/install/interfaces/include/interfaces/msg
[1.801s] -- Up-to-date: /home/ubuntu/odrv_ws/install/interfaces/include/interfaces/msg/rosidl_typesupport_fastrtps_cpp__visibility_control.h
[1.804s] -- Up-to-date: /home/ubuntu/odrv_ws/install/interfaces/include/interfaces/srv
[1.804s] -- Up-to-date: /home/ubuntu/odrv_ws/install/interfaces/include/interfaces/srv/detail
[1.805s] -- Up-to-date: /home/ubuntu/odrv_ws/install/interfaces/include/interfaces/srv/detail/dds_fastrtps
[1.816s] -- Up-to-date: /home/ubuntu/odrv_ws/install/interfaces/include/interfaces/srv/detail/odrive__rosidl_typesupport_fastrtps_cpp.hpp
[1.816s] -- Up-to-date: /home/ubuntu/odrv_ws/install/interfaces/lib/libinterfaces__rosidl_typesupport_fastrtps_cpp.so
[1.817s] -- Up-to-date: /home/ubuntu/odrv_ws/install/interfaces/include/interfaces
[1.818s] -- Up-to-date: /home/ubuntu/odrv_ws/install/interfaces/include/interfaces/msg
[1.818s] -- Up-to-date: /home/ubuntu/odrv_ws/install/interfaces/include/interfaces/msg/rosidl_typesupport_introspection_c__visibility_control.h
[1.819s] -- Up-to-date: /home/ubuntu/odrv_ws/install/interfaces/include/interfaces/srv
[1.819s] -- Up-to-date: /home/ubuntu/odrv_ws/install/interfaces/include/interfaces/srv/detail
[1.832s] -- Up-to-date: /home/ubuntu/odrv_ws/install/interfaces/include/interfaces/srv/detail/odrive__type_support.c
[1.832s] -- Up-to-date: /home/ubuntu/odrv_ws/install/interfaces/include/interfaces/srv/detail/odrive__rosidl_typesupport_introspection_c.h
[1.833s] -- Up-to-date: /home/ubuntu/odrv_ws/install/interfaces/lib/libinterfaces__rosidl_typesupport_introspection_c.so
[1.834s] -- Up-to-date: /home/ubuntu/odrv_ws/install/interfaces/lib/libinterfaces__rosidl_typesupport_c.so
[1.834s] -- Up-to-date: /home/ubuntu/odrv_ws/install/interfaces/include/interfaces
[1.835s] -- Up-to-date: /home/ubuntu/odrv_ws/install/interfaces/include/interfaces/srv
[1.836s] -- Up-to-date: /home/ubuntu/odrv_ws/install/interfaces/include/interfaces/srv/detail
[1.836s] -- Up-to-date: /home/ubuntu/odrv_ws/install/interfaces/include/interfaces/srv/detail/odrive__builder.hpp
[1.837s] -- Up-to-date: /home/ubuntu/odrv_ws/install/interfaces/include/interfaces/srv/detail/odrive__traits.hpp
[1.838s] -- Up-to-date: /home/ubuntu/odrv_ws/install/interfaces/include/interfaces/srv/detail/odrive__struct.hpp
[1.839s] -- Up-to-date: /home/ubuntu/odrv_ws/install/interfaces/include/interfaces/srv/odrive.hpp
[1.839s] -- Up-to-date: /home/ubuntu/odrv_ws/install/interfaces/include/interfaces
[1.840s] -- Up-to-date: /home/ubuntu/odrv_ws/install/interfaces/include/interfaces/srv
[1.841s] -- Up-to-date: /home/ubuntu/odrv_ws/install/interfaces/include/interfaces/srv/detail
[1.841s] -- Up-to-date: /home/ubuntu/odrv_ws/install/interfaces/include/interfaces/srv/detail/odrive__type_support.cpp
[1.842s] -- Up-to-date: /home/ubuntu/odrv_ws/install/interfaces/include/interfaces/srv/detail/odrive__rosidl_typesupport_introspection_cpp.hpp
[1.843s] -- Up-to-date: /home/ubuntu/odrv_ws/install/interfaces/lib/libinterfaces__rosidl_typesupport_introspection_cpp.so
[1.844s] -- Up-to-date: /home/ubuntu/odrv_ws/install/interfaces/lib/libinterfaces__rosidl_typesupport_cpp.so
[1.848s] -- Up-to-date: /home/ubuntu/odrv_ws/install/interfaces/share/interfaces/environment/pythonpath.sh
[1.849s] -- Up-to-date: /home/ubuntu/odrv_ws/install/interfaces/share/interfaces/environment/pythonpath.dsv
[1.850s] -- Up-to-date: /home/ubuntu/odrv_ws/install/interfaces/lib/python3.8/site-packages/interfaces/__init__.py
[2.043s] -- Up-to-date: /home/ubuntu/odrv_ws/install/interfaces/lib/python3.8/site-packages/interfaces/srv
[2.044s] -- Up-to-date: /home/ubuntu/odrv_ws/install/interfaces/lib/python3.8/site-packages/interfaces/srv/__init__.py
[2.045s] -- Up-to-date: /home/ubuntu/odrv_ws/install/interfaces/lib/python3.8/site-packages/interfaces/srv/_odrive.py
[2.045s] -- Up-to-date: /home/ubuntu/odrv_ws/install/interfaces/lib/python3.8/site-packages/interfaces/srv/_odrive_s.c
[2.046s] -- Up-to-date: /home/ubuntu/odrv_ws/install/interfaces/lib/python3.8/site-packages/interfaces/interfaces_s__rosidl_typesupport_fastrtps_c.cpython-38-aarch64-linux-gnu.so
[2.049s] -- Up-to-date: /home/ubuntu/odrv_ws/install/interfaces/lib/python3.8/site-packages/interfaces/interfaces_s__rosidl_typesupport_introspection_c.cpython-38-aarch64-linux-gnu.so
[2.051s] -- Up-to-date: /home/ubuntu/odrv_ws/install/interfaces/lib/python3.8/site-packages/interfaces/interfaces_s__rosidl_typesupport_c.cpython-38-aarch64-linux-gnu.so
[2.054s] -- Up-to-date: /home/ubuntu/odrv_ws/install/interfaces/lib/libinterfaces__python.so
[2.055s] -- Up-to-date: /home/ubuntu/odrv_ws/install/interfaces/share/interfaces/srv/Odrive.idl
[2.056s] -- Up-to-date: /home/ubuntu/odrv_ws/install/interfaces/share/interfaces/srv/Odrive.srv
[2.057s] -- Up-to-date: /home/ubuntu/odrv_ws/install/interfaces/share/interfaces/srv/Odrive_Request.msg
[2.058s] -- Up-to-date: /home/ubuntu/odrv_ws/install/interfaces/share/interfaces/srv/Odrive_Response.msg
[2.059s] -- Up-to-date: /home/ubuntu/odrv_ws/install/interfaces/share/ament_index/resource_index/package_run_dependencies/interfaces
[2.060s] -- Up-to-date: /home/ubuntu/odrv_ws/install/interfaces/share/ament_index/resource_index/parent_prefix_path/interfaces
[2.061s] -- Up-to-date: /home/ubuntu/odrv_ws/install/interfaces/share/interfaces/environment/ament_prefix_path.sh
[2.061s] -- Up-to-date: /home/ubuntu/odrv_ws/install/interfaces/share/interfaces/environment/ament_prefix_path.dsv
[2.062s] -- Up-to-date: /home/ubuntu/odrv_ws/install/interfaces/share/interfaces/environment/path.sh
[2.062s] -- Up-to-date: /home/ubuntu/odrv_ws/install/interfaces/share/interfaces/environment/path.dsv
[2.063s] -- Up-to-date: /home/ubuntu/odrv_ws/install/interfaces/share/interfaces/local_setup.bash
[2.064s] -- Up-to-date: /home/ubuntu/odrv_ws/install/interfaces/share/interfaces/local_setup.sh
[2.065s] -- Up-to-date: /home/ubuntu/odrv_ws/install/interfaces/share/interfaces/local_setup.zsh
[2.065s] -- Up-to-date: /home/ubuntu/odrv_ws/install/interfaces/share/interfaces/local_setup.dsv
[2.066s] -- Installing: /home/ubuntu/odrv_ws/install/interfaces/share/interfaces/package.dsv
[2.067s] -- Up-to-date: /home/ubuntu/odrv_ws/install/interfaces/share/ament_index/resource_index/packages/interfaces
[2.068s] -- Up-to-date: /home/ubuntu/odrv_ws/install/interfaces/share/interfaces/cmake/interfaces__rosidl_generator_cExport.cmake
[2.068s] -- Up-to-date: /home/ubuntu/odrv_ws/install/interfaces/share/interfaces/cmake/interfaces__rosidl_generator_cExport-noconfig.cmake
[2.069s] -- Up-to-date: /home/ubuntu/odrv_ws/install/interfaces/share/interfaces/cmake/interfaces__rosidl_typesupport_introspection_cExport.cmake
[2.070s] -- Up-to-date: /home/ubuntu/odrv_ws/install/interfaces/share/interfaces/cmake/interfaces__rosidl_typesupport_introspection_cExport-noconfig.cmake
[2.071s] -- Up-to-date: /home/ubuntu/odrv_ws/install/interfaces/share/interfaces/cmake/interfaces__rosidl_typesupport_cExport.cmake
[2.072s] -- Up-to-date: /home/ubuntu/odrv_ws/install/interfaces/share/interfaces/cmake/interfaces__rosidl_typesupport_cExport-noconfig.cmake
[2.073s] -- Up-to-date: /home/ubuntu/odrv_ws/install/interfaces/share/interfaces/cmake/interfaces__rosidl_generator_cppExport.cmake
[2.073s] -- Up-to-date: /home/ubuntu/odrv_ws/install/interfaces/share/interfaces/cmake/interfaces__rosidl_typesupport_introspection_cppExport.cmake
[2.074s] -- Up-to-date: /home/ubuntu/odrv_ws/install/interfaces/share/interfaces/cmake/interfaces__rosidl_typesupport_introspection_cppExport-noconfig.cmake
[2.075s] -- Up-to-date: /home/ubuntu/odrv_ws/install/interfaces/share/interfaces/cmake/interfaces__rosidl_typesupport_cppExport.cmake
[2.076s] -- Up-to-date: /home/ubuntu/odrv_ws/install/interfaces/share/interfaces/cmake/interfaces__rosidl_typesupport_cppExport-noconfig.cmake
[2.077s] -- Up-to-date: /home/ubuntu/odrv_ws/install/interfaces/share/interfaces/cmake/rosidl_cmake-extras.cmake
[2.077s] -- Up-to-date: /home/ubuntu/odrv_ws/install/interfaces/share/interfaces/cmake/ament_cmake_export_dependencies-extras.cmake
[2.078s] -- Up-to-date: /home/ubuntu/odrv_ws/install/interfaces/share/interfaces/cmake/ament_cmake_export_libraries-extras.cmake
[2.079s] -- Up-to-date: /home/ubuntu/odrv_ws/install/interfaces/share/interfaces/cmake/ament_cmake_export_targets-extras.cmake
[2.080s] -- Up-to-date: /home/ubuntu/odrv_ws/install/interfaces/share/interfaces/cmake/ament_cmake_export_include_directories-extras.cmake
[2.081s] -- Up-to-date: /home/ubuntu/odrv_ws/install/interfaces/share/interfaces/cmake/rosidl_cmake_export_typesupport_libraries-extras.cmake
[2.081s] -- Up-to-date: /home/ubuntu/odrv_ws/install/interfaces/share/interfaces/cmake/rosidl_cmake_export_typesupport_targets-extras.cmake
[2.082s] -- Up-to-date: /home/ubuntu/odrv_ws/install/interfaces/share/interfaces/cmake/interfacesConfig.cmake
[2.084s] -- Up-to-date: /home/ubuntu/odrv_ws/install/interfaces/share/interfaces/cmake/interfacesConfig-version.cmake
[2.087s] -- Up-to-date: /home/ubuntu/odrv_ws/install/interfaces/share/interfaces/package.xml
[2.090s] Invoked command in '/home/ubuntu/odrv_ws/build/interfaces' returned '0': CMAKE_PREFIX_PATH=${CMAKE_PREFIX_PATH}:/home/ubuntu/odrv_ws/install/srvcli:/home/ubuntu/odrv_ws/install/py_srvcli:/opt/ros/foxy /usr/bin/cmake --install /home/ubuntu/odrv_ws/build/interfaces
