[2.593s] Invoking command in '/home/ubuntu/odrv_ws/src/srvcli': CMAKE_PREFIX_PATH=/home/ubuntu/odrv_ws/install/interfaces:/home/ubuntu/odrv_ws/install/turtlesim LD_LIBRARY_PATH=/home/ubuntu/odrv_ws/install/interfaces/lib:/home/ubuntu/odrv_ws/install/turtlesim/lib:/opt/ros/foxy/opt/yaml_cpp_vendor/lib:/opt/ros/foxy/opt/rviz_ogre_vendor/lib:/opt/ros/foxy/lib/aarch64-linux-gnu:/opt/ros/foxy/lib PYTHONPATH=/home/ubuntu/odrv_ws/install/srvcli/lib/python3.8/site-packages:/home/ubuntu/odrv_ws/install/interfaces/lib/python3.8/site-packages:/home/ubuntu/odrv_ws/install/turtlesim/lib/python3.8/site-packages:/home/ubuntu/odrv_ws/install/srvcli/lib/python3.8/site-packages:/home/ubuntu/odrv_ws/install/py_srvcli/lib/python3.8/site-packages:/opt/ros/foxy/lib/python3.8/site-packages /usr/bin/python3 setup.py egg_info --egg-base ../../build/srvcli build --build-base /home/ubuntu/odrv_ws/build/srvcli/build install --prefix /home/ubuntu/odrv_ws/install/srvcli --record /home/ubuntu/odrv_ws/build/srvcli/install.log --single-version-externally-managed
[3.438s] running egg_info
[3.440s] writing ../../build/srvcli/srvcli.egg-info/PKG-INFO
[3.442s] writing dependency_links to ../../build/srvcli/srvcli.egg-info/dependency_links.txt
[3.443s] writing entry points to ../../build/srvcli/srvcli.egg-info/entry_points.txt
[3.444s] writing requirements to ../../build/srvcli/srvcli.egg-info/requires.txt
[3.444s] writing top-level names to ../../build/srvcli/srvcli.egg-info/top_level.txt
[3.571s] reading manifest file '../../build/srvcli/srvcli.egg-info/SOURCES.txt'
[3.575s] writing manifest file '../../build/srvcli/srvcli.egg-info/SOURCES.txt'
[3.576s] running build
[3.576s] running build_py
[3.579s] copying srvcli/client_member_function.py -> /home/ubuntu/odrv_ws/build/srvcli/build/lib/srvcli
[3.580s] copying srvcli/service_member_function.py -> /home/ubuntu/odrv_ws/build/srvcli/build/lib/srvcli
[3.581s] running install
[3.584s] running install_lib
[3.588s] copying /home/ubuntu/odrv_ws/build/srvcli/build/lib/srvcli/client_member_function.py -> /home/ubuntu/odrv_ws/install/srvcli/lib/python3.8/site-packages/srvcli
[3.589s] copying /home/ubuntu/odrv_ws/build/srvcli/build/lib/srvcli/service_member_function.py -> /home/ubuntu/odrv_ws/install/srvcli/lib/python3.8/site-packages/srvcli
[3.591s] byte-compiling /home/ubuntu/odrv_ws/install/srvcli/lib/python3.8/site-packages/srvcli/client_member_function.py to client_member_function.cpython-38.pyc
[3.598s] byte-compiling /home/ubuntu/odrv_ws/install/srvcli/lib/python3.8/site-packages/srvcli/service_member_function.py to service_member_function.cpython-38.pyc
[3.600s]   File "/home/ubuntu/odrv_ws/install/srvcli/lib/python3.8/site-packages/srvcli/service_member_function.py", line 91
[3.600s]     elif(request.axis == 0):
[3.600s]     ^
[3.601s] SyntaxError: invalid syntax
[3.601s] 
[3.601s] running install_data
[3.602s] running install_egg_info
[3.607s] removing '/home/ubuntu/odrv_ws/install/srvcli/lib/python3.8/site-packages/srvcli-0.0.0-py3.8.egg-info' (and everything under it)
[3.608s] Copying ../../build/srvcli/srvcli.egg-info to /home/ubuntu/odrv_ws/install/srvcli/lib/python3.8/site-packages/srvcli-0.0.0-py3.8.egg-info
[3.613s] running install_scripts
[3.674s] Installing client script to /home/ubuntu/odrv_ws/install/srvcli/lib/srvcli
[3.675s] Installing service script to /home/ubuntu/odrv_ws/install/srvcli/lib/srvcli
[3.676s] writing list of installed files to '/home/ubuntu/odrv_ws/build/srvcli/install.log'
[3.773s] Invoked command in '/home/ubuntu/odrv_ws/src/srvcli' returned '0': CMAKE_PREFIX_PATH=/home/ubuntu/odrv_ws/install/interfaces:/home/ubuntu/odrv_ws/install/turtlesim LD_LIBRARY_PATH=/home/ubuntu/odrv_ws/install/interfaces/lib:/home/ubuntu/odrv_ws/install/turtlesim/lib:/opt/ros/foxy/opt/yaml_cpp_vendor/lib:/opt/ros/foxy/opt/rviz_ogre_vendor/lib:/opt/ros/foxy/lib/aarch64-linux-gnu:/opt/ros/foxy/lib PYTHONPATH=/home/ubuntu/odrv_ws/install/srvcli/lib/python3.8/site-packages:/home/ubuntu/odrv_ws/install/interfaces/lib/python3.8/site-packages:/home/ubuntu/odrv_ws/install/turtlesim/lib/python3.8/site-packages:/home/ubuntu/odrv_ws/install/srvcli/lib/python3.8/site-packages:/home/ubuntu/odrv_ws/install/py_srvcli/lib/python3.8/site-packages:/opt/ros/foxy/lib/python3.8/site-packages /usr/bin/python3 setup.py egg_info --egg-base ../../build/srvcli build --build-base /home/ubuntu/odrv_ws/build/srvcli/build install --prefix /home/ubuntu/odrv_ws/install/srvcli --record /home/ubuntu/odrv_ws/build/srvcli/install.log --single-version-externally-managed
