[2.883s] Invoking command in '/home/ubuntu/odrv_ws/src/srvcli': PYTHONPATH=/home/ubuntu/odrv_ws/install/srvcli/lib/python3.8/site-packages:${PYTHONPATH} /usr/bin/python3 setup.py egg_info --egg-base ../../build/srvcli build --build-base /home/ubuntu/odrv_ws/build/srvcli/build install --prefix /home/ubuntu/odrv_ws/install/srvcli --record /home/ubuntu/odrv_ws/build/srvcli/install.log --single-version-externally-managed
[3.872s] running egg_info
[3.874s] writing ../../build/srvcli/srvcli.egg-info/PKG-INFO
[3.875s] writing dependency_links to ../../build/srvcli/srvcli.egg-info/dependency_links.txt
[3.876s] writing entry points to ../../build/srvcli/srvcli.egg-info/entry_points.txt
[3.876s] writing requirements to ../../build/srvcli/srvcli.egg-info/requires.txt
[3.877s] writing top-level names to ../../build/srvcli/srvcli.egg-info/top_level.txt
[4.008s] reading manifest file '../../build/srvcli/srvcli.egg-info/SOURCES.txt'
[4.011s] writing manifest file '../../build/srvcli/srvcli.egg-info/SOURCES.txt'
[4.012s] running build
[4.012s] running build_py
[4.013s] running install
[4.016s] running install_lib
[4.023s] running install_data
[4.025s] copying package.xml -> /home/ubuntu/odrv_ws/install/srvcli/share/srvcli
[4.025s] running install_egg_info
[4.031s] removing '/home/ubuntu/odrv_ws/install/srvcli/lib/python3.8/site-packages/srvcli-0.0.0-py3.8.egg-info' (and everything under it)
[4.033s] Copying ../../build/srvcli/srvcli.egg-info to /home/ubuntu/odrv_ws/install/srvcli/lib/python3.8/site-packages/srvcli-0.0.0-py3.8.egg-info
[4.037s] running install_scripts
[4.114s] Installing client script to /home/ubuntu/odrv_ws/install/srvcli/lib/srvcli
[4.115s] Installing service script to /home/ubuntu/odrv_ws/install/srvcli/lib/srvcli
[4.116s] writing list of installed files to '/home/ubuntu/odrv_ws/build/srvcli/install.log'
[4.221s] Invoked command in '/home/ubuntu/odrv_ws/src/srvcli' returned '0': PYTHONPATH=/home/ubuntu/odrv_ws/install/srvcli/lib/python3.8/site-packages:${PYTHONPATH} /usr/bin/python3 setup.py egg_info --egg-base ../../build/srvcli build --build-base /home/ubuntu/odrv_ws/build/srvcli/build install --prefix /home/ubuntu/odrv_ws/install/srvcli --record /home/ubuntu/odrv_ws/build/srvcli/install.log --single-version-externally-managed
