[0.600s] DEBUG:colcon:Command line arguments: ['/usr/bin/colcon', 'build', '--packages-select', 'interfaces']
[0.600s] DEBUG:colcon:Parsed command line arguments: Namespace(allow_overriding=[], ament_cmake_args=None, base_paths=['.'], build_base='build', catkin_cmake_args=None, catkin_skip_building_tests=False, cmake_args=None, cmake_clean_cache=False, cmake_clean_first=False, cmake_force_configure=False, cmake_target=None, cmake_target_skip_unavailable=False, continue_on_error=False, event_handlers=None, executor='parallel', ignore_user_meta=False, install_base='install', log_base=None, log_level=None, main=<bound method BuildVerb.main of <colcon_core.verb.build.BuildVerb object at 0xffffad0c4070>>, merge_install=False, metas=['./colcon.meta'], packages_above=None, packages_above_and_dependencies=None, packages_above_depth=None, packages_end=None, packages_ignore=None, packages_ignore_regex=None, packages_select=['interfaces'], packages_select_build_failed=False, packages_select_by_dep=None, packages_select_regex=None, packages_select_test_failures=False, packages_skip=None, packages_skip_build_finished=False, packages_skip_by_dep=None, packages_skip_regex=None, packages_skip_test_passed=False, packages_skip_up_to=None, packages_start=None, packages_up_to=None, packages_up_to_regex=None, parallel_workers=4, paths=None, symlink_install=False, test_result_base=None, verb_extension=<colcon_core.verb.build.BuildVerb object at 0xffffad0c4070>, verb_name='build', verb_parser=<colcon_defaults.argument_parser.defaults.DefaultArgumentsDecorator object at 0xffffad0c45b0>)
[0.619s] Level 1:colcon.colcon_core.package_discovery:discover_packages(colcon_meta) check parameters
[0.620s] Level 1:colcon.colcon_core.package_discovery:discover_packages(recursive) check parameters
[0.620s] Level 1:colcon.colcon_core.package_discovery:discover_packages(ignore) check parameters
[0.620s] Level 1:colcon.colcon_core.package_discovery:discover_packages(path) check parameters
[0.620s] Level 1:colcon.colcon_core.package_discovery:discover_packages(colcon_meta) discover
[0.621s] Level 1:colcon.colcon_core.package_discovery:discover_packages(recursive) discover
[0.621s] INFO:colcon.colcon_core.package_discovery:Crawling recursively for packages in '/home/ubuntu/odrv_ws'
[0.621s] Level 1:colcon.colcon_core.package_identification:_identify(.) by extensions ['ignore', 'ignore_ament_install']
[0.622s] Level 1:colcon.colcon_core.package_identification:_identify(.) by extension 'ignore'
[0.622s] Level 1:colcon.colcon_core.package_identification:_identify(.) by extension 'ignore_ament_install'
[0.622s] Level 1:colcon.colcon_core.package_identification:_identify(.) by extensions ['colcon_pkg']
[0.622s] Level 1:colcon.colcon_core.package_identification:_identify(.) by extension 'colcon_pkg'
[0.622s] Level 1:colcon.colcon_core.package_identification:_identify(.) by extensions ['colcon_meta']
[0.622s] Level 1:colcon.colcon_core.package_identification:_identify(.) by extension 'colcon_meta'
[0.623s] Level 1:colcon.colcon_core.package_identification:_identify(.) by extensions ['ros']
[0.623s] Level 1:colcon.colcon_core.package_identification:_identify(.) by extension 'ros'
[0.670s] Level 1:colcon.colcon_core.package_identification:_identify(.) by extensions ['cmake', 'python']
[0.670s] Level 1:colcon.colcon_core.package_identification:_identify(.) by extension 'cmake'
[0.670s] Level 1:colcon.colcon_core.package_identification:_identify(.) by extension 'python'
[0.671s] Level 1:colcon.colcon_core.package_identification:_identify(.) by extensions ['python_setup_py']
[0.671s] Level 1:colcon.colcon_core.package_identification:_identify(.) by extension 'python_setup_py'
[0.671s] Level 1:colcon.colcon_core.package_identification:_identify(build) by extensions ['ignore', 'ignore_ament_install']
[0.672s] Level 1:colcon.colcon_core.package_identification:_identify(build) by extension 'ignore'
[0.672s] Level 1:colcon.colcon_core.package_identification:_identify(build) ignored
[0.673s] Level 1:colcon.colcon_core.package_identification:_identify(install) by extensions ['ignore', 'ignore_ament_install']
[0.673s] Level 1:colcon.colcon_core.package_identification:_identify(install) by extension 'ignore'
[0.673s] Level 1:colcon.colcon_core.package_identification:_identify(install) ignored
[0.674s] Level 1:colcon.colcon_core.package_identification:_identify(log) by extensions ['ignore', 'ignore_ament_install']
[0.674s] Level 1:colcon.colcon_core.package_identification:_identify(log) by extension 'ignore'
[0.674s] Level 1:colcon.colcon_core.package_identification:_identify(log) ignored
[0.675s] Level 1:colcon.colcon_core.package_identification:_identify(src) by extensions ['ignore', 'ignore_ament_install']
[0.675s] Level 1:colcon.colcon_core.package_identification:_identify(src) by extension 'ignore'
[0.675s] Level 1:colcon.colcon_core.package_identification:_identify(src) by extension 'ignore_ament_install'
[0.675s] Level 1:colcon.colcon_core.package_identification:_identify(src) by extensions ['colcon_pkg']
[0.675s] Level 1:colcon.colcon_core.package_identification:_identify(src) by extension 'colcon_pkg'
[0.676s] Level 1:colcon.colcon_core.package_identification:_identify(src) by extensions ['colcon_meta']
[0.676s] Level 1:colcon.colcon_core.package_identification:_identify(src) by extension 'colcon_meta'
[0.676s] Level 1:colcon.colcon_core.package_identification:_identify(src) by extensions ['ros']
[0.676s] Level 1:colcon.colcon_core.package_identification:_identify(src) by extension 'ros'
[0.677s] Level 1:colcon.colcon_core.package_identification:_identify(src) by extensions ['cmake', 'python']
[0.677s] Level 1:colcon.colcon_core.package_identification:_identify(src) by extension 'cmake'
[0.677s] Level 1:colcon.colcon_core.package_identification:_identify(src) by extension 'python'
[0.677s] Level 1:colcon.colcon_core.package_identification:_identify(src) by extensions ['python_setup_py']
[0.677s] Level 1:colcon.colcon_core.package_identification:_identify(src) by extension 'python_setup_py'
[0.678s] Level 1:colcon.colcon_core.package_identification:_identify(src/interfaces) by extensions ['ignore', 'ignore_ament_install']
[0.678s] Level 1:colcon.colcon_core.package_identification:_identify(src/interfaces) by extension 'ignore'
[0.678s] Level 1:colcon.colcon_core.package_identification:_identify(src/interfaces) by extension 'ignore_ament_install'
[0.678s] Level 1:colcon.colcon_core.package_identification:_identify(src/interfaces) by extensions ['colcon_pkg']
[0.678s] Level 1:colcon.colcon_core.package_identification:_identify(src/interfaces) by extension 'colcon_pkg'
[0.679s] Level 1:colcon.colcon_core.package_identification:_identify(src/interfaces) by extensions ['colcon_meta']
[0.679s] Level 1:colcon.colcon_core.package_identification:_identify(src/interfaces) by extension 'colcon_meta'
[0.679s] Level 1:colcon.colcon_core.package_identification:_identify(src/interfaces) by extensions ['ros']
[0.679s] Level 1:colcon.colcon_core.package_identification:_identify(src/interfaces) by extension 'ros'
[0.688s] DEBUG:colcon.colcon_core.package_identification:Package 'src/interfaces' with type 'ros.ament_cmake' and name 'interfaces'
[0.688s] Level 1:colcon.colcon_core.package_identification:_identify(src/py_srvcli) by extensions ['ignore', 'ignore_ament_install']
[0.689s] Level 1:colcon.colcon_core.package_identification:_identify(src/py_srvcli) by extension 'ignore'
[0.689s] Level 1:colcon.colcon_core.package_identification:_identify(src/py_srvcli) by extension 'ignore_ament_install'
[0.689s] Level 1:colcon.colcon_core.package_identification:_identify(src/py_srvcli) by extensions ['colcon_pkg']
[0.689s] Level 1:colcon.colcon_core.package_identification:_identify(src/py_srvcli) by extension 'colcon_pkg'
[0.689s] Level 1:colcon.colcon_core.package_identification:_identify(src/py_srvcli) by extensions ['colcon_meta']
[0.690s] Level 1:colcon.colcon_core.package_identification:_identify(src/py_srvcli) by extension 'colcon_meta'
[0.690s] Level 1:colcon.colcon_core.package_identification:_identify(src/py_srvcli) by extensions ['ros']
[0.690s] Level 1:colcon.colcon_core.package_identification:_identify(src/py_srvcli) by extension 'ros'
[0.692s] DEBUG:colcon.colcon_core.package_identification:Package 'src/py_srvcli' with type 'ros.ament_python' and name 'py_srvcli'
[0.693s] Level 1:colcon.colcon_core.package_identification:_identify(src/ros_tutorials) by extensions ['ignore', 'ignore_ament_install']
[0.693s] Level 1:colcon.colcon_core.package_identification:_identify(src/ros_tutorials) by extension 'ignore'
[0.694s] Level 1:colcon.colcon_core.package_identification:_identify(src/ros_tutorials) by extension 'ignore_ament_install'
[0.694s] Level 1:colcon.colcon_core.package_identification:_identify(src/ros_tutorials) by extensions ['colcon_pkg']
[0.694s] Level 1:colcon.colcon_core.package_identification:_identify(src/ros_tutorials) by extension 'colcon_pkg'
[0.694s] Level 1:colcon.colcon_core.package_identification:_identify(src/ros_tutorials) by extensions ['colcon_meta']
[0.694s] Level 1:colcon.colcon_core.package_identification:_identify(src/ros_tutorials) by extension 'colcon_meta'
[0.694s] Level 1:colcon.colcon_core.package_identification:_identify(src/ros_tutorials) by extensions ['ros']
[0.695s] Level 1:colcon.colcon_core.package_identification:_identify(src/ros_tutorials) by extension 'ros'
[0.695s] Level 1:colcon.colcon_core.package_identification:_identify(src/ros_tutorials) by extensions ['cmake', 'python']
[0.695s] Level 1:colcon.colcon_core.package_identification:_identify(src/ros_tutorials) by extension 'cmake'
[0.695s] Level 1:colcon.colcon_core.package_identification:_identify(src/ros_tutorials) by extension 'python'
[0.695s] Level 1:colcon.colcon_core.package_identification:_identify(src/ros_tutorials) by extensions ['python_setup_py']
[0.695s] Level 1:colcon.colcon_core.package_identification:_identify(src/ros_tutorials) by extension 'python_setup_py'
[0.696s] Level 1:colcon.colcon_core.package_identification:_identify(src/ros_tutorials/ros_tutorials) by extensions ['ignore', 'ignore_ament_install']
[0.696s] Level 1:colcon.colcon_core.package_identification:_identify(src/ros_tutorials/ros_tutorials) by extension 'ignore'
[0.697s] Level 1:colcon.colcon_core.package_identification:_identify(src/ros_tutorials/ros_tutorials) ignored
[0.697s] Level 1:colcon.colcon_core.package_identification:_identify(src/ros_tutorials/roscpp_tutorials) by extensions ['ignore', 'ignore_ament_install']
[0.698s] Level 1:colcon.colcon_core.package_identification:_identify(src/ros_tutorials/roscpp_tutorials) by extension 'ignore'
[0.698s] Level 1:colcon.colcon_core.package_identification:_identify(src/ros_tutorials/roscpp_tutorials) ignored
[0.698s] Level 1:colcon.colcon_core.package_identification:_identify(src/ros_tutorials/rospy_tutorials) by extensions ['ignore', 'ignore_ament_install']
[0.699s] Level 1:colcon.colcon_core.package_identification:_identify(src/ros_tutorials/rospy_tutorials) by extension 'ignore'
[0.699s] Level 1:colcon.colcon_core.package_identification:_identify(src/ros_tutorials/rospy_tutorials) ignored
[0.699s] Level 1:colcon.colcon_core.package_identification:_identify(src/ros_tutorials/turtlesim) by extensions ['ignore', 'ignore_ament_install']
[0.700s] Level 1:colcon.colcon_core.package_identification:_identify(src/ros_tutorials/turtlesim) by extension 'ignore'
[0.700s] Level 1:colcon.colcon_core.package_identification:_identify(src/ros_tutorials/turtlesim) by extension 'ignore_ament_install'
[0.700s] Level 1:colcon.colcon_core.package_identification:_identify(src/ros_tutorials/turtlesim) by extensions ['colcon_pkg']
[0.700s] Level 1:colcon.colcon_core.package_identification:_identify(src/ros_tutorials/turtlesim) by extension 'colcon_pkg'
[0.701s] Level 1:colcon.colcon_core.package_identification:_identify(src/ros_tutorials/turtlesim) by extensions ['colcon_meta']
[0.701s] Level 1:colcon.colcon_core.package_identification:_identify(src/ros_tutorials/turtlesim) by extension 'colcon_meta'
[0.701s] Level 1:colcon.colcon_core.package_identification:_identify(src/ros_tutorials/turtlesim) by extensions ['ros']
[0.701s] Level 1:colcon.colcon_core.package_identification:_identify(src/ros_tutorials/turtlesim) by extension 'ros'
[0.706s] DEBUG:colcon.colcon_core.package_identification:Package 'src/ros_tutorials/turtlesim' with type 'ros.ament_cmake' and name 'turtlesim'
[0.706s] Level 1:colcon.colcon_core.package_identification:_identify(src/srvcli) by extensions ['ignore', 'ignore_ament_install']
[0.707s] Level 1:colcon.colcon_core.package_identification:_identify(src/srvcli) by extension 'ignore'
[0.707s] Level 1:colcon.colcon_core.package_identification:_identify(src/srvcli) by extension 'ignore_ament_install'
[0.707s] Level 1:colcon.colcon_core.package_identification:_identify(src/srvcli) by extensions ['colcon_pkg']
[0.707s] Level 1:colcon.colcon_core.package_identification:_identify(src/srvcli) by extension 'colcon_pkg'
[0.707s] Level 1:colcon.colcon_core.package_identification:_identify(src/srvcli) by extensions ['colcon_meta']
[0.708s] Level 1:colcon.colcon_core.package_identification:_identify(src/srvcli) by extension 'colcon_meta'
[0.708s] Level 1:colcon.colcon_core.package_identification:_identify(src/srvcli) by extensions ['ros']
[0.708s] Level 1:colcon.colcon_core.package_identification:_identify(src/srvcli) by extension 'ros'
[0.710s] DEBUG:colcon.colcon_core.package_identification:Package 'src/srvcli' with type 'ros.ament_python' and name 'srvcli'
[0.710s] Level 1:colcon.colcon_core.package_discovery:discover_packages(recursive) using defaults
[0.711s] Level 1:colcon.colcon_core.package_discovery:discover_packages(ignore) discover
[0.711s] Level 1:colcon.colcon_core.package_discovery:discover_packages(ignore) using defaults
[0.711s] Level 1:colcon.colcon_core.package_discovery:discover_packages(path) discover
[0.711s] Level 1:colcon.colcon_core.package_discovery:discover_packages(path) using defaults
[0.780s] INFO:colcon.colcon_core.package_selection:Skipping not selected package 'py_srvcli' in 'src/py_srvcli'
[0.780s] INFO:colcon.colcon_core.package_selection:Skipping not selected package 'turtlesim' in 'src/ros_tutorials/turtlesim'
[0.780s] INFO:colcon.colcon_core.package_selection:Skipping not selected package 'srvcli' in 'src/srvcli'
[0.783s] Level 5:colcon.colcon_core.verb:set package 'interfaces' build argument 'cmake_args' from command line to 'None'
[0.783s] Level 5:colcon.colcon_core.verb:set package 'interfaces' build argument 'cmake_target' from command line to 'None'
[0.783s] Level 5:colcon.colcon_core.verb:set package 'interfaces' build argument 'cmake_target_skip_unavailable' from command line to 'False'
[0.783s] Level 5:colcon.colcon_core.verb:set package 'interfaces' build argument 'cmake_clean_cache' from command line to 'False'
[0.784s] Level 5:colcon.colcon_core.verb:set package 'interfaces' build argument 'cmake_clean_first' from command line to 'False'
[0.784s] Level 5:colcon.colcon_core.verb:set package 'interfaces' build argument 'cmake_force_configure' from command line to 'False'
[0.784s] Level 5:colcon.colcon_core.verb:set package 'interfaces' build argument 'ament_cmake_args' from command line to 'None'
[0.784s] Level 5:colcon.colcon_core.verb:set package 'interfaces' build argument 'catkin_cmake_args' from command line to 'None'
[0.784s] Level 5:colcon.colcon_core.verb:set package 'interfaces' build argument 'catkin_skip_building_tests' from command line to 'False'
[0.784s] DEBUG:colcon.colcon_core.verb:Building package 'interfaces' with the following arguments: {'ament_cmake_args': None, 'build_base': '/home/ubuntu/odrv_ws/build/interfaces', 'catkin_cmake_args': None, 'catkin_skip_building_tests': False, 'cmake_args': None, 'cmake_clean_cache': False, 'cmake_clean_first': False, 'cmake_force_configure': False, 'cmake_target': None, 'cmake_target_skip_unavailable': False, 'install_base': '/home/ubuntu/odrv_ws/install/interfaces', 'merge_install': False, 'path': '/home/ubuntu/odrv_ws/src/interfaces', 'symlink_install': False, 'test_result_base': None}
[0.800s] INFO:colcon.colcon_core.executor:Executing jobs using 'parallel' executor
[0.808s] DEBUG:colcon.colcon_parallel_executor.executor.parallel:run_until_complete
[0.809s] INFO:colcon.colcon_ros.task.ament_cmake.build:Building ROS package in '/home/ubuntu/odrv_ws/src/interfaces' with build type 'ament_cmake'
[0.810s] INFO:colcon.colcon_cmake.task.cmake.build:Building CMake package in '/home/ubuntu/odrv_ws/src/interfaces'
[0.826s] INFO:colcon.colcon_core.plugin_system:Skipping extension 'colcon_core.shell.bat': Not used on non-Windows systems
[0.827s] INFO:colcon.colcon_core.shell:Skip shell extension 'powershell' for command environment: Not usable outside of PowerShell
[0.828s] DEBUG:colcon.colcon_core.shell:Skip shell extension 'dsv' for command environment
[0.887s] DEBUG:colcon.colcon_core.event_handler.log_command:Invoking command in '/home/ubuntu/odrv_ws/build/interfaces': CMAKE_PREFIX_PATH=/opt/ros/foxy /usr/bin/cmake --build /home/ubuntu/odrv_ws/build/interfaces -- -j4 -l4
[10.005s] DEBUG:colcon.colcon_core.event_handler.log_command:Invoked command in '/home/ubuntu/odrv_ws/build/interfaces' returned '0': CMAKE_PREFIX_PATH=/opt/ros/foxy /usr/bin/cmake --build /home/ubuntu/odrv_ws/build/interfaces -- -j4 -l4
[10.375s] DEBUG:colcon.colcon_core.event_handler.log_command:Invoking command in '/home/ubuntu/odrv_ws/build/interfaces': CMAKE_PREFIX_PATH=/opt/ros/foxy /usr/bin/cmake --install /home/ubuntu/odrv_ws/build/interfaces
[10.698s] Level 1:colcon.colcon_core.environment:create_environment_scripts_only(interfaces)
[10.701s] DEBUG:colcon.colcon_core.event_handler.log_command:Invoked command in '/home/ubuntu/odrv_ws/build/interfaces' returned '0': CMAKE_PREFIX_PATH=/opt/ros/foxy /usr/bin/cmake --install /home/ubuntu/odrv_ws/build/interfaces
[10.725s] Level 1:colcon.colcon_core.environment:checking '/home/ubuntu/odrv_ws/install/interfaces' for CMake module files
[10.728s] Level 1:colcon.colcon_core.environment:checking '/home/ubuntu/odrv_ws/install/interfaces' for CMake config files
[10.731s] Level 1:colcon.colcon_core.shell:create_environment_hook('interfaces', 'cmake_prefix_path')
[10.733s] INFO:colcon.colcon_core.shell:Creating environment hook '/home/ubuntu/odrv_ws/install/interfaces/share/interfaces/hook/cmake_prefix_path.ps1'
[10.736s] INFO:colcon.colcon_core.shell:Creating environment descriptor '/home/ubuntu/odrv_ws/install/interfaces/share/interfaces/hook/cmake_prefix_path.dsv'
[10.738s] INFO:colcon.colcon_core.shell:Creating environment hook '/home/ubuntu/odrv_ws/install/interfaces/share/interfaces/hook/cmake_prefix_path.sh'
[10.742s] Level 1:colcon.colcon_core.environment:checking '/home/ubuntu/odrv_ws/install/interfaces/lib'
[10.743s] Level 1:colcon.colcon_core.shell:create_environment_hook('interfaces', 'ld_library_path_lib')
[10.745s] INFO:colcon.colcon_core.shell:Creating environment hook '/home/ubuntu/odrv_ws/install/interfaces/share/interfaces/hook/ld_library_path_lib.ps1'
[10.746s] INFO:colcon.colcon_core.shell:Creating environment descriptor '/home/ubuntu/odrv_ws/install/interfaces/share/interfaces/hook/ld_library_path_lib.dsv'
[10.749s] INFO:colcon.colcon_core.shell:Creating environment hook '/home/ubuntu/odrv_ws/install/interfaces/share/interfaces/hook/ld_library_path_lib.sh'
[10.751s] Level 1:colcon.colcon_core.environment:checking '/home/ubuntu/odrv_ws/install/interfaces/bin'
[10.751s] Level 1:colcon.colcon_core.environment:checking '/home/ubuntu/odrv_ws/install/interfaces/lib/pkgconfig/interfaces.pc'
[10.751s] Level 1:colcon.colcon_core.environment:checking '/home/ubuntu/odrv_ws/install/interfaces/lib/python3.8/site-packages'
[10.752s] Level 1:colcon.colcon_core.shell:create_environment_hook('interfaces', 'pythonpath')
[10.754s] INFO:colcon.colcon_core.shell:Creating environment hook '/home/ubuntu/odrv_ws/install/interfaces/share/interfaces/hook/pythonpath.ps1'
[10.755s] INFO:colcon.colcon_core.shell:Creating environment descriptor '/home/ubuntu/odrv_ws/install/interfaces/share/interfaces/hook/pythonpath.dsv'
[10.757s] INFO:colcon.colcon_core.shell:Creating environment hook '/home/ubuntu/odrv_ws/install/interfaces/share/interfaces/hook/pythonpath.sh'
[10.761s] INFO:colcon.colcon_core.shell:Creating package script '/home/ubuntu/odrv_ws/install/interfaces/share/interfaces/package.ps1'
[10.765s] INFO:colcon.colcon_core.shell:Creating package descriptor '/home/ubuntu/odrv_ws/install/interfaces/share/interfaces/package.dsv'
[10.767s] INFO:colcon.colcon_core.shell:Creating package script '/home/ubuntu/odrv_ws/install/interfaces/share/interfaces/package.sh'
[10.771s] INFO:colcon.colcon_core.shell:Creating package script '/home/ubuntu/odrv_ws/install/interfaces/share/interfaces/package.bash'
[10.774s] INFO:colcon.colcon_core.shell:Creating package script '/home/ubuntu/odrv_ws/install/interfaces/share/interfaces/package.zsh'
[10.777s] Level 1:colcon.colcon_core.environment:create_file_with_runtime_dependencies(/home/ubuntu/odrv_ws/install/interfaces/share/colcon-core/packages/interfaces)
[11.085s] Level 1:colcon.colcon_core.environment:create_environment_scripts_only(interfaces)
[11.090s] Level 1:colcon.colcon_core.environment:checking '/home/ubuntu/odrv_ws/install/interfaces' for CMake module files
[11.095s] Level 1:colcon.colcon_core.environment:checking '/home/ubuntu/odrv_ws/install/interfaces' for CMake config files
[11.098s] Level 1:colcon.colcon_core.shell:create_environment_hook('interfaces', 'cmake_prefix_path')
[11.100s] INFO:colcon.colcon_core.shell:Creating environment hook '/home/ubuntu/odrv_ws/install/interfaces/share/interfaces/hook/cmake_prefix_path.ps1'
[11.102s] INFO:colcon.colcon_core.shell:Creating environment descriptor '/home/ubuntu/odrv_ws/install/interfaces/share/interfaces/hook/cmake_prefix_path.dsv'
[11.104s] INFO:colcon.colcon_core.shell:Creating environment hook '/home/ubuntu/odrv_ws/install/interfaces/share/interfaces/hook/cmake_prefix_path.sh'
[11.107s] Level 1:colcon.colcon_core.environment:checking '/home/ubuntu/odrv_ws/install/interfaces/lib'
[11.107s] Level 1:colcon.colcon_core.shell:create_environment_hook('interfaces', 'ld_library_path_lib')
[11.109s] INFO:colcon.colcon_core.shell:Creating environment hook '/home/ubuntu/odrv_ws/install/interfaces/share/interfaces/hook/ld_library_path_lib.ps1'
[11.111s] INFO:colcon.colcon_core.shell:Creating environment descriptor '/home/ubuntu/odrv_ws/install/interfaces/share/interfaces/hook/ld_library_path_lib.dsv'
[11.113s] INFO:colcon.colcon_core.shell:Creating environment hook '/home/ubuntu/odrv_ws/install/interfaces/share/interfaces/hook/ld_library_path_lib.sh'
[11.115s] Level 1:colcon.colcon_core.environment:checking '/home/ubuntu/odrv_ws/install/interfaces/bin'
[11.115s] Level 1:colcon.colcon_core.environment:checking '/home/ubuntu/odrv_ws/install/interfaces/lib/pkgconfig/interfaces.pc'
[11.115s] Level 1:colcon.colcon_core.environment:checking '/home/ubuntu/odrv_ws/install/interfaces/lib/python3.8/site-packages'
[11.115s] Level 1:colcon.colcon_core.shell:create_environment_hook('interfaces', 'pythonpath')
[11.117s] INFO:colcon.colcon_core.shell:Creating environment hook '/home/ubuntu/odrv_ws/install/interfaces/share/interfaces/hook/pythonpath.ps1'
[11.120s] INFO:colcon.colcon_core.shell:Creating environment descriptor '/home/ubuntu/odrv_ws/install/interfaces/share/interfaces/hook/pythonpath.dsv'
[11.122s] INFO:colcon.colcon_core.shell:Creating environment hook '/home/ubuntu/odrv_ws/install/interfaces/share/interfaces/hook/pythonpath.sh'
[11.126s] INFO:colcon.colcon_core.shell:Creating package script '/home/ubuntu/odrv_ws/install/interfaces/share/interfaces/package.ps1'
[11.132s] INFO:colcon.colcon_core.shell:Creating package descriptor '/home/ubuntu/odrv_ws/install/interfaces/share/interfaces/package.dsv'
[11.138s] INFO:colcon.colcon_core.shell:Creating package script '/home/ubuntu/odrv_ws/install/interfaces/share/interfaces/package.sh'
[11.140s] INFO:colcon.colcon_core.shell:Creating package script '/home/ubuntu/odrv_ws/install/interfaces/share/interfaces/package.bash'
[11.142s] INFO:colcon.colcon_core.shell:Creating package script '/home/ubuntu/odrv_ws/install/interfaces/share/interfaces/package.zsh'
[11.145s] Level 1:colcon.colcon_core.environment:create_file_with_runtime_dependencies(/home/ubuntu/odrv_ws/install/interfaces/share/colcon-core/packages/interfaces)
[11.146s] DEBUG:colcon.colcon_parallel_executor.executor.parallel:closing loop
[11.147s] DEBUG:colcon.colcon_parallel_executor.executor.parallel:loop closed
[11.147s] DEBUG:colcon.colcon_parallel_executor.executor.parallel:run_until_complete finished with '0'
[11.148s] DEBUG:colcon.colcon_core.event_reactor:joining thread
[11.181s] INFO:colcon.colcon_core.plugin_system:Skipping extension 'colcon_notification.desktop_notification.terminal_notifier': Not used on non-Darwin systems
[11.182s] INFO:colcon.colcon_core.plugin_system:Skipping extension 'colcon_notification.desktop_notification.win32': Not used on non-Windows systems
[11.182s] INFO:colcon.colcon_notification.desktop_notification:Sending desktop notification using 'notify2'
[11.253s] DEBUG:colcon.colcon_core.event_reactor:joined thread
[11.255s] INFO:colcon.colcon_core.shell:Creating prefix script '/home/ubuntu/odrv_ws/install/local_setup.ps1'
[11.260s] INFO:colcon.colcon_core.shell:Creating prefix util module '/home/ubuntu/odrv_ws/install/_local_setup_util_ps1.py'
[11.268s] INFO:colcon.colcon_core.shell:Creating prefix chain script '/home/ubuntu/odrv_ws/install/setup.ps1'
[11.277s] INFO:colcon.colcon_core.shell:Creating prefix script '/home/ubuntu/odrv_ws/install/local_setup.sh'
[11.280s] INFO:colcon.colcon_core.shell:Creating prefix util module '/home/ubuntu/odrv_ws/install/_local_setup_util_sh.py'
[11.283s] INFO:colcon.colcon_core.shell:Creating prefix chain script '/home/ubuntu/odrv_ws/install/setup.sh'
[11.288s] INFO:colcon.colcon_core.shell:Creating prefix script '/home/ubuntu/odrv_ws/install/local_setup.bash'
[11.291s] INFO:colcon.colcon_core.shell:Creating prefix chain script '/home/ubuntu/odrv_ws/install/setup.bash'
[11.297s] INFO:colcon.colcon_core.shell:Creating prefix script '/home/ubuntu/odrv_ws/install/local_setup.zsh'
[11.300s] INFO:colcon.colcon_core.shell:Creating prefix chain script '/home/ubuntu/odrv_ws/install/setup.zsh'
