[3.396s] Invoking command in '/home/ubuntu/odrv_ws/src/srvcli': CMAKE_PREFIX_PATH=/home/ubuntu/odrv_ws/install/interfaces:/home/ubuntu/odrv_ws/install/turtlesim LD_LIBRARY_PATH=/home/ubuntu/odrv_ws/install/interfaces/lib:/home/ubuntu/odrv_ws/install/turtlesim/lib:/opt/ros/foxy/opt/yaml_cpp_vendor/lib:/opt/ros/foxy/opt/rviz_ogre_vendor/lib:/opt/ros/foxy/lib/aarch64-linux-gnu:/opt/ros/foxy/lib PYTHONPATH=/home/ubuntu/odrv_ws/install/srvcli/lib/python3.8/site-packages:/home/ubuntu/odrv_ws/install/interfaces/lib/python3.8/site-packages:/home/ubuntu/odrv_ws/install/turtlesim/lib/python3.8/site-packages:/home/ubuntu/odrv_ws/install/srvcli/lib/python3.8/site-packages:/home/ubuntu/odrv_ws/install/py_srvcli/lib/python3.8/site-packages:/opt/ros/foxy/lib/python3.8/site-packages /usr/bin/python3 setup.py egg_info --egg-base ../../build/srvcli build --build-base /home/ubuntu/odrv_ws/build/srvcli/build install --prefix /home/ubuntu/odrv_ws/install/srvcli --record /home/ubuntu/odrv_ws/build/srvcli/install.log --single-version-externally-managed
[4.302s] running egg_info
[4.304s] writing ../../build/srvcli/srvcli.egg-info/PKG-INFO
[4.305s] writing dependency_links to ../../build/srvcli/srvcli.egg-info/dependency_links.txt
[4.305s] writing entry points to ../../build/srvcli/srvcli.egg-info/entry_points.txt
[4.306s] writing requirements to ../../build/srvcli/srvcli.egg-info/requires.txt
[4.307s] writing top-level names to ../../build/srvcli/srvcli.egg-info/top_level.txt
[4.432s] reading manifest file '../../build/srvcli/srvcli.egg-info/SOURCES.txt'
[4.435s] writing manifest file '../../build/srvcli/srvcli.egg-info/SOURCES.txt'
[4.435s] running build
[4.436s] running build_py
[4.436s] copying srvcli/service_member_function.py -> /home/ubuntu/odrv_ws/build/srvcli/build/lib/srvcli
[4.438s] running install
[4.441s] running install_lib
[4.445s] copying /home/ubuntu/odrv_ws/build/srvcli/build/lib/srvcli/service_member_function.py -> /home/ubuntu/odrv_ws/install/srvcli/lib/python3.8/site-packages/srvcli
[4.447s] byte-compiling /home/ubuntu/odrv_ws/install/srvcli/lib/python3.8/site-packages/srvcli/service_member_function.py to service_member_function.cpython-38.pyc
[4.454s] running install_data
[4.456s] running install_egg_info
[4.462s] removing '/home/ubuntu/odrv_ws/install/srvcli/lib/python3.8/site-packages/srvcli-0.0.0-py3.8.egg-info' (and everything under it)
[4.463s] Copying ../../build/srvcli/srvcli.egg-info to /home/ubuntu/odrv_ws/install/srvcli/lib/python3.8/site-packages/srvcli-0.0.0-py3.8.egg-info
[4.467s] running install_scripts
[4.527s] Installing client script to /home/ubuntu/odrv_ws/install/srvcli/lib/srvcli
[4.528s] Installing service script to /home/ubuntu/odrv_ws/install/srvcli/lib/srvcli
[4.529s] writing list of installed files to '/home/ubuntu/odrv_ws/build/srvcli/install.log'
[4.625s] Invoked command in '/home/ubuntu/odrv_ws/src/srvcli' returned '0': CMAKE_PREFIX_PATH=/home/ubuntu/odrv_ws/install/interfaces:/home/ubuntu/odrv_ws/install/turtlesim LD_LIBRARY_PATH=/home/ubuntu/odrv_ws/install/interfaces/lib:/home/ubuntu/odrv_ws/install/turtlesim/lib:/opt/ros/foxy/opt/yaml_cpp_vendor/lib:/opt/ros/foxy/opt/rviz_ogre_vendor/lib:/opt/ros/foxy/lib/aarch64-linux-gnu:/opt/ros/foxy/lib PYTHONPATH=/home/ubuntu/odrv_ws/install/srvcli/lib/python3.8/site-packages:/home/ubuntu/odrv_ws/install/interfaces/lib/python3.8/site-packages:/home/ubuntu/odrv_ws/install/turtlesim/lib/python3.8/site-packages:/home/ubuntu/odrv_ws/install/srvcli/lib/python3.8/site-packages:/home/ubuntu/odrv_ws/install/py_srvcli/lib/python3.8/site-packages:/opt/ros/foxy/lib/python3.8/site-packages /usr/bin/python3 setup.py egg_info --egg-base ../../build/srvcli build --build-base /home/ubuntu/odrv_ws/build/srvcli/build install --prefix /home/ubuntu/odrv_ws/install/srvcli --record /home/ubuntu/odrv_ws/build/srvcli/install.log --single-version-externally-managed
