[0.000000] (-) TimerEvent: {}
[0.001029] (srvcli) JobQueued: {'identifier': 'srvcli', 'dependencies': OrderedDict()}
[0.001970] (srvcli) JobStarted: {'identifier': 'srvcli'}
[0.099208] (-) TimerEvent: {}
[0.200162] (-) TimerEvent: {}
[0.300974] (-) TimerEvent: {}
[0.401659] (-) TimerEvent: {}
[0.502328] (-) TimerEvent: {}
[0.602980] (-) TimerEvent: {}
[0.703616] (-) TimerEvent: {}
[0.804286] (-) TimerEvent: {}
[0.905009] (-) TimerEvent: {}
[1.005706] (-) TimerEvent: {}
[1.106384] (-) TimerEvent: {}
[1.207031] (-) TimerEvent: {}
[1.307698] (-) TimerEvent: {}
[1.408528] (-) TimerEvent: {}
[1.509697] (-) TimerEvent: {}
[1.511716] (srvcli) StderrLine: {'line': b'Traceback (most recent call last):\n  File "/usr/lib/python3/dist-packages/colcon_core/executor/__init__.py", line 91, in __call__\n    rc = await self.task(*args, **kwargs)\n  File "/usr/lib/python3/dist-packages/colcon_core/task/__init__.py", line 93, in __call__\n    return await task_method(*args, **kwargs)\n  File "/usr/lib/python3/dist-packages/colcon_ros/task/ament_python/build.py", line 51, in build\n    setup_py_data = get_setup_data(self.context.pkg, env)\n  File "/usr/lib/python3/dist-packages/colcon_core/task/python/__init__.py", line 20, in get_setup_data\n    return dict(pkg.metadata[key](env))\n  File "/usr/lib/python3/dist-packages/colcon_ros/package_augmentation/ros_ament_python.py", line 57, in getter\n    return get_setup_information(\n  File "/usr/lib/python3/dist-packages/colcon_python_setup_py/package_identification/python_setup_py.py", line 241, in get_setup_information\n    _setup_information_cache[hashable_env] = _get_setup_information(\n  File "/usr/lib/python3/dist-packages/colcon_python_setup_py/package_identification/python_setup_py.py", line 281, in _get_setup_information\n    result = subprocess.run(\n  File "/usr/lib/python3.8/subprocess.py", line 516, in run\n    raise CalledProcessError(retcode, process.args,\nsubprocess.CalledProcessError: Command \'[\'/usr/bin/python3\', \'-c\', "import sys;from setuptools.extern.packaging.specifiers import SpecifierSet;from distutils.core import run_setup;dist = run_setup(    \'setup.py\', script_args=(\'--dry-run\',), stop_after=\'config\');skip_keys = (\'cmdclass\', \'distclass\', \'ext_modules\', \'metadata\');data = {    key: value for key, value in dist.__dict__.items()     if (        not key.startswith(\'_\') and         not callable(value) and         key not in skip_keys and         key not in dist.display_option_names    )};data[\'metadata\'] = {    k: v for k, v in dist.metadata.__dict__.items()     if k not in (\'license_files\', \'provides_extras\')};sys.stdout.buffer.write(repr(data).encode(\'utf-8\'))"]\' returned non-zero exit status 1.\n'}
[1.514694] (srvcli) JobEnded: {'identifier': 'srvcli', 'rc': 1}
[1.524852] (-) EventReactorShutdown: {}
