[1.141s] Invoking command in '/home/ubuntu/odrv_ws/build/turtlesim': /usr/bin/cmake --build /home/ubuntu/odrv_ws/build/turtlesim -- -j4 -l4
[1.357s] [  1%] Built target turtlesim__cpp
[1.375s] [ 11%] Built target turtlesim__rosidl_generator_c
[1.527s] [ 21%] Built target turtlesim__rosidl_typesupport_introspection_cpp
[1.542s] [ 31%] Built target turtlesim__rosidl_typesupport_cpp
[1.559s] [ 41%] Built target turtlesim__rosidl_typesupport_c
[1.612s] [ 51%] Built target turtlesim__rosidl_typesupport_fastrtps_cpp
[1.684s] [ 61%] Built target turtlesim__rosidl_typesupport_introspection_c
[1.792s] [ 71%] Built target turtlesim__rosidl_typesupport_fastrtps_c
[1.928s] [ 71%] Built target turtlesim
[2.106s] [ 72%] Built target turtlesim__py
[2.113s] [ 74%] Built target mimic
[2.139s] [ 76%] Built target draw_square
[2.190s] [ 78%] Built target turtle_teleop_key
[2.284s] [ 87%] Built target turtlesim__python
[2.406s] [ 93%] Built target turtlesim_node
[2.615s] [ 95%] Built target turtlesim__rosidl_typesupport_introspection_c__pyext
[2.716s] [ 97%] Built target turtlesim__rosidl_typesupport_fastrtps_c__pyext
[2.765s] [100%] Built target turtlesim__rosidl_typesupport_c__pyext
[2.949s] Invoked command in '/home/ubuntu/odrv_ws/build/turtlesim' returned '0': /usr/bin/cmake --build /home/ubuntu/odrv_ws/build/turtlesim -- -j4 -l4
[5.373s] Invoking command in '/home/ubuntu/odrv_ws/build/turtlesim': /usr/bin/cmake --install /home/ubuntu/odrv_ws/build/turtlesim
[5.411s] -- Install configuration: ""
[5.413s] -- Up-to-date: /home/ubuntu/odrv_ws/install/turtlesim/share/ament_index/resource_index/rosidl_interfaces/turtlesim
[5.414s] -- Up-to-date: /home/ubuntu/odrv_ws/install/turtlesim/include/turtlesim
[5.417s] -- Up-to-date: /home/ubuntu/odrv_ws/install/turtlesim/include/turtlesim/action
[5.419s] -- Up-to-date: /home/ubuntu/odrv_ws/install/turtlesim/include/turtlesim/action/detail
[5.421s] -- Up-to-date: /home/ubuntu/odrv_ws/install/turtlesim/include/turtlesim/action/detail/rotate_absolute__functions.c
[5.424s] -- Up-to-date: /home/ubuntu/odrv_ws/install/turtlesim/include/turtlesim/action/detail/rotate_absolute__functions.h
[5.425s] -- Up-to-date: /home/ubuntu/odrv_ws/install/turtlesim/include/turtlesim/action/detail/rotate_absolute__type_support.h
[5.426s] -- Up-to-date: /home/ubuntu/odrv_ws/install/turtlesim/include/turtlesim/action/detail/rotate_absolute__struct.h
[5.427s] -- Up-to-date: /home/ubuntu/odrv_ws/install/turtlesim/include/turtlesim/action/rotate_absolute.h
[5.429s] -- Up-to-date: /home/ubuntu/odrv_ws/install/turtlesim/include/turtlesim/msg
[5.434s] -- Up-to-date: /home/ubuntu/odrv_ws/install/turtlesim/include/turtlesim/msg/rosidl_generator_c__visibility_control.h
[5.435s] -- Up-to-date: /home/ubuntu/odrv_ws/install/turtlesim/include/turtlesim/msg/detail
[5.440s] -- Up-to-date: /home/ubuntu/odrv_ws/install/turtlesim/include/turtlesim/msg/detail/color__functions.h
[5.442s] -- Up-to-date: /home/ubuntu/odrv_ws/install/turtlesim/include/turtlesim/msg/detail/pose__functions.c
[5.443s] -- Up-to-date: /home/ubuntu/odrv_ws/install/turtlesim/include/turtlesim/msg/detail/color__type_support.h
[5.444s] -- Up-to-date: /home/ubuntu/odrv_ws/install/turtlesim/include/turtlesim/msg/detail/color__struct.h
[5.445s] -- Up-to-date: /home/ubuntu/odrv_ws/install/turtlesim/include/turtlesim/msg/detail/color__functions.c
[5.447s] -- Up-to-date: /home/ubuntu/odrv_ws/install/turtlesim/include/turtlesim/msg/detail/pose__struct.h
[5.449s] -- Up-to-date: /home/ubuntu/odrv_ws/install/turtlesim/include/turtlesim/msg/detail/pose__type_support.h
[5.450s] -- Up-to-date: /home/ubuntu/odrv_ws/install/turtlesim/include/turtlesim/msg/detail/pose__functions.h
[5.452s] -- Up-to-date: /home/ubuntu/odrv_ws/install/turtlesim/include/turtlesim/msg/color.h
[5.454s] -- Up-to-date: /home/ubuntu/odrv_ws/install/turtlesim/include/turtlesim/msg/pose.h
[5.455s] -- Up-to-date: /home/ubuntu/odrv_ws/install/turtlesim/include/turtlesim/srv
[5.456s] -- Up-to-date: /home/ubuntu/odrv_ws/install/turtlesim/include/turtlesim/srv/detail
[5.456s] -- Up-to-date: /home/ubuntu/odrv_ws/install/turtlesim/include/turtlesim/srv/detail/kill__struct.h
[5.457s] -- Up-to-date: /home/ubuntu/odrv_ws/install/turtlesim/include/turtlesim/srv/detail/teleport_absolute__functions.h
[5.458s] -- Up-to-date: /home/ubuntu/odrv_ws/install/turtlesim/include/turtlesim/srv/detail/set_pen__struct.h
[5.462s] -- Up-to-date: /home/ubuntu/odrv_ws/install/turtlesim/include/turtlesim/srv/detail/teleport_relative__type_support.h
[5.464s] -- Up-to-date: /home/ubuntu/odrv_ws/install/turtlesim/include/turtlesim/srv/detail/spawn__functions.c
[5.466s] -- Up-to-date: /home/ubuntu/odrv_ws/install/turtlesim/include/turtlesim/srv/detail/set_pen__functions.h
[5.468s] -- Up-to-date: /home/ubuntu/odrv_ws/install/turtlesim/include/turtlesim/srv/detail/teleport_relative__functions.h
[5.470s] -- Up-to-date: /home/ubuntu/odrv_ws/install/turtlesim/include/turtlesim/srv/detail/set_pen__type_support.h
[5.471s] -- Up-to-date: /home/ubuntu/odrv_ws/install/turtlesim/include/turtlesim/srv/detail/kill__functions.h
[5.472s] -- Up-to-date: /home/ubuntu/odrv_ws/install/turtlesim/include/turtlesim/srv/detail/teleport_relative__functions.c
[5.474s] -- Up-to-date: /home/ubuntu/odrv_ws/install/turtlesim/include/turtlesim/srv/detail/spawn__struct.h
[5.476s] -- Up-to-date: /home/ubuntu/odrv_ws/install/turtlesim/include/turtlesim/srv/detail/spawn__functions.h
[5.477s] -- Up-to-date: /home/ubuntu/odrv_ws/install/turtlesim/include/turtlesim/srv/detail/kill__type_support.h
[5.480s] -- Up-to-date: /home/ubuntu/odrv_ws/install/turtlesim/include/turtlesim/srv/detail/spawn__type_support.h
[5.483s] -- Up-to-date: /home/ubuntu/odrv_ws/install/turtlesim/include/turtlesim/srv/detail/teleport_relative__struct.h
[5.484s] -- Up-to-date: /home/ubuntu/odrv_ws/install/turtlesim/include/turtlesim/srv/detail/teleport_absolute__type_support.h
[5.485s] -- Up-to-date: /home/ubuntu/odrv_ws/install/turtlesim/include/turtlesim/srv/detail/kill__functions.c
[5.486s] -- Up-to-date: /home/ubuntu/odrv_ws/install/turtlesim/include/turtlesim/srv/detail/teleport_absolute__struct.h
[5.487s] -- Up-to-date: /home/ubuntu/odrv_ws/install/turtlesim/include/turtlesim/srv/detail/teleport_absolute__functions.c
[5.489s] -- Up-to-date: /home/ubuntu/odrv_ws/install/turtlesim/include/turtlesim/srv/detail/set_pen__functions.c
[5.490s] -- Up-to-date: /home/ubuntu/odrv_ws/install/turtlesim/include/turtlesim/srv/spawn.h
[5.491s] -- Up-to-date: /home/ubuntu/odrv_ws/install/turtlesim/include/turtlesim/srv/teleport_absolute.h
[5.493s] -- Up-to-date: /home/ubuntu/odrv_ws/install/turtlesim/include/turtlesim/srv/teleport_relative.h
[5.494s] -- Up-to-date: /home/ubuntu/odrv_ws/install/turtlesim/include/turtlesim/srv/set_pen.h
[5.495s] -- Up-to-date: /home/ubuntu/odrv_ws/install/turtlesim/include/turtlesim/srv/kill.h
[5.496s] -- Up-to-date: /home/ubuntu/odrv_ws/install/turtlesim/share/turtlesim/environment/library_path.sh
[5.497s] -- Up-to-date: /home/ubuntu/odrv_ws/install/turtlesim/share/turtlesim/environment/library_path.dsv
[5.498s] -- Up-to-date: /home/ubuntu/odrv_ws/install/turtlesim/lib/libturtlesim__rosidl_generator_c.so
[5.499s] -- Up-to-date: /home/ubuntu/odrv_ws/install/turtlesim/include/turtlesim
[5.500s] -- Up-to-date: /home/ubuntu/odrv_ws/install/turtlesim/include/turtlesim/action
[5.501s] -- Up-to-date: /home/ubuntu/odrv_ws/install/turtlesim/include/turtlesim/action/detail
[5.502s] -- Up-to-date: /home/ubuntu/odrv_ws/install/turtlesim/include/turtlesim/action/detail/rotate_absolute__rosidl_typesupport_fastrtps_c.h
[5.503s] -- Up-to-date: /home/ubuntu/odrv_ws/install/turtlesim/include/turtlesim/msg
[5.504s] -- Up-to-date: /home/ubuntu/odrv_ws/install/turtlesim/include/turtlesim/msg/detail
[5.505s] -- Up-to-date: /home/ubuntu/odrv_ws/install/turtlesim/include/turtlesim/msg/detail/pose__rosidl_typesupport_fastrtps_c.h
[5.507s] -- Up-to-date: /home/ubuntu/odrv_ws/install/turtlesim/include/turtlesim/msg/detail/color__rosidl_typesupport_fastrtps_c.h
[5.508s] -- Up-to-date: /home/ubuntu/odrv_ws/install/turtlesim/include/turtlesim/msg/rosidl_typesupport_fastrtps_c__visibility_control.h
[5.509s] -- Up-to-date: /home/ubuntu/odrv_ws/install/turtlesim/include/turtlesim/srv
[5.510s] -- Up-to-date: /home/ubuntu/odrv_ws/install/turtlesim/include/turtlesim/srv/detail
[5.511s] -- Up-to-date: /home/ubuntu/odrv_ws/install/turtlesim/include/turtlesim/srv/detail/spawn__rosidl_typesupport_fastrtps_c.h
[5.512s] -- Up-to-date: /home/ubuntu/odrv_ws/install/turtlesim/include/turtlesim/srv/detail/teleport_relative__rosidl_typesupport_fastrtps_c.h
[5.514s] -- Up-to-date: /home/ubuntu/odrv_ws/install/turtlesim/include/turtlesim/srv/detail/kill__rosidl_typesupport_fastrtps_c.h
[5.515s] -- Up-to-date: /home/ubuntu/odrv_ws/install/turtlesim/include/turtlesim/srv/detail/set_pen__rosidl_typesupport_fastrtps_c.h
[5.515s] -- Up-to-date: /home/ubuntu/odrv_ws/install/turtlesim/include/turtlesim/srv/detail/teleport_absolute__rosidl_typesupport_fastrtps_c.h
[5.516s] -- Up-to-date: /home/ubuntu/odrv_ws/install/turtlesim/lib/libturtlesim__rosidl_typesupport_fastrtps_c.so
[5.517s] -- Up-to-date: /home/ubuntu/odrv_ws/install/turtlesim/include/turtlesim
[5.518s] -- Up-to-date: /home/ubuntu/odrv_ws/install/turtlesim/include/turtlesim/action
[5.519s] -- Up-to-date: /home/ubuntu/odrv_ws/install/turtlesim/include/turtlesim/action/detail
[5.520s] -- Up-to-date: /home/ubuntu/odrv_ws/install/turtlesim/include/turtlesim/action/detail/dds_fastrtps
[5.521s] -- Up-to-date: /home/ubuntu/odrv_ws/install/turtlesim/include/turtlesim/action/detail/rotate_absolute__rosidl_typesupport_fastrtps_cpp.hpp
[5.522s] -- Up-to-date: /home/ubuntu/odrv_ws/install/turtlesim/include/turtlesim/msg
[5.523s] -- Up-to-date: /home/ubuntu/odrv_ws/install/turtlesim/include/turtlesim/msg/detail
[5.524s] -- Up-to-date: /home/ubuntu/odrv_ws/install/turtlesim/include/turtlesim/msg/detail/dds_fastrtps
[5.525s] -- Up-to-date: /home/ubuntu/odrv_ws/install/turtlesim/include/turtlesim/msg/detail/color__rosidl_typesupport_fastrtps_cpp.hpp
[5.526s] -- Up-to-date: /home/ubuntu/odrv_ws/install/turtlesim/include/turtlesim/msg/detail/pose__rosidl_typesupport_fastrtps_cpp.hpp
[5.527s] -- Up-to-date: /home/ubuntu/odrv_ws/install/turtlesim/include/turtlesim/msg/rosidl_typesupport_fastrtps_cpp__visibility_control.h
[5.528s] -- Up-to-date: /home/ubuntu/odrv_ws/install/turtlesim/include/turtlesim/srv
[5.529s] -- Up-to-date: /home/ubuntu/odrv_ws/install/turtlesim/include/turtlesim/srv/detail
[5.531s] -- Up-to-date: /home/ubuntu/odrv_ws/install/turtlesim/include/turtlesim/srv/detail/kill__rosidl_typesupport_fastrtps_cpp.hpp
[5.532s] -- Up-to-date: /home/ubuntu/odrv_ws/install/turtlesim/include/turtlesim/srv/detail/spawn__rosidl_typesupport_fastrtps_cpp.hpp
[5.533s] -- Up-to-date: /home/ubuntu/odrv_ws/install/turtlesim/include/turtlesim/srv/detail/dds_fastrtps
[5.535s] -- Up-to-date: /home/ubuntu/odrv_ws/install/turtlesim/include/turtlesim/srv/detail/set_pen__rosidl_typesupport_fastrtps_cpp.hpp
[5.536s] -- Up-to-date: /home/ubuntu/odrv_ws/install/turtlesim/include/turtlesim/srv/detail/teleport_absolute__rosidl_typesupport_fastrtps_cpp.hpp
[5.537s] -- Up-to-date: /home/ubuntu/odrv_ws/install/turtlesim/include/turtlesim/srv/detail/teleport_relative__rosidl_typesupport_fastrtps_cpp.hpp
[5.537s] -- Up-to-date: /home/ubuntu/odrv_ws/install/turtlesim/lib/libturtlesim__rosidl_typesupport_fastrtps_cpp.so
[5.538s] -- Up-to-date: /home/ubuntu/odrv_ws/install/turtlesim/include/turtlesim
[5.539s] -- Up-to-date: /home/ubuntu/odrv_ws/install/turtlesim/include/turtlesim/action
[5.540s] -- Up-to-date: /home/ubuntu/odrv_ws/install/turtlesim/include/turtlesim/action/detail
[5.541s] -- Up-to-date: /home/ubuntu/odrv_ws/install/turtlesim/include/turtlesim/action/detail/rotate_absolute__type_support.c
[5.541s] -- Up-to-date: /home/ubuntu/odrv_ws/install/turtlesim/include/turtlesim/action/detail/rotate_absolute__rosidl_typesupport_introspection_c.h
[5.542s] -- Up-to-date: /home/ubuntu/odrv_ws/install/turtlesim/include/turtlesim/msg
[5.543s] -- Up-to-date: /home/ubuntu/odrv_ws/install/turtlesim/include/turtlesim/msg/rosidl_typesupport_introspection_c__visibility_control.h
[5.544s] -- Up-to-date: /home/ubuntu/odrv_ws/install/turtlesim/include/turtlesim/msg/detail
[5.545s] -- Up-to-date: /home/ubuntu/odrv_ws/install/turtlesim/include/turtlesim/msg/detail/pose__type_support.c
[5.546s] -- Up-to-date: /home/ubuntu/odrv_ws/install/turtlesim/include/turtlesim/msg/detail/color__rosidl_typesupport_introspection_c.h
[5.547s] -- Up-to-date: /home/ubuntu/odrv_ws/install/turtlesim/include/turtlesim/msg/detail/color__type_support.c
[5.548s] -- Up-to-date: /home/ubuntu/odrv_ws/install/turtlesim/include/turtlesim/msg/detail/pose__rosidl_typesupport_introspection_c.h
[5.549s] -- Up-to-date: /home/ubuntu/odrv_ws/install/turtlesim/include/turtlesim/srv
[5.550s] -- Up-to-date: /home/ubuntu/odrv_ws/install/turtlesim/include/turtlesim/srv/detail
[5.551s] -- Up-to-date: /home/ubuntu/odrv_ws/install/turtlesim/include/turtlesim/srv/detail/teleport_absolute__type_support.c
[5.552s] -- Up-to-date: /home/ubuntu/odrv_ws/install/turtlesim/include/turtlesim/srv/detail/kill__rosidl_typesupport_introspection_c.h
[5.554s] -- Up-to-date: /home/ubuntu/odrv_ws/install/turtlesim/include/turtlesim/srv/detail/teleport_absolute__rosidl_typesupport_introspection_c.h
[5.555s] -- Up-to-date: /home/ubuntu/odrv_ws/install/turtlesim/include/turtlesim/srv/detail/set_pen__type_support.c
[5.556s] -- Up-to-date: /home/ubuntu/odrv_ws/install/turtlesim/include/turtlesim/srv/detail/spawn__type_support.c
[5.557s] -- Up-to-date: /home/ubuntu/odrv_ws/install/turtlesim/include/turtlesim/srv/detail/teleport_relative__type_support.c
[5.558s] -- Up-to-date: /home/ubuntu/odrv_ws/install/turtlesim/include/turtlesim/srv/detail/kill__type_support.c
[5.559s] -- Up-to-date: /home/ubuntu/odrv_ws/install/turtlesim/include/turtlesim/srv/detail/teleport_relative__rosidl_typesupport_introspection_c.h
[5.560s] -- Up-to-date: /home/ubuntu/odrv_ws/install/turtlesim/include/turtlesim/srv/detail/spawn__rosidl_typesupport_introspection_c.h
[5.561s] -- Up-to-date: /home/ubuntu/odrv_ws/install/turtlesim/include/turtlesim/srv/detail/set_pen__rosidl_typesupport_introspection_c.h
[5.562s] -- Up-to-date: /home/ubuntu/odrv_ws/install/turtlesim/lib/libturtlesim__rosidl_typesupport_introspection_c.so
[5.564s] -- Up-to-date: /home/ubuntu/odrv_ws/install/turtlesim/lib/libturtlesim__rosidl_typesupport_c.so
[5.566s] -- Up-to-date: /home/ubuntu/odrv_ws/install/turtlesim/include/turtlesim
[5.568s] -- Up-to-date: /home/ubuntu/odrv_ws/install/turtlesim/include/turtlesim/action
[5.569s] -- Up-to-date: /home/ubuntu/odrv_ws/install/turtlesim/include/turtlesim/action/detail
[5.569s] -- Up-to-date: /home/ubuntu/odrv_ws/install/turtlesim/include/turtlesim/action/detail/rotate_absolute__traits.hpp
[5.570s] -- Up-to-date: /home/ubuntu/odrv_ws/install/turtlesim/include/turtlesim/action/detail/rotate_absolute__builder.hpp
[5.571s] -- Up-to-date: /home/ubuntu/odrv_ws/install/turtlesim/include/turtlesim/action/detail/rotate_absolute__struct.hpp
[5.573s] -- Up-to-date: /home/ubuntu/odrv_ws/install/turtlesim/include/turtlesim/action/rotate_absolute.hpp
[5.573s] -- Up-to-date: /home/ubuntu/odrv_ws/install/turtlesim/include/turtlesim/msg
[5.574s] -- Up-to-date: /home/ubuntu/odrv_ws/install/turtlesim/include/turtlesim/msg/color.hpp
[5.575s] -- Up-to-date: /home/ubuntu/odrv_ws/install/turtlesim/include/turtlesim/msg/detail
[5.576s] -- Up-to-date: /home/ubuntu/odrv_ws/install/turtlesim/include/turtlesim/msg/detail/color__struct.hpp
[5.577s] -- Up-to-date: /home/ubuntu/odrv_ws/install/turtlesim/include/turtlesim/msg/detail/pose__struct.hpp
[5.578s] -- Up-to-date: /home/ubuntu/odrv_ws/install/turtlesim/include/turtlesim/msg/detail/color__builder.hpp
[5.579s] -- Up-to-date: /home/ubuntu/odrv_ws/install/turtlesim/include/turtlesim/msg/detail/pose__traits.hpp
[5.580s] -- Up-to-date: /home/ubuntu/odrv_ws/install/turtlesim/include/turtlesim/msg/detail/color__traits.hpp
[5.581s] -- Up-to-date: /home/ubuntu/odrv_ws/install/turtlesim/include/turtlesim/msg/detail/pose__builder.hpp
[5.581s] -- Up-to-date: /home/ubuntu/odrv_ws/install/turtlesim/include/turtlesim/msg/pose.hpp
[5.583s] -- Up-to-date: /home/ubuntu/odrv_ws/install/turtlesim/include/turtlesim/srv
[5.584s] -- Up-to-date: /home/ubuntu/odrv_ws/install/turtlesim/include/turtlesim/srv/set_pen.hpp
[5.585s] -- Up-to-date: /home/ubuntu/odrv_ws/install/turtlesim/include/turtlesim/srv/detail
[5.588s] -- Up-to-date: /home/ubuntu/odrv_ws/install/turtlesim/include/turtlesim/srv/detail/set_pen__builder.hpp
[5.589s] -- Up-to-date: /home/ubuntu/odrv_ws/install/turtlesim/include/turtlesim/srv/detail/teleport_relative__builder.hpp
[5.590s] -- Up-to-date: /home/ubuntu/odrv_ws/install/turtlesim/include/turtlesim/srv/detail/teleport_absolute__builder.hpp
[5.591s] -- Up-to-date: /home/ubuntu/odrv_ws/install/turtlesim/include/turtlesim/srv/detail/teleport_relative__traits.hpp
[5.592s] -- Up-to-date: /home/ubuntu/odrv_ws/install/turtlesim/include/turtlesim/srv/detail/kill__builder.hpp
[5.593s] -- Up-to-date: /home/ubuntu/odrv_ws/install/turtlesim/include/turtlesim/srv/detail/set_pen__struct.hpp
[5.594s] -- Up-to-date: /home/ubuntu/odrv_ws/install/turtlesim/include/turtlesim/srv/detail/spawn__builder.hpp
[5.595s] -- Up-to-date: /home/ubuntu/odrv_ws/install/turtlesim/include/turtlesim/srv/detail/kill__traits.hpp
[5.596s] -- Up-to-date: /home/ubuntu/odrv_ws/install/turtlesim/include/turtlesim/srv/detail/teleport_absolute__struct.hpp
[5.597s] -- Up-to-date: /home/ubuntu/odrv_ws/install/turtlesim/include/turtlesim/srv/detail/spawn__traits.hpp
[5.598s] -- Up-to-date: /home/ubuntu/odrv_ws/install/turtlesim/include/turtlesim/srv/detail/kill__struct.hpp
[5.599s] -- Up-to-date: /home/ubuntu/odrv_ws/install/turtlesim/include/turtlesim/srv/detail/set_pen__traits.hpp
[5.600s] -- Up-to-date: /home/ubuntu/odrv_ws/install/turtlesim/include/turtlesim/srv/detail/teleport_relative__struct.hpp
[5.601s] -- Up-to-date: /home/ubuntu/odrv_ws/install/turtlesim/include/turtlesim/srv/detail/teleport_absolute__traits.hpp
[5.602s] -- Up-to-date: /home/ubuntu/odrv_ws/install/turtlesim/include/turtlesim/srv/detail/spawn__struct.hpp
[5.603s] -- Up-to-date: /home/ubuntu/odrv_ws/install/turtlesim/include/turtlesim/srv/spawn.hpp
[5.604s] -- Up-to-date: /home/ubuntu/odrv_ws/install/turtlesim/include/turtlesim/srv/teleport_relative.hpp
[5.605s] -- Up-to-date: /home/ubuntu/odrv_ws/install/turtlesim/include/turtlesim/srv/kill.hpp
[5.607s] -- Up-to-date: /home/ubuntu/odrv_ws/install/turtlesim/include/turtlesim/srv/teleport_absolute.hpp
[5.609s] -- Up-to-date: /home/ubuntu/odrv_ws/install/turtlesim/include/turtlesim
[5.611s] -- Up-to-date: /home/ubuntu/odrv_ws/install/turtlesim/include/turtlesim/action
[5.612s] -- Up-to-date: /home/ubuntu/odrv_ws/install/turtlesim/include/turtlesim/action/detail
[5.614s] -- Up-to-date: /home/ubuntu/odrv_ws/install/turtlesim/include/turtlesim/action/detail/rotate_absolute__type_support.cpp
[5.615s] -- Up-to-date: /home/ubuntu/odrv_ws/install/turtlesim/include/turtlesim/action/detail/rotate_absolute__rosidl_typesupport_introspection_cpp.hpp
[5.616s] -- Up-to-date: /home/ubuntu/odrv_ws/install/turtlesim/include/turtlesim/msg
[5.617s] -- Up-to-date: /home/ubuntu/odrv_ws/install/turtlesim/include/turtlesim/msg/detail
[5.618s] -- Up-to-date: /home/ubuntu/odrv_ws/install/turtlesim/include/turtlesim/msg/detail/pose__type_support.cpp
[5.619s] -- Up-to-date: /home/ubuntu/odrv_ws/install/turtlesim/include/turtlesim/msg/detail/color__type_support.cpp
[5.620s] -- Up-to-date: /home/ubuntu/odrv_ws/install/turtlesim/include/turtlesim/msg/detail/color__rosidl_typesupport_introspection_cpp.hpp
[5.621s] -- Up-to-date: /home/ubuntu/odrv_ws/install/turtlesim/include/turtlesim/msg/detail/pose__rosidl_typesupport_introspection_cpp.hpp
[5.622s] -- Up-to-date: /home/ubuntu/odrv_ws/install/turtlesim/include/turtlesim/srv
[5.623s] -- Up-to-date: /home/ubuntu/odrv_ws/install/turtlesim/include/turtlesim/srv/detail
[5.624s] -- Up-to-date: /home/ubuntu/odrv_ws/install/turtlesim/include/turtlesim/srv/detail/spawn__rosidl_typesupport_introspection_cpp.hpp
[5.625s] -- Up-to-date: /home/ubuntu/odrv_ws/install/turtlesim/include/turtlesim/srv/detail/teleport_relative__type_support.cpp
[5.626s] -- Up-to-date: /home/ubuntu/odrv_ws/install/turtlesim/include/turtlesim/srv/detail/kill__type_support.cpp
[5.627s] -- Up-to-date: /home/ubuntu/odrv_ws/install/turtlesim/include/turtlesim/srv/detail/set_pen__type_support.cpp
[5.628s] -- Up-to-date: /home/ubuntu/odrv_ws/install/turtlesim/include/turtlesim/srv/detail/spawn__type_support.cpp
[5.629s] -- Up-to-date: /home/ubuntu/odrv_ws/install/turtlesim/include/turtlesim/srv/detail/kill__rosidl_typesupport_introspection_cpp.hpp
[5.630s] -- Up-to-date: /home/ubuntu/odrv_ws/install/turtlesim/include/turtlesim/srv/detail/set_pen__rosidl_typesupport_introspection_cpp.hpp
[5.631s] -- Up-to-date: /home/ubuntu/odrv_ws/install/turtlesim/include/turtlesim/srv/detail/teleport_relative__rosidl_typesupport_introspection_cpp.hpp
[5.632s] -- Up-to-date: /home/ubuntu/odrv_ws/install/turtlesim/include/turtlesim/srv/detail/teleport_absolute__type_support.cpp
[5.633s] -- Up-to-date: /home/ubuntu/odrv_ws/install/turtlesim/include/turtlesim/srv/detail/teleport_absolute__rosidl_typesupport_introspection_cpp.hpp
[5.634s] -- Up-to-date: /home/ubuntu/odrv_ws/install/turtlesim/lib/libturtlesim__rosidl_typesupport_introspection_cpp.so
[5.635s] -- Up-to-date: /home/ubuntu/odrv_ws/install/turtlesim/lib/libturtlesim__rosidl_typesupport_cpp.so
[5.636s] -- Up-to-date: /home/ubuntu/odrv_ws/install/turtlesim/share/turtlesim/environment/pythonpath.sh
[5.637s] -- Up-to-date: /home/ubuntu/odrv_ws/install/turtlesim/share/turtlesim/environment/pythonpath.dsv
[5.638s] -- Up-to-date: /home/ubuntu/odrv_ws/install/turtlesim/lib/python3.8/site-packages/turtlesim/__init__.py
[5.680s] -- Up-to-date: /home/ubuntu/odrv_ws/install/turtlesim/lib/python3.8/site-packages/turtlesim/action
[5.683s] -- Up-to-date: /home/ubuntu/odrv_ws/install/turtlesim/lib/python3.8/site-packages/turtlesim/action/__init__.py
[5.685s] -- Up-to-date: /home/ubuntu/odrv_ws/install/turtlesim/lib/python3.8/site-packages/turtlesim/action/_rotate_absolute.py
[5.686s] -- Up-to-date: /home/ubuntu/odrv_ws/install/turtlesim/lib/python3.8/site-packages/turtlesim/action/_rotate_absolute_s.c
[5.688s] -- Up-to-date: /home/ubuntu/odrv_ws/install/turtlesim/lib/python3.8/site-packages/turtlesim/msg
[5.688s] -- Up-to-date: /home/ubuntu/odrv_ws/install/turtlesim/lib/python3.8/site-packages/turtlesim/msg/_pose.py
[5.689s] -- Up-to-date: /home/ubuntu/odrv_ws/install/turtlesim/lib/python3.8/site-packages/turtlesim/msg/_color_s.c
[5.690s] -- Up-to-date: /home/ubuntu/odrv_ws/install/turtlesim/lib/python3.8/site-packages/turtlesim/msg/__init__.py
[5.691s] -- Up-to-date: /home/ubuntu/odrv_ws/install/turtlesim/lib/python3.8/site-packages/turtlesim/msg/_color.py
[5.692s] -- Up-to-date: /home/ubuntu/odrv_ws/install/turtlesim/lib/python3.8/site-packages/turtlesim/msg/_pose_s.c
[5.694s] -- Up-to-date: /home/ubuntu/odrv_ws/install/turtlesim/lib/python3.8/site-packages/turtlesim/srv
[5.695s] -- Up-to-date: /home/ubuntu/odrv_ws/install/turtlesim/lib/python3.8/site-packages/turtlesim/srv/_spawn.py
[5.695s] -- Up-to-date: /home/ubuntu/odrv_ws/install/turtlesim/lib/python3.8/site-packages/turtlesim/srv/_teleport_absolute.py
[5.697s] -- Up-to-date: /home/ubuntu/odrv_ws/install/turtlesim/lib/python3.8/site-packages/turtlesim/srv/_teleport_relative_s.c
[5.698s] -- Up-to-date: /home/ubuntu/odrv_ws/install/turtlesim/lib/python3.8/site-packages/turtlesim/srv/__init__.py
[5.699s] -- Up-to-date: /home/ubuntu/odrv_ws/install/turtlesim/lib/python3.8/site-packages/turtlesim/srv/_spawn_s.c
[5.701s] -- Up-to-date: /home/ubuntu/odrv_ws/install/turtlesim/lib/python3.8/site-packages/turtlesim/srv/_set_pen_s.c
[5.703s] -- Up-to-date: /home/ubuntu/odrv_ws/install/turtlesim/lib/python3.8/site-packages/turtlesim/srv/_kill_s.c
[5.705s] -- Up-to-date: /home/ubuntu/odrv_ws/install/turtlesim/lib/python3.8/site-packages/turtlesim/srv/_teleport_relative.py
[5.709s] -- Up-to-date: /home/ubuntu/odrv_ws/install/turtlesim/lib/python3.8/site-packages/turtlesim/srv/_set_pen.py
[5.711s] -- Up-to-date: /home/ubuntu/odrv_ws/install/turtlesim/lib/python3.8/site-packages/turtlesim/srv/_kill.py
[5.712s] -- Up-to-date: /home/ubuntu/odrv_ws/install/turtlesim/lib/python3.8/site-packages/turtlesim/srv/_teleport_absolute_s.c
[5.713s] -- Up-to-date: /home/ubuntu/odrv_ws/install/turtlesim/lib/python3.8/site-packages/turtlesim/turtlesim_s__rosidl_typesupport_fastrtps_c.cpython-38-aarch64-linux-gnu.so
[5.715s] -- Up-to-date: /home/ubuntu/odrv_ws/install/turtlesim/lib/python3.8/site-packages/turtlesim/turtlesim_s__rosidl_typesupport_introspection_c.cpython-38-aarch64-linux-gnu.so
[5.716s] -- Up-to-date: /home/ubuntu/odrv_ws/install/turtlesim/lib/python3.8/site-packages/turtlesim/turtlesim_s__rosidl_typesupport_c.cpython-38-aarch64-linux-gnu.so
[5.716s] -- Up-to-date: /home/ubuntu/odrv_ws/install/turtlesim/lib/libturtlesim__python.so
[5.717s] -- Up-to-date: /home/ubuntu/odrv_ws/install/turtlesim/share/turtlesim/action/RotateAbsolute.idl
[5.718s] -- Up-to-date: /home/ubuntu/odrv_ws/install/turtlesim/share/turtlesim/msg/Color.idl
[5.719s] -- Up-to-date: /home/ubuntu/odrv_ws/install/turtlesim/share/turtlesim/msg/Pose.idl
[5.720s] -- Up-to-date: /home/ubuntu/odrv_ws/install/turtlesim/share/turtlesim/srv/Kill.idl
[5.721s] -- Up-to-date: /home/ubuntu/odrv_ws/install/turtlesim/share/turtlesim/srv/SetPen.idl
[5.721s] -- Up-to-date: /home/ubuntu/odrv_ws/install/turtlesim/share/turtlesim/srv/Spawn.idl
[5.723s] -- Up-to-date: /home/ubuntu/odrv_ws/install/turtlesim/share/turtlesim/srv/TeleportAbsolute.idl
[5.726s] -- Up-to-date: /home/ubuntu/odrv_ws/install/turtlesim/share/turtlesim/srv/TeleportRelative.idl
[5.727s] -- Up-to-date: /home/ubuntu/odrv_ws/install/turtlesim/share/turtlesim/action/RotateAbsolute.action
[5.730s] -- Up-to-date: /home/ubuntu/odrv_ws/install/turtlesim/share/turtlesim/msg/Color.msg
[5.732s] -- Up-to-date: /home/ubuntu/odrv_ws/install/turtlesim/share/turtlesim/msg/Pose.msg
[5.733s] -- Up-to-date: /home/ubuntu/odrv_ws/install/turtlesim/share/turtlesim/srv/Kill.srv
[5.735s] -- Up-to-date: /home/ubuntu/odrv_ws/install/turtlesim/share/turtlesim/srv/Kill_Request.msg
[5.736s] -- Up-to-date: /home/ubuntu/odrv_ws/install/turtlesim/share/turtlesim/srv/Kill_Response.msg
[5.737s] -- Up-to-date: /home/ubuntu/odrv_ws/install/turtlesim/share/turtlesim/srv/SetPen.srv
[5.738s] -- Up-to-date: /home/ubuntu/odrv_ws/install/turtlesim/share/turtlesim/srv/SetPen_Request.msg
[5.739s] -- Up-to-date: /home/ubuntu/odrv_ws/install/turtlesim/share/turtlesim/srv/SetPen_Response.msg
[5.740s] -- Up-to-date: /home/ubuntu/odrv_ws/install/turtlesim/share/turtlesim/srv/Spawn.srv
[5.741s] -- Up-to-date: /home/ubuntu/odrv_ws/install/turtlesim/share/turtlesim/srv/Spawn_Request.msg
[5.742s] -- Up-to-date: /home/ubuntu/odrv_ws/install/turtlesim/share/turtlesim/srv/Spawn_Response.msg
[5.744s] -- Up-to-date: /home/ubuntu/odrv_ws/install/turtlesim/share/turtlesim/srv/TeleportAbsolute.srv
[5.747s] -- Up-to-date: /home/ubuntu/odrv_ws/install/turtlesim/share/turtlesim/srv/TeleportAbsolute_Request.msg
[5.748s] -- Up-to-date: /home/ubuntu/odrv_ws/install/turtlesim/share/turtlesim/srv/TeleportAbsolute_Response.msg
[5.750s] -- Up-to-date: /home/ubuntu/odrv_ws/install/turtlesim/share/turtlesim/srv/TeleportRelative.srv
[5.752s] -- Up-to-date: /home/ubuntu/odrv_ws/install/turtlesim/share/turtlesim/srv/TeleportRelative_Request.msg
[5.754s] -- Up-to-date: /home/ubuntu/odrv_ws/install/turtlesim/share/turtlesim/srv/TeleportRelative_Response.msg
[5.756s] -- Up-to-date: /home/ubuntu/odrv_ws/install/turtlesim/lib/turtlesim/turtlesim_node
[5.757s] -- Up-to-date: /home/ubuntu/odrv_ws/install/turtlesim/lib/turtlesim/turtle_teleop_key
[5.758s] -- Up-to-date: /home/ubuntu/odrv_ws/install/turtlesim/lib/turtlesim/draw_square
[5.759s] -- Up-to-date: /home/ubuntu/odrv_ws/install/turtlesim/lib/turtlesim/mimic
[5.761s] -- Up-to-date: /home/ubuntu/odrv_ws/install/turtlesim/share/turtlesim/images
[5.763s] -- Up-to-date: /home/ubuntu/odrv_ws/install/turtlesim/share/turtlesim/images/dashing.png
[5.770s] -- Up-to-date: /home/ubuntu/odrv_ws/install/turtlesim/share/turtlesim/images/crystal.png
[5.772s] -- Up-to-date: /home/ubuntu/odrv_ws/install/turtlesim/share/turtlesim/images/eloquent.png
[5.773s] -- Up-to-date: /home/ubuntu/odrv_ws/install/turtlesim/share/turtlesim/images/foxy.png
[5.775s] -- Up-to-date: /home/ubuntu/odrv_ws/install/turtlesim/share/turtlesim/images/ardent.png
[5.776s] -- Up-to-date: /home/ubuntu/odrv_ws/install/turtlesim/share/turtlesim/images/bouncy.png
[5.777s] -- Up-to-date: /home/ubuntu/odrv_ws/install/turtlesim/share/turtlesim/launch
[5.778s] -- Up-to-date: /home/ubuntu/odrv_ws/install/turtlesim/share/turtlesim/launch/multisim.launch.py
[5.779s] -- Up-to-date: /home/ubuntu/odrv_ws/install/turtlesim/share/ament_index/resource_index/package_run_dependencies/turtlesim
[5.780s] -- Up-to-date: /home/ubuntu/odrv_ws/install/turtlesim/share/ament_index/resource_index/parent_prefix_path/turtlesim
[5.781s] -- Up-to-date: /home/ubuntu/odrv_ws/install/turtlesim/share/turtlesim/environment/ament_prefix_path.sh
[5.782s] -- Up-to-date: /home/ubuntu/odrv_ws/install/turtlesim/share/turtlesim/environment/ament_prefix_path.dsv
[5.783s] -- Up-to-date: /home/ubuntu/odrv_ws/install/turtlesim/share/turtlesim/environment/path.sh
[5.784s] -- Up-to-date: /home/ubuntu/odrv_ws/install/turtlesim/share/turtlesim/environment/path.dsv
[5.785s] -- Up-to-date: /home/ubuntu/odrv_ws/install/turtlesim/share/turtlesim/local_setup.bash
[5.787s] -- Up-to-date: /home/ubuntu/odrv_ws/install/turtlesim/share/turtlesim/local_setup.sh
[5.788s] -- Up-to-date: /home/ubuntu/odrv_ws/install/turtlesim/share/turtlesim/local_setup.zsh
[5.789s] -- Up-to-date: /home/ubuntu/odrv_ws/install/turtlesim/share/turtlesim/local_setup.dsv
[5.790s] -- Installing: /home/ubuntu/odrv_ws/install/turtlesim/share/turtlesim/package.dsv
[5.791s] -- Up-to-date: /home/ubuntu/odrv_ws/install/turtlesim/share/ament_index/resource_index/packages/turtlesim
[5.792s] -- Up-to-date: /home/ubuntu/odrv_ws/install/turtlesim/share/turtlesim/cmake/turtlesim__rosidl_generator_cExport.cmake
[5.793s] -- Up-to-date: /home/ubuntu/odrv_ws/install/turtlesim/share/turtlesim/cmake/turtlesim__rosidl_generator_cExport-noconfig.cmake
[5.793s] -- Up-to-date: /home/ubuntu/odrv_ws/install/turtlesim/share/turtlesim/cmake/turtlesim__rosidl_typesupport_introspection_cExport.cmake
[5.794s] -- Up-to-date: /home/ubuntu/odrv_ws/install/turtlesim/share/turtlesim/cmake/turtlesim__rosidl_typesupport_introspection_cExport-noconfig.cmake
[5.795s] -- Up-to-date: /home/ubuntu/odrv_ws/install/turtlesim/share/turtlesim/cmake/turtlesim__rosidl_typesupport_cExport.cmake
[5.796s] -- Up-to-date: /home/ubuntu/odrv_ws/install/turtlesim/share/turtlesim/cmake/turtlesim__rosidl_typesupport_cExport-noconfig.cmake
[5.797s] -- Up-to-date: /home/ubuntu/odrv_ws/install/turtlesim/share/turtlesim/cmake/turtlesim__rosidl_generator_cppExport.cmake
[5.798s] -- Up-to-date: /home/ubuntu/odrv_ws/install/turtlesim/share/turtlesim/cmake/turtlesim__rosidl_typesupport_introspection_cppExport.cmake
[5.798s] -- Up-to-date: /home/ubuntu/odrv_ws/install/turtlesim/share/turtlesim/cmake/turtlesim__rosidl_typesupport_introspection_cppExport-noconfig.cmake
[5.799s] -- Up-to-date: /home/ubuntu/odrv_ws/install/turtlesim/share/turtlesim/cmake/turtlesim__rosidl_typesupport_cppExport.cmake
[5.800s] -- Up-to-date: /home/ubuntu/odrv_ws/install/turtlesim/share/turtlesim/cmake/turtlesim__rosidl_typesupport_cppExport-noconfig.cmake
[5.801s] -- Up-to-date: /home/ubuntu/odrv_ws/install/turtlesim/share/turtlesim/cmake/rosidl_cmake-extras.cmake
[5.802s] -- Up-to-date: /home/ubuntu/odrv_ws/install/turtlesim/share/turtlesim/cmake/ament_cmake_export_dependencies-extras.cmake
[5.803s] -- Up-to-date: /home/ubuntu/odrv_ws/install/turtlesim/share/turtlesim/cmake/ament_cmake_export_libraries-extras.cmake
[5.803s] -- Up-to-date: /home/ubuntu/odrv_ws/install/turtlesim/share/turtlesim/cmake/ament_cmake_export_targets-extras.cmake
[5.804s] -- Up-to-date: /home/ubuntu/odrv_ws/install/turtlesim/share/turtlesim/cmake/ament_cmake_export_include_directories-extras.cmake
[5.805s] -- Up-to-date: /home/ubuntu/odrv_ws/install/turtlesim/share/turtlesim/cmake/rosidl_cmake_export_typesupport_libraries-extras.cmake
[5.806s] -- Up-to-date: /home/ubuntu/odrv_ws/install/turtlesim/share/turtlesim/cmake/rosidl_cmake_export_typesupport_targets-extras.cmake
[5.811s] -- Up-to-date: /home/ubuntu/odrv_ws/install/turtlesim/share/turtlesim/cmake/turtlesimConfig.cmake
[5.812s] -- Up-to-date: /home/ubuntu/odrv_ws/install/turtlesim/share/turtlesim/cmake/turtlesimConfig-version.cmake
[5.813s] -- Up-to-date: /home/ubuntu/odrv_ws/install/turtlesim/share/turtlesim/package.xml
[5.815s] Invoked command in '/home/ubuntu/odrv_ws/build/turtlesim' returned '0': /usr/bin/cmake --install /home/ubuntu/odrv_ws/build/turtlesim
