[3.366s] Invoking command in '/home/ubuntu/odrv_ws/src/pubsub': CMAKE_PREFIX_PATH=/home/ubuntu/odrv_ws/install/interfaces:/home/ubuntu/odrv_ws/install/turtlesim LD_LIBRARY_PATH=/home/ubuntu/odrv_ws/install/interfaces/lib:/home/ubuntu/odrv_ws/install/turtlesim/lib:/opt/ros/foxy/opt/yaml_cpp_vendor/lib:/opt/ros/foxy/opt/rviz_ogre_vendor/lib:/opt/ros/foxy/lib/aarch64-linux-gnu:/opt/ros/foxy/lib PYTHONPATH=/home/ubuntu/odrv_ws/install/pubsub/lib/python3.8/site-packages:/home/ubuntu/odrv_ws/install/interfaces/lib/python3.8/site-packages:/home/ubuntu/odrv_ws/install/turtlesim/lib/python3.8/site-packages:/home/ubuntu/odrv_ws/install/srvcli/lib/python3.8/site-packages:/home/ubuntu/odrv_ws/install/py_srvcli/lib/python3.8/site-packages:/home/ubuntu/odrv_ws/install/pubsub/lib/python3.8/site-packages:/opt/ros/foxy/lib/python3.8/site-packages /usr/bin/python3 setup.py egg_info --egg-base ../../build/pubsub build --build-base /home/ubuntu/odrv_ws/build/pubsub/build install --prefix /home/ubuntu/odrv_ws/install/pubsub --record /home/ubuntu/odrv_ws/build/pubsub/install.log --single-version-externally-managed
[4.221s] running egg_info
[4.222s] writing ../../build/pubsub/pubsub.egg-info/PKG-INFO
[4.224s] writing dependency_links to ../../build/pubsub/pubsub.egg-info/dependency_links.txt
[4.225s] writing entry points to ../../build/pubsub/pubsub.egg-info/entry_points.txt
[4.226s] writing requirements to ../../build/pubsub/pubsub.egg-info/requires.txt
[4.226s] writing top-level names to ../../build/pubsub/pubsub.egg-info/top_level.txt
[4.400s] reading manifest file '../../build/pubsub/pubsub.egg-info/SOURCES.txt'
[4.404s] writing manifest file '../../build/pubsub/pubsub.egg-info/SOURCES.txt'
[4.404s] running build
[4.404s] running build_py
[4.408s] copying pubsub/publisher_member_function.py -> /home/ubuntu/odrv_ws/build/pubsub/build/lib/pubsub
[4.410s] running install
[4.413s] running install_lib
[4.418s] copying /home/ubuntu/odrv_ws/build/pubsub/build/lib/pubsub/publisher_member_function.py -> /home/ubuntu/odrv_ws/install/pubsub/lib/python3.8/site-packages/pubsub
[4.422s] byte-compiling /home/ubuntu/odrv_ws/install/pubsub/lib/python3.8/site-packages/pubsub/publisher_member_function.py to publisher_member_function.cpython-38.pyc
[4.428s] running install_data
[4.433s] running install_egg_info
[4.439s] removing '/home/ubuntu/odrv_ws/install/pubsub/lib/python3.8/site-packages/pubsub-0.0.0-py3.8.egg-info' (and everything under it)
[4.440s] Copying ../../build/pubsub/pubsub.egg-info to /home/ubuntu/odrv_ws/install/pubsub/lib/python3.8/site-packages/pubsub-0.0.0-py3.8.egg-info
[4.445s] running install_scripts
[4.507s] Installing listener script to /home/ubuntu/odrv_ws/install/pubsub/lib/pubsub
[4.508s] Installing talker script to /home/ubuntu/odrv_ws/install/pubsub/lib/pubsub
[4.510s] writing list of installed files to '/home/ubuntu/odrv_ws/build/pubsub/install.log'
[4.603s] Invoked command in '/home/ubuntu/odrv_ws/src/pubsub' returned '0': CMAKE_PREFIX_PATH=/home/ubuntu/odrv_ws/install/interfaces:/home/ubuntu/odrv_ws/install/turtlesim LD_LIBRARY_PATH=/home/ubuntu/odrv_ws/install/interfaces/lib:/home/ubuntu/odrv_ws/install/turtlesim/lib:/opt/ros/foxy/opt/yaml_cpp_vendor/lib:/opt/ros/foxy/opt/rviz_ogre_vendor/lib:/opt/ros/foxy/lib/aarch64-linux-gnu:/opt/ros/foxy/lib PYTHONPATH=/home/ubuntu/odrv_ws/install/pubsub/lib/python3.8/site-packages:/home/ubuntu/odrv_ws/install/interfaces/lib/python3.8/site-packages:/home/ubuntu/odrv_ws/install/turtlesim/lib/python3.8/site-packages:/home/ubuntu/odrv_ws/install/srvcli/lib/python3.8/site-packages:/home/ubuntu/odrv_ws/install/py_srvcli/lib/python3.8/site-packages:/home/ubuntu/odrv_ws/install/pubsub/lib/python3.8/site-packages:/opt/ros/foxy/lib/python3.8/site-packages /usr/bin/python3 setup.py egg_info --egg-base ../../build/pubsub build --build-base /home/ubuntu/odrv_ws/build/pubsub/build install --prefix /home/ubuntu/odrv_ws/install/pubsub --record /home/ubuntu/odrv_ws/build/pubsub/install.log --single-version-externally-managed
