[2.567s] Invoking command in '/home/ubuntu/odrv_ws/src/py_srvcli': PYTHONPATH=/home/ubuntu/odrv_ws/install/py_srvcli/lib/python3.8/site-packages: /usr/bin/python3 setup.py egg_info --egg-base ../../build/py_srvcli build --build-base /home/ubuntu/odrv_ws/build/py_srvcli/build install --prefix /home/ubuntu/odrv_ws/install/py_srvcli --record /home/ubuntu/odrv_ws/build/py_srvcli/install.log --single-version-externally-managed
[3.394s] running egg_info
[3.395s] writing ../../build/py_srvcli/py_srvcli.egg-info/PKG-INFO
[3.396s] writing dependency_links to ../../build/py_srvcli/py_srvcli.egg-info/dependency_links.txt
[3.397s] writing entry points to ../../build/py_srvcli/py_srvcli.egg-info/entry_points.txt
[3.398s] writing requirements to ../../build/py_srvcli/py_srvcli.egg-info/requires.txt
[3.398s] writing top-level names to ../../build/py_srvcli/py_srvcli.egg-info/top_level.txt
[3.530s] reading manifest file '../../build/py_srvcli/py_srvcli.egg-info/SOURCES.txt'
[3.534s] writing manifest file '../../build/py_srvcli/py_srvcli.egg-info/SOURCES.txt'
[3.534s] running build
[3.535s] running build_py
[3.536s] running install
[3.539s] running install_lib
[3.545s] running install_data
[3.546s] running install_egg_info
[3.559s] removing '/home/ubuntu/odrv_ws/install/py_srvcli/lib/python3.8/site-packages/py_srvcli-0.0.0-py3.8.egg-info' (and everything under it)
[3.561s] Copying ../../build/py_srvcli/py_srvcli.egg-info to /home/ubuntu/odrv_ws/install/py_srvcli/lib/python3.8/site-packages/py_srvcli-0.0.0-py3.8.egg-info
[3.565s] running install_scripts
[3.627s] Installing client script to /home/ubuntu/odrv_ws/install/py_srvcli/lib/py_srvcli
[3.628s] Installing service script to /home/ubuntu/odrv_ws/install/py_srvcli/lib/py_srvcli
[3.629s] writing list of installed files to '/home/ubuntu/odrv_ws/build/py_srvcli/install.log'
[3.735s] Invoked command in '/home/ubuntu/odrv_ws/src/py_srvcli' returned '0': PYTHONPATH=/home/ubuntu/odrv_ws/install/py_srvcli/lib/python3.8/site-packages: /usr/bin/python3 setup.py egg_info --egg-base ../../build/py_srvcli build --build-base /home/ubuntu/odrv_ws/build/py_srvcli/build install --prefix /home/ubuntu/odrv_ws/install/py_srvcli --record /home/ubuntu/odrv_ws/build/py_srvcli/install.log --single-version-externally-managed
