[0.894s] DEBUG:colcon:Command line arguments: ['/usr/bin/colcon', 'build']
[0.894s] DEBUG:colcon:Parsed command line arguments: Namespace(allow_overriding=[], ament_cmake_args=None, base_paths=['.'], build_base='build', catkin_cmake_args=None, catkin_skip_building_tests=False, cmake_args=None, cmake_clean_cache=False, cmake_clean_first=False, cmake_force_configure=False, cmake_target=None, cmake_target_skip_unavailable=False, continue_on_error=False, event_handlers=None, executor='parallel', ignore_user_meta=False, install_base='install', log_base=None, log_level=None, main=<bound method BuildVerb.main of <colcon_core.verb.build.BuildVerb object at 0xffff9d1984f0>>, merge_install=False, metas=['./colcon.meta'], packages_above=None, packages_above_and_dependencies=None, packages_above_depth=None, packages_end=None, packages_ignore=None, packages_ignore_regex=None, packages_select=None, packages_select_build_failed=False, packages_select_by_dep=None, packages_select_regex=None, packages_select_test_failures=False, packages_skip=None, packages_skip_build_finished=False, packages_skip_by_dep=None, packages_skip_regex=None, packages_skip_test_passed=False, packages_skip_up_to=None, packages_start=None, packages_up_to=None, packages_up_to_regex=None, parallel_workers=4, paths=None, symlink_install=False, test_result_base=None, verb_extension=<colcon_core.verb.build.BuildVerb object at 0xffff9d1984f0>, verb_name='build', verb_parser=<colcon_defaults.argument_parser.defaults.DefaultArgumentsDecorator object at 0xffff9d198a30>)
[0.969s] Level 1:colcon.colcon_core.package_discovery:discover_packages(colcon_meta) check parameters
[0.969s] Level 1:colcon.colcon_core.package_discovery:discover_packages(recursive) check parameters
[0.970s] Level 1:colcon.colcon_core.package_discovery:discover_packages(ignore) check parameters
[0.970s] Level 1:colcon.colcon_core.package_discovery:discover_packages(path) check parameters
[0.970s] Level 1:colcon.colcon_core.package_discovery:discover_packages(colcon_meta) discover
[0.971s] Level 1:colcon.colcon_core.package_discovery:discover_packages(recursive) discover
[0.971s] INFO:colcon.colcon_core.package_discovery:Crawling recursively for packages in '/home/ubuntu/odrv_ws'
[0.972s] Level 1:colcon.colcon_core.package_identification:_identify(.) by extensions ['ignore', 'ignore_ament_install']
[0.973s] Level 1:colcon.colcon_core.package_identification:_identify(.) by extension 'ignore'
[0.973s] Level 1:colcon.colcon_core.package_identification:_identify(.) by extension 'ignore_ament_install'
[0.974s] Level 1:colcon.colcon_core.package_identification:_identify(.) by extensions ['colcon_pkg']
[0.974s] Level 1:colcon.colcon_core.package_identification:_identify(.) by extension 'colcon_pkg'
[0.974s] Level 1:colcon.colcon_core.package_identification:_identify(.) by extensions ['colcon_meta']
[0.974s] Level 1:colcon.colcon_core.package_identification:_identify(.) by extension 'colcon_meta'
[0.974s] Level 1:colcon.colcon_core.package_identification:_identify(.) by extensions ['ros']
[0.974s] Level 1:colcon.colcon_core.package_identification:_identify(.) by extension 'ros'
[1.073s] Level 1:colcon.colcon_core.package_identification:_identify(.) by extensions ['cmake', 'python']
[1.074s] Level 1:colcon.colcon_core.package_identification:_identify(.) by extension 'cmake'
[1.074s] Level 1:colcon.colcon_core.package_identification:_identify(.) by extension 'python'
[1.074s] Level 1:colcon.colcon_core.package_identification:_identify(.) by extensions ['python_setup_py']
[1.074s] Level 1:colcon.colcon_core.package_identification:_identify(.) by extension 'python_setup_py'
[1.075s] Level 1:colcon.colcon_core.package_identification:_identify(build) by extensions ['ignore', 'ignore_ament_install']
[1.075s] Level 1:colcon.colcon_core.package_identification:_identify(build) by extension 'ignore'
[1.075s] Level 1:colcon.colcon_core.package_identification:_identify(build) ignored
[1.076s] Level 1:colcon.colcon_core.package_identification:_identify(install) by extensions ['ignore', 'ignore_ament_install']
[1.076s] Level 1:colcon.colcon_core.package_identification:_identify(install) by extension 'ignore'
[1.076s] Level 1:colcon.colcon_core.package_identification:_identify(install) ignored
[1.077s] Level 1:colcon.colcon_core.package_identification:_identify(log) by extensions ['ignore', 'ignore_ament_install']
[1.077s] Level 1:colcon.colcon_core.package_identification:_identify(log) by extension 'ignore'
[1.077s] Level 1:colcon.colcon_core.package_identification:_identify(log) ignored
[1.078s] Level 1:colcon.colcon_core.package_identification:_identify(shelly) by extensions ['ignore', 'ignore_ament_install']
[1.078s] Level 1:colcon.colcon_core.package_identification:_identify(shelly) by extension 'ignore'
[1.078s] Level 1:colcon.colcon_core.package_identification:_identify(shelly) by extension 'ignore_ament_install'
[1.078s] Level 1:colcon.colcon_core.package_identification:_identify(shelly) by extensions ['colcon_pkg']
[1.079s] Level 1:colcon.colcon_core.package_identification:_identify(shelly) by extension 'colcon_pkg'
[1.079s] Level 1:colcon.colcon_core.package_identification:_identify(shelly) by extensions ['colcon_meta']
[1.079s] Level 1:colcon.colcon_core.package_identification:_identify(shelly) by extension 'colcon_meta'
[1.079s] Level 1:colcon.colcon_core.package_identification:_identify(shelly) by extensions ['ros']
[1.079s] Level 1:colcon.colcon_core.package_identification:_identify(shelly) by extension 'ros'
[1.079s] Level 1:colcon.colcon_core.package_identification:_identify(shelly) by extensions ['cmake', 'python']
[1.079s] Level 1:colcon.colcon_core.package_identification:_identify(shelly) by extension 'cmake'
[1.080s] Level 1:colcon.colcon_core.package_identification:_identify(shelly) by extension 'python'
[1.080s] Level 1:colcon.colcon_core.package_identification:_identify(shelly) by extensions ['python_setup_py']
[1.080s] Level 1:colcon.colcon_core.package_identification:_identify(shelly) by extension 'python_setup_py'
[1.080s] Level 1:colcon.colcon_core.package_identification:_identify(src) by extensions ['ignore', 'ignore_ament_install']
[1.081s] Level 1:colcon.colcon_core.package_identification:_identify(src) by extension 'ignore'
[1.081s] Level 1:colcon.colcon_core.package_identification:_identify(src) by extension 'ignore_ament_install'
[1.081s] Level 1:colcon.colcon_core.package_identification:_identify(src) by extensions ['colcon_pkg']
[1.081s] Level 1:colcon.colcon_core.package_identification:_identify(src) by extension 'colcon_pkg'
[1.081s] Level 1:colcon.colcon_core.package_identification:_identify(src) by extensions ['colcon_meta']
[1.081s] Level 1:colcon.colcon_core.package_identification:_identify(src) by extension 'colcon_meta'
[1.081s] Level 1:colcon.colcon_core.package_identification:_identify(src) by extensions ['ros']
[1.082s] Level 1:colcon.colcon_core.package_identification:_identify(src) by extension 'ros'
[1.082s] Level 1:colcon.colcon_core.package_identification:_identify(src) by extensions ['cmake', 'python']
[1.082s] Level 1:colcon.colcon_core.package_identification:_identify(src) by extension 'cmake'
[1.082s] Level 1:colcon.colcon_core.package_identification:_identify(src) by extension 'python'
[1.082s] Level 1:colcon.colcon_core.package_identification:_identify(src) by extensions ['python_setup_py']
[1.082s] Level 1:colcon.colcon_core.package_identification:_identify(src) by extension 'python_setup_py'
[1.083s] Level 1:colcon.colcon_core.package_identification:_identify(src/interfaces) by extensions ['ignore', 'ignore_ament_install']
[1.083s] Level 1:colcon.colcon_core.package_identification:_identify(src/interfaces) by extension 'ignore'
[1.083s] Level 1:colcon.colcon_core.package_identification:_identify(src/interfaces) by extension 'ignore_ament_install'
[1.084s] Level 1:colcon.colcon_core.package_identification:_identify(src/interfaces) by extensions ['colcon_pkg']
[1.084s] Level 1:colcon.colcon_core.package_identification:_identify(src/interfaces) by extension 'colcon_pkg'
[1.084s] Level 1:colcon.colcon_core.package_identification:_identify(src/interfaces) by extensions ['colcon_meta']
[1.084s] Level 1:colcon.colcon_core.package_identification:_identify(src/interfaces) by extension 'colcon_meta'
[1.084s] Level 1:colcon.colcon_core.package_identification:_identify(src/interfaces) by extensions ['ros']
[1.084s] Level 1:colcon.colcon_core.package_identification:_identify(src/interfaces) by extension 'ros'
[1.097s] DEBUG:colcon.colcon_core.package_identification:Package 'src/interfaces' with type 'ros.ament_cmake' and name 'interfaces'
[1.098s] Level 1:colcon.colcon_core.package_identification:_identify(src/py_srvcli) by extensions ['ignore', 'ignore_ament_install']
[1.099s] Level 1:colcon.colcon_core.package_identification:_identify(src/py_srvcli) by extension 'ignore'
[1.099s] Level 1:colcon.colcon_core.package_identification:_identify(src/py_srvcli) by extension 'ignore_ament_install'
[1.099s] Level 1:colcon.colcon_core.package_identification:_identify(src/py_srvcli) by extensions ['colcon_pkg']
[1.099s] Level 1:colcon.colcon_core.package_identification:_identify(src/py_srvcli) by extension 'colcon_pkg'
[1.100s] Level 1:colcon.colcon_core.package_identification:_identify(src/py_srvcli) by extensions ['colcon_meta']
[1.100s] Level 1:colcon.colcon_core.package_identification:_identify(src/py_srvcli) by extension 'colcon_meta'
[1.100s] Level 1:colcon.colcon_core.package_identification:_identify(src/py_srvcli) by extensions ['ros']
[1.100s] Level 1:colcon.colcon_core.package_identification:_identify(src/py_srvcli) by extension 'ros'
[1.104s] DEBUG:colcon.colcon_core.package_identification:Package 'src/py_srvcli' with type 'ros.ament_python' and name 'py_srvcli'
[1.105s] Level 1:colcon.colcon_core.package_identification:_identify(src/ros_tutorials) by extensions ['ignore', 'ignore_ament_install']
[1.105s] Level 1:colcon.colcon_core.package_identification:_identify(src/ros_tutorials) by extension 'ignore'
[1.106s] Level 1:colcon.colcon_core.package_identification:_identify(src/ros_tutorials) by extension 'ignore_ament_install'
[1.106s] Level 1:colcon.colcon_core.package_identification:_identify(src/ros_tutorials) by extensions ['colcon_pkg']
[1.106s] Level 1:colcon.colcon_core.package_identification:_identify(src/ros_tutorials) by extension 'colcon_pkg'
[1.106s] Level 1:colcon.colcon_core.package_identification:_identify(src/ros_tutorials) by extensions ['colcon_meta']
[1.106s] Level 1:colcon.colcon_core.package_identification:_identify(src/ros_tutorials) by extension 'colcon_meta'
[1.107s] Level 1:colcon.colcon_core.package_identification:_identify(src/ros_tutorials) by extensions ['ros']
[1.107s] Level 1:colcon.colcon_core.package_identification:_identify(src/ros_tutorials) by extension 'ros'
[1.107s] Level 1:colcon.colcon_core.package_identification:_identify(src/ros_tutorials) by extensions ['cmake', 'python']
[1.107s] Level 1:colcon.colcon_core.package_identification:_identify(src/ros_tutorials) by extension 'cmake'
[1.107s] Level 1:colcon.colcon_core.package_identification:_identify(src/ros_tutorials) by extension 'python'
[1.108s] Level 1:colcon.colcon_core.package_identification:_identify(src/ros_tutorials) by extensions ['python_setup_py']
[1.108s] Level 1:colcon.colcon_core.package_identification:_identify(src/ros_tutorials) by extension 'python_setup_py'
[1.109s] Level 1:colcon.colcon_core.package_identification:_identify(src/ros_tutorials/ros_tutorials) by extensions ['ignore', 'ignore_ament_install']
[1.109s] Level 1:colcon.colcon_core.package_identification:_identify(src/ros_tutorials/ros_tutorials) by extension 'ignore'
[1.109s] Level 1:colcon.colcon_core.package_identification:_identify(src/ros_tutorials/ros_tutorials) ignored
[1.111s] Level 1:colcon.colcon_core.package_identification:_identify(src/ros_tutorials/roscpp_tutorials) by extensions ['ignore', 'ignore_ament_install']
[1.111s] Level 1:colcon.colcon_core.package_identification:_identify(src/ros_tutorials/roscpp_tutorials) by extension 'ignore'
[1.111s] Level 1:colcon.colcon_core.package_identification:_identify(src/ros_tutorials/roscpp_tutorials) ignored
[1.113s] Level 1:colcon.colcon_core.package_identification:_identify(src/ros_tutorials/rospy_tutorials) by extensions ['ignore', 'ignore_ament_install']
[1.113s] Level 1:colcon.colcon_core.package_identification:_identify(src/ros_tutorials/rospy_tutorials) by extension 'ignore'
[1.113s] Level 1:colcon.colcon_core.package_identification:_identify(src/ros_tutorials/rospy_tutorials) ignored
[1.114s] Level 1:colcon.colcon_core.package_identification:_identify(src/ros_tutorials/turtlesim) by extensions ['ignore', 'ignore_ament_install']
[1.115s] Level 1:colcon.colcon_core.package_identification:_identify(src/ros_tutorials/turtlesim) by extension 'ignore'
[1.115s] Level 1:colcon.colcon_core.package_identification:_identify(src/ros_tutorials/turtlesim) by extension 'ignore_ament_install'
[1.115s] Level 1:colcon.colcon_core.package_identification:_identify(src/ros_tutorials/turtlesim) by extensions ['colcon_pkg']
[1.115s] Level 1:colcon.colcon_core.package_identification:_identify(src/ros_tutorials/turtlesim) by extension 'colcon_pkg'
[1.115s] Level 1:colcon.colcon_core.package_identification:_identify(src/ros_tutorials/turtlesim) by extensions ['colcon_meta']
[1.116s] Level 1:colcon.colcon_core.package_identification:_identify(src/ros_tutorials/turtlesim) by extension 'colcon_meta'
[1.116s] Level 1:colcon.colcon_core.package_identification:_identify(src/ros_tutorials/turtlesim) by extensions ['ros']
[1.116s] Level 1:colcon.colcon_core.package_identification:_identify(src/ros_tutorials/turtlesim) by extension 'ros'
[1.121s] DEBUG:colcon.colcon_core.package_identification:Package 'src/ros_tutorials/turtlesim' with type 'ros.ament_cmake' and name 'turtlesim'
[1.122s] Level 1:colcon.colcon_core.package_identification:_identify(src/srvcli) by extensions ['ignore', 'ignore_ament_install']
[1.123s] Level 1:colcon.colcon_core.package_identification:_identify(src/srvcli) by extension 'ignore'
[1.123s] Level 1:colcon.colcon_core.package_identification:_identify(src/srvcli) by extension 'ignore_ament_install'
[1.123s] Level 1:colcon.colcon_core.package_identification:_identify(src/srvcli) by extensions ['colcon_pkg']
[1.123s] Level 1:colcon.colcon_core.package_identification:_identify(src/srvcli) by extension 'colcon_pkg'
[1.123s] Level 1:colcon.colcon_core.package_identification:_identify(src/srvcli) by extensions ['colcon_meta']
[1.123s] Level 1:colcon.colcon_core.package_identification:_identify(src/srvcli) by extension 'colcon_meta'
[1.124s] Level 1:colcon.colcon_core.package_identification:_identify(src/srvcli) by extensions ['ros']
[1.124s] Level 1:colcon.colcon_core.package_identification:_identify(src/srvcli) by extension 'ros'
[1.127s] DEBUG:colcon.colcon_core.package_identification:Package 'src/srvcli' with type 'ros.ament_python' and name 'srvcli'
[1.127s] Level 1:colcon.colcon_core.package_discovery:discover_packages(recursive) using defaults
[1.127s] Level 1:colcon.colcon_core.package_discovery:discover_packages(ignore) discover
[1.128s] Level 1:colcon.colcon_core.package_discovery:discover_packages(ignore) using defaults
[1.128s] Level 1:colcon.colcon_core.package_discovery:discover_packages(path) discover
[1.128s] Level 1:colcon.colcon_core.package_discovery:discover_packages(path) using defaults
[1.225s] Level 5:colcon.colcon_core.verb:set package 'interfaces' build argument 'cmake_args' from command line to 'None'
[1.225s] Level 5:colcon.colcon_core.verb:set package 'interfaces' build argument 'cmake_target' from command line to 'None'
[1.226s] Level 5:colcon.colcon_core.verb:set package 'interfaces' build argument 'cmake_target_skip_unavailable' from command line to 'False'
[1.226s] Level 5:colcon.colcon_core.verb:set package 'interfaces' build argument 'cmake_clean_cache' from command line to 'False'
[1.226s] Level 5:colcon.colcon_core.verb:set package 'interfaces' build argument 'cmake_clean_first' from command line to 'False'
[1.226s] Level 5:colcon.colcon_core.verb:set package 'interfaces' build argument 'cmake_force_configure' from command line to 'False'
[1.226s] Level 5:colcon.colcon_core.verb:set package 'interfaces' build argument 'ament_cmake_args' from command line to 'None'
[1.226s] Level 5:colcon.colcon_core.verb:set package 'interfaces' build argument 'catkin_cmake_args' from command line to 'None'
[1.226s] Level 5:colcon.colcon_core.verb:set package 'interfaces' build argument 'catkin_skip_building_tests' from command line to 'False'
[1.226s] DEBUG:colcon.colcon_core.verb:Building package 'interfaces' with the following arguments: {'ament_cmake_args': None, 'build_base': '/home/ubuntu/odrv_ws/build/interfaces', 'catkin_cmake_args': None, 'catkin_skip_building_tests': False, 'cmake_args': None, 'cmake_clean_cache': False, 'cmake_clean_first': False, 'cmake_force_configure': False, 'cmake_target': None, 'cmake_target_skip_unavailable': False, 'install_base': '/home/ubuntu/odrv_ws/install/interfaces', 'merge_install': False, 'path': '/home/ubuntu/odrv_ws/src/interfaces', 'symlink_install': False, 'test_result_base': None}
[1.229s] Level 5:colcon.colcon_core.verb:set package 'py_srvcli' build argument 'cmake_args' from command line to 'None'
[1.230s] Level 5:colcon.colcon_core.verb:set package 'py_srvcli' build argument 'cmake_target' from command line to 'None'
[1.230s] Level 5:colcon.colcon_core.verb:set package 'py_srvcli' build argument 'cmake_target_skip_unavailable' from command line to 'False'
[1.230s] Level 5:colcon.colcon_core.verb:set package 'py_srvcli' build argument 'cmake_clean_cache' from command line to 'False'
[1.230s] Level 5:colcon.colcon_core.verb:set package 'py_srvcli' build argument 'cmake_clean_first' from command line to 'False'
[1.230s] Level 5:colcon.colcon_core.verb:set package 'py_srvcli' build argument 'cmake_force_configure' from command line to 'False'
[1.230s] Level 5:colcon.colcon_core.verb:set package 'py_srvcli' build argument 'ament_cmake_args' from command line to 'None'
[1.230s] Level 5:colcon.colcon_core.verb:set package 'py_srvcli' build argument 'catkin_cmake_args' from command line to 'None'
[1.230s] Level 5:colcon.colcon_core.verb:set package 'py_srvcli' build argument 'catkin_skip_building_tests' from command line to 'False'
[1.230s] DEBUG:colcon.colcon_core.verb:Building package 'py_srvcli' with the following arguments: {'ament_cmake_args': None, 'build_base': '/home/ubuntu/odrv_ws/build/py_srvcli', 'catkin_cmake_args': None, 'catkin_skip_building_tests': False, 'cmake_args': None, 'cmake_clean_cache': False, 'cmake_clean_first': False, 'cmake_force_configure': False, 'cmake_target': None, 'cmake_target_skip_unavailable': False, 'install_base': '/home/ubuntu/odrv_ws/install/py_srvcli', 'merge_install': False, 'path': '/home/ubuntu/odrv_ws/src/py_srvcli', 'symlink_install': False, 'test_result_base': None}
[1.233s] Level 5:colcon.colcon_core.verb:set package 'turtlesim' build argument 'cmake_args' from command line to 'None'
[1.233s] Level 5:colcon.colcon_core.verb:set package 'turtlesim' build argument 'cmake_target' from command line to 'None'
[1.234s] Level 5:colcon.colcon_core.verb:set package 'turtlesim' build argument 'cmake_target_skip_unavailable' from command line to 'False'
[1.234s] Level 5:colcon.colcon_core.verb:set package 'turtlesim' build argument 'cmake_clean_cache' from command line to 'False'
[1.234s] Level 5:colcon.colcon_core.verb:set package 'turtlesim' build argument 'cmake_clean_first' from command line to 'False'
[1.234s] Level 5:colcon.colcon_core.verb:set package 'turtlesim' build argument 'cmake_force_configure' from command line to 'False'
[1.234s] Level 5:colcon.colcon_core.verb:set package 'turtlesim' build argument 'ament_cmake_args' from command line to 'None'
[1.234s] Level 5:colcon.colcon_core.verb:set package 'turtlesim' build argument 'catkin_cmake_args' from command line to 'None'
[1.234s] Level 5:colcon.colcon_core.verb:set package 'turtlesim' build argument 'catkin_skip_building_tests' from command line to 'False'
[1.234s] DEBUG:colcon.colcon_core.verb:Building package 'turtlesim' with the following arguments: {'ament_cmake_args': None, 'build_base': '/home/ubuntu/odrv_ws/build/turtlesim', 'catkin_cmake_args': None, 'catkin_skip_building_tests': False, 'cmake_args': None, 'cmake_clean_cache': False, 'cmake_clean_first': False, 'cmake_force_configure': False, 'cmake_target': None, 'cmake_target_skip_unavailable': False, 'install_base': '/home/ubuntu/odrv_ws/install/turtlesim', 'merge_install': False, 'path': '/home/ubuntu/odrv_ws/src/ros_tutorials/turtlesim', 'symlink_install': False, 'test_result_base': None}
[1.237s] Level 5:colcon.colcon_core.verb:set package 'srvcli' build argument 'cmake_args' from command line to 'None'
[1.237s] Level 5:colcon.colcon_core.verb:set package 'srvcli' build argument 'cmake_target' from command line to 'None'
[1.237s] Level 5:colcon.colcon_core.verb:set package 'srvcli' build argument 'cmake_target_skip_unavailable' from command line to 'False'
[1.237s] Level 5:colcon.colcon_core.verb:set package 'srvcli' build argument 'cmake_clean_cache' from command line to 'False'
[1.237s] Level 5:colcon.colcon_core.verb:set package 'srvcli' build argument 'cmake_clean_first' from command line to 'False'
[1.238s] Level 5:colcon.colcon_core.verb:set package 'srvcli' build argument 'cmake_force_configure' from command line to 'False'
[1.238s] Level 5:colcon.colcon_core.verb:set package 'srvcli' build argument 'ament_cmake_args' from command line to 'None'
[1.238s] Level 5:colcon.colcon_core.verb:set package 'srvcli' build argument 'catkin_cmake_args' from command line to 'None'
[1.238s] Level 5:colcon.colcon_core.verb:set package 'srvcli' build argument 'catkin_skip_building_tests' from command line to 'False'
[1.238s] DEBUG:colcon.colcon_core.verb:Building package 'srvcli' with the following arguments: {'ament_cmake_args': None, 'build_base': '/home/ubuntu/odrv_ws/build/srvcli', 'catkin_cmake_args': None, 'catkin_skip_building_tests': False, 'cmake_args': None, 'cmake_clean_cache': False, 'cmake_clean_first': False, 'cmake_force_configure': False, 'cmake_target': None, 'cmake_target_skip_unavailable': False, 'install_base': '/home/ubuntu/odrv_ws/install/srvcli', 'merge_install': False, 'path': '/home/ubuntu/odrv_ws/src/srvcli', 'symlink_install': False, 'test_result_base': None}
[1.264s] WARNING:colcon.colcon_core.verb:Some selected packages are already built in one or more underlay workspaces:
	'interfaces' is in: /home/ubuntu/odrv_ws/install/interfaces
	'py_srvcli' is in: /home/ubuntu/odrv_ws/install/py_srvcli
	'turtlesim' is in: /home/ubuntu/odrv_ws/install/turtlesim, /opt/ros/foxy
	'srvcli' is in: /home/ubuntu/odrv_ws/install/srvcli
If a package in a merged underlay workspace is overridden and it installs headers, then all packages in the overlay must sort their include directories by workspace order. Failure to do so may result in build failures or undefined behavior at run time.
If the overridden package is used by another package in any underlay, then the overriding package in the overlay must be API and ABI compatible or undefined behavior at run time may occur.

If you understand the risks and want to override a package anyways, add the following to the command line:
	--allow-overriding interfaces py_srvcli srvcli turtlesim

This may be promoted to an error in a future release of colcon-core.
[1.266s] INFO:colcon.colcon_core.executor:Executing jobs using 'parallel' executor
[1.273s] DEBUG:colcon.colcon_parallel_executor.executor.parallel:run_until_complete
[1.274s] INFO:colcon.colcon_ros.task.ament_cmake.build:Building ROS package in '/home/ubuntu/odrv_ws/src/interfaces' with build type 'ament_cmake'
[1.275s] INFO:colcon.colcon_cmake.task.cmake.build:Building CMake package in '/home/ubuntu/odrv_ws/src/interfaces'
[1.303s] INFO:colcon.colcon_core.plugin_system:Skipping extension 'colcon_core.shell.bat': Not used on non-Windows systems
[1.304s] INFO:colcon.colcon_core.shell:Skip shell extension 'powershell' for command environment: Not usable outside of PowerShell
[1.304s] DEBUG:colcon.colcon_core.shell:Skip shell extension 'dsv' for command environment
[1.332s] INFO:colcon.colcon_ros.task.ament_python.build:Building ROS package in '/home/ubuntu/odrv_ws/src/py_srvcli' with build type 'ament_python'
[1.333s] Level 1:colcon.colcon_core.shell:create_environment_hook('py_srvcli', 'ament_prefix_path')
[1.336s] INFO:colcon.colcon_core.shell:Creating environment hook '/home/ubuntu/odrv_ws/install/py_srvcli/share/py_srvcli/hook/ament_prefix_path.ps1'
[1.341s] INFO:colcon.colcon_core.shell:Creating environment descriptor '/home/ubuntu/odrv_ws/install/py_srvcli/share/py_srvcli/hook/ament_prefix_path.dsv'
[1.345s] INFO:colcon.colcon_core.shell:Creating environment hook '/home/ubuntu/odrv_ws/install/py_srvcli/share/py_srvcli/hook/ament_prefix_path.sh'
[1.350s] INFO:colcon.colcon_core.shell:Skip shell extension 'powershell' for command environment: Not usable outside of PowerShell
[1.351s] DEBUG:colcon.colcon_core.shell:Skip shell extension 'dsv' for command environment
[1.374s] INFO:colcon.colcon_ros.task.ament_cmake.build:Building ROS package in '/home/ubuntu/odrv_ws/src/ros_tutorials/turtlesim' with build type 'ament_cmake'
[1.375s] INFO:colcon.colcon_cmake.task.cmake.build:Building CMake package in '/home/ubuntu/odrv_ws/src/ros_tutorials/turtlesim'
[1.377s] INFO:colcon.colcon_core.shell:Skip shell extension 'powershell' for command environment: Not usable outside of PowerShell
[1.378s] DEBUG:colcon.colcon_core.shell:Skip shell extension 'dsv' for command environment
[1.423s] DEBUG:colcon.colcon_core.event_handler.log_command:Invoking command in '/home/ubuntu/odrv_ws/build/interfaces': CMAKE_PREFIX_PATH=${CMAKE_PREFIX_PATH}:/home/ubuntu/odrv_ws/install/srvcli:/home/ubuntu/odrv_ws/install/py_srvcli:/opt/ros/foxy /usr/bin/cmake --build /home/ubuntu/odrv_ws/build/interfaces -- -j4 -l4
[2.520s] INFO:colcon.colcon_core.task.python.build:Building Python package in '/home/ubuntu/odrv_ws/src/py_srvcli'
[2.523s] INFO:colcon.colcon_core.shell:Skip shell extension 'powershell' for command environment: Not usable outside of PowerShell
[2.523s] DEBUG:colcon.colcon_core.shell:Skip shell extension 'dsv' for command environment
[2.577s] DEBUG:colcon.colcon_core.event_handler.log_command:Invoking command in '/home/ubuntu/odrv_ws/build/turtlesim': CMAKE_PREFIX_PATH=${CMAKE_PREFIX_PATH}:/home/ubuntu/odrv_ws/install/srvcli:/home/ubuntu/odrv_ws/install/py_srvcli:/opt/ros/foxy /usr/bin/cmake --build /home/ubuntu/odrv_ws/build/turtlesim -- -j4 -l4
[5.080s] DEBUG:colcon.colcon_core.event_handler.log_command:Invoked command in '/home/ubuntu/odrv_ws/build/turtlesim' returned '0': CMAKE_PREFIX_PATH=${CMAKE_PREFIX_PATH}:/home/ubuntu/odrv_ws/install/srvcli:/home/ubuntu/odrv_ws/install/py_srvcli:/opt/ros/foxy /usr/bin/cmake --build /home/ubuntu/odrv_ws/build/turtlesim -- -j4 -l4
[6.623s] DEBUG:colcon.colcon_core.event_handler.log_command:Invoking command in '/home/ubuntu/odrv_ws/src/py_srvcli': PYTHONPATH=/home/ubuntu/odrv_ws/install/py_srvcli/lib/python3.8/site-packages:${PYTHONPATH} /usr/bin/python3 setup.py egg_info --egg-base ../../build/py_srvcli build --build-base /home/ubuntu/odrv_ws/build/py_srvcli/build install --prefix /home/ubuntu/odrv_ws/install/py_srvcli --record /home/ubuntu/odrv_ws/build/py_srvcli/install.log --single-version-externally-managed
[6.755s] DEBUG:colcon.colcon_core.event_handler.log_command:Invoking command in '/home/ubuntu/odrv_ws/build/turtlesim': CMAKE_PREFIX_PATH=${CMAKE_PREFIX_PATH}:/home/ubuntu/odrv_ws/install/srvcli:/home/ubuntu/odrv_ws/install/py_srvcli:/opt/ros/foxy /usr/bin/cmake --install /home/ubuntu/odrv_ws/build/turtlesim
[7.262s] Level 1:colcon.colcon_core.environment:create_environment_scripts_only(turtlesim)
[7.265s] DEBUG:colcon.colcon_core.event_handler.log_command:Invoked command in '/home/ubuntu/odrv_ws/build/turtlesim' returned '0': CMAKE_PREFIX_PATH=${CMAKE_PREFIX_PATH}:/home/ubuntu/odrv_ws/install/srvcli:/home/ubuntu/odrv_ws/install/py_srvcli:/opt/ros/foxy /usr/bin/cmake --install /home/ubuntu/odrv_ws/build/turtlesim
[7.299s] Level 1:colcon.colcon_core.environment:checking '/home/ubuntu/odrv_ws/install/turtlesim' for CMake module files
[7.303s] Level 1:colcon.colcon_core.environment:checking '/home/ubuntu/odrv_ws/install/turtlesim' for CMake config files
[7.307s] Level 1:colcon.colcon_core.shell:create_environment_hook('turtlesim', 'cmake_prefix_path')
[7.309s] INFO:colcon.colcon_core.shell:Creating environment hook '/home/ubuntu/odrv_ws/install/turtlesim/share/turtlesim/hook/cmake_prefix_path.ps1'
[7.311s] INFO:colcon.colcon_core.shell:Creating environment descriptor '/home/ubuntu/odrv_ws/install/turtlesim/share/turtlesim/hook/cmake_prefix_path.dsv'
[7.313s] INFO:colcon.colcon_core.shell:Creating environment hook '/home/ubuntu/odrv_ws/install/turtlesim/share/turtlesim/hook/cmake_prefix_path.sh'
[7.316s] Level 1:colcon.colcon_core.environment:checking '/home/ubuntu/odrv_ws/install/turtlesim/lib'
[7.317s] Level 1:colcon.colcon_core.shell:create_environment_hook('turtlesim', 'ld_library_path_lib')
[7.319s] INFO:colcon.colcon_core.shell:Creating environment hook '/home/ubuntu/odrv_ws/install/turtlesim/share/turtlesim/hook/ld_library_path_lib.ps1'
[7.321s] INFO:colcon.colcon_core.shell:Creating environment descriptor '/home/ubuntu/odrv_ws/install/turtlesim/share/turtlesim/hook/ld_library_path_lib.dsv'
[7.323s] INFO:colcon.colcon_core.shell:Creating environment hook '/home/ubuntu/odrv_ws/install/turtlesim/share/turtlesim/hook/ld_library_path_lib.sh'
[7.325s] Level 1:colcon.colcon_core.environment:checking '/home/ubuntu/odrv_ws/install/turtlesim/bin'
[7.325s] Level 1:colcon.colcon_core.environment:checking '/home/ubuntu/odrv_ws/install/turtlesim/lib/pkgconfig/turtlesim.pc'
[7.326s] Level 1:colcon.colcon_core.environment:checking '/home/ubuntu/odrv_ws/install/turtlesim/lib/python3.8/site-packages'
[7.326s] Level 1:colcon.colcon_core.shell:create_environment_hook('turtlesim', 'pythonpath')
[7.328s] INFO:colcon.colcon_core.shell:Creating environment hook '/home/ubuntu/odrv_ws/install/turtlesim/share/turtlesim/hook/pythonpath.ps1'
[7.330s] INFO:colcon.colcon_core.shell:Creating environment descriptor '/home/ubuntu/odrv_ws/install/turtlesim/share/turtlesim/hook/pythonpath.dsv'
[7.332s] INFO:colcon.colcon_core.shell:Creating environment hook '/home/ubuntu/odrv_ws/install/turtlesim/share/turtlesim/hook/pythonpath.sh'
[7.336s] INFO:colcon.colcon_core.shell:Creating package script '/home/ubuntu/odrv_ws/install/turtlesim/share/turtlesim/package.ps1'
[7.344s] INFO:colcon.colcon_core.shell:Creating package descriptor '/home/ubuntu/odrv_ws/install/turtlesim/share/turtlesim/package.dsv'
[7.350s] INFO:colcon.colcon_core.shell:Creating package script '/home/ubuntu/odrv_ws/install/turtlesim/share/turtlesim/package.sh'
[7.356s] INFO:colcon.colcon_core.shell:Creating package script '/home/ubuntu/odrv_ws/install/turtlesim/share/turtlesim/package.bash'
[7.363s] INFO:colcon.colcon_core.shell:Creating package script '/home/ubuntu/odrv_ws/install/turtlesim/share/turtlesim/package.zsh'
[7.370s] Level 1:colcon.colcon_core.environment:create_file_with_runtime_dependencies(/home/ubuntu/odrv_ws/install/turtlesim/share/colcon-core/packages/turtlesim)
[8.720s] Level 1:colcon.colcon_core.environment:checking '/home/ubuntu/odrv_ws/install/py_srvcli' for CMake module files
[8.723s] DEBUG:colcon.colcon_core.event_handler.log_command:Invoked command in '/home/ubuntu/odrv_ws/src/py_srvcli' returned '0': PYTHONPATH=/home/ubuntu/odrv_ws/install/py_srvcli/lib/python3.8/site-packages:${PYTHONPATH} /usr/bin/python3 setup.py egg_info --egg-base ../../build/py_srvcli build --build-base /home/ubuntu/odrv_ws/build/py_srvcli/build install --prefix /home/ubuntu/odrv_ws/install/py_srvcli --record /home/ubuntu/odrv_ws/build/py_srvcli/install.log --single-version-externally-managed
[8.729s] Level 1:colcon.colcon_core.environment:checking '/home/ubuntu/odrv_ws/install/py_srvcli' for CMake config files
[8.738s] Level 1:colcon.colcon_core.environment:checking '/home/ubuntu/odrv_ws/install/py_srvcli/lib'
[8.739s] Level 1:colcon.colcon_core.environment:checking '/home/ubuntu/odrv_ws/install/py_srvcli/bin'
[8.740s] Level 1:colcon.colcon_core.environment:checking '/home/ubuntu/odrv_ws/install/py_srvcli/lib/pkgconfig/py_srvcli.pc'
[8.740s] Level 1:colcon.colcon_core.environment:checking '/home/ubuntu/odrv_ws/install/py_srvcli/lib/python3.8/site-packages'
[8.741s] Level 1:colcon.colcon_core.shell:create_environment_hook('py_srvcli', 'pythonpath')
[8.746s] INFO:colcon.colcon_core.shell:Creating environment hook '/home/ubuntu/odrv_ws/install/py_srvcli/share/py_srvcli/hook/pythonpath.ps1'
[8.751s] INFO:colcon.colcon_core.shell:Creating environment descriptor '/home/ubuntu/odrv_ws/install/py_srvcli/share/py_srvcli/hook/pythonpath.dsv'
[8.756s] INFO:colcon.colcon_core.shell:Creating environment hook '/home/ubuntu/odrv_ws/install/py_srvcli/share/py_srvcli/hook/pythonpath.sh'
[8.761s] Level 1:colcon.colcon_core.environment:create_environment_scripts_only(py_srvcli)
[8.768s] INFO:colcon.colcon_core.shell:Creating package script '/home/ubuntu/odrv_ws/install/py_srvcli/share/py_srvcli/package.ps1'
[8.773s] INFO:colcon.colcon_core.shell:Creating package descriptor '/home/ubuntu/odrv_ws/install/py_srvcli/share/py_srvcli/package.dsv'
[8.779s] INFO:colcon.colcon_core.shell:Creating package script '/home/ubuntu/odrv_ws/install/py_srvcli/share/py_srvcli/package.sh'
[8.784s] INFO:colcon.colcon_core.shell:Creating package script '/home/ubuntu/odrv_ws/install/py_srvcli/share/py_srvcli/package.bash'
[8.788s] INFO:colcon.colcon_core.shell:Creating package script '/home/ubuntu/odrv_ws/install/py_srvcli/share/py_srvcli/package.zsh'
[8.792s] Level 1:colcon.colcon_core.environment:create_file_with_runtime_dependencies(/home/ubuntu/odrv_ws/install/py_srvcli/share/colcon-core/packages/py_srvcli)
[9.232s] Level 1:colcon.colcon_core.environment:create_environment_scripts_only(turtlesim)
[9.241s] Level 1:colcon.colcon_core.environment:checking '/home/ubuntu/odrv_ws/install/turtlesim' for CMake module files
[9.255s] Level 1:colcon.colcon_core.environment:checking '/home/ubuntu/odrv_ws/install/turtlesim' for CMake config files
[9.265s] Level 1:colcon.colcon_core.shell:create_environment_hook('turtlesim', 'cmake_prefix_path')
[9.270s] INFO:colcon.colcon_core.shell:Creating environment hook '/home/ubuntu/odrv_ws/install/turtlesim/share/turtlesim/hook/cmake_prefix_path.ps1'
[9.274s] INFO:colcon.colcon_core.shell:Creating environment descriptor '/home/ubuntu/odrv_ws/install/turtlesim/share/turtlesim/hook/cmake_prefix_path.dsv'
[9.278s] INFO:colcon.colcon_core.shell:Creating environment hook '/home/ubuntu/odrv_ws/install/turtlesim/share/turtlesim/hook/cmake_prefix_path.sh'
[9.283s] Level 1:colcon.colcon_core.environment:checking '/home/ubuntu/odrv_ws/install/turtlesim/lib'
[9.284s] Level 1:colcon.colcon_core.shell:create_environment_hook('turtlesim', 'ld_library_path_lib')
[9.290s] INFO:colcon.colcon_core.shell:Creating environment hook '/home/ubuntu/odrv_ws/install/turtlesim/share/turtlesim/hook/ld_library_path_lib.ps1'
[9.294s] INFO:colcon.colcon_core.shell:Creating environment descriptor '/home/ubuntu/odrv_ws/install/turtlesim/share/turtlesim/hook/ld_library_path_lib.dsv'
[9.297s] INFO:colcon.colcon_core.shell:Creating environment hook '/home/ubuntu/odrv_ws/install/turtlesim/share/turtlesim/hook/ld_library_path_lib.sh'
[9.301s] Level 1:colcon.colcon_core.environment:checking '/home/ubuntu/odrv_ws/install/turtlesim/bin'
[9.302s] Level 1:colcon.colcon_core.environment:checking '/home/ubuntu/odrv_ws/install/turtlesim/lib/pkgconfig/turtlesim.pc'
[9.303s] Level 1:colcon.colcon_core.environment:checking '/home/ubuntu/odrv_ws/install/turtlesim/lib/python3.8/site-packages'
[9.304s] Level 1:colcon.colcon_core.shell:create_environment_hook('turtlesim', 'pythonpath')
[9.309s] INFO:colcon.colcon_core.shell:Creating environment hook '/home/ubuntu/odrv_ws/install/turtlesim/share/turtlesim/hook/pythonpath.ps1'
[9.315s] INFO:colcon.colcon_core.shell:Creating environment descriptor '/home/ubuntu/odrv_ws/install/turtlesim/share/turtlesim/hook/pythonpath.dsv'
[9.319s] INFO:colcon.colcon_core.shell:Creating environment hook '/home/ubuntu/odrv_ws/install/turtlesim/share/turtlesim/hook/pythonpath.sh'
[9.330s] INFO:colcon.colcon_core.shell:Creating package script '/home/ubuntu/odrv_ws/install/turtlesim/share/turtlesim/package.ps1'
[9.336s] INFO:colcon.colcon_core.shell:Creating package descriptor '/home/ubuntu/odrv_ws/install/turtlesim/share/turtlesim/package.dsv'
[9.342s] INFO:colcon.colcon_core.shell:Creating package script '/home/ubuntu/odrv_ws/install/turtlesim/share/turtlesim/package.sh'
[9.348s] INFO:colcon.colcon_core.shell:Creating package script '/home/ubuntu/odrv_ws/install/turtlesim/share/turtlesim/package.bash'
[9.353s] INFO:colcon.colcon_core.shell:Creating package script '/home/ubuntu/odrv_ws/install/turtlesim/share/turtlesim/package.zsh'
[9.357s] Level 1:colcon.colcon_core.environment:create_file_with_runtime_dependencies(/home/ubuntu/odrv_ws/install/turtlesim/share/colcon-core/packages/turtlesim)
[26.448s] DEBUG:colcon.colcon_core.event_handler.log_command:Invoked command in '/home/ubuntu/odrv_ws/build/interfaces' returned '0': CMAKE_PREFIX_PATH=${CMAKE_PREFIX_PATH}:/home/ubuntu/odrv_ws/install/srvcli:/home/ubuntu/odrv_ws/install/py_srvcli:/opt/ros/foxy /usr/bin/cmake --build /home/ubuntu/odrv_ws/build/interfaces -- -j4 -l4
[26.750s] DEBUG:colcon.colcon_core.event_handler.log_command:Invoking command in '/home/ubuntu/odrv_ws/build/interfaces': CMAKE_PREFIX_PATH=${CMAKE_PREFIX_PATH}:/home/ubuntu/odrv_ws/install/srvcli:/home/ubuntu/odrv_ws/install/py_srvcli:/opt/ros/foxy /usr/bin/cmake --install /home/ubuntu/odrv_ws/build/interfaces
[27.089s] Level 1:colcon.colcon_core.environment:create_environment_scripts_only(interfaces)
[27.092s] Level 1:colcon.colcon_core.environment:checking '/home/ubuntu/odrv_ws/install/interfaces' for CMake module files
[27.094s] DEBUG:colcon.colcon_core.event_handler.log_command:Invoked command in '/home/ubuntu/odrv_ws/build/interfaces' returned '0': CMAKE_PREFIX_PATH=${CMAKE_PREFIX_PATH}:/home/ubuntu/odrv_ws/install/srvcli:/home/ubuntu/odrv_ws/install/py_srvcli:/opt/ros/foxy /usr/bin/cmake --install /home/ubuntu/odrv_ws/build/interfaces
[27.097s] Level 1:colcon.colcon_core.environment:checking '/home/ubuntu/odrv_ws/install/interfaces' for CMake config files
[27.100s] Level 1:colcon.colcon_core.shell:create_environment_hook('interfaces', 'cmake_prefix_path')
[27.102s] INFO:colcon.colcon_core.shell:Creating environment hook '/home/ubuntu/odrv_ws/install/interfaces/share/interfaces/hook/cmake_prefix_path.ps1'
[27.105s] INFO:colcon.colcon_core.shell:Creating environment descriptor '/home/ubuntu/odrv_ws/install/interfaces/share/interfaces/hook/cmake_prefix_path.dsv'
[27.106s] INFO:colcon.colcon_core.shell:Creating environment hook '/home/ubuntu/odrv_ws/install/interfaces/share/interfaces/hook/cmake_prefix_path.sh'
[27.109s] Level 1:colcon.colcon_core.environment:checking '/home/ubuntu/odrv_ws/install/interfaces/lib'
[27.109s] Level 1:colcon.colcon_core.shell:create_environment_hook('interfaces', 'ld_library_path_lib')
[27.111s] INFO:colcon.colcon_core.shell:Creating environment hook '/home/ubuntu/odrv_ws/install/interfaces/share/interfaces/hook/ld_library_path_lib.ps1'
[27.113s] INFO:colcon.colcon_core.shell:Creating environment descriptor '/home/ubuntu/odrv_ws/install/interfaces/share/interfaces/hook/ld_library_path_lib.dsv'
[27.114s] INFO:colcon.colcon_core.shell:Creating environment hook '/home/ubuntu/odrv_ws/install/interfaces/share/interfaces/hook/ld_library_path_lib.sh'
[27.116s] Level 1:colcon.colcon_core.environment:checking '/home/ubuntu/odrv_ws/install/interfaces/bin'
[27.116s] Level 1:colcon.colcon_core.environment:checking '/home/ubuntu/odrv_ws/install/interfaces/lib/pkgconfig/interfaces.pc'
[27.117s] Level 1:colcon.colcon_core.environment:checking '/home/ubuntu/odrv_ws/install/interfaces/lib/python3.8/site-packages'
[27.117s] Level 1:colcon.colcon_core.shell:create_environment_hook('interfaces', 'pythonpath')
[27.119s] INFO:colcon.colcon_core.shell:Creating environment hook '/home/ubuntu/odrv_ws/install/interfaces/share/interfaces/hook/pythonpath.ps1'
[27.120s] INFO:colcon.colcon_core.shell:Creating environment descriptor '/home/ubuntu/odrv_ws/install/interfaces/share/interfaces/hook/pythonpath.dsv'
[27.122s] INFO:colcon.colcon_core.shell:Creating environment hook '/home/ubuntu/odrv_ws/install/interfaces/share/interfaces/hook/pythonpath.sh'
[27.125s] INFO:colcon.colcon_core.shell:Creating package script '/home/ubuntu/odrv_ws/install/interfaces/share/interfaces/package.ps1'
[27.128s] INFO:colcon.colcon_core.shell:Creating package descriptor '/home/ubuntu/odrv_ws/install/interfaces/share/interfaces/package.dsv'
[27.130s] INFO:colcon.colcon_core.shell:Creating package script '/home/ubuntu/odrv_ws/install/interfaces/share/interfaces/package.sh'
[27.132s] INFO:colcon.colcon_core.shell:Creating package script '/home/ubuntu/odrv_ws/install/interfaces/share/interfaces/package.bash'
[27.133s] INFO:colcon.colcon_core.shell:Creating package script '/home/ubuntu/odrv_ws/install/interfaces/share/interfaces/package.zsh'
[27.134s] Level 1:colcon.colcon_core.environment:create_file_with_runtime_dependencies(/home/ubuntu/odrv_ws/install/interfaces/share/colcon-core/packages/interfaces)
[27.437s] Level 1:colcon.colcon_core.environment:create_environment_scripts_only(interfaces)
[27.440s] Level 1:colcon.colcon_core.environment:checking '/home/ubuntu/odrv_ws/install/interfaces' for CMake module files
[27.444s] Level 1:colcon.colcon_core.environment:checking '/home/ubuntu/odrv_ws/install/interfaces' for CMake config files
[27.447s] Level 1:colcon.colcon_core.shell:create_environment_hook('interfaces', 'cmake_prefix_path')
[27.449s] INFO:colcon.colcon_core.shell:Creating environment hook '/home/ubuntu/odrv_ws/install/interfaces/share/interfaces/hook/cmake_prefix_path.ps1'
[27.451s] INFO:colcon.colcon_core.shell:Creating environment descriptor '/home/ubuntu/odrv_ws/install/interfaces/share/interfaces/hook/cmake_prefix_path.dsv'
[27.452s] INFO:colcon.colcon_core.shell:Creating environment hook '/home/ubuntu/odrv_ws/install/interfaces/share/interfaces/hook/cmake_prefix_path.sh'
[27.455s] Level 1:colcon.colcon_core.environment:checking '/home/ubuntu/odrv_ws/install/interfaces/lib'
[27.455s] Level 1:colcon.colcon_core.shell:create_environment_hook('interfaces', 'ld_library_path_lib')
[27.457s] INFO:colcon.colcon_core.shell:Creating environment hook '/home/ubuntu/odrv_ws/install/interfaces/share/interfaces/hook/ld_library_path_lib.ps1'
[27.459s] INFO:colcon.colcon_core.shell:Creating environment descriptor '/home/ubuntu/odrv_ws/install/interfaces/share/interfaces/hook/ld_library_path_lib.dsv'
[27.460s] INFO:colcon.colcon_core.shell:Creating environment hook '/home/ubuntu/odrv_ws/install/interfaces/share/interfaces/hook/ld_library_path_lib.sh'
[27.462s] Level 1:colcon.colcon_core.environment:checking '/home/ubuntu/odrv_ws/install/interfaces/bin'
[27.462s] Level 1:colcon.colcon_core.environment:checking '/home/ubuntu/odrv_ws/install/interfaces/lib/pkgconfig/interfaces.pc'
[27.462s] Level 1:colcon.colcon_core.environment:checking '/home/ubuntu/odrv_ws/install/interfaces/lib/python3.8/site-packages'
[27.463s] Level 1:colcon.colcon_core.shell:create_environment_hook('interfaces', 'pythonpath')
[27.464s] INFO:colcon.colcon_core.shell:Creating environment hook '/home/ubuntu/odrv_ws/install/interfaces/share/interfaces/hook/pythonpath.ps1'
[27.466s] INFO:colcon.colcon_core.shell:Creating environment descriptor '/home/ubuntu/odrv_ws/install/interfaces/share/interfaces/hook/pythonpath.dsv'
[27.468s] INFO:colcon.colcon_core.shell:Creating environment hook '/home/ubuntu/odrv_ws/install/interfaces/share/interfaces/hook/pythonpath.sh'
[27.472s] INFO:colcon.colcon_core.shell:Creating package script '/home/ubuntu/odrv_ws/install/interfaces/share/interfaces/package.ps1'
[27.474s] INFO:colcon.colcon_core.shell:Creating package descriptor '/home/ubuntu/odrv_ws/install/interfaces/share/interfaces/package.dsv'
[27.476s] INFO:colcon.colcon_core.shell:Creating package script '/home/ubuntu/odrv_ws/install/interfaces/share/interfaces/package.sh'
[27.479s] INFO:colcon.colcon_core.shell:Creating package script '/home/ubuntu/odrv_ws/install/interfaces/share/interfaces/package.bash'
[27.480s] INFO:colcon.colcon_core.shell:Creating package script '/home/ubuntu/odrv_ws/install/interfaces/share/interfaces/package.zsh'
[27.482s] Level 1:colcon.colcon_core.environment:create_file_with_runtime_dependencies(/home/ubuntu/odrv_ws/install/interfaces/share/colcon-core/packages/interfaces)
[27.484s] INFO:colcon.colcon_ros.task.ament_python.build:Building ROS package in '/home/ubuntu/odrv_ws/src/srvcli' with build type 'ament_python'
[27.484s] Level 1:colcon.colcon_core.shell:create_environment_hook('srvcli', 'ament_prefix_path')
[27.486s] INFO:colcon.colcon_core.shell:Creating environment hook '/home/ubuntu/odrv_ws/install/srvcli/share/srvcli/hook/ament_prefix_path.ps1'
[27.489s] INFO:colcon.colcon_core.shell:Creating environment descriptor '/home/ubuntu/odrv_ws/install/srvcli/share/srvcli/hook/ament_prefix_path.dsv'
[27.491s] INFO:colcon.colcon_core.shell:Creating environment hook '/home/ubuntu/odrv_ws/install/srvcli/share/srvcli/hook/ament_prefix_path.sh'
[27.495s] INFO:colcon.colcon_core.shell:Skip shell extension 'powershell' for command environment: Not usable outside of PowerShell
[27.495s] DEBUG:colcon.colcon_core.shell:Skip shell extension 'dsv' for command environment
[28.442s] INFO:colcon.colcon_core.task.python.build:Building Python package in '/home/ubuntu/odrv_ws/src/srvcli'
[28.444s] INFO:colcon.colcon_core.shell:Skip shell extension 'powershell' for command environment: Not usable outside of PowerShell
[28.445s] DEBUG:colcon.colcon_core.shell:Skip shell extension 'dsv' for command environment
[30.083s] DEBUG:colcon.colcon_core.event_handler.log_command:Invoking command in '/home/ubuntu/odrv_ws/src/srvcli': CMAKE_PREFIX_PATH=/home/ubuntu/odrv_ws/install/interfaces:/home/ubuntu/odrv_ws/install/turtlesim LD_LIBRARY_PATH=/home/ubuntu/odrv_ws/install/interfaces/lib:/home/ubuntu/odrv_ws/install/turtlesim/lib:/opt/ros/foxy/opt/yaml_cpp_vendor/lib:/opt/ros/foxy/opt/rviz_ogre_vendor/lib:/opt/ros/foxy/lib/aarch64-linux-gnu:/opt/ros/foxy/lib PYTHONPATH=/home/ubuntu/odrv_ws/install/srvcli/lib/python3.8/site-packages:/home/ubuntu/odrv_ws/install/interfaces/lib/python3.8/site-packages:/home/ubuntu/odrv_ws/install/turtlesim/lib/python3.8/site-packages:/home/ubuntu/odrv_ws/install/srvcli/lib/python3.8/site-packages:/home/ubuntu/odrv_ws/install/py_srvcli/lib/python3.8/site-packages:/opt/ros/foxy/lib/python3.8/site-packages /usr/bin/python3 setup.py egg_info --egg-base ../../build/srvcli build --build-base /home/ubuntu/odrv_ws/build/srvcli/build install --prefix /home/ubuntu/odrv_ws/install/srvcli --record /home/ubuntu/odrv_ws/build/srvcli/install.log --single-version-externally-managed
[31.260s] Level 1:colcon.colcon_core.environment:checking '/home/ubuntu/odrv_ws/install/srvcli' for CMake module files
[31.262s] DEBUG:colcon.colcon_core.event_handler.log_command:Invoked command in '/home/ubuntu/odrv_ws/src/srvcli' returned '0': CMAKE_PREFIX_PATH=/home/ubuntu/odrv_ws/install/interfaces:/home/ubuntu/odrv_ws/install/turtlesim LD_LIBRARY_PATH=/home/ubuntu/odrv_ws/install/interfaces/lib:/home/ubuntu/odrv_ws/install/turtlesim/lib:/opt/ros/foxy/opt/yaml_cpp_vendor/lib:/opt/ros/foxy/opt/rviz_ogre_vendor/lib:/opt/ros/foxy/lib/aarch64-linux-gnu:/opt/ros/foxy/lib PYTHONPATH=/home/ubuntu/odrv_ws/install/srvcli/lib/python3.8/site-packages:/home/ubuntu/odrv_ws/install/interfaces/lib/python3.8/site-packages:/home/ubuntu/odrv_ws/install/turtlesim/lib/python3.8/site-packages:/home/ubuntu/odrv_ws/install/srvcli/lib/python3.8/site-packages:/home/ubuntu/odrv_ws/install/py_srvcli/lib/python3.8/site-packages:/opt/ros/foxy/lib/python3.8/site-packages /usr/bin/python3 setup.py egg_info --egg-base ../../build/srvcli build --build-base /home/ubuntu/odrv_ws/build/srvcli/build install --prefix /home/ubuntu/odrv_ws/install/srvcli --record /home/ubuntu/odrv_ws/build/srvcli/install.log --single-version-externally-managed
[31.264s] Level 1:colcon.colcon_core.environment:checking '/home/ubuntu/odrv_ws/install/srvcli' for CMake config files
[31.267s] Level 1:colcon.colcon_core.environment:checking '/home/ubuntu/odrv_ws/install/srvcli/lib'
[31.267s] Level 1:colcon.colcon_core.environment:checking '/home/ubuntu/odrv_ws/install/srvcli/bin'
[31.267s] Level 1:colcon.colcon_core.environment:checking '/home/ubuntu/odrv_ws/install/srvcli/lib/pkgconfig/srvcli.pc'
[31.268s] Level 1:colcon.colcon_core.environment:checking '/home/ubuntu/odrv_ws/install/srvcli/lib/python3.8/site-packages'
[31.268s] Level 1:colcon.colcon_core.shell:create_environment_hook('srvcli', 'pythonpath')
[31.270s] INFO:colcon.colcon_core.shell:Creating environment hook '/home/ubuntu/odrv_ws/install/srvcli/share/srvcli/hook/pythonpath.ps1'
[31.272s] INFO:colcon.colcon_core.shell:Creating environment descriptor '/home/ubuntu/odrv_ws/install/srvcli/share/srvcli/hook/pythonpath.dsv'
[31.273s] INFO:colcon.colcon_core.shell:Creating environment hook '/home/ubuntu/odrv_ws/install/srvcli/share/srvcli/hook/pythonpath.sh'
[31.275s] Level 1:colcon.colcon_core.environment:create_environment_scripts_only(srvcli)
[31.278s] INFO:colcon.colcon_core.shell:Creating package script '/home/ubuntu/odrv_ws/install/srvcli/share/srvcli/package.ps1'
[31.280s] INFO:colcon.colcon_core.shell:Creating package descriptor '/home/ubuntu/odrv_ws/install/srvcli/share/srvcli/package.dsv'
[31.282s] INFO:colcon.colcon_core.shell:Creating package script '/home/ubuntu/odrv_ws/install/srvcli/share/srvcli/package.sh'
[31.284s] INFO:colcon.colcon_core.shell:Creating package script '/home/ubuntu/odrv_ws/install/srvcli/share/srvcli/package.bash'
[31.285s] INFO:colcon.colcon_core.shell:Creating package script '/home/ubuntu/odrv_ws/install/srvcli/share/srvcli/package.zsh'
[31.286s] Level 1:colcon.colcon_core.environment:create_file_with_runtime_dependencies(/home/ubuntu/odrv_ws/install/srvcli/share/colcon-core/packages/srvcli)
[31.288s] DEBUG:colcon.colcon_parallel_executor.executor.parallel:closing loop
[31.289s] DEBUG:colcon.colcon_parallel_executor.executor.parallel:loop closed
[31.289s] DEBUG:colcon.colcon_parallel_executor.executor.parallel:run_until_complete finished with '0'
[31.290s] DEBUG:colcon.colcon_core.event_reactor:joining thread
[31.323s] INFO:colcon.colcon_core.plugin_system:Skipping extension 'colcon_notification.desktop_notification.terminal_notifier': Not used on non-Darwin systems
[31.324s] INFO:colcon.colcon_core.plugin_system:Skipping extension 'colcon_notification.desktop_notification.win32': Not used on non-Windows systems
[31.324s] INFO:colcon.colcon_notification.desktop_notification:Sending desktop notification using 'notify2'
[31.327s] DEBUG:colcon.colcon_notification.desktop_notification.notify2:Failed to initialize notify2: org.freedesktop.DBus.Error.ServiceUnknown: The name org.freedesktop.Notifications was not provided by any .service files
[31.328s] DEBUG:colcon.colcon_core.event_reactor:joined thread
[31.330s] INFO:colcon.colcon_core.shell:Creating prefix script '/home/ubuntu/odrv_ws/install/local_setup.ps1'
[31.334s] INFO:colcon.colcon_core.shell:Creating prefix util module '/home/ubuntu/odrv_ws/install/_local_setup_util_ps1.py'
[31.341s] INFO:colcon.colcon_core.shell:Creating prefix chain script '/home/ubuntu/odrv_ws/install/setup.ps1'
[31.351s] INFO:colcon.colcon_core.shell:Creating prefix script '/home/ubuntu/odrv_ws/install/local_setup.sh'
[31.354s] INFO:colcon.colcon_core.shell:Creating prefix util module '/home/ubuntu/odrv_ws/install/_local_setup_util_sh.py'
[31.357s] INFO:colcon.colcon_core.shell:Creating prefix chain script '/home/ubuntu/odrv_ws/install/setup.sh'
[31.365s] INFO:colcon.colcon_core.shell:Creating prefix script '/home/ubuntu/odrv_ws/install/local_setup.bash'
[31.368s] INFO:colcon.colcon_core.shell:Creating prefix chain script '/home/ubuntu/odrv_ws/install/setup.bash'
[31.374s] INFO:colcon.colcon_core.shell:Creating prefix script '/home/ubuntu/odrv_ws/install/local_setup.zsh'
[31.377s] INFO:colcon.colcon_core.shell:Creating prefix chain script '/home/ubuntu/odrv_ws/install/setup.zsh'
