[0.066s] Invoking command in '/home/ubuntu/odrv_ws/build/turtlesim': CMAKE_PREFIX_PATH=/opt/ros/foxy /usr/bin/cmake /home/ubuntu/odrv_ws/src/ros_tutorials/turtlesim -DCMAKE_INSTALL_PREFIX=/home/ubuntu/odrv_ws/install/turtlesim
[1.095s] -- The C compiler identification is GNU 9.4.0
[1.945s] -- The CXX compiler identification is GNU 9.4.0
[1.980s] -- Check for working C compiler: /usr/bin/cc
[2.286s] -- Check for working C compiler: /usr/bin/cc -- works
[2.292s] -- Detecting C compiler ABI info
[2.596s] -- Detecting C compiler ABI info - done
[2.633s] -- Detecting C compile features
[2.635s] -- Detecting C compile features - done
[2.647s] -- Check for working CXX compiler: /usr/bin/c++
[2.980s] -- Check for working CXX compiler: /usr/bin/c++ -- works
[2.985s] -- Detecting CXX compiler ABI info
[3.323s] -- Detecting CXX compiler ABI info - done
[3.360s] -- Detecting CXX compile features
[3.363s] -- Detecting CXX compile features - done
[3.403s] -- Found ament_cmake: 0.9.9 (/opt/ros/foxy/share/ament_cmake/cmake)
[3.545s] -- Found PythonInterp: /usr/bin/python3 (found suitable version "3.8.10", minimum required is "3") 
[3.546s] -- Using PYTHON_EXECUTABLE: /usr/bin/python3
[4.600s] -- Found ament_index_cpp: 1.1.0 (/opt/ros/foxy/share/ament_index_cpp/cmake)
[4.631s] -- Found geometry_msgs: 2.0.5 (/opt/ros/foxy/share/geometry_msgs/cmake)
[4.901s] -- Using all available rosidl_typesupport_c: rosidl_typesupport_fastrtps_c;rosidl_typesupport_introspection_c
[4.966s] -- Found rosidl_adapter: 1.2.1 (/opt/ros/foxy/share/rosidl_adapter/cmake)
[5.594s] -- Found OpenSSL: /usr/lib/aarch64-linux-gnu/libcrypto.so (found version "1.1.1f")  
[5.829s] -- Found FastRTPS: /opt/ros/foxy/include  
[6.438s] -- Using all available rosidl_typesupport_cpp: rosidl_typesupport_fastrtps_cpp;rosidl_typesupport_introspection_cpp
[6.965s] -- Found rclcpp: 2.4.1 (/opt/ros/foxy/share/rclcpp/cmake)
[7.348s] -- Found rmw_implementation_cmake: 1.0.3 (/opt/ros/foxy/share/rmw_implementation_cmake/cmake)
[7.358s] -- Using RMW implementation 'rmw_fastrtps_cpp' as default
[7.366s] -- Looking for pthread.h
[7.720s] -- Looking for pthread.h - found
[7.720s] -- Performing Test CMAKE_HAVE_LIBC_PTHREAD
[8.036s] -- Performing Test CMAKE_HAVE_LIBC_PTHREAD - Failed
[8.037s] -- Looking for pthread_create in pthreads
[8.302s] -- Looking for pthread_create in pthreads - not found
[8.303s] -- Looking for pthread_create in pthread
[8.606s] -- Looking for pthread_create in pthread - found
[8.610s] -- Found Threads: TRUE  
[9.245s] -- Found rclcpp_action: 2.4.1 (/opt/ros/foxy/share/rclcpp_action/cmake)
[9.667s] -- Found rosidl_default_generators: 1.0.1 (/opt/ros/foxy/share/rosidl_default_generators/cmake)
[9.745s] -- Found std_srvs: 2.0.5 (/opt/ros/foxy/share/std_srvs/cmake)
[9.895s] -- Found PythonInterp: /usr/bin/python3 (found version "3.8.10") 
[10.672s] -- Found ament_cmake_ros: 0.9.2 (/opt/ros/foxy/share/ament_cmake_ros/cmake)
[11.635s] -- Using all available rosidl_typesupport_c: rosidl_typesupport_fastrtps_c;rosidl_typesupport_introspection_c
[11.743s] -- Using all available rosidl_typesupport_cpp: rosidl_typesupport_fastrtps_cpp;rosidl_typesupport_introspection_cpp
[11.852s] -- Found PythonInterp: /usr/bin/python3 (found suitable version "3.8.10", minimum required is "3.5") 
[11.867s] -- Found python_cmake_module: 0.8.1 (/opt/ros/foxy/share/python_cmake_module/cmake)
[11.989s] -- Found PythonLibs: /usr/lib/aarch64-linux-gnu/libpython3.8.so (found suitable version "3.8.10", minimum required is "3.5") 
[11.989s] -- Using PYTHON_EXECUTABLE: /usr/bin/python3
[11.990s] -- Using PYTHON_INCLUDE_DIRS: /usr/include/python3.8
[11.990s] -- Using PYTHON_LIBRARIES: /usr/lib/aarch64-linux-gnu/libpython3.8.so
[12.088s] -- Found PythonExtra: .so  
[12.562s] -- Configuring done
[12.976s] -- Generating done
[12.990s] -- Build files have been written to: /home/ubuntu/odrv_ws/build/turtlesim
[13.041s] Invoked command in '/home/ubuntu/odrv_ws/build/turtlesim' returned '0': CMAKE_PREFIX_PATH=/opt/ros/foxy /usr/bin/cmake /home/ubuntu/odrv_ws/src/ros_tutorials/turtlesim -DCMAKE_INSTALL_PREFIX=/home/ubuntu/odrv_ws/install/turtlesim
[13.052s] Invoking command in '/home/ubuntu/odrv_ws/build/turtlesim': CMAKE_PREFIX_PATH=/opt/ros/foxy /usr/bin/cmake --build /home/ubuntu/odrv_ws/build/turtlesim -- -j4 -l4
[13.243s] [35m[1mScanning dependencies of target turtlesim__cpp[0m
[13.246s] [  1%] [34m[1mGenerating C code for ROS interfaces[0m
[13.289s] [  2%] [34m[1mGenerating C++ code for ROS interfaces[0m
[17.059s] [  2%] Built target turtlesim__cpp
[17.134s] [  3%] [34m[1mGenerating C++ type support dispatch for ROS interfaces[0m
[17.154s] [  4%] [34m[1mGenerating C++ introspection for ROS interfaces[0m
[17.180s] [  5%] [34m[1mGenerating C++ type support for eProsima Fast-RTPS[0m
[17.205s] [35m[1mScanning dependencies of target turtlesim__rosidl_generator_c[0m
[17.340s] [  6%] [32mBuilding C object CMakeFiles/turtlesim__rosidl_generator_c.dir/rosidl_generator_c/turtlesim/action/detail/rotate_absolute__functions.c.o[0m
[17.889s] [  7%] [32mBuilding C object CMakeFiles/turtlesim__rosidl_generator_c.dir/rosidl_generator_c/turtlesim/msg/detail/color__functions.c.o[0m
[18.107s] [  8%] [32mBuilding C object CMakeFiles/turtlesim__rosidl_generator_c.dir/rosidl_generator_c/turtlesim/msg/detail/pose__functions.c.o[0m
[18.316s] [  9%] [32mBuilding C object CMakeFiles/turtlesim__rosidl_generator_c.dir/rosidl_generator_c/turtlesim/srv/detail/kill__functions.c.o[0m
[18.584s] [ 10%] [32mBuilding C object CMakeFiles/turtlesim__rosidl_generator_c.dir/rosidl_generator_c/turtlesim/srv/detail/set_pen__functions.c.o[0m
[18.827s] [ 11%] [32mBuilding C object CMakeFiles/turtlesim__rosidl_generator_c.dir/rosidl_generator_c/turtlesim/srv/detail/spawn__functions.c.o[0m
[19.092s] [ 12%] [32mBuilding C object CMakeFiles/turtlesim__rosidl_generator_c.dir/rosidl_generator_c/turtlesim/srv/detail/teleport_absolute__functions.c.o[0m
[19.342s] [ 13%] [32mBuilding C object CMakeFiles/turtlesim__rosidl_generator_c.dir/rosidl_generator_c/turtlesim/srv/detail/teleport_relative__functions.c.o[0m
[19.626s] [ 14%] [32m[1mLinking C shared library libturtlesim__rosidl_generator_c.so[0m
[19.860s] [35m[1mScanning dependencies of target turtlesim__rosidl_typesupport_cpp[0m
[19.897s] [ 14%] Built target turtlesim__rosidl_generator_c
[19.946s] [ 15%] [34m[1mGenerating C type support dispatch for ROS interfaces[0m
[20.038s] [ 16%] [32mBuilding CXX object CMakeFiles/turtlesim__rosidl_typesupport_cpp.dir/rosidl_typesupport_cpp/turtlesim/action/rotate_absolute__type_support.cpp.o[0m
[20.749s] [35m[1mScanning dependencies of target turtlesim__rosidl_typesupport_introspection_cpp[0m
[20.880s] [ 17%] [32mBuilding CXX object CMakeFiles/turtlesim__rosidl_typesupport_introspection_cpp.dir/rosidl_typesupport_introspection_cpp/turtlesim/action/detail/rotate_absolute__type_support.cpp.o[0m
[22.042s] [35m[1mScanning dependencies of target turtlesim__rosidl_typesupport_fastrtps_cpp[0m
[22.296s] [ 18%] [32mBuilding CXX object CMakeFiles/turtlesim__rosidl_typesupport_fastrtps_cpp.dir/rosidl_typesupport_fastrtps_cpp/turtlesim/action/detail/dds_fastrtps/rotate_absolute__type_support.cpp.o[0m
[22.378s] [ 19%] [32mBuilding CXX object CMakeFiles/turtlesim__rosidl_typesupport_cpp.dir/rosidl_typesupport_cpp/turtlesim/msg/color__type_support.cpp.o[0m
[22.887s] [35m[1mScanning dependencies of target turtlesim__rosidl_typesupport_c[0m
[23.009s] [ 20%] [32mBuilding CXX object CMakeFiles/turtlesim__rosidl_typesupport_c.dir/rosidl_typesupport_c/turtlesim/action/rotate_absolute__type_support.cpp.o[0m
[23.238s] [ 21%] [32mBuilding CXX object CMakeFiles/turtlesim__rosidl_typesupport_introspection_cpp.dir/rosidl_typesupport_introspection_cpp/turtlesim/msg/detail/color__type_support.cpp.o[0m
[23.350s] [ 22%] [32mBuilding CXX object CMakeFiles/turtlesim__rosidl_typesupport_c.dir/rosidl_typesupport_c/turtlesim/msg/color__type_support.cpp.o[0m
[23.548s] [ 23%] [32mBuilding CXX object CMakeFiles/turtlesim__rosidl_typesupport_c.dir/rosidl_typesupport_c/turtlesim/msg/pose__type_support.cpp.o[0m
[23.733s] [ 24%] [32mBuilding CXX object CMakeFiles/turtlesim__rosidl_typesupport_c.dir/rosidl_typesupport_c/turtlesim/srv/kill__type_support.cpp.o[0m
[23.932s] [ 25%] [32mBuilding CXX object CMakeFiles/turtlesim__rosidl_typesupport_c.dir/rosidl_typesupport_c/turtlesim/srv/set_pen__type_support.cpp.o[0m
[24.137s] [ 26%] [32mBuilding CXX object CMakeFiles/turtlesim__rosidl_typesupport_c.dir/rosidl_typesupport_c/turtlesim/srv/spawn__type_support.cpp.o[0m
[24.172s] [ 27%] [32mBuilding CXX object CMakeFiles/turtlesim__rosidl_typesupport_cpp.dir/rosidl_typesupport_cpp/turtlesim/msg/pose__type_support.cpp.o[0m
[24.322s] [ 28%] [32mBuilding CXX object CMakeFiles/turtlesim__rosidl_typesupport_c.dir/rosidl_typesupport_c/turtlesim/srv/teleport_absolute__type_support.cpp.o[0m
[24.553s] [ 29%] [32mBuilding CXX object CMakeFiles/turtlesim__rosidl_typesupport_c.dir/rosidl_typesupport_c/turtlesim/srv/teleport_relative__type_support.cpp.o[0m
[24.771s] [ 30%] [32m[1mLinking CXX shared library libturtlesim__rosidl_typesupport_c.so[0m
[25.055s] [ 30%] Built target turtlesim__rosidl_typesupport_c
[25.087s] [ 31%] [32mBuilding CXX object CMakeFiles/turtlesim__rosidl_typesupport_introspection_cpp.dir/rosidl_typesupport_introspection_cpp/turtlesim/msg/detail/pose__type_support.cpp.o[0m
[25.103s] [ 32%] [32mBuilding CXX object CMakeFiles/turtlesim__rosidl_typesupport_introspection_cpp.dir/rosidl_typesupport_introspection_cpp/turtlesim/srv/detail/kill__type_support.cpp.o[0m
[25.792s] [ 33%] [32mBuilding CXX object CMakeFiles/turtlesim__rosidl_typesupport_fastrtps_cpp.dir/rosidl_typesupport_fastrtps_cpp/turtlesim/msg/detail/dds_fastrtps/color__type_support.cpp.o[0m
[26.016s] [ 34%] [32mBuilding CXX object CMakeFiles/turtlesim__rosidl_typesupport_cpp.dir/rosidl_typesupport_cpp/turtlesim/srv/kill__type_support.cpp.o[0m
[26.835s] [ 35%] [32mBuilding CXX object CMakeFiles/turtlesim__rosidl_typesupport_cpp.dir/rosidl_typesupport_cpp/turtlesim/srv/set_pen__type_support.cpp.o[0m
[26.942s] [ 36%] [32mBuilding CXX object CMakeFiles/turtlesim__rosidl_typesupport_introspection_cpp.dir/rosidl_typesupport_introspection_cpp/turtlesim/srv/detail/set_pen__type_support.cpp.o[0m
[27.904s] [ 37%] [34m[1mGenerating C introspection for ROS interfaces[0m
[28.437s] [ 38%] [32mBuilding CXX object CMakeFiles/turtlesim__rosidl_typesupport_fastrtps_cpp.dir/rosidl_typesupport_fastrtps_cpp/turtlesim/msg/detail/dds_fastrtps/pose__type_support.cpp.o[0m
[28.714s] [ 39%] [32mBuilding CXX object CMakeFiles/turtlesim__rosidl_typesupport_cpp.dir/rosidl_typesupport_cpp/turtlesim/srv/spawn__type_support.cpp.o[0m
[28.914s] [ 40%] [32mBuilding CXX object CMakeFiles/turtlesim__rosidl_typesupport_introspection_cpp.dir/rosidl_typesupport_introspection_cpp/turtlesim/srv/detail/spawn__type_support.cpp.o[0m
[30.578s] [ 41%] [32mBuilding CXX object CMakeFiles/turtlesim__rosidl_typesupport_cpp.dir/rosidl_typesupport_cpp/turtlesim/srv/teleport_absolute__type_support.cpp.o[0m
[30.731s] [ 42%] [32mBuilding CXX object CMakeFiles/turtlesim__rosidl_typesupport_introspection_cpp.dir/rosidl_typesupport_introspection_cpp/turtlesim/srv/detail/teleport_absolute__type_support.cpp.o[0m
[31.113s] [ 43%] [32mBuilding CXX object CMakeFiles/turtlesim__rosidl_typesupport_fastrtps_cpp.dir/rosidl_typesupport_fastrtps_cpp/turtlesim/srv/detail/dds_fastrtps/kill__type_support.cpp.o[0m
[32.512s] [ 44%] [32mBuilding CXX object CMakeFiles/turtlesim__rosidl_typesupport_cpp.dir/rosidl_typesupport_cpp/turtlesim/srv/teleport_relative__type_support.cpp.o[0m
[32.536s] [ 45%] [32mBuilding CXX object CMakeFiles/turtlesim__rosidl_typesupport_introspection_cpp.dir/rosidl_typesupport_introspection_cpp/turtlesim/srv/detail/teleport_relative__type_support.cpp.o[0m
[32.612s] [35m[1mScanning dependencies of target turtlesim__rosidl_typesupport_introspection_c[0m
[32.734s] [ 46%] [32mBuilding C object CMakeFiles/turtlesim__rosidl_typesupport_introspection_c.dir/rosidl_typesupport_introspection_c/turtlesim/action/detail/rotate_absolute__type_support.c.o[0m
[33.036s] [ 47%] [32mBuilding C object CMakeFiles/turtlesim__rosidl_typesupport_introspection_c.dir/rosidl_typesupport_introspection_c/turtlesim/msg/detail/color__type_support.c.o[0m
[33.234s] [ 48%] [32mBuilding C object CMakeFiles/turtlesim__rosidl_typesupport_introspection_c.dir/rosidl_typesupport_introspection_c/turtlesim/msg/detail/pose__type_support.c.o[0m
[33.447s] [ 49%] [32mBuilding C object CMakeFiles/turtlesim__rosidl_typesupport_introspection_c.dir/rosidl_typesupport_introspection_c/turtlesim/srv/detail/kill__type_support.c.o[0m
[33.691s] [ 50%] [32mBuilding C object CMakeFiles/turtlesim__rosidl_typesupport_introspection_c.dir/rosidl_typesupport_introspection_c/turtlesim/srv/detail/set_pen__type_support.c.o[0m
[33.927s] [ 51%] [32mBuilding C object CMakeFiles/turtlesim__rosidl_typesupport_introspection_c.dir/rosidl_typesupport_introspection_c/turtlesim/srv/detail/spawn__type_support.c.o[0m
[34.166s] [ 52%] [32mBuilding C object CMakeFiles/turtlesim__rosidl_typesupport_introspection_c.dir/rosidl_typesupport_introspection_c/turtlesim/srv/detail/teleport_absolute__type_support.c.o[0m
[34.228s] [ 53%] [32mBuilding CXX object CMakeFiles/turtlesim__rosidl_typesupport_fastrtps_cpp.dir/rosidl_typesupport_fastrtps_cpp/turtlesim/srv/detail/dds_fastrtps/set_pen__type_support.cpp.o[0m
[34.403s] [ 54%] [32mBuilding C object CMakeFiles/turtlesim__rosidl_typesupport_introspection_c.dir/rosidl_typesupport_introspection_c/turtlesim/srv/detail/teleport_relative__type_support.c.o[0m
[34.436s] [ 55%] [32m[1mLinking CXX shared library libturtlesim__rosidl_typesupport_cpp.so[0m
[34.638s] [ 56%] [32m[1mLinking CXX shared library libturtlesim__rosidl_typesupport_introspection_cpp.so[0m
[34.654s] [ 57%] [32m[1mLinking C shared library libturtlesim__rosidl_typesupport_introspection_c.so[0m
[34.686s] [ 57%] Built target turtlesim__rosidl_typesupport_cpp
[34.741s] [ 58%] [32mBuilding CXX object CMakeFiles/turtlesim__rosidl_typesupport_fastrtps_cpp.dir/rosidl_typesupport_fastrtps_cpp/turtlesim/srv/detail/dds_fastrtps/spawn__type_support.cpp.o[0m
[34.860s] [ 58%] Built target turtlesim__rosidl_typesupport_introspection_c
[34.910s] [ 59%] [32mBuilding CXX object CMakeFiles/turtlesim__rosidl_typesupport_fastrtps_cpp.dir/rosidl_typesupport_fastrtps_cpp/turtlesim/srv/detail/dds_fastrtps/teleport_absolute__type_support.cpp.o[0m
[35.070s] [ 59%] Built target turtlesim__rosidl_typesupport_introspection_cpp
[35.166s] [ 60%] [32mBuilding CXX object CMakeFiles/turtlesim__rosidl_typesupport_fastrtps_cpp.dir/rosidl_typesupport_fastrtps_cpp/turtlesim/srv/detail/dds_fastrtps/teleport_relative__type_support.cpp.o[0m
[37.913s] [ 61%] [32m[1mLinking CXX shared library libturtlesim__rosidl_typesupport_fastrtps_cpp.so[0m
[38.336s] [ 61%] Built target turtlesim__rosidl_typesupport_fastrtps_cpp
[38.383s] [ 62%] [34m[1mGenerating C type support for eProsima Fast-RTPS[0m
[41.223s] [35m[1mScanning dependencies of target turtlesim__rosidl_typesupport_fastrtps_c[0m
[41.408s] [ 63%] [32mBuilding CXX object CMakeFiles/turtlesim__rosidl_typesupport_fastrtps_c.dir/rosidl_typesupport_fastrtps_c/turtlesim/action/detail/rotate_absolute__type_support_c.cpp.o[0m
[41.412s] [ 64%] [32mBuilding CXX object CMakeFiles/turtlesim__rosidl_typesupport_fastrtps_c.dir/rosidl_typesupport_fastrtps_c/turtlesim/msg/detail/pose__type_support_c.cpp.o[0m
[41.414s] [ 65%] [32mBuilding CXX object CMakeFiles/turtlesim__rosidl_typesupport_fastrtps_c.dir/rosidl_typesupport_fastrtps_c/turtlesim/msg/detail/color__type_support_c.cpp.o[0m
[41.417s] [ 66%] [32mBuilding CXX object CMakeFiles/turtlesim__rosidl_typesupport_fastrtps_c.dir/rosidl_typesupport_fastrtps_c/turtlesim/srv/detail/kill__type_support_c.cpp.o[0m
[44.927s] [ 67%] [32mBuilding CXX object CMakeFiles/turtlesim__rosidl_typesupport_fastrtps_c.dir/rosidl_typesupport_fastrtps_c/turtlesim/srv/detail/set_pen__type_support_c.cpp.o[0m
[44.935s] [ 68%] [32mBuilding CXX object CMakeFiles/turtlesim__rosidl_typesupport_fastrtps_c.dir/rosidl_typesupport_fastrtps_c/turtlesim/srv/detail/spawn__type_support_c.cpp.o[0m
[45.050s] [ 69%] [32mBuilding CXX object CMakeFiles/turtlesim__rosidl_typesupport_fastrtps_c.dir/rosidl_typesupport_fastrtps_c/turtlesim/srv/detail/teleport_absolute__type_support_c.cpp.o[0m
[45.125s] [ 70%] [32mBuilding CXX object CMakeFiles/turtlesim__rosidl_typesupport_fastrtps_c.dir/rosidl_typesupport_fastrtps_c/turtlesim/srv/detail/teleport_relative__type_support_c.cpp.o[0m
[48.862s] [ 71%] [32m[1mLinking CXX shared library libturtlesim__rosidl_typesupport_fastrtps_c.so[0m
[49.213s] [ 71%] Built target turtlesim__rosidl_typesupport_fastrtps_c
[49.257s] [35m[1mScanning dependencies of target turtlesim[0m
[49.328s] [ 71%] Built target turtlesim
[49.474s] [35m[1mScanning dependencies of target mimic[0m
[49.504s] [35m[1mScanning dependencies of target draw_square[0m
[49.514s] [35m[1mScanning dependencies of target turtlesim__py[0m
[49.545s] [35m[1mScanning dependencies of target turtle_teleop_key[0m
[49.653s] [ 72%] [34m[1mGenerating Python code for ROS interfaces[0m
[50.314s] [ 73%] [32mBuilding CXX object CMakeFiles/mimic.dir/tutorials/mimic.cpp.o[0m
[50.323s] [ 74%] [32mBuilding CXX object CMakeFiles/draw_square.dir/tutorials/draw_square.cpp.o[0m
[50.335s] [ 75%] [32mBuilding CXX object CMakeFiles/turtle_teleop_key.dir/tutorials/teleop_turtle_key.cpp.o[0m
[61.650s] [ 75%] Built target turtlesim__py
[61.707s] [ 76%] [34m[1mGenerating include/turtlesim/moc_turtle_frame.cpp[0m
[62.166s] [35m[1mScanning dependencies of target turtlesim_node[0m
[62.751s] [ 77%] [32mBuilding CXX object CMakeFiles/turtlesim_node.dir/src/turtlesim.cpp.o[0m
[75.747s] [ 78%] [32m[1mLinking CXX executable turtle_teleop_key[0m
[77.565s] [ 78%] Built target turtle_teleop_key
[77.619s] [ 79%] [32mBuilding CXX object CMakeFiles/turtlesim_node.dir/src/turtle.cpp.o[0m
[81.478s] [ 80%] [32m[1mLinking CXX executable mimic[0m
[83.176s] [ 80%] Built target mimic
[83.229s] [ 81%] [32mBuilding CXX object CMakeFiles/turtlesim_node.dir/src/turtle_frame.cpp.o[0m
[83.576s] [ 82%] [32mBuilding CXX object CMakeFiles/turtlesim_node.dir/include/turtlesim/moc_turtle_frame.cpp.o[0m
[85.251s] [ 83%] [32m[1mLinking CXX executable draw_square[0m
[87.283s] [ 83%] Built target draw_square
[87.354s] [35m[1mScanning dependencies of target turtlesim__python[0m
[87.784s] [ 84%] [32mBuilding C object CMakeFiles/turtlesim__python.dir/rosidl_generator_py/turtlesim/action/_rotate_absolute_s.c.o[0m
[88.754s] [ 85%] [32mBuilding C object CMakeFiles/turtlesim__python.dir/rosidl_generator_py/turtlesim/msg/_color_s.c.o[0m
[89.405s] [ 86%] [32mBuilding C object CMakeFiles/turtlesim__python.dir/rosidl_generator_py/turtlesim/msg/_pose_s.c.o[0m
[90.143s] [ 87%] [32mBuilding C object CMakeFiles/turtlesim__python.dir/rosidl_generator_py/turtlesim/srv/_kill_s.c.o[0m
[90.844s] [ 88%] [32mBuilding C object CMakeFiles/turtlesim__python.dir/rosidl_generator_py/turtlesim/srv/_set_pen_s.c.o[0m
[91.531s] [ 89%] [32mBuilding C object CMakeFiles/turtlesim__python.dir/rosidl_generator_py/turtlesim/srv/_spawn_s.c.o[0m
[92.230s] [ 90%] [32mBuilding C object CMakeFiles/turtlesim__python.dir/rosidl_generator_py/turtlesim/srv/_teleport_absolute_s.c.o[0m
[92.944s] [ 91%] [32mBuilding C object CMakeFiles/turtlesim__python.dir/rosidl_generator_py/turtlesim/srv/_teleport_relative_s.c.o[0m
[93.595s] [ 92%] [32m[1mLinking C shared library rosidl_generator_py/turtlesim/libturtlesim__python.so[0m
[93.927s] [ 92%] Built target turtlesim__python
[93.991s] [35m[1mScanning dependencies of target turtlesim__rosidl_typesupport_introspection_c__pyext[0m
[94.152s] [ 93%] [32mBuilding C object CMakeFiles/turtlesim__rosidl_typesupport_introspection_c__pyext.dir/rosidl_generator_py/turtlesim/_turtlesim_s.ep.rosidl_typesupport_introspection_c.c.o[0m
[95.190s] [ 94%] [32m[1mLinking C shared library rosidl_generator_py/turtlesim/turtlesim_s__rosidl_typesupport_introspection_c.cpython-38-aarch64-linux-gnu.so[0m
[95.483s] [ 94%] Built target turtlesim__rosidl_typesupport_introspection_c__pyext
[95.556s] [35m[1mScanning dependencies of target turtlesim__rosidl_typesupport_fastrtps_c__pyext[0m
[95.742s] [ 95%] [32mBuilding C object CMakeFiles/turtlesim__rosidl_typesupport_fastrtps_c__pyext.dir/rosidl_generator_py/turtlesim/_turtlesim_s.ep.rosidl_typesupport_fastrtps_c.c.o[0m
[96.699s] [ 96%] [32m[1mLinking CXX shared library rosidl_generator_py/turtlesim/turtlesim_s__rosidl_typesupport_fastrtps_c.cpython-38-aarch64-linux-gnu.so[0m
[97.233s] [ 96%] Built target turtlesim__rosidl_typesupport_fastrtps_c__pyext
[97.309s] [35m[1mScanning dependencies of target turtlesim__rosidl_typesupport_c__pyext[0m
[97.503s] [ 97%] [32mBuilding C object CMakeFiles/turtlesim__rosidl_typesupport_c__pyext.dir/rosidl_generator_py/turtlesim/_turtlesim_s.ep.rosidl_typesupport_c.c.o[0m
[98.422s] [ 98%] [32m[1mLinking C shared library rosidl_generator_py/turtlesim/turtlesim_s__rosidl_typesupport_c.cpython-38-aarch64-linux-gnu.so[0m
[98.728s] [ 98%] Built target turtlesim__rosidl_typesupport_c__pyext
[119.157s] [100%] [32m[1mLinking CXX executable turtlesim_node[0m
[125.528s] [100%] Built target turtlesim_node
[125.579s] Invoked command in '/home/ubuntu/odrv_ws/build/turtlesim' returned '0': CMAKE_PREFIX_PATH=/opt/ros/foxy /usr/bin/cmake --build /home/ubuntu/odrv_ws/build/turtlesim -- -j4 -l4
[126.755s] Invoking command in '/home/ubuntu/odrv_ws/build/turtlesim': CMAKE_PREFIX_PATH=/opt/ros/foxy /usr/bin/cmake --install /home/ubuntu/odrv_ws/build/turtlesim
[126.794s] -- Install configuration: ""
[126.795s] -- Installing: /home/ubuntu/odrv_ws/install/turtlesim/share/ament_index/resource_index/rosidl_interfaces/turtlesim
[126.796s] -- Installing: /home/ubuntu/odrv_ws/install/turtlesim/include/turtlesim
[126.796s] -- Installing: /home/ubuntu/odrv_ws/install/turtlesim/include/turtlesim/action
[126.796s] -- Installing: /home/ubuntu/odrv_ws/install/turtlesim/include/turtlesim/action/detail
[126.797s] -- Installing: /home/ubuntu/odrv_ws/install/turtlesim/include/turtlesim/action/detail/rotate_absolute__functions.c
[126.798s] -- Installing: /home/ubuntu/odrv_ws/install/turtlesim/include/turtlesim/action/detail/rotate_absolute__functions.h
[126.799s] -- Installing: /home/ubuntu/odrv_ws/install/turtlesim/include/turtlesim/action/detail/rotate_absolute__type_support.h
[126.800s] -- Installing: /home/ubuntu/odrv_ws/install/turtlesim/include/turtlesim/action/detail/rotate_absolute__struct.h
[126.801s] -- Installing: /home/ubuntu/odrv_ws/install/turtlesim/include/turtlesim/action/rotate_absolute.h
[126.801s] -- Installing: /home/ubuntu/odrv_ws/install/turtlesim/include/turtlesim/msg
[126.802s] -- Installing: /home/ubuntu/odrv_ws/install/turtlesim/include/turtlesim/msg/rosidl_generator_c__visibility_control.h
[126.802s] -- Installing: /home/ubuntu/odrv_ws/install/turtlesim/include/turtlesim/msg/detail
[126.803s] -- Installing: /home/ubuntu/odrv_ws/install/turtlesim/include/turtlesim/msg/detail/color__functions.h
[126.804s] -- Installing: /home/ubuntu/odrv_ws/install/turtlesim/include/turtlesim/msg/detail/pose__functions.c
[126.804s] -- Installing: /home/ubuntu/odrv_ws/install/turtlesim/include/turtlesim/msg/detail/color__type_support.h
[126.805s] -- Installing: /home/ubuntu/odrv_ws/install/turtlesim/include/turtlesim/msg/detail/color__struct.h
[126.806s] -- Installing: /home/ubuntu/odrv_ws/install/turtlesim/include/turtlesim/msg/detail/color__functions.c
[126.807s] -- Installing: /home/ubuntu/odrv_ws/install/turtlesim/include/turtlesim/msg/detail/pose__struct.h
[126.807s] -- Installing: /home/ubuntu/odrv_ws/install/turtlesim/include/turtlesim/msg/detail/pose__type_support.h
[126.808s] -- Installing: /home/ubuntu/odrv_ws/install/turtlesim/include/turtlesim/msg/detail/pose__functions.h
[126.809s] -- Installing: /home/ubuntu/odrv_ws/install/turtlesim/include/turtlesim/msg/color.h
[126.809s] -- Installing: /home/ubuntu/odrv_ws/install/turtlesim/include/turtlesim/msg/pose.h
[126.810s] -- Installing: /home/ubuntu/odrv_ws/install/turtlesim/include/turtlesim/srv
[126.811s] -- Installing: /home/ubuntu/odrv_ws/install/turtlesim/include/turtlesim/srv/detail
[126.811s] -- Installing: /home/ubuntu/odrv_ws/install/turtlesim/include/turtlesim/srv/detail/kill__struct.h
[126.812s] -- Installing: /home/ubuntu/odrv_ws/install/turtlesim/include/turtlesim/srv/detail/teleport_absolute__functions.h
[126.813s] -- Installing: /home/ubuntu/odrv_ws/install/turtlesim/include/turtlesim/srv/detail/set_pen__struct.h
[126.813s] -- Installing: /home/ubuntu/odrv_ws/install/turtlesim/include/turtlesim/srv/detail/teleport_relative__type_support.h
[126.814s] -- Installing: /home/ubuntu/odrv_ws/install/turtlesim/include/turtlesim/srv/detail/spawn__functions.c
[126.815s] -- Installing: /home/ubuntu/odrv_ws/install/turtlesim/include/turtlesim/srv/detail/set_pen__functions.h
[126.816s] -- Installing: /home/ubuntu/odrv_ws/install/turtlesim/include/turtlesim/srv/detail/teleport_relative__functions.h
[126.816s] -- Installing: /home/ubuntu/odrv_ws/install/turtlesim/include/turtlesim/srv/detail/set_pen__type_support.h
[126.817s] -- Installing: /home/ubuntu/odrv_ws/install/turtlesim/include/turtlesim/srv/detail/kill__functions.h
[126.818s] -- Installing: /home/ubuntu/odrv_ws/install/turtlesim/include/turtlesim/srv/detail/teleport_relative__functions.c
[126.819s] -- Installing: /home/ubuntu/odrv_ws/install/turtlesim/include/turtlesim/srv/detail/spawn__struct.h
[126.820s] -- Installing: /home/ubuntu/odrv_ws/install/turtlesim/include/turtlesim/srv/detail/spawn__functions.h
[126.820s] -- Installing: /home/ubuntu/odrv_ws/install/turtlesim/include/turtlesim/srv/detail/kill__type_support.h
[126.821s] -- Installing: /home/ubuntu/odrv_ws/install/turtlesim/include/turtlesim/srv/detail/spawn__type_support.h
[126.822s] -- Installing: /home/ubuntu/odrv_ws/install/turtlesim/include/turtlesim/srv/detail/teleport_relative__struct.h
[126.823s] -- Installing: /home/ubuntu/odrv_ws/install/turtlesim/include/turtlesim/srv/detail/teleport_absolute__type_support.h
[126.823s] -- Installing: /home/ubuntu/odrv_ws/install/turtlesim/include/turtlesim/srv/detail/kill__functions.c
[126.824s] -- Installing: /home/ubuntu/odrv_ws/install/turtlesim/include/turtlesim/srv/detail/teleport_absolute__struct.h
[126.825s] -- Installing: /home/ubuntu/odrv_ws/install/turtlesim/include/turtlesim/srv/detail/teleport_absolute__functions.c
[126.826s] -- Installing: /home/ubuntu/odrv_ws/install/turtlesim/include/turtlesim/srv/detail/set_pen__functions.c
[126.827s] -- Installing: /home/ubuntu/odrv_ws/install/turtlesim/include/turtlesim/srv/spawn.h
[126.827s] -- Installing: /home/ubuntu/odrv_ws/install/turtlesim/include/turtlesim/srv/teleport_absolute.h
[126.828s] -- Installing: /home/ubuntu/odrv_ws/install/turtlesim/include/turtlesim/srv/teleport_relative.h
[126.829s] -- Installing: /home/ubuntu/odrv_ws/install/turtlesim/include/turtlesim/srv/set_pen.h
[126.829s] -- Installing: /home/ubuntu/odrv_ws/install/turtlesim/include/turtlesim/srv/kill.h
[126.831s] -- Installing: /home/ubuntu/odrv_ws/install/turtlesim/share/turtlesim/environment/library_path.sh
[126.832s] -- Installing: /home/ubuntu/odrv_ws/install/turtlesim/share/turtlesim/environment/library_path.dsv
[126.833s] -- Installing: /home/ubuntu/odrv_ws/install/turtlesim/lib/libturtlesim__rosidl_generator_c.so
[126.835s] -- Set runtime path of "/home/ubuntu/odrv_ws/install/turtlesim/lib/libturtlesim__rosidl_generator_c.so" to ""
[126.836s] -- Up-to-date: /home/ubuntu/odrv_ws/install/turtlesim/include/turtlesim
[126.836s] -- Up-to-date: /home/ubuntu/odrv_ws/install/turtlesim/include/turtlesim/action
[126.837s] -- Up-to-date: /home/ubuntu/odrv_ws/install/turtlesim/include/turtlesim/action/detail
[126.837s] -- Installing: /home/ubuntu/odrv_ws/install/turtlesim/include/turtlesim/action/detail/rotate_absolute__rosidl_typesupport_fastrtps_c.h
[126.837s] -- Up-to-date: /home/ubuntu/odrv_ws/install/turtlesim/include/turtlesim/msg
[126.838s] -- Up-to-date: /home/ubuntu/odrv_ws/install/turtlesim/include/turtlesim/msg/detail
[126.838s] -- Installing: /home/ubuntu/odrv_ws/install/turtlesim/include/turtlesim/msg/detail/pose__rosidl_typesupport_fastrtps_c.h
[126.839s] -- Installing: /home/ubuntu/odrv_ws/install/turtlesim/include/turtlesim/msg/detail/color__rosidl_typesupport_fastrtps_c.h
[126.840s] -- Installing: /home/ubuntu/odrv_ws/install/turtlesim/include/turtlesim/msg/rosidl_typesupport_fastrtps_c__visibility_control.h
[126.841s] -- Up-to-date: /home/ubuntu/odrv_ws/install/turtlesim/include/turtlesim/srv
[126.841s] -- Up-to-date: /home/ubuntu/odrv_ws/install/turtlesim/include/turtlesim/srv/detail
[126.841s] -- Installing: /home/ubuntu/odrv_ws/install/turtlesim/include/turtlesim/srv/detail/spawn__rosidl_typesupport_fastrtps_c.h
[126.842s] -- Installing: /home/ubuntu/odrv_ws/install/turtlesim/include/turtlesim/srv/detail/teleport_relative__rosidl_typesupport_fastrtps_c.h
[126.843s] -- Installing: /home/ubuntu/odrv_ws/install/turtlesim/include/turtlesim/srv/detail/kill__rosidl_typesupport_fastrtps_c.h
[126.844s] -- Installing: /home/ubuntu/odrv_ws/install/turtlesim/include/turtlesim/srv/detail/set_pen__rosidl_typesupport_fastrtps_c.h
[126.845s] -- Installing: /home/ubuntu/odrv_ws/install/turtlesim/include/turtlesim/srv/detail/teleport_absolute__rosidl_typesupport_fastrtps_c.h
[126.846s] -- Installing: /home/ubuntu/odrv_ws/install/turtlesim/lib/libturtlesim__rosidl_typesupport_fastrtps_c.so
[126.849s] -- Set runtime path of "/home/ubuntu/odrv_ws/install/turtlesim/lib/libturtlesim__rosidl_typesupport_fastrtps_c.so" to ""
[126.849s] -- Up-to-date: /home/ubuntu/odrv_ws/install/turtlesim/include/turtlesim
[126.850s] -- Up-to-date: /home/ubuntu/odrv_ws/install/turtlesim/include/turtlesim/action
[126.851s] -- Up-to-date: /home/ubuntu/odrv_ws/install/turtlesim/include/turtlesim/action/detail
[126.851s] -- Installing: /home/ubuntu/odrv_ws/install/turtlesim/include/turtlesim/action/detail/dds_fastrtps
[126.852s] -- Installing: /home/ubuntu/odrv_ws/install/turtlesim/include/turtlesim/action/detail/rotate_absolute__rosidl_typesupport_fastrtps_cpp.hpp
[126.854s] -- Up-to-date: /home/ubuntu/odrv_ws/install/turtlesim/include/turtlesim/msg
[126.857s] -- Up-to-date: /home/ubuntu/odrv_ws/install/turtlesim/include/turtlesim/msg/detail
[126.857s] -- Installing: /home/ubuntu/odrv_ws/install/turtlesim/include/turtlesim/msg/detail/dds_fastrtps
[126.858s] -- Installing: /home/ubuntu/odrv_ws/install/turtlesim/include/turtlesim/msg/detail/color__rosidl_typesupport_fastrtps_cpp.hpp
[126.858s] -- Installing: /home/ubuntu/odrv_ws/install/turtlesim/include/turtlesim/msg/detail/pose__rosidl_typesupport_fastrtps_cpp.hpp
[126.859s] -- Installing: /home/ubuntu/odrv_ws/install/turtlesim/include/turtlesim/msg/rosidl_typesupport_fastrtps_cpp__visibility_control.h
[126.860s] -- Up-to-date: /home/ubuntu/odrv_ws/install/turtlesim/include/turtlesim/srv
[126.860s] -- Up-to-date: /home/ubuntu/odrv_ws/install/turtlesim/include/turtlesim/srv/detail
[126.861s] -- Installing: /home/ubuntu/odrv_ws/install/turtlesim/include/turtlesim/srv/detail/kill__rosidl_typesupport_fastrtps_cpp.hpp
[126.861s] -- Installing: /home/ubuntu/odrv_ws/install/turtlesim/include/turtlesim/srv/detail/spawn__rosidl_typesupport_fastrtps_cpp.hpp
[126.861s] -- Installing: /home/ubuntu/odrv_ws/install/turtlesim/include/turtlesim/srv/detail/dds_fastrtps
[126.862s] -- Installing: /home/ubuntu/odrv_ws/install/turtlesim/include/turtlesim/srv/detail/set_pen__rosidl_typesupport_fastrtps_cpp.hpp
[126.863s] -- Installing: /home/ubuntu/odrv_ws/install/turtlesim/include/turtlesim/srv/detail/teleport_absolute__rosidl_typesupport_fastrtps_cpp.hpp
[126.864s] -- Installing: /home/ubuntu/odrv_ws/install/turtlesim/include/turtlesim/srv/detail/teleport_relative__rosidl_typesupport_fastrtps_cpp.hpp
[126.865s] -- Installing: /home/ubuntu/odrv_ws/install/turtlesim/lib/libturtlesim__rosidl_typesupport_fastrtps_cpp.so
[126.868s] -- Set runtime path of "/home/ubuntu/odrv_ws/install/turtlesim/lib/libturtlesim__rosidl_typesupport_fastrtps_cpp.so" to ""
[126.869s] -- Up-to-date: /home/ubuntu/odrv_ws/install/turtlesim/include/turtlesim
[126.869s] -- Up-to-date: /home/ubuntu/odrv_ws/install/turtlesim/include/turtlesim/action
[126.869s] -- Up-to-date: /home/ubuntu/odrv_ws/install/turtlesim/include/turtlesim/action/detail
[126.870s] -- Installing: /home/ubuntu/odrv_ws/install/turtlesim/include/turtlesim/action/detail/rotate_absolute__type_support.c
[126.870s] -- Installing: /home/ubuntu/odrv_ws/install/turtlesim/include/turtlesim/action/detail/rotate_absolute__rosidl_typesupport_introspection_c.h
[126.871s] -- Up-to-date: /home/ubuntu/odrv_ws/install/turtlesim/include/turtlesim/msg
[126.872s] -- Installing: /home/ubuntu/odrv_ws/install/turtlesim/include/turtlesim/msg/rosidl_typesupport_introspection_c__visibility_control.h
[126.872s] -- Up-to-date: /home/ubuntu/odrv_ws/install/turtlesim/include/turtlesim/msg/detail
[126.873s] -- Installing: /home/ubuntu/odrv_ws/install/turtlesim/include/turtlesim/msg/detail/pose__type_support.c
[126.874s] -- Installing: /home/ubuntu/odrv_ws/install/turtlesim/include/turtlesim/msg/detail/color__rosidl_typesupport_introspection_c.h
[126.875s] -- Installing: /home/ubuntu/odrv_ws/install/turtlesim/include/turtlesim/msg/detail/color__type_support.c
[126.875s] -- Installing: /home/ubuntu/odrv_ws/install/turtlesim/include/turtlesim/msg/detail/pose__rosidl_typesupport_introspection_c.h
[126.876s] -- Up-to-date: /home/ubuntu/odrv_ws/install/turtlesim/include/turtlesim/srv
[126.877s] -- Up-to-date: /home/ubuntu/odrv_ws/install/turtlesim/include/turtlesim/srv/detail
[126.877s] -- Installing: /home/ubuntu/odrv_ws/install/turtlesim/include/turtlesim/srv/detail/teleport_absolute__type_support.c
[126.878s] -- Installing: /home/ubuntu/odrv_ws/install/turtlesim/include/turtlesim/srv/detail/kill__rosidl_typesupport_introspection_c.h
[126.879s] -- Installing: /home/ubuntu/odrv_ws/install/turtlesim/include/turtlesim/srv/detail/teleport_absolute__rosidl_typesupport_introspection_c.h
[126.879s] -- Installing: /home/ubuntu/odrv_ws/install/turtlesim/include/turtlesim/srv/detail/set_pen__type_support.c
[126.880s] -- Installing: /home/ubuntu/odrv_ws/install/turtlesim/include/turtlesim/srv/detail/spawn__type_support.c
[126.881s] -- Installing: /home/ubuntu/odrv_ws/install/turtlesim/include/turtlesim/srv/detail/teleport_relative__type_support.c
[126.882s] -- Installing: /home/ubuntu/odrv_ws/install/turtlesim/include/turtlesim/srv/detail/kill__type_support.c
[126.883s] -- Installing: /home/ubuntu/odrv_ws/install/turtlesim/include/turtlesim/srv/detail/teleport_relative__rosidl_typesupport_introspection_c.h
[126.884s] -- Installing: /home/ubuntu/odrv_ws/install/turtlesim/include/turtlesim/srv/detail/spawn__rosidl_typesupport_introspection_c.h
[126.885s] -- Installing: /home/ubuntu/odrv_ws/install/turtlesim/include/turtlesim/srv/detail/set_pen__rosidl_typesupport_introspection_c.h
[126.886s] -- Installing: /home/ubuntu/odrv_ws/install/turtlesim/lib/libturtlesim__rosidl_typesupport_introspection_c.so
[126.888s] -- Set runtime path of "/home/ubuntu/odrv_ws/install/turtlesim/lib/libturtlesim__rosidl_typesupport_introspection_c.so" to ""
[126.889s] -- Installing: /home/ubuntu/odrv_ws/install/turtlesim/lib/libturtlesim__rosidl_typesupport_c.so
[126.891s] -- Set runtime path of "/home/ubuntu/odrv_ws/install/turtlesim/lib/libturtlesim__rosidl_typesupport_c.so" to ""
[126.892s] -- Up-to-date: /home/ubuntu/odrv_ws/install/turtlesim/include/turtlesim
[126.892s] -- Up-to-date: /home/ubuntu/odrv_ws/install/turtlesim/include/turtlesim/action
[126.892s] -- Up-to-date: /home/ubuntu/odrv_ws/install/turtlesim/include/turtlesim/action/detail
[126.893s] -- Installing: /home/ubuntu/odrv_ws/install/turtlesim/include/turtlesim/action/detail/rotate_absolute__traits.hpp
[126.893s] -- Installing: /home/ubuntu/odrv_ws/install/turtlesim/include/turtlesim/action/detail/rotate_absolute__builder.hpp
[126.894s] -- Installing: /home/ubuntu/odrv_ws/install/turtlesim/include/turtlesim/action/detail/rotate_absolute__struct.hpp
[126.895s] -- Installing: /home/ubuntu/odrv_ws/install/turtlesim/include/turtlesim/action/rotate_absolute.hpp
[126.896s] -- Up-to-date: /home/ubuntu/odrv_ws/install/turtlesim/include/turtlesim/msg
[126.896s] -- Installing: /home/ubuntu/odrv_ws/install/turtlesim/include/turtlesim/msg/color.hpp
[126.897s] -- Up-to-date: /home/ubuntu/odrv_ws/install/turtlesim/include/turtlesim/msg/detail
[126.897s] -- Installing: /home/ubuntu/odrv_ws/install/turtlesim/include/turtlesim/msg/detail/color__struct.hpp
[126.898s] -- Installing: /home/ubuntu/odrv_ws/install/turtlesim/include/turtlesim/msg/detail/pose__struct.hpp
[126.899s] -- Installing: /home/ubuntu/odrv_ws/install/turtlesim/include/turtlesim/msg/detail/color__builder.hpp
[126.899s] -- Installing: /home/ubuntu/odrv_ws/install/turtlesim/include/turtlesim/msg/detail/pose__traits.hpp
[126.900s] -- Installing: /home/ubuntu/odrv_ws/install/turtlesim/include/turtlesim/msg/detail/color__traits.hpp
[126.901s] -- Installing: /home/ubuntu/odrv_ws/install/turtlesim/include/turtlesim/msg/detail/pose__builder.hpp
[126.902s] -- Installing: /home/ubuntu/odrv_ws/install/turtlesim/include/turtlesim/msg/pose.hpp
[126.902s] -- Up-to-date: /home/ubuntu/odrv_ws/install/turtlesim/include/turtlesim/srv
[126.903s] -- Installing: /home/ubuntu/odrv_ws/install/turtlesim/include/turtlesim/srv/set_pen.hpp
[126.903s] -- Up-to-date: /home/ubuntu/odrv_ws/install/turtlesim/include/turtlesim/srv/detail
[126.904s] -- Installing: /home/ubuntu/odrv_ws/install/turtlesim/include/turtlesim/srv/detail/set_pen__builder.hpp
[126.904s] -- Installing: /home/ubuntu/odrv_ws/install/turtlesim/include/turtlesim/srv/detail/teleport_relative__builder.hpp
[126.905s] -- Installing: /home/ubuntu/odrv_ws/install/turtlesim/include/turtlesim/srv/detail/teleport_absolute__builder.hpp
[126.906s] -- Installing: /home/ubuntu/odrv_ws/install/turtlesim/include/turtlesim/srv/detail/teleport_relative__traits.hpp
[126.907s] -- Installing: /home/ubuntu/odrv_ws/install/turtlesim/include/turtlesim/srv/detail/kill__builder.hpp
[126.908s] -- Installing: /home/ubuntu/odrv_ws/install/turtlesim/include/turtlesim/srv/detail/set_pen__struct.hpp
[126.908s] -- Installing: /home/ubuntu/odrv_ws/install/turtlesim/include/turtlesim/srv/detail/spawn__builder.hpp
[126.909s] -- Installing: /home/ubuntu/odrv_ws/install/turtlesim/include/turtlesim/srv/detail/kill__traits.hpp
[126.910s] -- Installing: /home/ubuntu/odrv_ws/install/turtlesim/include/turtlesim/srv/detail/teleport_absolute__struct.hpp
[126.911s] -- Installing: /home/ubuntu/odrv_ws/install/turtlesim/include/turtlesim/srv/detail/spawn__traits.hpp
[126.911s] -- Installing: /home/ubuntu/odrv_ws/install/turtlesim/include/turtlesim/srv/detail/kill__struct.hpp
[126.912s] -- Installing: /home/ubuntu/odrv_ws/install/turtlesim/include/turtlesim/srv/detail/set_pen__traits.hpp
[126.913s] -- Installing: /home/ubuntu/odrv_ws/install/turtlesim/include/turtlesim/srv/detail/teleport_relative__struct.hpp
[126.914s] -- Installing: /home/ubuntu/odrv_ws/install/turtlesim/include/turtlesim/srv/detail/teleport_absolute__traits.hpp
[126.915s] -- Installing: /home/ubuntu/odrv_ws/install/turtlesim/include/turtlesim/srv/detail/spawn__struct.hpp
[126.915s] -- Installing: /home/ubuntu/odrv_ws/install/turtlesim/include/turtlesim/srv/spawn.hpp
[126.916s] -- Installing: /home/ubuntu/odrv_ws/install/turtlesim/include/turtlesim/srv/teleport_relative.hpp
[126.917s] -- Installing: /home/ubuntu/odrv_ws/install/turtlesim/include/turtlesim/srv/kill.hpp
[126.917s] -- Installing: /home/ubuntu/odrv_ws/install/turtlesim/include/turtlesim/srv/teleport_absolute.hpp
[126.918s] -- Up-to-date: /home/ubuntu/odrv_ws/install/turtlesim/include/turtlesim
[126.919s] -- Up-to-date: /home/ubuntu/odrv_ws/install/turtlesim/include/turtlesim/action
[126.919s] -- Up-to-date: /home/ubuntu/odrv_ws/install/turtlesim/include/turtlesim/action/detail
[126.919s] -- Installing: /home/ubuntu/odrv_ws/install/turtlesim/include/turtlesim/action/detail/rotate_absolute__type_support.cpp
[126.920s] -- Installing: /home/ubuntu/odrv_ws/install/turtlesim/include/turtlesim/action/detail/rotate_absolute__rosidl_typesupport_introspection_cpp.hpp
[126.921s] -- Up-to-date: /home/ubuntu/odrv_ws/install/turtlesim/include/turtlesim/msg
[126.922s] -- Up-to-date: /home/ubuntu/odrv_ws/install/turtlesim/include/turtlesim/msg/detail
[126.922s] -- Installing: /home/ubuntu/odrv_ws/install/turtlesim/include/turtlesim/msg/detail/pose__type_support.cpp
[126.923s] -- Installing: /home/ubuntu/odrv_ws/install/turtlesim/include/turtlesim/msg/detail/color__type_support.cpp
[126.924s] -- Installing: /home/ubuntu/odrv_ws/install/turtlesim/include/turtlesim/msg/detail/color__rosidl_typesupport_introspection_cpp.hpp
[126.925s] -- Installing: /home/ubuntu/odrv_ws/install/turtlesim/include/turtlesim/msg/detail/pose__rosidl_typesupport_introspection_cpp.hpp
[126.925s] -- Up-to-date: /home/ubuntu/odrv_ws/install/turtlesim/include/turtlesim/srv
[126.926s] -- Up-to-date: /home/ubuntu/odrv_ws/install/turtlesim/include/turtlesim/srv/detail
[126.926s] -- Installing: /home/ubuntu/odrv_ws/install/turtlesim/include/turtlesim/srv/detail/spawn__rosidl_typesupport_introspection_cpp.hpp
[126.927s] -- Installing: /home/ubuntu/odrv_ws/install/turtlesim/include/turtlesim/srv/detail/teleport_relative__type_support.cpp
[126.928s] -- Installing: /home/ubuntu/odrv_ws/install/turtlesim/include/turtlesim/srv/detail/kill__type_support.cpp
[126.929s] -- Installing: /home/ubuntu/odrv_ws/install/turtlesim/include/turtlesim/srv/detail/set_pen__type_support.cpp
[126.930s] -- Installing: /home/ubuntu/odrv_ws/install/turtlesim/include/turtlesim/srv/detail/spawn__type_support.cpp
[126.931s] -- Installing: /home/ubuntu/odrv_ws/install/turtlesim/include/turtlesim/srv/detail/kill__rosidl_typesupport_introspection_cpp.hpp
[126.932s] -- Installing: /home/ubuntu/odrv_ws/install/turtlesim/include/turtlesim/srv/detail/set_pen__rosidl_typesupport_introspection_cpp.hpp
[126.932s] -- Installing: /home/ubuntu/odrv_ws/install/turtlesim/include/turtlesim/srv/detail/teleport_relative__rosidl_typesupport_introspection_cpp.hpp
[126.933s] -- Installing: /home/ubuntu/odrv_ws/install/turtlesim/include/turtlesim/srv/detail/teleport_absolute__type_support.cpp
[126.934s] -- Installing: /home/ubuntu/odrv_ws/install/turtlesim/include/turtlesim/srv/detail/teleport_absolute__rosidl_typesupport_introspection_cpp.hpp
[126.936s] -- Installing: /home/ubuntu/odrv_ws/install/turtlesim/lib/libturtlesim__rosidl_typesupport_introspection_cpp.so
[126.939s] -- Set runtime path of "/home/ubuntu/odrv_ws/install/turtlesim/lib/libturtlesim__rosidl_typesupport_introspection_cpp.so" to ""
[126.939s] -- Installing: /home/ubuntu/odrv_ws/install/turtlesim/lib/libturtlesim__rosidl_typesupport_cpp.so
[126.942s] -- Set runtime path of "/home/ubuntu/odrv_ws/install/turtlesim/lib/libturtlesim__rosidl_typesupport_cpp.so" to ""
[126.942s] -- Installing: /home/ubuntu/odrv_ws/install/turtlesim/share/turtlesim/environment/pythonpath.sh
[126.943s] -- Installing: /home/ubuntu/odrv_ws/install/turtlesim/share/turtlesim/environment/pythonpath.dsv
[126.944s] -- Installing: /home/ubuntu/odrv_ws/install/turtlesim/lib/python3.8/site-packages/turtlesim/__init__.py
[127.074s] Compiling '/home/ubuntu/odrv_ws/install/turtlesim/lib/python3.8/site-packages/turtlesim/__init__.py'...
[127.096s] -- Installing: /home/ubuntu/odrv_ws/install/turtlesim/lib/python3.8/site-packages/turtlesim/action
[127.096s] -- Installing: /home/ubuntu/odrv_ws/install/turtlesim/lib/python3.8/site-packages/turtlesim/action/__init__.py
[127.097s] -- Installing: /home/ubuntu/odrv_ws/install/turtlesim/lib/python3.8/site-packages/turtlesim/action/_rotate_absolute.py
[127.098s] -- Installing: /home/ubuntu/odrv_ws/install/turtlesim/lib/python3.8/site-packages/turtlesim/action/_rotate_absolute_s.c
[127.099s] -- Installing: /home/ubuntu/odrv_ws/install/turtlesim/lib/python3.8/site-packages/turtlesim/msg
[127.100s] -- Installing: /home/ubuntu/odrv_ws/install/turtlesim/lib/python3.8/site-packages/turtlesim/msg/_pose.py
[127.101s] -- Installing: /home/ubuntu/odrv_ws/install/turtlesim/lib/python3.8/site-packages/turtlesim/msg/_color_s.c
[127.101s] -- Installing: /home/ubuntu/odrv_ws/install/turtlesim/lib/python3.8/site-packages/turtlesim/msg/__init__.py
[127.102s] -- Installing: /home/ubuntu/odrv_ws/install/turtlesim/lib/python3.8/site-packages/turtlesim/msg/_color.py
[127.103s] -- Installing: /home/ubuntu/odrv_ws/install/turtlesim/lib/python3.8/site-packages/turtlesim/msg/_pose_s.c
[127.104s] -- Installing: /home/ubuntu/odrv_ws/install/turtlesim/lib/python3.8/site-packages/turtlesim/srv
[127.104s] -- Installing: /home/ubuntu/odrv_ws/install/turtlesim/lib/python3.8/site-packages/turtlesim/srv/_spawn.py
[127.105s] -- Installing: /home/ubuntu/odrv_ws/install/turtlesim/lib/python3.8/site-packages/turtlesim/srv/_teleport_absolute.py
[127.106s] -- Installing: /home/ubuntu/odrv_ws/install/turtlesim/lib/python3.8/site-packages/turtlesim/srv/_teleport_relative_s.c
[127.107s] -- Installing: /home/ubuntu/odrv_ws/install/turtlesim/lib/python3.8/site-packages/turtlesim/srv/__init__.py
[127.108s] -- Installing: /home/ubuntu/odrv_ws/install/turtlesim/lib/python3.8/site-packages/turtlesim/srv/_spawn_s.c
[127.109s] -- Installing: /home/ubuntu/odrv_ws/install/turtlesim/lib/python3.8/site-packages/turtlesim/srv/_set_pen_s.c
[127.109s] -- Installing: /home/ubuntu/odrv_ws/install/turtlesim/lib/python3.8/site-packages/turtlesim/srv/_kill_s.c
[127.110s] -- Installing: /home/ubuntu/odrv_ws/install/turtlesim/lib/python3.8/site-packages/turtlesim/srv/_teleport_relative.py
[127.111s] -- Installing: /home/ubuntu/odrv_ws/install/turtlesim/lib/python3.8/site-packages/turtlesim/srv/_set_pen.py
[127.112s] -- Installing: /home/ubuntu/odrv_ws/install/turtlesim/lib/python3.8/site-packages/turtlesim/srv/_kill.py
[127.113s] -- Installing: /home/ubuntu/odrv_ws/install/turtlesim/lib/python3.8/site-packages/turtlesim/srv/_teleport_absolute_s.c
[127.114s] -- Installing: /home/ubuntu/odrv_ws/install/turtlesim/lib/python3.8/site-packages/turtlesim/turtlesim_s__rosidl_typesupport_fastrtps_c.cpython-38-aarch64-linux-gnu.so
[127.117s] -- Set runtime path of "/home/ubuntu/odrv_ws/install/turtlesim/lib/python3.8/site-packages/turtlesim/turtlesim_s__rosidl_typesupport_fastrtps_c.cpython-38-aarch64-linux-gnu.so" to ""
[127.118s] -- Installing: /home/ubuntu/odrv_ws/install/turtlesim/lib/python3.8/site-packages/turtlesim/turtlesim_s__rosidl_typesupport_introspection_c.cpython-38-aarch64-linux-gnu.so
[127.121s] -- Set runtime path of "/home/ubuntu/odrv_ws/install/turtlesim/lib/python3.8/site-packages/turtlesim/turtlesim_s__rosidl_typesupport_introspection_c.cpython-38-aarch64-linux-gnu.so" to ""
[127.122s] -- Installing: /home/ubuntu/odrv_ws/install/turtlesim/lib/python3.8/site-packages/turtlesim/turtlesim_s__rosidl_typesupport_c.cpython-38-aarch64-linux-gnu.so
[127.125s] -- Set runtime path of "/home/ubuntu/odrv_ws/install/turtlesim/lib/python3.8/site-packages/turtlesim/turtlesim_s__rosidl_typesupport_c.cpython-38-aarch64-linux-gnu.so" to ""
[127.125s] -- Installing: /home/ubuntu/odrv_ws/install/turtlesim/lib/libturtlesim__python.so
[127.128s] -- Set runtime path of "/home/ubuntu/odrv_ws/install/turtlesim/lib/libturtlesim__python.so" to ""
[127.128s] -- Installing: /home/ubuntu/odrv_ws/install/turtlesim/share/turtlesim/action/RotateAbsolute.idl
[127.130s] -- Installing: /home/ubuntu/odrv_ws/install/turtlesim/share/turtlesim/msg/Color.idl
[127.131s] -- Installing: /home/ubuntu/odrv_ws/install/turtlesim/share/turtlesim/msg/Pose.idl
[127.132s] -- Installing: /home/ubuntu/odrv_ws/install/turtlesim/share/turtlesim/srv/Kill.idl
[127.132s] -- Installing: /home/ubuntu/odrv_ws/install/turtlesim/share/turtlesim/srv/SetPen.idl
[127.133s] -- Installing: /home/ubuntu/odrv_ws/install/turtlesim/share/turtlesim/srv/Spawn.idl
[127.135s] -- Installing: /home/ubuntu/odrv_ws/install/turtlesim/share/turtlesim/srv/TeleportAbsolute.idl
[127.135s] -- Installing: /home/ubuntu/odrv_ws/install/turtlesim/share/turtlesim/srv/TeleportRelative.idl
[127.136s] -- Installing: /home/ubuntu/odrv_ws/install/turtlesim/share/turtlesim/action/RotateAbsolute.action
[127.137s] -- Installing: /home/ubuntu/odrv_ws/install/turtlesim/share/turtlesim/msg/Color.msg
[127.138s] -- Installing: /home/ubuntu/odrv_ws/install/turtlesim/share/turtlesim/msg/Pose.msg
[127.139s] -- Installing: /home/ubuntu/odrv_ws/install/turtlesim/share/turtlesim/srv/Kill.srv
[127.140s] -- Installing: /home/ubuntu/odrv_ws/install/turtlesim/share/turtlesim/srv/Kill_Request.msg
[127.141s] -- Installing: /home/ubuntu/odrv_ws/install/turtlesim/share/turtlesim/srv/Kill_Response.msg
[127.142s] -- Installing: /home/ubuntu/odrv_ws/install/turtlesim/share/turtlesim/srv/SetPen.srv
[127.143s] -- Installing: /home/ubuntu/odrv_ws/install/turtlesim/share/turtlesim/srv/SetPen_Request.msg
[127.144s] -- Installing: /home/ubuntu/odrv_ws/install/turtlesim/share/turtlesim/srv/SetPen_Response.msg
[127.144s] -- Installing: /home/ubuntu/odrv_ws/install/turtlesim/share/turtlesim/srv/Spawn.srv
[127.145s] -- Installing: /home/ubuntu/odrv_ws/install/turtlesim/share/turtlesim/srv/Spawn_Request.msg
[127.146s] -- Installing: /home/ubuntu/odrv_ws/install/turtlesim/share/turtlesim/srv/Spawn_Response.msg
[127.147s] -- Installing: /home/ubuntu/odrv_ws/install/turtlesim/share/turtlesim/srv/TeleportAbsolute.srv
[127.148s] -- Installing: /home/ubuntu/odrv_ws/install/turtlesim/share/turtlesim/srv/TeleportAbsolute_Request.msg
[127.149s] -- Installing: /home/ubuntu/odrv_ws/install/turtlesim/share/turtlesim/srv/TeleportAbsolute_Response.msg
[127.151s] -- Installing: /home/ubuntu/odrv_ws/install/turtlesim/share/turtlesim/srv/TeleportRelative.srv
[127.152s] -- Installing: /home/ubuntu/odrv_ws/install/turtlesim/share/turtlesim/srv/TeleportRelative_Request.msg
[127.156s] -- Installing: /home/ubuntu/odrv_ws/install/turtlesim/share/turtlesim/srv/TeleportRelative_Response.msg
[127.157s] -- Installing: /home/ubuntu/odrv_ws/install/turtlesim/lib/turtlesim/turtlesim_node
[127.184s] -- Set runtime path of "/home/ubuntu/odrv_ws/install/turtlesim/lib/turtlesim/turtlesim_node" to ""
[127.185s] -- Installing: /home/ubuntu/odrv_ws/install/turtlesim/lib/turtlesim/turtle_teleop_key
[127.194s] -- Set runtime path of "/home/ubuntu/odrv_ws/install/turtlesim/lib/turtlesim/turtle_teleop_key" to ""
[127.194s] -- Installing: /home/ubuntu/odrv_ws/install/turtlesim/lib/turtlesim/draw_square
[127.208s] -- Set runtime path of "/home/ubuntu/odrv_ws/install/turtlesim/lib/turtlesim/draw_square" to ""
[127.208s] -- Installing: /home/ubuntu/odrv_ws/install/turtlesim/lib/turtlesim/mimic
[127.221s] -- Set runtime path of "/home/ubuntu/odrv_ws/install/turtlesim/lib/turtlesim/mimic" to ""
[127.221s] -- Installing: /home/ubuntu/odrv_ws/install/turtlesim/share/turtlesim/images
[127.221s] -- Installing: /home/ubuntu/odrv_ws/install/turtlesim/share/turtlesim/images/dashing.png
[127.222s] -- Installing: /home/ubuntu/odrv_ws/install/turtlesim/share/turtlesim/images/crystal.png
[127.223s] -- Installing: /home/ubuntu/odrv_ws/install/turtlesim/share/turtlesim/images/eloquent.png
[127.224s] -- Installing: /home/ubuntu/odrv_ws/install/turtlesim/share/turtlesim/images/foxy.png
[127.224s] -- Installing: /home/ubuntu/odrv_ws/install/turtlesim/share/turtlesim/images/ardent.png
[127.225s] -- Installing: /home/ubuntu/odrv_ws/install/turtlesim/share/turtlesim/images/bouncy.png
[127.226s] -- Installing: /home/ubuntu/odrv_ws/install/turtlesim/share/turtlesim/launch
[127.226s] -- Installing: /home/ubuntu/odrv_ws/install/turtlesim/share/turtlesim/launch/multisim.launch.py
[127.228s] -- Installing: /home/ubuntu/odrv_ws/install/turtlesim/share/ament_index/resource_index/package_run_dependencies/turtlesim
[127.229s] -- Installing: /home/ubuntu/odrv_ws/install/turtlesim/share/ament_index/resource_index/parent_prefix_path/turtlesim
[127.230s] -- Installing: /home/ubuntu/odrv_ws/install/turtlesim/share/turtlesim/environment/ament_prefix_path.sh
[127.231s] -- Installing: /home/ubuntu/odrv_ws/install/turtlesim/share/turtlesim/environment/ament_prefix_path.dsv
[127.232s] -- Installing: /home/ubuntu/odrv_ws/install/turtlesim/share/turtlesim/environment/path.sh
[127.233s] -- Installing: /home/ubuntu/odrv_ws/install/turtlesim/share/turtlesim/environment/path.dsv
[127.234s] -- Installing: /home/ubuntu/odrv_ws/install/turtlesim/share/turtlesim/local_setup.bash
[127.235s] -- Installing: /home/ubuntu/odrv_ws/install/turtlesim/share/turtlesim/local_setup.sh
[127.236s] -- Installing: /home/ubuntu/odrv_ws/install/turtlesim/share/turtlesim/local_setup.zsh
[127.237s] -- Installing: /home/ubuntu/odrv_ws/install/turtlesim/share/turtlesim/local_setup.dsv
[127.238s] -- Installing: /home/ubuntu/odrv_ws/install/turtlesim/share/turtlesim/package.dsv
[127.239s] -- Installing: /home/ubuntu/odrv_ws/install/turtlesim/share/ament_index/resource_index/packages/turtlesim
[127.240s] -- Installing: /home/ubuntu/odrv_ws/install/turtlesim/share/turtlesim/cmake/turtlesim__rosidl_generator_cExport.cmake
[127.241s] -- Installing: /home/ubuntu/odrv_ws/install/turtlesim/share/turtlesim/cmake/turtlesim__rosidl_generator_cExport-noconfig.cmake
[127.243s] -- Installing: /home/ubuntu/odrv_ws/install/turtlesim/share/turtlesim/cmake/turtlesim__rosidl_typesupport_introspection_cExport.cmake
[127.244s] -- Installing: /home/ubuntu/odrv_ws/install/turtlesim/share/turtlesim/cmake/turtlesim__rosidl_typesupport_introspection_cExport-noconfig.cmake
[127.245s] -- Installing: /home/ubuntu/odrv_ws/install/turtlesim/share/turtlesim/cmake/turtlesim__rosidl_typesupport_cExport.cmake
[127.246s] -- Installing: /home/ubuntu/odrv_ws/install/turtlesim/share/turtlesim/cmake/turtlesim__rosidl_typesupport_cExport-noconfig.cmake
[127.248s] -- Installing: /home/ubuntu/odrv_ws/install/turtlesim/share/turtlesim/cmake/turtlesim__rosidl_generator_cppExport.cmake
[127.249s] -- Installing: /home/ubuntu/odrv_ws/install/turtlesim/share/turtlesim/cmake/turtlesim__rosidl_typesupport_introspection_cppExport.cmake
[127.251s] -- Installing: /home/ubuntu/odrv_ws/install/turtlesim/share/turtlesim/cmake/turtlesim__rosidl_typesupport_introspection_cppExport-noconfig.cmake
[127.252s] -- Installing: /home/ubuntu/odrv_ws/install/turtlesim/share/turtlesim/cmake/turtlesim__rosidl_typesupport_cppExport.cmake
[127.258s] -- Installing: /home/ubuntu/odrv_ws/install/turtlesim/share/turtlesim/cmake/turtlesim__rosidl_typesupport_cppExport-noconfig.cmake
[127.260s] -- Installing: /home/ubuntu/odrv_ws/install/turtlesim/share/turtlesim/cmake/rosidl_cmake-extras.cmake
[127.261s] -- Installing: /home/ubuntu/odrv_ws/install/turtlesim/share/turtlesim/cmake/ament_cmake_export_dependencies-extras.cmake
[127.261s] -- Installing: /home/ubuntu/odrv_ws/install/turtlesim/share/turtlesim/cmake/ament_cmake_export_libraries-extras.cmake
[127.261s] -- Installing: /home/ubuntu/odrv_ws/install/turtlesim/share/turtlesim/cmake/ament_cmake_export_targets-extras.cmake
[127.262s] -- Installing: /home/ubuntu/odrv_ws/install/turtlesim/share/turtlesim/cmake/ament_cmake_export_include_directories-extras.cmake
[127.264s] -- Installing: /home/ubuntu/odrv_ws/install/turtlesim/share/turtlesim/cmake/rosidl_cmake_export_typesupport_libraries-extras.cmake
[127.265s] -- Installing: /home/ubuntu/odrv_ws/install/turtlesim/share/turtlesim/cmake/rosidl_cmake_export_typesupport_targets-extras.cmake
[127.266s] -- Installing: /home/ubuntu/odrv_ws/install/turtlesim/share/turtlesim/cmake/turtlesimConfig.cmake
[127.266s] -- Installing: /home/ubuntu/odrv_ws/install/turtlesim/share/turtlesim/cmake/turtlesimConfig-version.cmake
[127.267s] -- Installing: /home/ubuntu/odrv_ws/install/turtlesim/share/turtlesim/package.xml
[127.276s] Invoked command in '/home/ubuntu/odrv_ws/build/turtlesim' returned '0': CMAKE_PREFIX_PATH=/opt/ros/foxy /usr/bin/cmake --install /home/ubuntu/odrv_ws/build/turtlesim
