[0.521s] DEBUG:colcon:Command line arguments: ['/usr/bin/colcon', 'build']
[0.522s] DEBUG:colcon:Parsed command line arguments: Namespace(allow_overriding=[], ament_cmake_args=None, base_paths=['.'], build_base='build', catkin_cmake_args=None, catkin_skip_building_tests=False, cmake_args=None, cmake_clean_cache=False, cmake_clean_first=False, cmake_force_configure=False, cmake_target=None, cmake_target_skip_unavailable=False, continue_on_error=False, event_handlers=None, executor='parallel', ignore_user_meta=False, install_base='install', log_base=None, log_level=None, main=<bound method BuildVerb.main of <colcon_core.verb.build.BuildVerb object at 0xffff8d3ca1f0>>, merge_install=False, metas=['./colcon.meta'], packages_above=None, packages_above_and_dependencies=None, packages_above_depth=None, packages_end=None, packages_ignore=None, packages_ignore_regex=None, packages_select=None, packages_select_build_failed=False, packages_select_by_dep=None, packages_select_regex=None, packages_select_test_failures=False, packages_skip=None, packages_skip_build_finished=False, packages_skip_by_dep=None, packages_skip_regex=None, packages_skip_test_passed=False, packages_skip_up_to=None, packages_start=None, packages_up_to=None, packages_up_to_regex=None, parallel_workers=4, paths=None, symlink_install=False, test_result_base=None, verb_extension=<colcon_core.verb.build.BuildVerb object at 0xffff8d3ca1f0>, verb_name='build', verb_parser=<colcon_defaults.argument_parser.defaults.DefaultArgumentsDecorator object at 0xffff8d3ca730>)
[0.548s] Level 1:colcon.colcon_core.package_discovery:discover_packages(colcon_meta) check parameters
[0.548s] Level 1:colcon.colcon_core.package_discovery:discover_packages(recursive) check parameters
[0.548s] Level 1:colcon.colcon_core.package_discovery:discover_packages(ignore) check parameters
[0.549s] Level 1:colcon.colcon_core.package_discovery:discover_packages(path) check parameters
[0.549s] Level 1:colcon.colcon_core.package_discovery:discover_packages(colcon_meta) discover
[0.549s] Level 1:colcon.colcon_core.package_discovery:discover_packages(recursive) discover
[0.549s] INFO:colcon.colcon_core.package_discovery:Crawling recursively for packages in '/home/ubuntu/odrv_ws'
[0.549s] Level 1:colcon.colcon_core.package_identification:_identify(.) by extensions ['ignore', 'ignore_ament_install']
[0.550s] Level 1:colcon.colcon_core.package_identification:_identify(.) by extension 'ignore'
[0.550s] Level 1:colcon.colcon_core.package_identification:_identify(.) by extension 'ignore_ament_install'
[0.550s] Level 1:colcon.colcon_core.package_identification:_identify(.) by extensions ['colcon_pkg']
[0.550s] Level 1:colcon.colcon_core.package_identification:_identify(.) by extension 'colcon_pkg'
[0.551s] Level 1:colcon.colcon_core.package_identification:_identify(.) by extensions ['colcon_meta']
[0.551s] Level 1:colcon.colcon_core.package_identification:_identify(.) by extension 'colcon_meta'
[0.551s] Level 1:colcon.colcon_core.package_identification:_identify(.) by extensions ['ros']
[0.551s] Level 1:colcon.colcon_core.package_identification:_identify(.) by extension 'ros'
[0.594s] Level 1:colcon.colcon_core.package_identification:_identify(.) by extensions ['cmake', 'python']
[0.594s] Level 1:colcon.colcon_core.package_identification:_identify(.) by extension 'cmake'
[0.594s] Level 1:colcon.colcon_core.package_identification:_identify(.) by extension 'python'
[0.595s] Level 1:colcon.colcon_core.package_identification:_identify(.) by extensions ['python_setup_py']
[0.595s] Level 1:colcon.colcon_core.package_identification:_identify(.) by extension 'python_setup_py'
[0.595s] Level 1:colcon.colcon_core.package_identification:_identify(build) by extensions ['ignore', 'ignore_ament_install']
[0.595s] Level 1:colcon.colcon_core.package_identification:_identify(build) by extension 'ignore'
[0.596s] Level 1:colcon.colcon_core.package_identification:_identify(build) ignored
[0.596s] Level 1:colcon.colcon_core.package_identification:_identify(install) by extensions ['ignore', 'ignore_ament_install']
[0.597s] Level 1:colcon.colcon_core.package_identification:_identify(install) by extension 'ignore'
[0.597s] Level 1:colcon.colcon_core.package_identification:_identify(install) ignored
[0.597s] Level 1:colcon.colcon_core.package_identification:_identify(log) by extensions ['ignore', 'ignore_ament_install']
[0.598s] Level 1:colcon.colcon_core.package_identification:_identify(log) by extension 'ignore'
[0.598s] Level 1:colcon.colcon_core.package_identification:_identify(log) ignored
[0.599s] Level 1:colcon.colcon_core.package_identification:_identify(src) by extensions ['ignore', 'ignore_ament_install']
[0.599s] Level 1:colcon.colcon_core.package_identification:_identify(src) by extension 'ignore'
[0.599s] Level 1:colcon.colcon_core.package_identification:_identify(src) by extension 'ignore_ament_install'
[0.600s] Level 1:colcon.colcon_core.package_identification:_identify(src) by extensions ['colcon_pkg']
[0.600s] Level 1:colcon.colcon_core.package_identification:_identify(src) by extension 'colcon_pkg'
[0.600s] Level 1:colcon.colcon_core.package_identification:_identify(src) by extensions ['colcon_meta']
[0.600s] Level 1:colcon.colcon_core.package_identification:_identify(src) by extension 'colcon_meta'
[0.600s] Level 1:colcon.colcon_core.package_identification:_identify(src) by extensions ['ros']
[0.600s] Level 1:colcon.colcon_core.package_identification:_identify(src) by extension 'ros'
[0.601s] Level 1:colcon.colcon_core.package_identification:_identify(src) by extensions ['cmake', 'python']
[0.601s] Level 1:colcon.colcon_core.package_identification:_identify(src) by extension 'cmake'
[0.601s] Level 1:colcon.colcon_core.package_identification:_identify(src) by extension 'python'
[0.601s] Level 1:colcon.colcon_core.package_identification:_identify(src) by extensions ['python_setup_py']
[0.601s] Level 1:colcon.colcon_core.package_identification:_identify(src) by extension 'python_setup_py'
[0.602s] Level 1:colcon.colcon_core.package_identification:_identify(src/interfaces) by extensions ['ignore', 'ignore_ament_install']
[0.603s] Level 1:colcon.colcon_core.package_identification:_identify(src/interfaces) by extension 'ignore'
[0.603s] Level 1:colcon.colcon_core.package_identification:_identify(src/interfaces) by extension 'ignore_ament_install'
[0.603s] Level 1:colcon.colcon_core.package_identification:_identify(src/interfaces) by extensions ['colcon_pkg']
[0.603s] Level 1:colcon.colcon_core.package_identification:_identify(src/interfaces) by extension 'colcon_pkg'
[0.604s] Level 1:colcon.colcon_core.package_identification:_identify(src/interfaces) by extensions ['colcon_meta']
[0.604s] Level 1:colcon.colcon_core.package_identification:_identify(src/interfaces) by extension 'colcon_meta'
[0.604s] Level 1:colcon.colcon_core.package_identification:_identify(src/interfaces) by extensions ['ros']
[0.604s] Level 1:colcon.colcon_core.package_identification:_identify(src/interfaces) by extension 'ros'
[0.613s] DEBUG:colcon.colcon_core.package_identification:Package 'src/interfaces' with type 'ros.ament_cmake' and name 'interfaces'
[0.614s] Level 1:colcon.colcon_core.package_identification:_identify(src/py_srvcli) by extensions ['ignore', 'ignore_ament_install']
[0.615s] Level 1:colcon.colcon_core.package_identification:_identify(src/py_srvcli) by extension 'ignore'
[0.615s] Level 1:colcon.colcon_core.package_identification:_identify(src/py_srvcli) by extension 'ignore_ament_install'
[0.615s] Level 1:colcon.colcon_core.package_identification:_identify(src/py_srvcli) by extensions ['colcon_pkg']
[0.615s] Level 1:colcon.colcon_core.package_identification:_identify(src/py_srvcli) by extension 'colcon_pkg'
[0.615s] Level 1:colcon.colcon_core.package_identification:_identify(src/py_srvcli) by extensions ['colcon_meta']
[0.616s] Level 1:colcon.colcon_core.package_identification:_identify(src/py_srvcli) by extension 'colcon_meta'
[0.616s] Level 1:colcon.colcon_core.package_identification:_identify(src/py_srvcli) by extensions ['ros']
[0.616s] Level 1:colcon.colcon_core.package_identification:_identify(src/py_srvcli) by extension 'ros'
[0.619s] DEBUG:colcon.colcon_core.package_identification:Package 'src/py_srvcli' with type 'ros.ament_python' and name 'py_srvcli'
[0.621s] Level 1:colcon.colcon_core.package_identification:_identify(src/ros_tutorials) by extensions ['ignore', 'ignore_ament_install']
[0.621s] Level 1:colcon.colcon_core.package_identification:_identify(src/ros_tutorials) by extension 'ignore'
[0.621s] Level 1:colcon.colcon_core.package_identification:_identify(src/ros_tutorials) by extension 'ignore_ament_install'
[0.621s] Level 1:colcon.colcon_core.package_identification:_identify(src/ros_tutorials) by extensions ['colcon_pkg']
[0.622s] Level 1:colcon.colcon_core.package_identification:_identify(src/ros_tutorials) by extension 'colcon_pkg'
[0.622s] Level 1:colcon.colcon_core.package_identification:_identify(src/ros_tutorials) by extensions ['colcon_meta']
[0.622s] Level 1:colcon.colcon_core.package_identification:_identify(src/ros_tutorials) by extension 'colcon_meta'
[0.622s] Level 1:colcon.colcon_core.package_identification:_identify(src/ros_tutorials) by extensions ['ros']
[0.622s] Level 1:colcon.colcon_core.package_identification:_identify(src/ros_tutorials) by extension 'ros'
[0.623s] Level 1:colcon.colcon_core.package_identification:_identify(src/ros_tutorials) by extensions ['cmake', 'python']
[0.623s] Level 1:colcon.colcon_core.package_identification:_identify(src/ros_tutorials) by extension 'cmake'
[0.623s] Level 1:colcon.colcon_core.package_identification:_identify(src/ros_tutorials) by extension 'python'
[0.623s] Level 1:colcon.colcon_core.package_identification:_identify(src/ros_tutorials) by extensions ['python_setup_py']
[0.623s] Level 1:colcon.colcon_core.package_identification:_identify(src/ros_tutorials) by extension 'python_setup_py'
[0.624s] Level 1:colcon.colcon_core.package_identification:_identify(src/ros_tutorials/ros_tutorials) by extensions ['ignore', 'ignore_ament_install']
[0.625s] Level 1:colcon.colcon_core.package_identification:_identify(src/ros_tutorials/ros_tutorials) by extension 'ignore'
[0.625s] Level 1:colcon.colcon_core.package_identification:_identify(src/ros_tutorials/ros_tutorials) ignored
[0.626s] Level 1:colcon.colcon_core.package_identification:_identify(src/ros_tutorials/roscpp_tutorials) by extensions ['ignore', 'ignore_ament_install']
[0.627s] Level 1:colcon.colcon_core.package_identification:_identify(src/ros_tutorials/roscpp_tutorials) by extension 'ignore'
[0.627s] Level 1:colcon.colcon_core.package_identification:_identify(src/ros_tutorials/roscpp_tutorials) ignored
[0.632s] Level 1:colcon.colcon_core.package_identification:_identify(src/ros_tutorials/rospy_tutorials) by extensions ['ignore', 'ignore_ament_install']
[0.632s] Level 1:colcon.colcon_core.package_identification:_identify(src/ros_tutorials/rospy_tutorials) by extension 'ignore'
[0.633s] Level 1:colcon.colcon_core.package_identification:_identify(src/ros_tutorials/rospy_tutorials) ignored
[0.634s] Level 1:colcon.colcon_core.package_identification:_identify(src/ros_tutorials/turtlesim) by extensions ['ignore', 'ignore_ament_install']
[0.634s] Level 1:colcon.colcon_core.package_identification:_identify(src/ros_tutorials/turtlesim) by extension 'ignore'
[0.634s] Level 1:colcon.colcon_core.package_identification:_identify(src/ros_tutorials/turtlesim) by extension 'ignore_ament_install'
[0.635s] Level 1:colcon.colcon_core.package_identification:_identify(src/ros_tutorials/turtlesim) by extensions ['colcon_pkg']
[0.635s] Level 1:colcon.colcon_core.package_identification:_identify(src/ros_tutorials/turtlesim) by extension 'colcon_pkg'
[0.635s] Level 1:colcon.colcon_core.package_identification:_identify(src/ros_tutorials/turtlesim) by extensions ['colcon_meta']
[0.635s] Level 1:colcon.colcon_core.package_identification:_identify(src/ros_tutorials/turtlesim) by extension 'colcon_meta'
[0.635s] Level 1:colcon.colcon_core.package_identification:_identify(src/ros_tutorials/turtlesim) by extensions ['ros']
[0.635s] Level 1:colcon.colcon_core.package_identification:_identify(src/ros_tutorials/turtlesim) by extension 'ros'
[0.641s] DEBUG:colcon.colcon_core.package_identification:Package 'src/ros_tutorials/turtlesim' with type 'ros.ament_cmake' and name 'turtlesim'
[0.647s] Level 1:colcon.colcon_core.package_identification:_identify(src/srvcli) by extensions ['ignore', 'ignore_ament_install']
[0.647s] Level 1:colcon.colcon_core.package_identification:_identify(src/srvcli) by extension 'ignore'
[0.648s] Level 1:colcon.colcon_core.package_identification:_identify(src/srvcli) by extension 'ignore_ament_install'
[0.648s] Level 1:colcon.colcon_core.package_identification:_identify(src/srvcli) by extensions ['colcon_pkg']
[0.648s] Level 1:colcon.colcon_core.package_identification:_identify(src/srvcli) by extension 'colcon_pkg'
[0.648s] Level 1:colcon.colcon_core.package_identification:_identify(src/srvcli) by extensions ['colcon_meta']
[0.648s] Level 1:colcon.colcon_core.package_identification:_identify(src/srvcli) by extension 'colcon_meta'
[0.649s] Level 1:colcon.colcon_core.package_identification:_identify(src/srvcli) by extensions ['ros']
[0.649s] Level 1:colcon.colcon_core.package_identification:_identify(src/srvcli) by extension 'ros'
[0.652s] DEBUG:colcon.colcon_core.package_identification:Package 'src/srvcli' with type 'ros.ament_python' and name 'srvcli'
[0.653s] Level 1:colcon.colcon_core.package_discovery:discover_packages(recursive) using defaults
[0.653s] Level 1:colcon.colcon_core.package_discovery:discover_packages(ignore) discover
[0.653s] Level 1:colcon.colcon_core.package_discovery:discover_packages(ignore) using defaults
[0.653s] Level 1:colcon.colcon_core.package_discovery:discover_packages(path) discover
[0.653s] Level 1:colcon.colcon_core.package_discovery:discover_packages(path) using defaults
[0.722s] Level 5:colcon.colcon_core.verb:set package 'interfaces' build argument 'cmake_args' from command line to 'None'
[0.723s] Level 5:colcon.colcon_core.verb:set package 'interfaces' build argument 'cmake_target' from command line to 'None'
[0.723s] Level 5:colcon.colcon_core.verb:set package 'interfaces' build argument 'cmake_target_skip_unavailable' from command line to 'False'
[0.723s] Level 5:colcon.colcon_core.verb:set package 'interfaces' build argument 'cmake_clean_cache' from command line to 'False'
[0.723s] Level 5:colcon.colcon_core.verb:set package 'interfaces' build argument 'cmake_clean_first' from command line to 'False'
[0.723s] Level 5:colcon.colcon_core.verb:set package 'interfaces' build argument 'cmake_force_configure' from command line to 'False'
[0.723s] Level 5:colcon.colcon_core.verb:set package 'interfaces' build argument 'ament_cmake_args' from command line to 'None'
[0.723s] Level 5:colcon.colcon_core.verb:set package 'interfaces' build argument 'catkin_cmake_args' from command line to 'None'
[0.723s] Level 5:colcon.colcon_core.verb:set package 'interfaces' build argument 'catkin_skip_building_tests' from command line to 'False'
[0.724s] DEBUG:colcon.colcon_core.verb:Building package 'interfaces' with the following arguments: {'ament_cmake_args': None, 'build_base': '/home/ubuntu/odrv_ws/build/interfaces', 'catkin_cmake_args': None, 'catkin_skip_building_tests': False, 'cmake_args': None, 'cmake_clean_cache': False, 'cmake_clean_first': False, 'cmake_force_configure': False, 'cmake_target': None, 'cmake_target_skip_unavailable': False, 'install_base': '/home/ubuntu/odrv_ws/install/interfaces', 'merge_install': False, 'path': '/home/ubuntu/odrv_ws/src/interfaces', 'symlink_install': False, 'test_result_base': None}
[0.726s] Level 5:colcon.colcon_core.verb:set package 'py_srvcli' build argument 'cmake_args' from command line to 'None'
[0.726s] Level 5:colcon.colcon_core.verb:set package 'py_srvcli' build argument 'cmake_target' from command line to 'None'
[0.726s] Level 5:colcon.colcon_core.verb:set package 'py_srvcli' build argument 'cmake_target_skip_unavailable' from command line to 'False'
[0.727s] Level 5:colcon.colcon_core.verb:set package 'py_srvcli' build argument 'cmake_clean_cache' from command line to 'False'
[0.727s] Level 5:colcon.colcon_core.verb:set package 'py_srvcli' build argument 'cmake_clean_first' from command line to 'False'
[0.727s] Level 5:colcon.colcon_core.verb:set package 'py_srvcli' build argument 'cmake_force_configure' from command line to 'False'
[0.727s] Level 5:colcon.colcon_core.verb:set package 'py_srvcli' build argument 'ament_cmake_args' from command line to 'None'
[0.727s] Level 5:colcon.colcon_core.verb:set package 'py_srvcli' build argument 'catkin_cmake_args' from command line to 'None'
[0.727s] Level 5:colcon.colcon_core.verb:set package 'py_srvcli' build argument 'catkin_skip_building_tests' from command line to 'False'
[0.727s] DEBUG:colcon.colcon_core.verb:Building package 'py_srvcli' with the following arguments: {'ament_cmake_args': None, 'build_base': '/home/ubuntu/odrv_ws/build/py_srvcli', 'catkin_cmake_args': None, 'catkin_skip_building_tests': False, 'cmake_args': None, 'cmake_clean_cache': False, 'cmake_clean_first': False, 'cmake_force_configure': False, 'cmake_target': None, 'cmake_target_skip_unavailable': False, 'install_base': '/home/ubuntu/odrv_ws/install/py_srvcli', 'merge_install': False, 'path': '/home/ubuntu/odrv_ws/src/py_srvcli', 'symlink_install': False, 'test_result_base': None}
[0.730s] Level 5:colcon.colcon_core.verb:set package 'turtlesim' build argument 'cmake_args' from command line to 'None'
[0.730s] Level 5:colcon.colcon_core.verb:set package 'turtlesim' build argument 'cmake_target' from command line to 'None'
[0.730s] Level 5:colcon.colcon_core.verb:set package 'turtlesim' build argument 'cmake_target_skip_unavailable' from command line to 'False'
[0.730s] Level 5:colcon.colcon_core.verb:set package 'turtlesim' build argument 'cmake_clean_cache' from command line to 'False'
[0.730s] Level 5:colcon.colcon_core.verb:set package 'turtlesim' build argument 'cmake_clean_first' from command line to 'False'
[0.730s] Level 5:colcon.colcon_core.verb:set package 'turtlesim' build argument 'cmake_force_configure' from command line to 'False'
[0.731s] Level 5:colcon.colcon_core.verb:set package 'turtlesim' build argument 'ament_cmake_args' from command line to 'None'
[0.731s] Level 5:colcon.colcon_core.verb:set package 'turtlesim' build argument 'catkin_cmake_args' from command line to 'None'
[0.731s] Level 5:colcon.colcon_core.verb:set package 'turtlesim' build argument 'catkin_skip_building_tests' from command line to 'False'
[0.731s] DEBUG:colcon.colcon_core.verb:Building package 'turtlesim' with the following arguments: {'ament_cmake_args': None, 'build_base': '/home/ubuntu/odrv_ws/build/turtlesim', 'catkin_cmake_args': None, 'catkin_skip_building_tests': False, 'cmake_args': None, 'cmake_clean_cache': False, 'cmake_clean_first': False, 'cmake_force_configure': False, 'cmake_target': None, 'cmake_target_skip_unavailable': False, 'install_base': '/home/ubuntu/odrv_ws/install/turtlesim', 'merge_install': False, 'path': '/home/ubuntu/odrv_ws/src/ros_tutorials/turtlesim', 'symlink_install': False, 'test_result_base': None}
[0.733s] Level 5:colcon.colcon_core.verb:set package 'srvcli' build argument 'cmake_args' from command line to 'None'
[0.734s] Level 5:colcon.colcon_core.verb:set package 'srvcli' build argument 'cmake_target' from command line to 'None'
[0.734s] Level 5:colcon.colcon_core.verb:set package 'srvcli' build argument 'cmake_target_skip_unavailable' from command line to 'False'
[0.734s] Level 5:colcon.colcon_core.verb:set package 'srvcli' build argument 'cmake_clean_cache' from command line to 'False'
[0.734s] Level 5:colcon.colcon_core.verb:set package 'srvcli' build argument 'cmake_clean_first' from command line to 'False'
[0.734s] Level 5:colcon.colcon_core.verb:set package 'srvcli' build argument 'cmake_force_configure' from command line to 'False'
[0.734s] Level 5:colcon.colcon_core.verb:set package 'srvcli' build argument 'ament_cmake_args' from command line to 'None'
[0.734s] Level 5:colcon.colcon_core.verb:set package 'srvcli' build argument 'catkin_cmake_args' from command line to 'None'
[0.734s] Level 5:colcon.colcon_core.verb:set package 'srvcli' build argument 'catkin_skip_building_tests' from command line to 'False'
[0.734s] DEBUG:colcon.colcon_core.verb:Building package 'srvcli' with the following arguments: {'ament_cmake_args': None, 'build_base': '/home/ubuntu/odrv_ws/build/srvcli', 'catkin_cmake_args': None, 'catkin_skip_building_tests': False, 'cmake_args': None, 'cmake_clean_cache': False, 'cmake_clean_first': False, 'cmake_force_configure': False, 'cmake_target': None, 'cmake_target_skip_unavailable': False, 'install_base': '/home/ubuntu/odrv_ws/install/srvcli', 'merge_install': False, 'path': '/home/ubuntu/odrv_ws/src/srvcli', 'symlink_install': False, 'test_result_base': None}
[0.740s] INFO:colcon.colcon_core.executor:Executing jobs using 'parallel' executor
[0.746s] DEBUG:colcon.colcon_parallel_executor.executor.parallel:run_until_complete
[0.748s] INFO:colcon.colcon_ros.task.ament_cmake.build:Building ROS package in '/home/ubuntu/odrv_ws/src/interfaces' with build type 'ament_cmake'
[0.748s] INFO:colcon.colcon_cmake.task.cmake.build:Building CMake package in '/home/ubuntu/odrv_ws/src/interfaces'
[0.761s] INFO:colcon.colcon_core.plugin_system:Skipping extension 'colcon_core.shell.bat': Not used on non-Windows systems
[0.762s] INFO:colcon.colcon_core.shell:Skip shell extension 'powershell' for command environment: Not usable outside of PowerShell
[0.762s] DEBUG:colcon.colcon_core.shell:Skip shell extension 'dsv' for command environment
[0.782s] INFO:colcon.colcon_ros.task.ament_python.build:Building ROS package in '/home/ubuntu/odrv_ws/src/py_srvcli' with build type 'ament_python'
[0.783s] Level 1:colcon.colcon_core.shell:create_environment_hook('py_srvcli', 'ament_prefix_path')
[0.786s] INFO:colcon.colcon_core.shell:Creating environment hook '/home/ubuntu/odrv_ws/install/py_srvcli/share/py_srvcli/hook/ament_prefix_path.ps1'
[0.792s] INFO:colcon.colcon_core.shell:Creating environment descriptor '/home/ubuntu/odrv_ws/install/py_srvcli/share/py_srvcli/hook/ament_prefix_path.dsv'
[0.795s] INFO:colcon.colcon_core.shell:Creating environment hook '/home/ubuntu/odrv_ws/install/py_srvcli/share/py_srvcli/hook/ament_prefix_path.sh'
[0.799s] INFO:colcon.colcon_core.shell:Skip shell extension 'powershell' for command environment: Not usable outside of PowerShell
[0.799s] DEBUG:colcon.colcon_core.shell:Skip shell extension 'dsv' for command environment
[0.810s] INFO:colcon.colcon_ros.task.ament_cmake.build:Building ROS package in '/home/ubuntu/odrv_ws/src/ros_tutorials/turtlesim' with build type 'ament_cmake'
[0.811s] INFO:colcon.colcon_cmake.task.cmake.build:Building CMake package in '/home/ubuntu/odrv_ws/src/ros_tutorials/turtlesim'
[0.813s] INFO:colcon.colcon_core.shell:Skip shell extension 'powershell' for command environment: Not usable outside of PowerShell
[0.814s] DEBUG:colcon.colcon_core.shell:Skip shell extension 'dsv' for command environment
[0.846s] DEBUG:colcon.colcon_core.event_handler.log_command:Invoking command in '/home/ubuntu/odrv_ws/build/interfaces': /usr/bin/cmake --build /home/ubuntu/odrv_ws/build/interfaces -- -j4 -l4
[1.850s] INFO:colcon.colcon_core.task.python.build:Building Python package in '/home/ubuntu/odrv_ws/src/py_srvcli'
[1.853s] INFO:colcon.colcon_core.shell:Skip shell extension 'powershell' for command environment: Not usable outside of PowerShell
[1.853s] DEBUG:colcon.colcon_core.shell:Skip shell extension 'dsv' for command environment
[1.894s] DEBUG:colcon.colcon_core.event_handler.log_command:Invoking command in '/home/ubuntu/odrv_ws/build/turtlesim': /usr/bin/cmake --build /home/ubuntu/odrv_ws/build/turtlesim -- -j4 -l4
[1.902s] DEBUG:colcon.colcon_core.event_handler.log_command:Invoked command in '/home/ubuntu/odrv_ws/build/interfaces' returned '0': /usr/bin/cmake --build /home/ubuntu/odrv_ws/build/interfaces -- -j4 -l4
[2.207s] DEBUG:colcon.colcon_core.event_handler.log_command:Invoking command in '/home/ubuntu/odrv_ws/build/interfaces': /usr/bin/cmake --install /home/ubuntu/odrv_ws/build/interfaces
[3.081s] Level 1:colcon.colcon_core.environment:create_environment_scripts_only(interfaces)
[3.087s] DEBUG:colcon.colcon_core.event_handler.log_command:Invoked command in '/home/ubuntu/odrv_ws/build/interfaces' returned '0': /usr/bin/cmake --install /home/ubuntu/odrv_ws/build/interfaces
[3.128s] Level 1:colcon.colcon_core.environment:checking '/home/ubuntu/odrv_ws/install/interfaces' for CMake module files
[3.138s] Level 1:colcon.colcon_core.environment:checking '/home/ubuntu/odrv_ws/install/interfaces' for CMake config files
[3.150s] Level 1:colcon.colcon_core.shell:create_environment_hook('interfaces', 'cmake_prefix_path')
[3.155s] INFO:colcon.colcon_core.shell:Creating environment hook '/home/ubuntu/odrv_ws/install/interfaces/share/interfaces/hook/cmake_prefix_path.ps1'
[3.160s] INFO:colcon.colcon_core.shell:Creating environment descriptor '/home/ubuntu/odrv_ws/install/interfaces/share/interfaces/hook/cmake_prefix_path.dsv'
[3.165s] INFO:colcon.colcon_core.shell:Creating environment hook '/home/ubuntu/odrv_ws/install/interfaces/share/interfaces/hook/cmake_prefix_path.sh'
[3.172s] Level 1:colcon.colcon_core.environment:checking '/home/ubuntu/odrv_ws/install/interfaces/lib'
[3.175s] Level 1:colcon.colcon_core.shell:create_environment_hook('interfaces', 'ld_library_path_lib')
[3.180s] INFO:colcon.colcon_core.shell:Creating environment hook '/home/ubuntu/odrv_ws/install/interfaces/share/interfaces/hook/ld_library_path_lib.ps1'
[3.184s] INFO:colcon.colcon_core.shell:Creating environment descriptor '/home/ubuntu/odrv_ws/install/interfaces/share/interfaces/hook/ld_library_path_lib.dsv'
[3.188s] INFO:colcon.colcon_core.shell:Creating environment hook '/home/ubuntu/odrv_ws/install/interfaces/share/interfaces/hook/ld_library_path_lib.sh'
[3.192s] Level 1:colcon.colcon_core.environment:checking '/home/ubuntu/odrv_ws/install/interfaces/bin'
[3.193s] Level 1:colcon.colcon_core.environment:checking '/home/ubuntu/odrv_ws/install/interfaces/lib/pkgconfig/interfaces.pc'
[3.194s] Level 1:colcon.colcon_core.environment:checking '/home/ubuntu/odrv_ws/install/interfaces/lib/python3.8/site-packages'
[3.195s] Level 1:colcon.colcon_core.shell:create_environment_hook('interfaces', 'pythonpath')
[3.199s] INFO:colcon.colcon_core.shell:Creating environment hook '/home/ubuntu/odrv_ws/install/interfaces/share/interfaces/hook/pythonpath.ps1'
[3.204s] INFO:colcon.colcon_core.shell:Creating environment descriptor '/home/ubuntu/odrv_ws/install/interfaces/share/interfaces/hook/pythonpath.dsv'
[3.207s] INFO:colcon.colcon_core.shell:Creating environment hook '/home/ubuntu/odrv_ws/install/interfaces/share/interfaces/hook/pythonpath.sh'
[3.217s] INFO:colcon.colcon_core.shell:Creating package script '/home/ubuntu/odrv_ws/install/interfaces/share/interfaces/package.ps1'
[3.226s] INFO:colcon.colcon_core.shell:Creating package descriptor '/home/ubuntu/odrv_ws/install/interfaces/share/interfaces/package.dsv'
[3.232s] INFO:colcon.colcon_core.shell:Creating package script '/home/ubuntu/odrv_ws/install/interfaces/share/interfaces/package.sh'
[3.241s] INFO:colcon.colcon_core.shell:Creating package script '/home/ubuntu/odrv_ws/install/interfaces/share/interfaces/package.bash'
[3.249s] INFO:colcon.colcon_core.shell:Creating package script '/home/ubuntu/odrv_ws/install/interfaces/share/interfaces/package.zsh'
[3.257s] Level 1:colcon.colcon_core.environment:create_file_with_runtime_dependencies(/home/ubuntu/odrv_ws/install/interfaces/share/colcon-core/packages/interfaces)
[4.205s] Level 1:colcon.colcon_core.environment:create_environment_scripts_only(interfaces)
[4.213s] Level 1:colcon.colcon_core.environment:checking '/home/ubuntu/odrv_ws/install/interfaces' for CMake module files
[4.224s] Level 1:colcon.colcon_core.environment:checking '/home/ubuntu/odrv_ws/install/interfaces' for CMake config files
[4.232s] Level 1:colcon.colcon_core.shell:create_environment_hook('interfaces', 'cmake_prefix_path')
[4.238s] INFO:colcon.colcon_core.shell:Creating environment hook '/home/ubuntu/odrv_ws/install/interfaces/share/interfaces/hook/cmake_prefix_path.ps1'
[4.242s] INFO:colcon.colcon_core.shell:Creating environment descriptor '/home/ubuntu/odrv_ws/install/interfaces/share/interfaces/hook/cmake_prefix_path.dsv'
[4.246s] INFO:colcon.colcon_core.shell:Creating environment hook '/home/ubuntu/odrv_ws/install/interfaces/share/interfaces/hook/cmake_prefix_path.sh'
[4.253s] Level 1:colcon.colcon_core.environment:checking '/home/ubuntu/odrv_ws/install/interfaces/lib'
[4.254s] Level 1:colcon.colcon_core.shell:create_environment_hook('interfaces', 'ld_library_path_lib')
[4.259s] INFO:colcon.colcon_core.shell:Creating environment hook '/home/ubuntu/odrv_ws/install/interfaces/share/interfaces/hook/ld_library_path_lib.ps1'
[4.264s] INFO:colcon.colcon_core.shell:Creating environment descriptor '/home/ubuntu/odrv_ws/install/interfaces/share/interfaces/hook/ld_library_path_lib.dsv'
[4.269s] INFO:colcon.colcon_core.shell:Creating environment hook '/home/ubuntu/odrv_ws/install/interfaces/share/interfaces/hook/ld_library_path_lib.sh'
[4.274s] Level 1:colcon.colcon_core.environment:checking '/home/ubuntu/odrv_ws/install/interfaces/bin'
[4.275s] Level 1:colcon.colcon_core.environment:checking '/home/ubuntu/odrv_ws/install/interfaces/lib/pkgconfig/interfaces.pc'
[4.276s] Level 1:colcon.colcon_core.environment:checking '/home/ubuntu/odrv_ws/install/interfaces/lib/python3.8/site-packages'
[4.277s] Level 1:colcon.colcon_core.shell:create_environment_hook('interfaces', 'pythonpath')
[4.282s] INFO:colcon.colcon_core.shell:Creating environment hook '/home/ubuntu/odrv_ws/install/interfaces/share/interfaces/hook/pythonpath.ps1'
[4.290s] INFO:colcon.colcon_core.shell:Creating environment descriptor '/home/ubuntu/odrv_ws/install/interfaces/share/interfaces/hook/pythonpath.dsv'
[4.296s] INFO:colcon.colcon_core.shell:Creating environment hook '/home/ubuntu/odrv_ws/install/interfaces/share/interfaces/hook/pythonpath.sh'
[4.308s] INFO:colcon.colcon_core.shell:Creating package script '/home/ubuntu/odrv_ws/install/interfaces/share/interfaces/package.ps1'
[4.315s] INFO:colcon.colcon_core.shell:Creating package descriptor '/home/ubuntu/odrv_ws/install/interfaces/share/interfaces/package.dsv'
[4.322s] INFO:colcon.colcon_core.shell:Creating package script '/home/ubuntu/odrv_ws/install/interfaces/share/interfaces/package.sh'
[4.329s] INFO:colcon.colcon_core.shell:Creating package script '/home/ubuntu/odrv_ws/install/interfaces/share/interfaces/package.bash'
[4.334s] INFO:colcon.colcon_core.shell:Creating package script '/home/ubuntu/odrv_ws/install/interfaces/share/interfaces/package.zsh'
[4.339s] Level 1:colcon.colcon_core.environment:create_file_with_runtime_dependencies(/home/ubuntu/odrv_ws/install/interfaces/share/colcon-core/packages/interfaces)
[4.349s] INFO:colcon.colcon_ros.task.ament_python.build:Building ROS package in '/home/ubuntu/odrv_ws/src/srvcli' with build type 'ament_python'
[4.351s] Level 1:colcon.colcon_core.shell:create_environment_hook('srvcli', 'ament_prefix_path')
[4.357s] INFO:colcon.colcon_core.shell:Creating environment hook '/home/ubuntu/odrv_ws/install/srvcli/share/srvcli/hook/ament_prefix_path.ps1'
[4.374s] INFO:colcon.colcon_core.shell:Creating environment descriptor '/home/ubuntu/odrv_ws/install/srvcli/share/srvcli/hook/ament_prefix_path.dsv'
[4.379s] INFO:colcon.colcon_core.shell:Creating environment hook '/home/ubuntu/odrv_ws/install/srvcli/share/srvcli/hook/ament_prefix_path.sh'
[4.402s] INFO:colcon.colcon_core.shell:Skip shell extension 'powershell' for command environment: Not usable outside of PowerShell
[4.403s] DEBUG:colcon.colcon_core.shell:Skip shell extension 'dsv' for command environment
[6.109s] INFO:colcon.colcon_core.task.python.build:Building Python package in '/home/ubuntu/odrv_ws/src/srvcli'
[6.112s] INFO:colcon.colcon_core.shell:Skip shell extension 'powershell' for command environment: Not usable outside of PowerShell
[6.112s] DEBUG:colcon.colcon_core.shell:Skip shell extension 'dsv' for command environment
[6.127s] DEBUG:colcon.colcon_core.event_handler.log_command:Invoked command in '/home/ubuntu/odrv_ws/build/turtlesim' returned '0': /usr/bin/cmake --build /home/ubuntu/odrv_ws/build/turtlesim -- -j4 -l4
[6.151s] DEBUG:colcon.colcon_core.event_handler.log_command:Invoking command in '/home/ubuntu/odrv_ws/src/py_srvcli': PYTHONPATH=/home/ubuntu/odrv_ws/install/py_srvcli/lib/python3.8/site-packages: /usr/bin/python3 setup.py egg_info --egg-base ../../build/py_srvcli build --build-base /home/ubuntu/odrv_ws/build/py_srvcli/build install --prefix /home/ubuntu/odrv_ws/install/py_srvcli --record /home/ubuntu/odrv_ws/build/py_srvcli/install.log --single-version-externally-managed
[6.942s] DEBUG:colcon.colcon_core.event_handler.log_command:Invoking command in '/home/ubuntu/odrv_ws/build/turtlesim': /usr/bin/cmake --install /home/ubuntu/odrv_ws/build/turtlesim
[7.417s] Level 1:colcon.colcon_core.environment:create_environment_scripts_only(turtlesim)
[7.422s] Level 1:colcon.colcon_core.environment:checking '/home/ubuntu/odrv_ws/install/turtlesim' for CMake module files
[7.424s] DEBUG:colcon.colcon_core.event_handler.log_command:Invoked command in '/home/ubuntu/odrv_ws/build/turtlesim' returned '0': /usr/bin/cmake --install /home/ubuntu/odrv_ws/build/turtlesim
[7.429s] Level 1:colcon.colcon_core.environment:checking '/home/ubuntu/odrv_ws/install/turtlesim' for CMake config files
[7.435s] Level 1:colcon.colcon_core.shell:create_environment_hook('turtlesim', 'cmake_prefix_path')
[7.437s] INFO:colcon.colcon_core.shell:Creating environment hook '/home/ubuntu/odrv_ws/install/turtlesim/share/turtlesim/hook/cmake_prefix_path.ps1'
[7.440s] INFO:colcon.colcon_core.shell:Creating environment descriptor '/home/ubuntu/odrv_ws/install/turtlesim/share/turtlesim/hook/cmake_prefix_path.dsv'
[7.442s] INFO:colcon.colcon_core.shell:Creating environment hook '/home/ubuntu/odrv_ws/install/turtlesim/share/turtlesim/hook/cmake_prefix_path.sh'
[7.445s] Level 1:colcon.colcon_core.environment:checking '/home/ubuntu/odrv_ws/install/turtlesim/lib'
[7.446s] Level 1:colcon.colcon_core.shell:create_environment_hook('turtlesim', 'ld_library_path_lib')
[7.448s] INFO:colcon.colcon_core.shell:Creating environment hook '/home/ubuntu/odrv_ws/install/turtlesim/share/turtlesim/hook/ld_library_path_lib.ps1'
[7.452s] INFO:colcon.colcon_core.shell:Creating environment descriptor '/home/ubuntu/odrv_ws/install/turtlesim/share/turtlesim/hook/ld_library_path_lib.dsv'
[7.454s] INFO:colcon.colcon_core.shell:Creating environment hook '/home/ubuntu/odrv_ws/install/turtlesim/share/turtlesim/hook/ld_library_path_lib.sh'
[7.456s] Level 1:colcon.colcon_core.environment:checking '/home/ubuntu/odrv_ws/install/turtlesim/bin'
[7.457s] Level 1:colcon.colcon_core.environment:checking '/home/ubuntu/odrv_ws/install/turtlesim/lib/pkgconfig/turtlesim.pc'
[7.457s] Level 1:colcon.colcon_core.environment:checking '/home/ubuntu/odrv_ws/install/turtlesim/lib/python3.8/site-packages'
[7.458s] Level 1:colcon.colcon_core.shell:create_environment_hook('turtlesim', 'pythonpath')
[7.460s] INFO:colcon.colcon_core.shell:Creating environment hook '/home/ubuntu/odrv_ws/install/turtlesim/share/turtlesim/hook/pythonpath.ps1'
[7.462s] INFO:colcon.colcon_core.shell:Creating environment descriptor '/home/ubuntu/odrv_ws/install/turtlesim/share/turtlesim/hook/pythonpath.dsv'
[7.465s] INFO:colcon.colcon_core.shell:Creating environment hook '/home/ubuntu/odrv_ws/install/turtlesim/share/turtlesim/hook/pythonpath.sh'
[7.469s] INFO:colcon.colcon_core.shell:Creating package script '/home/ubuntu/odrv_ws/install/turtlesim/share/turtlesim/package.ps1'
[7.472s] INFO:colcon.colcon_core.shell:Creating package descriptor '/home/ubuntu/odrv_ws/install/turtlesim/share/turtlesim/package.dsv'
[7.475s] INFO:colcon.colcon_core.shell:Creating package script '/home/ubuntu/odrv_ws/install/turtlesim/share/turtlesim/package.sh'
[7.477s] INFO:colcon.colcon_core.shell:Creating package script '/home/ubuntu/odrv_ws/install/turtlesim/share/turtlesim/package.bash'
[7.482s] INFO:colcon.colcon_core.shell:Creating package script '/home/ubuntu/odrv_ws/install/turtlesim/share/turtlesim/package.zsh'
[7.580s] Level 1:colcon.colcon_core.environment:create_file_with_runtime_dependencies(/home/ubuntu/odrv_ws/install/turtlesim/share/colcon-core/packages/turtlesim)
[7.628s] Level 1:colcon.colcon_core.environment:checking '/home/ubuntu/odrv_ws/install/py_srvcli' for CMake module files
[7.631s] DEBUG:colcon.colcon_core.event_handler.log_command:Invoked command in '/home/ubuntu/odrv_ws/src/py_srvcli' returned '0': PYTHONPATH=/home/ubuntu/odrv_ws/install/py_srvcli/lib/python3.8/site-packages: /usr/bin/python3 setup.py egg_info --egg-base ../../build/py_srvcli build --build-base /home/ubuntu/odrv_ws/build/py_srvcli/build install --prefix /home/ubuntu/odrv_ws/install/py_srvcli --record /home/ubuntu/odrv_ws/build/py_srvcli/install.log --single-version-externally-managed
[7.635s] Level 1:colcon.colcon_core.environment:checking '/home/ubuntu/odrv_ws/install/py_srvcli' for CMake config files
[7.669s] Level 1:colcon.colcon_core.environment:checking '/home/ubuntu/odrv_ws/install/py_srvcli/lib'
[7.670s] Level 1:colcon.colcon_core.environment:checking '/home/ubuntu/odrv_ws/install/py_srvcli/bin'
[7.671s] Level 1:colcon.colcon_core.environment:checking '/home/ubuntu/odrv_ws/install/py_srvcli/lib/pkgconfig/py_srvcli.pc'
[7.671s] Level 1:colcon.colcon_core.environment:checking '/home/ubuntu/odrv_ws/install/py_srvcli/lib/python3.8/site-packages'
[7.671s] Level 1:colcon.colcon_core.shell:create_environment_hook('py_srvcli', 'pythonpath')
[7.674s] INFO:colcon.colcon_core.shell:Creating environment hook '/home/ubuntu/odrv_ws/install/py_srvcli/share/py_srvcli/hook/pythonpath.ps1'
[7.729s] INFO:colcon.colcon_core.shell:Creating environment descriptor '/home/ubuntu/odrv_ws/install/py_srvcli/share/py_srvcli/hook/pythonpath.dsv'
[7.831s] INFO:colcon.colcon_core.shell:Creating environment hook '/home/ubuntu/odrv_ws/install/py_srvcli/share/py_srvcli/hook/pythonpath.sh'
[7.833s] Level 1:colcon.colcon_core.environment:create_environment_scripts_only(py_srvcli)
[7.837s] INFO:colcon.colcon_core.shell:Creating package script '/home/ubuntu/odrv_ws/install/py_srvcli/share/py_srvcli/package.ps1'
[7.840s] INFO:colcon.colcon_core.shell:Creating package descriptor '/home/ubuntu/odrv_ws/install/py_srvcli/share/py_srvcli/package.dsv'
[7.842s] INFO:colcon.colcon_core.shell:Creating package script '/home/ubuntu/odrv_ws/install/py_srvcli/share/py_srvcli/package.sh'
[7.845s] INFO:colcon.colcon_core.shell:Creating package script '/home/ubuntu/odrv_ws/install/py_srvcli/share/py_srvcli/package.bash'
[7.847s] INFO:colcon.colcon_core.shell:Creating package script '/home/ubuntu/odrv_ws/install/py_srvcli/share/py_srvcli/package.zsh'
[7.848s] Level 1:colcon.colcon_core.environment:create_file_with_runtime_dependencies(/home/ubuntu/odrv_ws/install/py_srvcli/share/colcon-core/packages/py_srvcli)
[8.104s] DEBUG:colcon.colcon_core.event_handler.log_command:Invoking command in '/home/ubuntu/odrv_ws/src/srvcli': AMENT_PREFIX_PATH=/home/ubuntu/odrv_ws/install/interfaces CMAKE_PREFIX_PATH=/home/ubuntu/odrv_ws/install/interfaces LD_LIBRARY_PATH=/home/ubuntu/odrv_ws/install/interfaces/lib PYTHONPATH=/home/ubuntu/odrv_ws/install/srvcli/lib/python3.8/site-packages:/home/ubuntu/odrv_ws/install/interfaces/lib/python3.8/site-packages /usr/bin/python3 setup.py egg_info --egg-base ../../build/srvcli build --build-base /home/ubuntu/odrv_ws/build/srvcli/build install --prefix /home/ubuntu/odrv_ws/install/srvcli --record /home/ubuntu/odrv_ws/build/srvcli/install.log --single-version-externally-managed
[8.363s] Level 1:colcon.colcon_core.environment:create_environment_scripts_only(turtlesim)
[8.367s] Level 1:colcon.colcon_core.environment:checking '/home/ubuntu/odrv_ws/install/turtlesim' for CMake module files
[8.371s] Level 1:colcon.colcon_core.environment:checking '/home/ubuntu/odrv_ws/install/turtlesim' for CMake config files
[8.374s] Level 1:colcon.colcon_core.shell:create_environment_hook('turtlesim', 'cmake_prefix_path')
[8.376s] INFO:colcon.colcon_core.shell:Creating environment hook '/home/ubuntu/odrv_ws/install/turtlesim/share/turtlesim/hook/cmake_prefix_path.ps1'
[8.378s] INFO:colcon.colcon_core.shell:Creating environment descriptor '/home/ubuntu/odrv_ws/install/turtlesim/share/turtlesim/hook/cmake_prefix_path.dsv'
[8.380s] INFO:colcon.colcon_core.shell:Creating environment hook '/home/ubuntu/odrv_ws/install/turtlesim/share/turtlesim/hook/cmake_prefix_path.sh'
[8.382s] Level 1:colcon.colcon_core.environment:checking '/home/ubuntu/odrv_ws/install/turtlesim/lib'
[8.383s] Level 1:colcon.colcon_core.shell:create_environment_hook('turtlesim', 'ld_library_path_lib')
[8.385s] INFO:colcon.colcon_core.shell:Creating environment hook '/home/ubuntu/odrv_ws/install/turtlesim/share/turtlesim/hook/ld_library_path_lib.ps1'
[8.387s] INFO:colcon.colcon_core.shell:Creating environment descriptor '/home/ubuntu/odrv_ws/install/turtlesim/share/turtlesim/hook/ld_library_path_lib.dsv'
[8.390s] INFO:colcon.colcon_core.shell:Creating environment hook '/home/ubuntu/odrv_ws/install/turtlesim/share/turtlesim/hook/ld_library_path_lib.sh'
[8.392s] Level 1:colcon.colcon_core.environment:checking '/home/ubuntu/odrv_ws/install/turtlesim/bin'
[8.392s] Level 1:colcon.colcon_core.environment:checking '/home/ubuntu/odrv_ws/install/turtlesim/lib/pkgconfig/turtlesim.pc'
[8.393s] Level 1:colcon.colcon_core.environment:checking '/home/ubuntu/odrv_ws/install/turtlesim/lib/python3.8/site-packages'
[8.393s] Level 1:colcon.colcon_core.shell:create_environment_hook('turtlesim', 'pythonpath')
[8.395s] INFO:colcon.colcon_core.shell:Creating environment hook '/home/ubuntu/odrv_ws/install/turtlesim/share/turtlesim/hook/pythonpath.ps1'
[8.397s] INFO:colcon.colcon_core.shell:Creating environment descriptor '/home/ubuntu/odrv_ws/install/turtlesim/share/turtlesim/hook/pythonpath.dsv'
[8.399s] INFO:colcon.colcon_core.shell:Creating environment hook '/home/ubuntu/odrv_ws/install/turtlesim/share/turtlesim/hook/pythonpath.sh'
[8.404s] INFO:colcon.colcon_core.shell:Creating package script '/home/ubuntu/odrv_ws/install/turtlesim/share/turtlesim/package.ps1'
[8.406s] INFO:colcon.colcon_core.shell:Creating package descriptor '/home/ubuntu/odrv_ws/install/turtlesim/share/turtlesim/package.dsv'
[8.409s] INFO:colcon.colcon_core.shell:Creating package script '/home/ubuntu/odrv_ws/install/turtlesim/share/turtlesim/package.sh'
[8.411s] INFO:colcon.colcon_core.shell:Creating package script '/home/ubuntu/odrv_ws/install/turtlesim/share/turtlesim/package.bash'
[8.414s] INFO:colcon.colcon_core.shell:Creating package script '/home/ubuntu/odrv_ws/install/turtlesim/share/turtlesim/package.zsh'
[8.416s] Level 1:colcon.colcon_core.environment:create_file_with_runtime_dependencies(/home/ubuntu/odrv_ws/install/turtlesim/share/colcon-core/packages/turtlesim)
[9.197s] Level 1:colcon.colcon_core.environment:checking '/home/ubuntu/odrv_ws/install/srvcli' for CMake module files
[9.199s] DEBUG:colcon.colcon_core.event_handler.log_command:Invoked command in '/home/ubuntu/odrv_ws/src/srvcli' returned '0': AMENT_PREFIX_PATH=/home/ubuntu/odrv_ws/install/interfaces CMAKE_PREFIX_PATH=/home/ubuntu/odrv_ws/install/interfaces LD_LIBRARY_PATH=/home/ubuntu/odrv_ws/install/interfaces/lib PYTHONPATH=/home/ubuntu/odrv_ws/install/srvcli/lib/python3.8/site-packages:/home/ubuntu/odrv_ws/install/interfaces/lib/python3.8/site-packages /usr/bin/python3 setup.py egg_info --egg-base ../../build/srvcli build --build-base /home/ubuntu/odrv_ws/build/srvcli/build install --prefix /home/ubuntu/odrv_ws/install/srvcli --record /home/ubuntu/odrv_ws/build/srvcli/install.log --single-version-externally-managed
[9.201s] Level 1:colcon.colcon_core.environment:checking '/home/ubuntu/odrv_ws/install/srvcli' for CMake config files
[9.205s] Level 1:colcon.colcon_core.environment:checking '/home/ubuntu/odrv_ws/install/srvcli/lib'
[9.205s] Level 1:colcon.colcon_core.environment:checking '/home/ubuntu/odrv_ws/install/srvcli/bin'
[9.206s] Level 1:colcon.colcon_core.environment:checking '/home/ubuntu/odrv_ws/install/srvcli/lib/pkgconfig/srvcli.pc'
[9.206s] Level 1:colcon.colcon_core.environment:checking '/home/ubuntu/odrv_ws/install/srvcli/lib/python3.8/site-packages'
[9.206s] Level 1:colcon.colcon_core.shell:create_environment_hook('srvcli', 'pythonpath')
[9.208s] INFO:colcon.colcon_core.shell:Creating environment hook '/home/ubuntu/odrv_ws/install/srvcli/share/srvcli/hook/pythonpath.ps1'
[9.210s] INFO:colcon.colcon_core.shell:Creating environment descriptor '/home/ubuntu/odrv_ws/install/srvcli/share/srvcli/hook/pythonpath.dsv'
[9.211s] INFO:colcon.colcon_core.shell:Creating environment hook '/home/ubuntu/odrv_ws/install/srvcli/share/srvcli/hook/pythonpath.sh'
[9.213s] Level 1:colcon.colcon_core.environment:create_environment_scripts_only(srvcli)
[9.216s] INFO:colcon.colcon_core.shell:Creating package script '/home/ubuntu/odrv_ws/install/srvcli/share/srvcli/package.ps1'
[9.218s] INFO:colcon.colcon_core.shell:Creating package descriptor '/home/ubuntu/odrv_ws/install/srvcli/share/srvcli/package.dsv'
[9.220s] INFO:colcon.colcon_core.shell:Creating package script '/home/ubuntu/odrv_ws/install/srvcli/share/srvcli/package.sh'
[9.222s] INFO:colcon.colcon_core.shell:Creating package script '/home/ubuntu/odrv_ws/install/srvcli/share/srvcli/package.bash'
[9.223s] INFO:colcon.colcon_core.shell:Creating package script '/home/ubuntu/odrv_ws/install/srvcli/share/srvcli/package.zsh'
[9.225s] Level 1:colcon.colcon_core.environment:create_file_with_runtime_dependencies(/home/ubuntu/odrv_ws/install/srvcli/share/colcon-core/packages/srvcli)
[9.226s] DEBUG:colcon.colcon_parallel_executor.executor.parallel:closing loop
[9.227s] DEBUG:colcon.colcon_parallel_executor.executor.parallel:loop closed
[9.228s] DEBUG:colcon.colcon_parallel_executor.executor.parallel:run_until_complete finished with '0'
[9.228s] DEBUG:colcon.colcon_core.event_reactor:joining thread
[9.250s] INFO:colcon.colcon_core.plugin_system:Skipping extension 'colcon_notification.desktop_notification.terminal_notifier': Not used on non-Darwin systems
[9.251s] INFO:colcon.colcon_core.plugin_system:Skipping extension 'colcon_notification.desktop_notification.win32': Not used on non-Windows systems
[9.251s] INFO:colcon.colcon_notification.desktop_notification:Sending desktop notification using 'notify2'
[9.255s] DEBUG:colcon.colcon_notification.desktop_notification.notify2:Failed to initialize notify2: org.freedesktop.DBus.Error.ServiceUnknown: The name org.freedesktop.Notifications was not provided by any .service files
[9.255s] DEBUG:colcon.colcon_core.event_reactor:joined thread
[9.257s] INFO:colcon.colcon_core.shell:Creating prefix script '/home/ubuntu/odrv_ws/install/local_setup.ps1'
[9.260s] INFO:colcon.colcon_core.shell:Creating prefix util module '/home/ubuntu/odrv_ws/install/_local_setup_util_ps1.py'
[9.266s] INFO:colcon.colcon_core.shell:Creating prefix chain script '/home/ubuntu/odrv_ws/install/setup.ps1'
[9.270s] INFO:colcon.colcon_core.shell:Creating prefix script '/home/ubuntu/odrv_ws/install/local_setup.sh'
[9.273s] INFO:colcon.colcon_core.shell:Creating prefix util module '/home/ubuntu/odrv_ws/install/_local_setup_util_sh.py'
[9.275s] INFO:colcon.colcon_core.shell:Creating prefix chain script '/home/ubuntu/odrv_ws/install/setup.sh'
[9.279s] INFO:colcon.colcon_core.shell:Creating prefix script '/home/ubuntu/odrv_ws/install/local_setup.bash'
[9.281s] INFO:colcon.colcon_core.shell:Creating prefix chain script '/home/ubuntu/odrv_ws/install/setup.bash'
[9.285s] INFO:colcon.colcon_core.shell:Creating prefix script '/home/ubuntu/odrv_ws/install/local_setup.zsh'
[9.287s] INFO:colcon.colcon_core.shell:Creating prefix chain script '/home/ubuntu/odrv_ws/install/setup.zsh'
