[3.442s] Invoking command in '/home/ubuntu/odrv_ws/src/srvcli': AMENT_PREFIX_PATH=/home/ubuntu/odrv_ws/install/interfaces:${AMENT_PREFIX_PATH} CMAKE_PREFIX_PATH=/home/ubuntu/odrv_ws/install/interfaces LD_LIBRARY_PATH=/home/ubuntu/odrv_ws/install/interfaces/lib:${LD_LIBRARY_PATH} PYTHONPATH=/home/ubuntu/odrv_ws/install/srvcli/lib/python3.8/site-packages:/home/ubuntu/odrv_ws/install/interfaces/lib/python3.8/site-packages:${PYTHONPATH} /usr/bin/python3 setup.py egg_info --egg-base ../../build/srvcli build --build-base /home/ubuntu/odrv_ws/build/srvcli/build install --prefix /home/ubuntu/odrv_ws/install/srvcli --record /home/ubuntu/odrv_ws/build/srvcli/install.log --single-version-externally-managed
[4.513s] running egg_info
[4.515s] writing ../../build/srvcli/srvcli.egg-info/PKG-INFO
[4.516s] writing dependency_links to ../../build/srvcli/srvcli.egg-info/dependency_links.txt
[4.517s] writing entry points to ../../build/srvcli/srvcli.egg-info/entry_points.txt
[4.518s] writing requirements to ../../build/srvcli/srvcli.egg-info/requires.txt
[4.519s] writing top-level names to ../../build/srvcli/srvcli.egg-info/top_level.txt
[4.655s] reading manifest file '../../build/srvcli/srvcli.egg-info/SOURCES.txt'
[4.659s] writing manifest file '../../build/srvcli/srvcli.egg-info/SOURCES.txt'
[4.660s] running build
[4.660s] running build_py
[4.661s] running install
[4.664s] running install_lib
[4.671s] running install_data
[4.674s] copying package.xml -> /home/ubuntu/odrv_ws/install/srvcli/share/srvcli
[4.675s] running install_egg_info
[4.689s] removing '/home/ubuntu/odrv_ws/install/srvcli/lib/python3.8/site-packages/srvcli-0.0.0-py3.8.egg-info' (and everything under it)
[4.690s] Copying ../../build/srvcli/srvcli.egg-info to /home/ubuntu/odrv_ws/install/srvcli/lib/python3.8/site-packages/srvcli-0.0.0-py3.8.egg-info
[4.695s] running install_scripts
[4.768s] Installing client script to /home/ubuntu/odrv_ws/install/srvcli/lib/srvcli
[4.769s] Installing service script to /home/ubuntu/odrv_ws/install/srvcli/lib/srvcli
[4.771s] writing list of installed files to '/home/ubuntu/odrv_ws/build/srvcli/install.log'
[4.889s] Invoked command in '/home/ubuntu/odrv_ws/src/srvcli' returned '0': AMENT_PREFIX_PATH=/home/ubuntu/odrv_ws/install/interfaces:${AMENT_PREFIX_PATH} CMAKE_PREFIX_PATH=/home/ubuntu/odrv_ws/install/interfaces LD_LIBRARY_PATH=/home/ubuntu/odrv_ws/install/interfaces/lib:${LD_LIBRARY_PATH} PYTHONPATH=/home/ubuntu/odrv_ws/install/srvcli/lib/python3.8/site-packages:/home/ubuntu/odrv_ws/install/interfaces/lib/python3.8/site-packages:${PYTHONPATH} /usr/bin/python3 setup.py egg_info --egg-base ../../build/srvcli build --build-base /home/ubuntu/odrv_ws/build/srvcli/build install --prefix /home/ubuntu/odrv_ws/install/srvcli --record /home/ubuntu/odrv_ws/build/srvcli/install.log --single-version-externally-managed
