[6.549s] Invoking command in '/home/ubuntu/odrv_ws/src/srvcli': CMAKE_PREFIX_PATH=/home/ubuntu/odrv_ws/install/interfaces:/home/ubuntu/odrv_ws/install/turtlesim LD_LIBRARY_PATH=/home/ubuntu/odrv_ws/install/interfaces/lib:/home/ubuntu/odrv_ws/install/turtlesim/lib:/opt/ros/foxy/opt/yaml_cpp_vendor/lib:/opt/ros/foxy/opt/rviz_ogre_vendor/lib:/opt/ros/foxy/lib/aarch64-linux-gnu:/opt/ros/foxy/lib PYTHONPATH=/home/ubuntu/odrv_ws/install/srvcli/lib/python3.8/site-packages:/home/ubuntu/odrv_ws/install/interfaces/lib/python3.8/site-packages:/home/ubuntu/odrv_ws/install/turtlesim/lib/python3.8/site-packages:/home/ubuntu/odrv_ws/install/srvcli/lib/python3.8/site-packages:/home/ubuntu/odrv_ws/install/py_srvcli/lib/python3.8/site-packages:/opt/ros/foxy/lib/python3.8/site-packages /usr/bin/python3 setup.py egg_info --egg-base ../../build/srvcli build --build-base /home/ubuntu/odrv_ws/build/srvcli/build install --prefix /home/ubuntu/odrv_ws/install/srvcli --record /home/ubuntu/odrv_ws/build/srvcli/install.log --single-version-externally-managed
[8.757s] running egg_info
[8.759s] writing ../../build/srvcli/srvcli.egg-info/PKG-INFO
[8.760s] writing dependency_links to ../../build/srvcli/srvcli.egg-info/dependency_links.txt
[8.761s] writing entry points to ../../build/srvcli/srvcli.egg-info/entry_points.txt
[8.761s] writing requirements to ../../build/srvcli/srvcli.egg-info/requires.txt
[8.762s] writing top-level names to ../../build/srvcli/srvcli.egg-info/top_level.txt
[8.885s] reading manifest file '../../build/srvcli/srvcli.egg-info/SOURCES.txt'
[8.888s] writing manifest file '../../build/srvcli/srvcli.egg-info/SOURCES.txt'
[8.889s] running build
[8.889s] running build_py
[8.890s] copying srvcli/service_member_function.py -> /home/ubuntu/odrv_ws/build/srvcli/build/lib/srvcli
[8.891s] running install
[8.894s] running install_lib
[8.898s] copying /home/ubuntu/odrv_ws/build/srvcli/build/lib/srvcli/service_member_function.py -> /home/ubuntu/odrv_ws/install/srvcli/lib/python3.8/site-packages/srvcli
[8.900s] byte-compiling /home/ubuntu/odrv_ws/install/srvcli/lib/python3.8/site-packages/srvcli/service_member_function.py to service_member_function.cpython-38.pyc
[8.907s] running install_data
[8.909s] running install_egg_info
[8.931s] removing '/home/ubuntu/odrv_ws/install/srvcli/lib/python3.8/site-packages/srvcli-0.0.0-py3.8.egg-info' (and everything under it)
[8.933s] Copying ../../build/srvcli/srvcli.egg-info to /home/ubuntu/odrv_ws/install/srvcli/lib/python3.8/site-packages/srvcli-0.0.0-py3.8.egg-info
[8.944s] running install_scripts
[9.005s] Installing client script to /home/ubuntu/odrv_ws/install/srvcli/lib/srvcli
[9.005s] Installing service script to /home/ubuntu/odrv_ws/install/srvcli/lib/srvcli
[9.007s] writing list of installed files to '/home/ubuntu/odrv_ws/build/srvcli/install.log'
[9.103s] Invoked command in '/home/ubuntu/odrv_ws/src/srvcli' returned '0': CMAKE_PREFIX_PATH=/home/ubuntu/odrv_ws/install/interfaces:/home/ubuntu/odrv_ws/install/turtlesim LD_LIBRARY_PATH=/home/ubuntu/odrv_ws/install/interfaces/lib:/home/ubuntu/odrv_ws/install/turtlesim/lib:/opt/ros/foxy/opt/yaml_cpp_vendor/lib:/opt/ros/foxy/opt/rviz_ogre_vendor/lib:/opt/ros/foxy/lib/aarch64-linux-gnu:/opt/ros/foxy/lib PYTHONPATH=/home/ubuntu/odrv_ws/install/srvcli/lib/python3.8/site-packages:/home/ubuntu/odrv_ws/install/interfaces/lib/python3.8/site-packages:/home/ubuntu/odrv_ws/install/turtlesim/lib/python3.8/site-packages:/home/ubuntu/odrv_ws/install/srvcli/lib/python3.8/site-packages:/home/ubuntu/odrv_ws/install/py_srvcli/lib/python3.8/site-packages:/opt/ros/foxy/lib/python3.8/site-packages /usr/bin/python3 setup.py egg_info --egg-base ../../build/srvcli build --build-base /home/ubuntu/odrv_ws/build/srvcli/build install --prefix /home/ubuntu/odrv_ws/install/srvcli --record /home/ubuntu/odrv_ws/build/srvcli/install.log --single-version-externally-managed
