[2.574s] Invoking command in '/home/ubuntu/odrv_ws/src/srvcli': CMAKE_PREFIX_PATH=/home/ubuntu/odrv_ws/install/interfaces:/home/ubuntu/odrv_ws/install/turtlesim LD_LIBRARY_PATH=/home/ubuntu/odrv_ws/install/interfaces/lib:/home/ubuntu/odrv_ws/install/turtlesim/lib:/opt/ros/foxy/opt/yaml_cpp_vendor/lib:/opt/ros/foxy/opt/rviz_ogre_vendor/lib:/opt/ros/foxy/lib/aarch64-linux-gnu:/opt/ros/foxy/lib PYTHONPATH=/home/ubuntu/odrv_ws/install/srvcli/lib/python3.8/site-packages:/home/ubuntu/odrv_ws/install/interfaces/lib/python3.8/site-packages:/home/ubuntu/odrv_ws/install/turtlesim/lib/python3.8/site-packages:/home/ubuntu/odrv_ws/install/srvcli/lib/python3.8/site-packages:/home/ubuntu/odrv_ws/install/py_srvcli/lib/python3.8/site-packages:/opt/ros/foxy/lib/python3.8/site-packages /usr/bin/python3 setup.py egg_info --egg-base ../../build/srvcli build --build-base /home/ubuntu/odrv_ws/build/srvcli/build install --prefix /home/ubuntu/odrv_ws/install/srvcli --record /home/ubuntu/odrv_ws/build/srvcli/install.log --single-version-externally-managed
[3.422s] running egg_info
[3.424s] writing ../../build/srvcli/srvcli.egg-info/PKG-INFO
[3.425s] writing dependency_links to ../../build/srvcli/srvcli.egg-info/dependency_links.txt
[3.426s] writing entry points to ../../build/srvcli/srvcli.egg-info/entry_points.txt
[3.427s] writing requirements to ../../build/srvcli/srvcli.egg-info/requires.txt
[3.427s] writing top-level names to ../../build/srvcli/srvcli.egg-info/top_level.txt
[3.551s] reading manifest file '../../build/srvcli/srvcli.egg-info/SOURCES.txt'
[3.554s] writing manifest file '../../build/srvcli/srvcli.egg-info/SOURCES.txt'
[3.555s] running build
[3.555s] running build_py
[3.556s] copying srvcli/service_member_function1.py -> /home/ubuntu/odrv_ws/build/srvcli/build/lib/srvcli
[3.557s] running install
[3.560s] running install_lib
[3.564s] copying /home/ubuntu/odrv_ws/build/srvcli/build/lib/srvcli/service_member_function1.py -> /home/ubuntu/odrv_ws/install/srvcli/lib/python3.8/site-packages/srvcli
[3.567s] byte-compiling /home/ubuntu/odrv_ws/install/srvcli/lib/python3.8/site-packages/srvcli/service_member_function1.py to service_member_function1.cpython-38.pyc
[3.574s] running install_data
[3.576s] running install_egg_info
[3.582s] removing '/home/ubuntu/odrv_ws/install/srvcli/lib/python3.8/site-packages/srvcli-0.0.0-py3.8.egg-info' (and everything under it)
[3.583s] Copying ../../build/srvcli/srvcli.egg-info to /home/ubuntu/odrv_ws/install/srvcli/lib/python3.8/site-packages/srvcli-0.0.0-py3.8.egg-info
[3.587s] running install_scripts
[3.647s] Installing client script to /home/ubuntu/odrv_ws/install/srvcli/lib/srvcli
[3.648s] Installing service script to /home/ubuntu/odrv_ws/install/srvcli/lib/srvcli
[3.649s] writing list of installed files to '/home/ubuntu/odrv_ws/build/srvcli/install.log'
[3.743s] Invoked command in '/home/ubuntu/odrv_ws/src/srvcli' returned '0': CMAKE_PREFIX_PATH=/home/ubuntu/odrv_ws/install/interfaces:/home/ubuntu/odrv_ws/install/turtlesim LD_LIBRARY_PATH=/home/ubuntu/odrv_ws/install/interfaces/lib:/home/ubuntu/odrv_ws/install/turtlesim/lib:/opt/ros/foxy/opt/yaml_cpp_vendor/lib:/opt/ros/foxy/opt/rviz_ogre_vendor/lib:/opt/ros/foxy/lib/aarch64-linux-gnu:/opt/ros/foxy/lib PYTHONPATH=/home/ubuntu/odrv_ws/install/srvcli/lib/python3.8/site-packages:/home/ubuntu/odrv_ws/install/interfaces/lib/python3.8/site-packages:/home/ubuntu/odrv_ws/install/turtlesim/lib/python3.8/site-packages:/home/ubuntu/odrv_ws/install/srvcli/lib/python3.8/site-packages:/home/ubuntu/odrv_ws/install/py_srvcli/lib/python3.8/site-packages:/opt/ros/foxy/lib/python3.8/site-packages /usr/bin/python3 setup.py egg_info --egg-base ../../build/srvcli build --build-base /home/ubuntu/odrv_ws/build/srvcli/build install --prefix /home/ubuntu/odrv_ws/install/srvcli --record /home/ubuntu/odrv_ws/build/srvcli/install.log --single-version-externally-managed
