[5.289s] Invoking command in '/home/ubuntu/odrv_ws/src/py_srvcli': PYTHONPATH=/home/ubuntu/odrv_ws/install/py_srvcli/lib/python3.8/site-packages:${PYTHONPATH} /usr/bin/python3 setup.py egg_info --egg-base ../../build/py_srvcli build --build-base /home/ubuntu/odrv_ws/build/py_srvcli/build install --prefix /home/ubuntu/odrv_ws/install/py_srvcli --record /home/ubuntu/odrv_ws/build/py_srvcli/install.log --single-version-externally-managed
[6.531s] running egg_info
[6.536s] writing ../../build/py_srvcli/py_srvcli.egg-info/PKG-INFO
[6.539s] writing dependency_links to ../../build/py_srvcli/py_srvcli.egg-info/dependency_links.txt
[6.542s] writing entry points to ../../build/py_srvcli/py_srvcli.egg-info/entry_points.txt
[6.546s] writing requirements to ../../build/py_srvcli/py_srvcli.egg-info/requires.txt
[6.547s] writing top-level names to ../../build/py_srvcli/py_srvcli.egg-info/top_level.txt
[6.934s] reading manifest file '../../build/py_srvcli/py_srvcli.egg-info/SOURCES.txt'
[6.946s] writing manifest file '../../build/py_srvcli/py_srvcli.egg-info/SOURCES.txt'
[6.947s] running build
[6.948s] running build_py
[6.957s] running install
[6.964s] running install_lib
[6.982s] running install_data
[6.990s] running install_egg_info
[7.004s] removing '/home/ubuntu/odrv_ws/install/py_srvcli/lib/python3.8/site-packages/py_srvcli-0.0.0-py3.8.egg-info' (and everything under it)
[7.009s] Copying ../../build/py_srvcli/py_srvcli.egg-info to /home/ubuntu/odrv_ws/install/py_srvcli/lib/python3.8/site-packages/py_srvcli-0.0.0-py3.8.egg-info
[7.023s] running install_scripts
[7.188s] Installing client script to /home/ubuntu/odrv_ws/install/py_srvcli/lib/py_srvcli
[7.192s] Installing service script to /home/ubuntu/odrv_ws/install/py_srvcli/lib/py_srvcli
[7.195s] writing list of installed files to '/home/ubuntu/odrv_ws/build/py_srvcli/install.log'
[7.387s] Invoked command in '/home/ubuntu/odrv_ws/src/py_srvcli' returned '0': PYTHONPATH=/home/ubuntu/odrv_ws/install/py_srvcli/lib/python3.8/site-packages:${PYTHONPATH} /usr/bin/python3 setup.py egg_info --egg-base ../../build/py_srvcli build --build-base /home/ubuntu/odrv_ws/build/py_srvcli/build install --prefix /home/ubuntu/odrv_ws/install/py_srvcli --record /home/ubuntu/odrv_ws/build/py_srvcli/install.log --single-version-externally-managed
