[2.970s] Invoking command in '/home/ubuntu/odrv_ws/src/srvcli': AMENT_PREFIX_PATH=/home/ubuntu/odrv_ws/install/interfaces CMAKE_PREFIX_PATH=/home/ubuntu/odrv_ws/install/interfaces LD_LIBRARY_PATH=/home/ubuntu/odrv_ws/install/interfaces/lib PYTHONPATH=/home/ubuntu/odrv_ws/install/srvcli/lib/python3.8/site-packages:/home/ubuntu/odrv_ws/install/interfaces/lib/python3.8/site-packages /usr/bin/python3 setup.py egg_info --egg-base ../../build/srvcli build --build-base /home/ubuntu/odrv_ws/build/srvcli/build install --prefix /home/ubuntu/odrv_ws/install/srvcli --record /home/ubuntu/odrv_ws/build/srvcli/install.log --single-version-externally-managed
[3.692s] running egg_info
[3.693s] writing ../../build/srvcli/srvcli.egg-info/PKG-INFO
[3.694s] writing dependency_links to ../../build/srvcli/srvcli.egg-info/dependency_links.txt
[3.695s] writing entry points to ../../build/srvcli/srvcli.egg-info/entry_points.txt
[3.696s] writing requirements to ../../build/srvcli/srvcli.egg-info/requires.txt
[3.696s] writing top-level names to ../../build/srvcli/srvcli.egg-info/top_level.txt
[3.823s] reading manifest file '../../build/srvcli/srvcli.egg-info/SOURCES.txt'
[3.826s] writing manifest file '../../build/srvcli/srvcli.egg-info/SOURCES.txt'
[3.827s] running build
[3.827s] running build_py
[3.828s] running install
[3.831s] running install_lib
[3.837s] running install_data
[3.839s] running install_egg_info
[3.844s] removing '/home/ubuntu/odrv_ws/install/srvcli/lib/python3.8/site-packages/srvcli-0.0.0-py3.8.egg-info' (and everything under it)
[3.845s] Copying ../../build/srvcli/srvcli.egg-info to /home/ubuntu/odrv_ws/install/srvcli/lib/python3.8/site-packages/srvcli-0.0.0-py3.8.egg-info
[3.850s] running install_scripts
[3.908s] Installing client script to /home/ubuntu/odrv_ws/install/srvcli/lib/srvcli
[3.909s] Installing service script to /home/ubuntu/odrv_ws/install/srvcli/lib/srvcli
[3.910s] writing list of installed files to '/home/ubuntu/odrv_ws/build/srvcli/install.log'
[4.004s] Invoked command in '/home/ubuntu/odrv_ws/src/srvcli' returned '0': AMENT_PREFIX_PATH=/home/ubuntu/odrv_ws/install/interfaces CMAKE_PREFIX_PATH=/home/ubuntu/odrv_ws/install/interfaces LD_LIBRARY_PATH=/home/ubuntu/odrv_ws/install/interfaces/lib PYTHONPATH=/home/ubuntu/odrv_ws/install/srvcli/lib/python3.8/site-packages:/home/ubuntu/odrv_ws/install/interfaces/lib/python3.8/site-packages /usr/bin/python3 setup.py egg_info --egg-base ../../build/srvcli build --build-base /home/ubuntu/odrv_ws/build/srvcli/build install --prefix /home/ubuntu/odrv_ws/install/srvcli --record /home/ubuntu/odrv_ws/build/srvcli/install.log --single-version-externally-managed
