[0.089s] Invoking command in '/home/ubuntu/odrv_ws/build/interfaces': CMAKE_PREFIX_PATH=${CMAKE_PREFIX_PATH}:/home/ubuntu/odrv_ws/install/srvcli:/home/ubuntu/odrv_ws/install/interfaces:/opt/ros/foxy /usr/bin/cmake --build /home/ubuntu/odrv_ws/build/interfaces -- -j4 -l4
[0.335s] [  4%] Built target interfaces__cpp
[0.339s] [ 18%] Built target interfaces__rosidl_generator_c
[0.452s] [ 31%] Built target interfaces__rosidl_typesupport_introspection_cpp
[0.465s] [ 45%] Built target interfaces__rosidl_typesupport_cpp
[0.468s] [ 59%] Built target interfaces__rosidl_typesupport_c
[0.495s] [ 72%] Built target interfaces__rosidl_typesupport_fastrtps_cpp
[0.560s] [ 86%] Built target interfaces__rosidl_typesupport_introspection_c
[0.632s] [100%] Built target interfaces__rosidl_typesupport_fastrtps_c
[0.723s] [100%] Built target interfaces
[0.771s] Invoked command in '/home/ubuntu/odrv_ws/build/interfaces' returned '0': CMAKE_PREFIX_PATH=${CMAKE_PREFIX_PATH}:/home/ubuntu/odrv_ws/install/srvcli:/home/ubuntu/odrv_ws/install/interfaces:/opt/ros/foxy /usr/bin/cmake --build /home/ubuntu/odrv_ws/build/interfaces -- -j4 -l4
[1.077s] Invoking command in '/home/ubuntu/odrv_ws/build/interfaces': CMAKE_PREFIX_PATH=${CMAKE_PREFIX_PATH}:/home/ubuntu/odrv_ws/install/srvcli:/home/ubuntu/odrv_ws/install/interfaces:/opt/ros/foxy /usr/bin/cmake --install /home/ubuntu/odrv_ws/build/interfaces
[1.114s] -- Install configuration: ""
[1.114s] -- Up-to-date: /home/ubuntu/odrv_ws/install/interfaces/share/ament_index/resource_index/rosidl_interfaces/interfaces
[1.115s] -- Up-to-date: /home/ubuntu/odrv_ws/install/interfaces/include/interfaces
[1.115s] -- Up-to-date: /home/ubuntu/odrv_ws/install/interfaces/include/interfaces/msg
[1.116s] -- Up-to-date: /home/ubuntu/odrv_ws/install/interfaces/include/interfaces/msg/rosidl_generator_c__visibility_control.h
[1.116s] -- Up-to-date: /home/ubuntu/odrv_ws/install/interfaces/include/interfaces/srv
[1.117s] -- Up-to-date: /home/ubuntu/odrv_ws/install/interfaces/include/interfaces/srv/odrive.h
[1.117s] -- Up-to-date: /home/ubuntu/odrv_ws/install/interfaces/include/interfaces/srv/detail
[1.118s] -- Up-to-date: /home/ubuntu/odrv_ws/install/interfaces/include/interfaces/srv/detail/odrive__functions.c
[1.118s] -- Up-to-date: /home/ubuntu/odrv_ws/install/interfaces/include/interfaces/srv/detail/odrive__type_support.h
[1.118s] -- Up-to-date: /home/ubuntu/odrv_ws/install/interfaces/include/interfaces/srv/detail/odrive__functions.h
[1.119s] -- Up-to-date: /home/ubuntu/odrv_ws/install/interfaces/include/interfaces/srv/detail/odrive__struct.h
[1.119s] -- Up-to-date: /home/ubuntu/odrv_ws/install/interfaces/share/interfaces/environment/library_path.sh
[1.119s] -- Up-to-date: /home/ubuntu/odrv_ws/install/interfaces/share/interfaces/environment/library_path.dsv
[1.120s] -- Up-to-date: /home/ubuntu/odrv_ws/install/interfaces/lib/libinterfaces__rosidl_generator_c.so
[1.120s] -- Up-to-date: /home/ubuntu/odrv_ws/install/interfaces/include/interfaces
[1.120s] -- Up-to-date: /home/ubuntu/odrv_ws/install/interfaces/include/interfaces/msg
[1.121s] -- Up-to-date: /home/ubuntu/odrv_ws/install/interfaces/include/interfaces/msg/rosidl_typesupport_fastrtps_c__visibility_control.h
[1.121s] -- Up-to-date: /home/ubuntu/odrv_ws/install/interfaces/include/interfaces/srv
[1.121s] -- Up-to-date: /home/ubuntu/odrv_ws/install/interfaces/include/interfaces/srv/detail
[1.122s] -- Up-to-date: /home/ubuntu/odrv_ws/install/interfaces/include/interfaces/srv/detail/odrive__rosidl_typesupport_fastrtps_c.h
[1.122s] -- Up-to-date: /home/ubuntu/odrv_ws/install/interfaces/lib/libinterfaces__rosidl_typesupport_fastrtps_c.so
[1.124s] -- Up-to-date: /home/ubuntu/odrv_ws/install/interfaces/include/interfaces
[1.124s] -- Up-to-date: /home/ubuntu/odrv_ws/install/interfaces/include/interfaces/msg
[1.124s] -- Up-to-date: /home/ubuntu/odrv_ws/install/interfaces/include/interfaces/msg/rosidl_typesupport_fastrtps_cpp__visibility_control.h
[1.125s] -- Up-to-date: /home/ubuntu/odrv_ws/install/interfaces/include/interfaces/srv
[1.125s] -- Up-to-date: /home/ubuntu/odrv_ws/install/interfaces/include/interfaces/srv/detail
[1.126s] -- Up-to-date: /home/ubuntu/odrv_ws/install/interfaces/include/interfaces/srv/detail/dds_fastrtps
[1.126s] -- Up-to-date: /home/ubuntu/odrv_ws/install/interfaces/include/interfaces/srv/detail/odrive__rosidl_typesupport_fastrtps_cpp.hpp
[1.126s] -- Up-to-date: /home/ubuntu/odrv_ws/install/interfaces/lib/libinterfaces__rosidl_typesupport_fastrtps_cpp.so
[1.128s] -- Up-to-date: /home/ubuntu/odrv_ws/install/interfaces/include/interfaces
[1.128s] -- Up-to-date: /home/ubuntu/odrv_ws/install/interfaces/include/interfaces/msg
[1.128s] -- Up-to-date: /home/ubuntu/odrv_ws/install/interfaces/include/interfaces/msg/rosidl_typesupport_introspection_c__visibility_control.h
[1.129s] -- Up-to-date: /home/ubuntu/odrv_ws/install/interfaces/include/interfaces/srv
[1.129s] -- Up-to-date: /home/ubuntu/odrv_ws/install/interfaces/include/interfaces/srv/detail
[1.130s] -- Up-to-date: /home/ubuntu/odrv_ws/install/interfaces/include/interfaces/srv/detail/odrive__type_support.c
[1.130s] -- Up-to-date: /home/ubuntu/odrv_ws/install/interfaces/include/interfaces/srv/detail/odrive__rosidl_typesupport_introspection_c.h
[1.131s] -- Up-to-date: /home/ubuntu/odrv_ws/install/interfaces/lib/libinterfaces__rosidl_typesupport_introspection_c.so
[1.133s] -- Up-to-date: /home/ubuntu/odrv_ws/install/interfaces/lib/libinterfaces__rosidl_typesupport_c.so
[1.134s] -- Up-to-date: /home/ubuntu/odrv_ws/install/interfaces/include/interfaces
[1.135s] -- Up-to-date: /home/ubuntu/odrv_ws/install/interfaces/include/interfaces/srv
[1.135s] -- Up-to-date: /home/ubuntu/odrv_ws/install/interfaces/include/interfaces/srv/detail
[1.136s] -- Up-to-date: /home/ubuntu/odrv_ws/install/interfaces/include/interfaces/srv/detail/odrive__builder.hpp
[1.136s] -- Up-to-date: /home/ubuntu/odrv_ws/install/interfaces/include/interfaces/srv/detail/odrive__traits.hpp
[1.136s] -- Up-to-date: /home/ubuntu/odrv_ws/install/interfaces/include/interfaces/srv/detail/odrive__struct.hpp
[1.137s] -- Up-to-date: /home/ubuntu/odrv_ws/install/interfaces/include/interfaces/srv/odrive.hpp
[1.137s] -- Up-to-date: /home/ubuntu/odrv_ws/install/interfaces/include/interfaces
[1.138s] -- Up-to-date: /home/ubuntu/odrv_ws/install/interfaces/include/interfaces/srv
[1.139s] -- Up-to-date: /home/ubuntu/odrv_ws/install/interfaces/include/interfaces/srv/detail
[1.141s] -- Up-to-date: /home/ubuntu/odrv_ws/install/interfaces/include/interfaces/srv/detail/odrive__type_support.cpp
[1.145s] -- Up-to-date: /home/ubuntu/odrv_ws/install/interfaces/include/interfaces/srv/detail/odrive__rosidl_typesupport_introspection_cpp.hpp
[1.146s] -- Up-to-date: /home/ubuntu/odrv_ws/install/interfaces/lib/libinterfaces__rosidl_typesupport_introspection_cpp.so
[1.147s] -- Up-to-date: /home/ubuntu/odrv_ws/install/interfaces/lib/libinterfaces__rosidl_typesupport_cpp.so
[1.147s] -- Up-to-date: /home/ubuntu/odrv_ws/install/interfaces/share/interfaces/srv/Odrive.idl
[1.148s] -- Up-to-date: /home/ubuntu/odrv_ws/install/interfaces/share/interfaces/srv/Odrive.srv
[1.149s] -- Up-to-date: /home/ubuntu/odrv_ws/install/interfaces/share/interfaces/srv/Odrive_Request.msg
[1.150s] -- Up-to-date: /home/ubuntu/odrv_ws/install/interfaces/share/interfaces/srv/Odrive_Response.msg
[1.150s] -- Up-to-date: /home/ubuntu/odrv_ws/install/interfaces/share/ament_index/resource_index/package_run_dependencies/interfaces
[1.150s] -- Up-to-date: /home/ubuntu/odrv_ws/install/interfaces/share/ament_index/resource_index/parent_prefix_path/interfaces
[1.151s] -- Up-to-date: /home/ubuntu/odrv_ws/install/interfaces/share/interfaces/environment/ament_prefix_path.sh
[1.151s] -- Up-to-date: /home/ubuntu/odrv_ws/install/interfaces/share/interfaces/environment/ament_prefix_path.dsv
[1.152s] -- Up-to-date: /home/ubuntu/odrv_ws/install/interfaces/share/interfaces/environment/path.sh
[1.152s] -- Up-to-date: /home/ubuntu/odrv_ws/install/interfaces/share/interfaces/environment/path.dsv
[1.152s] -- Up-to-date: /home/ubuntu/odrv_ws/install/interfaces/share/interfaces/local_setup.bash
[1.153s] -- Up-to-date: /home/ubuntu/odrv_ws/install/interfaces/share/interfaces/local_setup.sh
[1.153s] -- Up-to-date: /home/ubuntu/odrv_ws/install/interfaces/share/interfaces/local_setup.zsh
[1.153s] -- Up-to-date: /home/ubuntu/odrv_ws/install/interfaces/share/interfaces/local_setup.dsv
[1.154s] -- Installing: /home/ubuntu/odrv_ws/install/interfaces/share/interfaces/package.dsv
[1.154s] -- Up-to-date: /home/ubuntu/odrv_ws/install/interfaces/share/ament_index/resource_index/packages/interfaces
[1.154s] -- Up-to-date: /home/ubuntu/odrv_ws/install/interfaces/share/interfaces/cmake/interfaces__rosidl_generator_cExport.cmake
[1.155s] -- Up-to-date: /home/ubuntu/odrv_ws/install/interfaces/share/interfaces/cmake/interfaces__rosidl_generator_cExport-noconfig.cmake
[1.155s] -- Up-to-date: /home/ubuntu/odrv_ws/install/interfaces/share/interfaces/cmake/interfaces__rosidl_typesupport_introspection_cExport.cmake
[1.155s] -- Up-to-date: /home/ubuntu/odrv_ws/install/interfaces/share/interfaces/cmake/interfaces__rosidl_typesupport_introspection_cExport-noconfig.cmake
[1.156s] -- Up-to-date: /home/ubuntu/odrv_ws/install/interfaces/share/interfaces/cmake/interfaces__rosidl_typesupport_cExport.cmake
[1.157s] -- Up-to-date: /home/ubuntu/odrv_ws/install/interfaces/share/interfaces/cmake/interfaces__rosidl_typesupport_cExport-noconfig.cmake
[1.157s] -- Up-to-date: /home/ubuntu/odrv_ws/install/interfaces/share/interfaces/cmake/interfaces__rosidl_generator_cppExport.cmake
[1.158s] -- Up-to-date: /home/ubuntu/odrv_ws/install/interfaces/share/interfaces/cmake/interfaces__rosidl_typesupport_introspection_cppExport.cmake
[1.159s] -- Up-to-date: /home/ubuntu/odrv_ws/install/interfaces/share/interfaces/cmake/interfaces__rosidl_typesupport_introspection_cppExport-noconfig.cmake
[1.159s] -- Up-to-date: /home/ubuntu/odrv_ws/install/interfaces/share/interfaces/cmake/interfaces__rosidl_typesupport_cppExport.cmake
[1.160s] -- Up-to-date: /home/ubuntu/odrv_ws/install/interfaces/share/interfaces/cmake/interfaces__rosidl_typesupport_cppExport-noconfig.cmake
[1.160s] -- Up-to-date: /home/ubuntu/odrv_ws/install/interfaces/share/interfaces/cmake/rosidl_cmake-extras.cmake
[1.161s] -- Up-to-date: /home/ubuntu/odrv_ws/install/interfaces/share/interfaces/cmake/ament_cmake_export_dependencies-extras.cmake
[1.161s] -- Up-to-date: /home/ubuntu/odrv_ws/install/interfaces/share/interfaces/cmake/ament_cmake_export_libraries-extras.cmake
[1.161s] -- Up-to-date: /home/ubuntu/odrv_ws/install/interfaces/share/interfaces/cmake/ament_cmake_export_targets-extras.cmake
[1.162s] -- Up-to-date: /home/ubuntu/odrv_ws/install/interfaces/share/interfaces/cmake/ament_cmake_export_include_directories-extras.cmake
[1.162s] -- Up-to-date: /home/ubuntu/odrv_ws/install/interfaces/share/interfaces/cmake/rosidl_cmake_export_typesupport_libraries-extras.cmake
[1.163s] -- Up-to-date: /home/ubuntu/odrv_ws/install/interfaces/share/interfaces/cmake/rosidl_cmake_export_typesupport_targets-extras.cmake
[1.163s] -- Up-to-date: /home/ubuntu/odrv_ws/install/interfaces/share/interfaces/cmake/interfacesConfig.cmake
[1.164s] -- Up-to-date: /home/ubuntu/odrv_ws/install/interfaces/share/interfaces/cmake/interfacesConfig-version.cmake
[1.164s] -- Up-to-date: /home/ubuntu/odrv_ws/install/interfaces/share/interfaces/package.xml
[1.171s] Invoked command in '/home/ubuntu/odrv_ws/build/interfaces' returned '0': CMAKE_PREFIX_PATH=${CMAKE_PREFIX_PATH}:/home/ubuntu/odrv_ws/install/srvcli:/home/ubuntu/odrv_ws/install/interfaces:/opt/ros/foxy /usr/bin/cmake --install /home/ubuntu/odrv_ws/build/interfaces
