[2.586s] Invoking command in '/home/ubuntu/odrv_ws/src/srvcli': CMAKE_PREFIX_PATH=/home/ubuntu/odrv_ws/install/interfaces:/home/ubuntu/odrv_ws/install/turtlesim LD_LIBRARY_PATH=/home/ubuntu/odrv_ws/install/interfaces/lib:/home/ubuntu/odrv_ws/install/turtlesim/lib:/opt/ros/foxy/opt/yaml_cpp_vendor/lib:/opt/ros/foxy/opt/rviz_ogre_vendor/lib:/opt/ros/foxy/lib/aarch64-linux-gnu:/opt/ros/foxy/lib PYTHONPATH=/home/ubuntu/odrv_ws/install/srvcli/lib/python3.8/site-packages:/home/ubuntu/odrv_ws/install/interfaces/lib/python3.8/site-packages:/home/ubuntu/odrv_ws/install/turtlesim/lib/python3.8/site-packages:/home/ubuntu/odrv_ws/install/srvcli/lib/python3.8/site-packages:/home/ubuntu/odrv_ws/install/py_srvcli/lib/python3.8/site-packages:/opt/ros/foxy/lib/python3.8/site-packages /usr/bin/python3 setup.py egg_info --egg-base ../../build/srvcli build --build-base /home/ubuntu/odrv_ws/build/srvcli/build install --prefix /home/ubuntu/odrv_ws/install/srvcli --record /home/ubuntu/odrv_ws/build/srvcli/install.log --single-version-externally-managed
[3.439s] running egg_info
[3.441s] writing ../../build/srvcli/srvcli.egg-info/PKG-INFO
[3.442s] writing dependency_links to ../../build/srvcli/srvcli.egg-info/dependency_links.txt
[3.443s] writing entry points to ../../build/srvcli/srvcli.egg-info/entry_points.txt
[3.444s] writing requirements to ../../build/srvcli/srvcli.egg-info/requires.txt
[3.444s] writing top-level names to ../../build/srvcli/srvcli.egg-info/top_level.txt
[3.567s] reading manifest file '../../build/srvcli/srvcli.egg-info/SOURCES.txt'
[3.570s] writing manifest file '../../build/srvcli/srvcli.egg-info/SOURCES.txt'
[3.570s] running build
[3.571s] running build_py
[3.571s] copying srvcli/service_member_function1.py -> /home/ubuntu/odrv_ws/build/srvcli/build/lib/srvcli
[3.573s] running install
[3.576s] running install_lib
[3.579s] copying /home/ubuntu/odrv_ws/build/srvcli/build/lib/srvcli/service_member_function1.py -> /home/ubuntu/odrv_ws/install/srvcli/lib/python3.8/site-packages/srvcli
[3.582s] byte-compiling /home/ubuntu/odrv_ws/install/srvcli/lib/python3.8/site-packages/srvcli/service_member_function1.py to service_member_function1.cpython-38.pyc
[3.589s] running install_data
[3.591s] running install_egg_info
[3.596s] removing '/home/ubuntu/odrv_ws/install/srvcli/lib/python3.8/site-packages/srvcli-0.0.0-py3.8.egg-info' (and everything under it)
[3.598s] Copying ../../build/srvcli/srvcli.egg-info to /home/ubuntu/odrv_ws/install/srvcli/lib/python3.8/site-packages/srvcli-0.0.0-py3.8.egg-info
[3.602s] running install_scripts
[3.661s] Installing client script to /home/ubuntu/odrv_ws/install/srvcli/lib/srvcli
[3.662s] Installing service script to /home/ubuntu/odrv_ws/install/srvcli/lib/srvcli
[3.664s] writing list of installed files to '/home/ubuntu/odrv_ws/build/srvcli/install.log'
[3.757s] Invoked command in '/home/ubuntu/odrv_ws/src/srvcli' returned '0': CMAKE_PREFIX_PATH=/home/ubuntu/odrv_ws/install/interfaces:/home/ubuntu/odrv_ws/install/turtlesim LD_LIBRARY_PATH=/home/ubuntu/odrv_ws/install/interfaces/lib:/home/ubuntu/odrv_ws/install/turtlesim/lib:/opt/ros/foxy/opt/yaml_cpp_vendor/lib:/opt/ros/foxy/opt/rviz_ogre_vendor/lib:/opt/ros/foxy/lib/aarch64-linux-gnu:/opt/ros/foxy/lib PYTHONPATH=/home/ubuntu/odrv_ws/install/srvcli/lib/python3.8/site-packages:/home/ubuntu/odrv_ws/install/interfaces/lib/python3.8/site-packages:/home/ubuntu/odrv_ws/install/turtlesim/lib/python3.8/site-packages:/home/ubuntu/odrv_ws/install/srvcli/lib/python3.8/site-packages:/home/ubuntu/odrv_ws/install/py_srvcli/lib/python3.8/site-packages:/opt/ros/foxy/lib/python3.8/site-packages /usr/bin/python3 setup.py egg_info --egg-base ../../build/srvcli build --build-base /home/ubuntu/odrv_ws/build/srvcli/build install --prefix /home/ubuntu/odrv_ws/install/srvcli --record /home/ubuntu/odrv_ws/build/srvcli/install.log --single-version-externally-managed
