[3.389s] Invoking command in '/home/ubuntu/odrv_ws/src/srvcli': PYTHONPATH=/home/ubuntu/odrv_ws/install/srvcli/lib/python3.8/site-packages:${PYTHONPATH} /usr/bin/python3 setup.py egg_info --egg-base ../../build/srvcli build --build-base /home/ubuntu/odrv_ws/build/srvcli/build install --prefix /home/ubuntu/odrv_ws/install/srvcli --record /home/ubuntu/odrv_ws/build/srvcli/install.log --single-version-externally-managed
[4.333s] running egg_info
[4.335s] writing ../../build/srvcli/srvcli.egg-info/PKG-INFO
[4.337s] writing dependency_links to ../../build/srvcli/srvcli.egg-info/dependency_links.txt
[4.337s] writing entry points to ../../build/srvcli/srvcli.egg-info/entry_points.txt
[4.338s] writing requirements to ../../build/srvcli/srvcli.egg-info/requires.txt
[4.339s] writing top-level names to ../../build/srvcli/srvcli.egg-info/top_level.txt
[4.490s] reading manifest file '../../build/srvcli/srvcli.egg-info/SOURCES.txt'
[4.494s] writing manifest file '../../build/srvcli/srvcli.egg-info/SOURCES.txt'
[4.495s] running build
[4.495s] running build_py
[4.498s] copying srvcli/client_member_function.py -> /home/ubuntu/odrv_ws/build/srvcli/build/lib/srvcli
[4.500s] copying srvcli/service_member_function.py -> /home/ubuntu/odrv_ws/build/srvcli/build/lib/srvcli
[4.501s] running install
[4.504s] running install_lib
[4.509s] copying /home/ubuntu/odrv_ws/build/srvcli/build/lib/srvcli/client_member_function.py -> /home/ubuntu/odrv_ws/install/srvcli/lib/python3.8/site-packages/srvcli
[4.510s] copying /home/ubuntu/odrv_ws/build/srvcli/build/lib/srvcli/service_member_function.py -> /home/ubuntu/odrv_ws/install/srvcli/lib/python3.8/site-packages/srvcli
[4.513s] byte-compiling /home/ubuntu/odrv_ws/install/srvcli/lib/python3.8/site-packages/srvcli/client_member_function.py to client_member_function.cpython-38.pyc
[4.519s] byte-compiling /home/ubuntu/odrv_ws/install/srvcli/lib/python3.8/site-packages/srvcli/service_member_function.py to service_member_function.cpython-38.pyc
[4.521s] running install_data
[4.524s] running install_egg_info
[4.529s] removing '/home/ubuntu/odrv_ws/install/srvcli/lib/python3.8/site-packages/srvcli-0.0.0-py3.8.egg-info' (and everything under it)
[4.531s] Copying ../../build/srvcli/srvcli.egg-info to /home/ubuntu/odrv_ws/install/srvcli/lib/python3.8/site-packages/srvcli-0.0.0-py3.8.egg-info
[4.537s] running install_scripts
[4.606s] Installing service = srvcli.service_member_function:mainclient script to /home/ubuntu/odrv_ws/install/srvcli/lib/srvcli
[4.607s] writing list of installed files to '/home/ubuntu/odrv_ws/build/srvcli/install.log'
[4.734s] Invoked command in '/home/ubuntu/odrv_ws/src/srvcli' returned '0': PYTHONPATH=/home/ubuntu/odrv_ws/install/srvcli/lib/python3.8/site-packages:${PYTHONPATH} /usr/bin/python3 setup.py egg_info --egg-base ../../build/srvcli build --build-base /home/ubuntu/odrv_ws/build/srvcli/build install --prefix /home/ubuntu/odrv_ws/install/srvcli --record /home/ubuntu/odrv_ws/build/srvcli/install.log --single-version-externally-managed
