[0.117s] Invoking command in '/home/ubuntu/odrv_ws/build/interfaces': CMAKE_PREFIX_PATH=${CMAKE_PREFIX_PATH}:/home/ubuntu/odrv_ws/install/srvcli:/home/ubuntu/odrv_ws/install/py_srvcli:/opt/ros/foxy /usr/bin/cmake --build /home/ubuntu/odrv_ws/build/interfaces -- -j4 -l4
[1.338s] [  3%] Built target interfaces__cpp
[1.339s] [ 12%] Built target interfaces__rosidl_generator_c
[1.340s] [ 22%] Built target interfaces__rosidl_typesupport_introspection_cpp
[1.342s] [ 32%] Built target interfaces__rosidl_typesupport_c
[1.342s] [ 41%] Built target interfaces__rosidl_typesupport_cpp
[1.344s] [ 51%] Built target interfaces__rosidl_typesupport_fastrtps_cpp
[1.348s] [ 61%] Built target interfaces__rosidl_typesupport_introspection_c
[1.350s] [ 70%] Built target interfaces__rosidl_typesupport_fastrtps_c
[1.350s] [ 70%] Built target interfaces
[1.351s] [ 74%] Built target interfaces__py
[1.352s] [ 80%] Built target interfaces__python
[1.352s] [ 87%] Built target interfaces__rosidl_typesupport_introspection_c__pyext
[1.354s] [ 93%] Built target interfaces__rosidl_typesupport_c__pyext
[1.357s] [100%] Built target interfaces__rosidl_typesupport_fastrtps_c__pyext
[1.358s] Invoked command in '/home/ubuntu/odrv_ws/build/interfaces' returned '0': CMAKE_PREFIX_PATH=${CMAKE_PREFIX_PATH}:/home/ubuntu/odrv_ws/install/srvcli:/home/ubuntu/odrv_ws/install/py_srvcli:/opt/ros/foxy /usr/bin/cmake --build /home/ubuntu/odrv_ws/build/interfaces -- -j4 -l4
[1.737s] Invoking command in '/home/ubuntu/odrv_ws/build/interfaces': CMAKE_PREFIX_PATH=${CMAKE_PREFIX_PATH}:/home/ubuntu/odrv_ws/install/srvcli:/home/ubuntu/odrv_ws/install/py_srvcli:/opt/ros/foxy /usr/bin/cmake --install /home/ubuntu/odrv_ws/build/interfaces
[1.800s] -- Install configuration: ""
[1.800s] -- Up-to-date: /home/ubuntu/odrv_ws/install/interfaces/share/ament_index/resource_index/rosidl_interfaces/interfaces
[1.801s] -- Up-to-date: /home/ubuntu/odrv_ws/install/interfaces/include/interfaces
[1.801s] -- Up-to-date: /home/ubuntu/odrv_ws/install/interfaces/include/interfaces/msg
[1.802s] -- Up-to-date: /home/ubuntu/odrv_ws/install/interfaces/include/interfaces/msg/rosidl_generator_c__visibility_control.h
[1.803s] -- Up-to-date: /home/ubuntu/odrv_ws/install/interfaces/include/interfaces/srv
[1.803s] -- Up-to-date: /home/ubuntu/odrv_ws/install/interfaces/include/interfaces/srv/odrive.h
[1.804s] -- Up-to-date: /home/ubuntu/odrv_ws/install/interfaces/include/interfaces/srv/detail
[1.804s] -- Up-to-date: /home/ubuntu/odrv_ws/install/interfaces/include/interfaces/srv/detail/odrive__functions.c
[1.805s] -- Up-to-date: /home/ubuntu/odrv_ws/install/interfaces/include/interfaces/srv/detail/odrive__type_support.h
[1.806s] -- Up-to-date: /home/ubuntu/odrv_ws/install/interfaces/include/interfaces/srv/detail/odrive__functions.h
[1.806s] -- Up-to-date: /home/ubuntu/odrv_ws/install/interfaces/include/interfaces/srv/detail/odrive__struct.h
[1.807s] -- Up-to-date: /home/ubuntu/odrv_ws/install/interfaces/share/interfaces/environment/library_path.sh
[1.807s] -- Up-to-date: /home/ubuntu/odrv_ws/install/interfaces/share/interfaces/environment/library_path.dsv
[1.808s] -- Up-to-date: /home/ubuntu/odrv_ws/install/interfaces/lib/libinterfaces__rosidl_generator_c.so
[1.809s] -- Up-to-date: /home/ubuntu/odrv_ws/install/interfaces/include/interfaces
[1.809s] -- Up-to-date: /home/ubuntu/odrv_ws/install/interfaces/include/interfaces/msg
[1.815s] -- Up-to-date: /home/ubuntu/odrv_ws/install/interfaces/include/interfaces/msg/rosidl_typesupport_fastrtps_c__visibility_control.h
[1.817s] -- Up-to-date: /home/ubuntu/odrv_ws/install/interfaces/include/interfaces/srv
[1.819s] -- Up-to-date: /home/ubuntu/odrv_ws/install/interfaces/include/interfaces/srv/detail
[1.819s] -- Up-to-date: /home/ubuntu/odrv_ws/install/interfaces/include/interfaces/srv/detail/odrive__rosidl_typesupport_fastrtps_c.h
[1.820s] -- Up-to-date: /home/ubuntu/odrv_ws/install/interfaces/lib/libinterfaces__rosidl_typesupport_fastrtps_c.so
[1.820s] -- Up-to-date: /home/ubuntu/odrv_ws/install/interfaces/include/interfaces
[1.821s] -- Up-to-date: /home/ubuntu/odrv_ws/install/interfaces/include/interfaces/msg
[1.821s] -- Up-to-date: /home/ubuntu/odrv_ws/install/interfaces/include/interfaces/msg/rosidl_typesupport_fastrtps_cpp__visibility_control.h
[1.823s] -- Up-to-date: /home/ubuntu/odrv_ws/install/interfaces/include/interfaces/srv
[1.824s] -- Up-to-date: /home/ubuntu/odrv_ws/install/interfaces/include/interfaces/srv/detail
[1.824s] -- Up-to-date: /home/ubuntu/odrv_ws/install/interfaces/include/interfaces/srv/detail/dds_fastrtps
[1.824s] -- Up-to-date: /home/ubuntu/odrv_ws/install/interfaces/include/interfaces/srv/detail/odrive__rosidl_typesupport_fastrtps_cpp.hpp
[1.825s] -- Up-to-date: /home/ubuntu/odrv_ws/install/interfaces/lib/libinterfaces__rosidl_typesupport_fastrtps_cpp.so
[1.825s] -- Up-to-date: /home/ubuntu/odrv_ws/install/interfaces/include/interfaces
[1.825s] -- Up-to-date: /home/ubuntu/odrv_ws/install/interfaces/include/interfaces/msg
[1.826s] -- Up-to-date: /home/ubuntu/odrv_ws/install/interfaces/include/interfaces/msg/rosidl_typesupport_introspection_c__visibility_control.h
[1.826s] -- Up-to-date: /home/ubuntu/odrv_ws/install/interfaces/include/interfaces/srv
[1.836s] -- Up-to-date: /home/ubuntu/odrv_ws/install/interfaces/include/interfaces/srv/detail
[1.836s] -- Up-to-date: /home/ubuntu/odrv_ws/install/interfaces/include/interfaces/srv/detail/odrive__type_support.c
[1.837s] -- Up-to-date: /home/ubuntu/odrv_ws/install/interfaces/include/interfaces/srv/detail/odrive__rosidl_typesupport_introspection_c.h
[1.837s] -- Up-to-date: /home/ubuntu/odrv_ws/install/interfaces/lib/libinterfaces__rosidl_typesupport_introspection_c.so
[1.840s] -- Up-to-date: /home/ubuntu/odrv_ws/install/interfaces/lib/libinterfaces__rosidl_typesupport_c.so
[1.841s] -- Up-to-date: /home/ubuntu/odrv_ws/install/interfaces/include/interfaces
[1.842s] -- Up-to-date: /home/ubuntu/odrv_ws/install/interfaces/include/interfaces/srv
[1.844s] -- Up-to-date: /home/ubuntu/odrv_ws/install/interfaces/include/interfaces/srv/detail
[1.845s] -- Up-to-date: /home/ubuntu/odrv_ws/install/interfaces/include/interfaces/srv/detail/odrive__builder.hpp
[1.845s] -- Up-to-date: /home/ubuntu/odrv_ws/install/interfaces/include/interfaces/srv/detail/odrive__traits.hpp
[1.846s] -- Up-to-date: /home/ubuntu/odrv_ws/install/interfaces/include/interfaces/srv/detail/odrive__struct.hpp
[1.846s] -- Up-to-date: /home/ubuntu/odrv_ws/install/interfaces/include/interfaces/srv/odrive.hpp
[1.847s] -- Up-to-date: /home/ubuntu/odrv_ws/install/interfaces/include/interfaces
[1.847s] -- Up-to-date: /home/ubuntu/odrv_ws/install/interfaces/include/interfaces/srv
[1.847s] -- Up-to-date: /home/ubuntu/odrv_ws/install/interfaces/include/interfaces/srv/detail
[1.854s] -- Up-to-date: /home/ubuntu/odrv_ws/install/interfaces/include/interfaces/srv/detail/odrive__type_support.cpp
[1.855s] -- Up-to-date: /home/ubuntu/odrv_ws/install/interfaces/include/interfaces/srv/detail/odrive__rosidl_typesupport_introspection_cpp.hpp
[1.855s] -- Up-to-date: /home/ubuntu/odrv_ws/install/interfaces/lib/libinterfaces__rosidl_typesupport_introspection_cpp.so
[1.856s] -- Up-to-date: /home/ubuntu/odrv_ws/install/interfaces/lib/libinterfaces__rosidl_typesupport_cpp.so
[1.857s] -- Up-to-date: /home/ubuntu/odrv_ws/install/interfaces/share/interfaces/environment/pythonpath.sh
[1.858s] -- Up-to-date: /home/ubuntu/odrv_ws/install/interfaces/share/interfaces/environment/pythonpath.dsv
[1.858s] -- Up-to-date: /home/ubuntu/odrv_ws/install/interfaces/lib/python3.8/site-packages/interfaces/__init__.py
[2.074s] -- Up-to-date: /home/ubuntu/odrv_ws/install/interfaces/lib/python3.8/site-packages/interfaces/srv
[2.075s] -- Up-to-date: /home/ubuntu/odrv_ws/install/interfaces/lib/python3.8/site-packages/interfaces/srv/__init__.py
[2.076s] -- Up-to-date: /home/ubuntu/odrv_ws/install/interfaces/lib/python3.8/site-packages/interfaces/srv/_odrive.py
[2.077s] -- Up-to-date: /home/ubuntu/odrv_ws/install/interfaces/lib/python3.8/site-packages/interfaces/srv/_odrive_s.c
[2.077s] -- Up-to-date: /home/ubuntu/odrv_ws/install/interfaces/lib/python3.8/site-packages/interfaces/interfaces_s__rosidl_typesupport_fastrtps_c.cpython-38-aarch64-linux-gnu.so
[2.078s] -- Up-to-date: /home/ubuntu/odrv_ws/install/interfaces/lib/python3.8/site-packages/interfaces/interfaces_s__rosidl_typesupport_introspection_c.cpython-38-aarch64-linux-gnu.so
[2.079s] -- Up-to-date: /home/ubuntu/odrv_ws/install/interfaces/lib/python3.8/site-packages/interfaces/interfaces_s__rosidl_typesupport_c.cpython-38-aarch64-linux-gnu.so
[2.080s] -- Up-to-date: /home/ubuntu/odrv_ws/install/interfaces/lib/libinterfaces__python.so
[2.081s] -- Up-to-date: /home/ubuntu/odrv_ws/install/interfaces/share/interfaces/srv/Odrive.idl
[2.082s] -- Up-to-date: /home/ubuntu/odrv_ws/install/interfaces/share/interfaces/srv/Odrive.srv
[2.082s] -- Up-to-date: /home/ubuntu/odrv_ws/install/interfaces/share/interfaces/srv/Odrive_Request.msg
[2.084s] -- Up-to-date: /home/ubuntu/odrv_ws/install/interfaces/share/interfaces/srv/Odrive_Response.msg
[2.084s] -- Up-to-date: /home/ubuntu/odrv_ws/install/interfaces/share/ament_index/resource_index/package_run_dependencies/interfaces
[2.085s] -- Up-to-date: /home/ubuntu/odrv_ws/install/interfaces/share/ament_index/resource_index/parent_prefix_path/interfaces
[2.086s] -- Up-to-date: /home/ubuntu/odrv_ws/install/interfaces/share/interfaces/environment/ament_prefix_path.sh
[2.087s] -- Up-to-date: /home/ubuntu/odrv_ws/install/interfaces/share/interfaces/environment/ament_prefix_path.dsv
[2.088s] -- Up-to-date: /home/ubuntu/odrv_ws/install/interfaces/share/interfaces/environment/path.sh
[2.088s] -- Up-to-date: /home/ubuntu/odrv_ws/install/interfaces/share/interfaces/environment/path.dsv
[2.089s] -- Up-to-date: /home/ubuntu/odrv_ws/install/interfaces/share/interfaces/local_setup.bash
[2.090s] -- Up-to-date: /home/ubuntu/odrv_ws/install/interfaces/share/interfaces/local_setup.sh
[2.091s] -- Up-to-date: /home/ubuntu/odrv_ws/install/interfaces/share/interfaces/local_setup.zsh
[2.092s] -- Up-to-date: /home/ubuntu/odrv_ws/install/interfaces/share/interfaces/local_setup.dsv
[2.093s] -- Installing: /home/ubuntu/odrv_ws/install/interfaces/share/interfaces/package.dsv
[2.093s] -- Up-to-date: /home/ubuntu/odrv_ws/install/interfaces/share/ament_index/resource_index/packages/interfaces
[2.094s] -- Up-to-date: /home/ubuntu/odrv_ws/install/interfaces/share/interfaces/cmake/interfaces__rosidl_generator_cExport.cmake
[2.095s] -- Up-to-date: /home/ubuntu/odrv_ws/install/interfaces/share/interfaces/cmake/interfaces__rosidl_generator_cExport-noconfig.cmake
[2.096s] -- Up-to-date: /home/ubuntu/odrv_ws/install/interfaces/share/interfaces/cmake/interfaces__rosidl_typesupport_introspection_cExport.cmake
[2.097s] -- Up-to-date: /home/ubuntu/odrv_ws/install/interfaces/share/interfaces/cmake/interfaces__rosidl_typesupport_introspection_cExport-noconfig.cmake
[2.098s] -- Up-to-date: /home/ubuntu/odrv_ws/install/interfaces/share/interfaces/cmake/interfaces__rosidl_typesupport_cExport.cmake
[2.098s] -- Up-to-date: /home/ubuntu/odrv_ws/install/interfaces/share/interfaces/cmake/interfaces__rosidl_typesupport_cExport-noconfig.cmake
[2.099s] -- Up-to-date: /home/ubuntu/odrv_ws/install/interfaces/share/interfaces/cmake/interfaces__rosidl_generator_cppExport.cmake
[2.100s] -- Up-to-date: /home/ubuntu/odrv_ws/install/interfaces/share/interfaces/cmake/interfaces__rosidl_typesupport_introspection_cppExport.cmake
[2.101s] -- Up-to-date: /home/ubuntu/odrv_ws/install/interfaces/share/interfaces/cmake/interfaces__rosidl_typesupport_introspection_cppExport-noconfig.cmake
[2.102s] -- Up-to-date: /home/ubuntu/odrv_ws/install/interfaces/share/interfaces/cmake/interfaces__rosidl_typesupport_cppExport.cmake
[2.103s] -- Up-to-date: /home/ubuntu/odrv_ws/install/interfaces/share/interfaces/cmake/interfaces__rosidl_typesupport_cppExport-noconfig.cmake
[2.103s] -- Up-to-date: /home/ubuntu/odrv_ws/install/interfaces/share/interfaces/cmake/rosidl_cmake-extras.cmake
[2.104s] -- Up-to-date: /home/ubuntu/odrv_ws/install/interfaces/share/interfaces/cmake/ament_cmake_export_dependencies-extras.cmake
[2.105s] -- Up-to-date: /home/ubuntu/odrv_ws/install/interfaces/share/interfaces/cmake/ament_cmake_export_libraries-extras.cmake
[2.106s] -- Up-to-date: /home/ubuntu/odrv_ws/install/interfaces/share/interfaces/cmake/ament_cmake_export_targets-extras.cmake
[2.109s] -- Up-to-date: /home/ubuntu/odrv_ws/install/interfaces/share/interfaces/cmake/ament_cmake_export_include_directories-extras.cmake
[2.110s] -- Up-to-date: /home/ubuntu/odrv_ws/install/interfaces/share/interfaces/cmake/rosidl_cmake_export_typesupport_libraries-extras.cmake
[2.111s] -- Up-to-date: /home/ubuntu/odrv_ws/install/interfaces/share/interfaces/cmake/rosidl_cmake_export_typesupport_targets-extras.cmake
[2.112s] -- Up-to-date: /home/ubuntu/odrv_ws/install/interfaces/share/interfaces/cmake/interfacesConfig.cmake
[2.113s] -- Up-to-date: /home/ubuntu/odrv_ws/install/interfaces/share/interfaces/cmake/interfacesConfig-version.cmake
[2.114s] -- Up-to-date: /home/ubuntu/odrv_ws/install/interfaces/share/interfaces/package.xml
[2.130s] Invoked command in '/home/ubuntu/odrv_ws/build/interfaces' returned '0': CMAKE_PREFIX_PATH=${CMAKE_PREFIX_PATH}:/home/ubuntu/odrv_ws/install/srvcli:/home/ubuntu/odrv_ws/install/py_srvcli:/opt/ros/foxy /usr/bin/cmake --install /home/ubuntu/odrv_ws/build/interfaces
