running egg_info
writing ../../build/srvcli/srvcli.egg-info/PKG-INFO
writing dependency_links to ../../build/srvcli/srvcli.egg-info/dependency_links.txt
writing entry points to ../../build/srvcli/srvcli.egg-info/entry_points.txt
writing requirements to ../../build/srvcli/srvcli.egg-info/requires.txt
writing top-level names to ../../build/srvcli/srvcli.egg-info/top_level.txt
reading manifest file '../../build/srvcli/srvcli.egg-info/SOURCES.txt'
writing manifest file '../../build/srvcli/srvcli.egg-info/SOURCES.txt'
running build
running build_py
copying srvcli/client_member_function.py -> /home/ubuntu/odrv_ws/build/srvcli/build/lib/srvcli
running install
running install_lib
copying /home/ubuntu/odrv_ws/build/srvcli/build/lib/srvcli/client_member_function.py -> /home/ubuntu/odrv_ws/install/srvcli/lib/python3.8/site-packages/srvcli
byte-compiling /home/ubuntu/odrv_ws/install/srvcli/lib/python3.8/site-packages/srvcli/client_member_function.py to client_member_function.cpython-38.pyc
running install_data
running install_egg_info
removing '/home/ubuntu/odrv_ws/install/srvcli/lib/python3.8/site-packages/srvcli-0.0.0-py3.8.egg-info' (and everything under it)
Copying ../../build/srvcli/srvcli.egg-info to /home/ubuntu/odrv_ws/install/srvcli/lib/python3.8/site-packages/srvcli-0.0.0-py3.8.egg-info
running install_scripts
Installing service = srvcli.service_member_function:mainclient script to /home/ubuntu/odrv_ws/install/srvcli/lib/srvcli
writing list of installed files to '/home/ubuntu/odrv_ws/build/srvcli/install.log'
