[0.054s] Invoking command in '/home/ubuntu/odrv_ws/build/interfaces': CMAKE_PREFIX_PATH=${CMAKE_PREFIX_PATH}:/home/ubuntu/odrv_ws/install/srvcli:/home/ubuntu/odrv_ws/install/py_srvcli:/opt/ros/foxy /usr/bin/cmake --build /home/ubuntu/odrv_ws/build/interfaces -- -j4 -l4
[0.168s] -- Found ament_cmake: 0.9.9 (/opt/ros/foxy/share/ament_cmake/cmake)
[0.260s] -- Found PythonInterp: /usr/bin/python3 (found suitable version "3.8.10", minimum required is "3") 
[0.260s] -- Using PYTHON_EXECUTABLE: /usr/bin/python3
[1.021s] -- Found rosidl_default_generators: 1.0.1 (/opt/ros/foxy/share/rosidl_default_generators/cmake)
[1.030s] -- Using all available rosidl_typesupport_c: rosidl_typesupport_fastrtps_c;rosidl_typesupport_introspection_c
[1.042s] -- Found rosidl_adapter: 1.2.1 (/opt/ros/foxy/share/rosidl_adapter/cmake)
[2.045s] -- Using all available rosidl_typesupport_cpp: rosidl_typesupport_fastrtps_cpp;rosidl_typesupport_introspection_cpp
[2.220s] -- Found PythonInterp: /usr/bin/python3 (found version "3.8.10") 
[2.951s] CMake Error at /opt/ros/foxy/share/rosidl_adapter/cmake/rosidl_adapt_interfaces.cmake:60 (message):
[2.951s]   execute_process(/usr/bin/python3 -m rosidl_adapter --package-name
[2.952s]   interfaces --arguments-file
[2.952s]   /home/ubuntu/odrv_ws/build/interfaces/rosidl_adapter__arguments__interfaces.json
[2.952s]   --output-dir
[2.952s]   /home/ubuntu/odrv_ws/build/interfaces/rosidl_adapter/interfaces
[2.953s]   --output-file
[2.953s]   /home/ubuntu/odrv_ws/build/interfaces/rosidl_adapter/interfaces.idls)
[2.953s]   returned error code 1:
[2.953s] 
[2.954s]   Error processing 'float32 torqueD' of 'interfaces/motor': ''torqueD' is an
[2.954s]   invalid field name.  It should have the pattern
[2.954s]   '^(?!.*__)(?!.*_$)[a-z][a-z0-9_]*$''
[2.954s] 
[2.955s]   Traceback (most recent call last):
[2.955s] 
[2.955s]     File "/usr/lib/python3.8/runpy.py", line 194, in _run_module_as_main
[2.955s]       return _run_code(code, main_globals, None,
[2.956s]     File "/usr/lib/python3.8/runpy.py", line 87, in _run_code
[2.956s]       exec(code, run_globals)
[2.956s]     File "/opt/ros/foxy/lib/python3.8/site-packages/rosidl_adapter/__main__.py", line 19, in <module>
[2.956s]       sys.exit(main())
[2.957s]     File "/opt/ros/foxy/lib/python3.8/site-packages/rosidl_adapter/main.py", line 53, in main
[2.957s]       abs_idl_file = convert_to_idl(
[2.957s]     File "/opt/ros/foxy/lib/python3.8/site-packages/rosidl_adapter/__init__.py", line 19, in convert_to_idl
[2.957s]       return convert_msg_to_idl(
[2.958s]     File "/opt/ros/foxy/lib/python3.8/site-packages/rosidl_adapter/msg/__init__.py", line 28, in convert_msg_to_idl
[2.958s]       msg = parse_message_string(package_name, input_file.stem, content)
[2.958s]     File "/opt/ros/foxy/lib/python3.8/site-packages/rosidl_adapter/parser.py", line 515, in parse_message_string
[2.958s]       fields.append(Field(
[2.958s]     File "/opt/ros/foxy/lib/python3.8/site-packages/rosidl_adapter/parser.py", line 353, in __init__
[2.959s]       raise NameError(
[2.959s] 
[2.959s]   NameError: 'torqueD' is an invalid field name.  It should have the pattern
[2.960s]   '^(?!.*__)(?!.*_$)[a-z][a-z0-9_]*$'
[2.960s] 
[2.960s] Call Stack (most recent call first):
[2.961s]   /opt/ros/foxy/share/rosidl_cmake/cmake/rosidl_generate_interfaces.cmake:130 (rosidl_adapt_interfaces)
[2.961s]   CMakeLists.txt:25 (rosidl_generate_interfaces)
[2.961s] 
[2.962s] 
[2.962s] -- Configuring incomplete, errors occurred!
[2.963s] See also "/home/ubuntu/odrv_ws/build/interfaces/CMakeFiles/CMakeOutput.log".
[2.979s] make: *** [Makefile:748: cmake_check_build_system] Error 1
[2.984s] Invoked command in '/home/ubuntu/odrv_ws/build/interfaces' returned '2': CMAKE_PREFIX_PATH=${CMAKE_PREFIX_PATH}:/home/ubuntu/odrv_ws/install/srvcli:/home/ubuntu/odrv_ws/install/py_srvcli:/opt/ros/foxy /usr/bin/cmake --build /home/ubuntu/odrv_ws/build/interfaces -- -j4 -l4
