[3.980s] Invoking command in '/home/ubuntu/odrv_ws/src/py_srvcli': PYTHONPATH=/home/ubuntu/odrv_ws/install/py_srvcli/lib/python3.8/site-packages:${PYTHONPATH} /usr/bin/python3 setup.py egg_info --egg-base ../../build/py_srvcli build --build-base /home/ubuntu/odrv_ws/build/py_srvcli/build install --prefix /home/ubuntu/odrv_ws/install/py_srvcli --record /home/ubuntu/odrv_ws/build/py_srvcli/install.log --single-version-externally-managed
[5.196s] running egg_info
[5.197s] writing ../../build/py_srvcli/py_srvcli.egg-info/PKG-INFO
[5.197s] writing dependency_links to ../../build/py_srvcli/py_srvcli.egg-info/dependency_links.txt
[5.198s] writing entry points to ../../build/py_srvcli/py_srvcli.egg-info/entry_points.txt
[5.198s] writing requirements to ../../build/py_srvcli/py_srvcli.egg-info/requires.txt
[5.199s] writing top-level names to ../../build/py_srvcli/py_srvcli.egg-info/top_level.txt
[5.322s] reading manifest file '../../build/py_srvcli/py_srvcli.egg-info/SOURCES.txt'
[5.326s] writing manifest file '../../build/py_srvcli/py_srvcli.egg-info/SOURCES.txt'
[5.327s] running build
[5.328s] running build_py
[5.329s] running install
[5.331s] running install_lib
[5.342s] running install_data
[5.347s] running install_egg_info
[5.385s] removing '/home/ubuntu/odrv_ws/install/py_srvcli/lib/python3.8/site-packages/py_srvcli-0.0.0-py3.8.egg-info' (and everything under it)
[5.391s] Copying ../../build/py_srvcli/py_srvcli.egg-info to /home/ubuntu/odrv_ws/install/py_srvcli/lib/python3.8/site-packages/py_srvcli-0.0.0-py3.8.egg-info
[5.393s] running install_scripts
[5.462s] Installing client script to /home/ubuntu/odrv_ws/install/py_srvcli/lib/py_srvcli
[5.464s] Installing service script to /home/ubuntu/odrv_ws/install/py_srvcli/lib/py_srvcli
[5.466s] writing list of installed files to '/home/ubuntu/odrv_ws/build/py_srvcli/install.log'
[5.586s] Invoked command in '/home/ubuntu/odrv_ws/src/py_srvcli' returned '0': PYTHONPATH=/home/ubuntu/odrv_ws/install/py_srvcli/lib/python3.8/site-packages:${PYTHONPATH} /usr/bin/python3 setup.py egg_info --egg-base ../../build/py_srvcli build --build-base /home/ubuntu/odrv_ws/build/py_srvcli/build install --prefix /home/ubuntu/odrv_ws/install/py_srvcli --record /home/ubuntu/odrv_ws/build/py_srvcli/install.log --single-version-externally-managed
