[5.909s] Invoking command in '/home/ubuntu/odrv_ws/src/py_srvcli': PYTHONPATH=/home/ubuntu/odrv_ws/install/py_srvcli/lib/python3.8/site-packages:${PYTHONPATH} /usr/bin/python3 setup.py egg_info --egg-base ../../build/py_srvcli build --build-base /home/ubuntu/odrv_ws/build/py_srvcli/build install --prefix /home/ubuntu/odrv_ws/install/py_srvcli --record /home/ubuntu/odrv_ws/build/py_srvcli/install.log --single-version-externally-managed
[8.481s] running egg_info
[8.490s] writing ../../build/py_srvcli/py_srvcli.egg-info/PKG-INFO
[8.494s] writing dependency_links to ../../build/py_srvcli/py_srvcli.egg-info/dependency_links.txt
[8.497s] writing entry points to ../../build/py_srvcli/py_srvcli.egg-info/entry_points.txt
[8.502s] writing requirements to ../../build/py_srvcli/py_srvcli.egg-info/requires.txt
[8.503s] writing top-level names to ../../build/py_srvcli/py_srvcli.egg-info/top_level.txt
[8.793s] reading manifest file '../../build/py_srvcli/py_srvcli.egg-info/SOURCES.txt'
[8.803s] writing manifest file '../../build/py_srvcli/py_srvcli.egg-info/SOURCES.txt'
[8.805s] running build
[8.806s] running build_py
[8.809s] running install
[8.817s] running install_lib
[8.833s] running install_data
[8.842s] running install_egg_info
[8.863s] removing '/home/ubuntu/odrv_ws/install/py_srvcli/lib/python3.8/site-packages/py_srvcli-0.0.0-py3.8.egg-info' (and everything under it)
[8.868s] Copying ../../build/py_srvcli/py_srvcli.egg-info to /home/ubuntu/odrv_ws/install/py_srvcli/lib/python3.8/site-packages/py_srvcli-0.0.0-py3.8.egg-info
[8.895s] running install_scripts
[9.077s] Installing client script to /home/ubuntu/odrv_ws/install/py_srvcli/lib/py_srvcli
[9.082s] Installing service script to /home/ubuntu/odrv_ws/install/py_srvcli/lib/py_srvcli
[9.093s] writing list of installed files to '/home/ubuntu/odrv_ws/build/py_srvcli/install.log'
[9.307s] Invoked command in '/home/ubuntu/odrv_ws/src/py_srvcli' returned '0': PYTHONPATH=/home/ubuntu/odrv_ws/install/py_srvcli/lib/python3.8/site-packages:${PYTHONPATH} /usr/bin/python3 setup.py egg_info --egg-base ../../build/py_srvcli build --build-base /home/ubuntu/odrv_ws/build/py_srvcli/build install --prefix /home/ubuntu/odrv_ws/install/py_srvcli --record /home/ubuntu/odrv_ws/build/py_srvcli/install.log --single-version-externally-managed
