[0.054s] Invoking command in '/home/ubuntu/odrv_ws/build/interfaces': CMAKE_PREFIX_PATH=${CMAKE_PREFIX_PATH}:/home/ubuntu/odrv_ws/install/srvcli:/home/ubuntu/odrv_ws/install/py_srvcli:/opt/ros/foxy /usr/bin/cmake --build /home/ubuntu/odrv_ws/build/interfaces -- -j4 -l4
[0.163s] -- Found ament_cmake: 0.9.9 (/opt/ros/foxy/share/ament_cmake/cmake)
[0.256s] -- Using PYTHON_EXECUTABLE: /usr/bin/python3
[1.017s] -- Found rosidl_default_generators: 1.0.1 (/opt/ros/foxy/share/rosidl_default_generators/cmake)
[1.025s] -- Using all available rosidl_typesupport_c: rosidl_typesupport_fastrtps_c;rosidl_typesupport_introspection_c
[1.037s] -- Found rosidl_adapter: 1.2.1 (/opt/ros/foxy/share/rosidl_adapter/cmake)
[2.041s] -- Using all available rosidl_typesupport_cpp: rosidl_typesupport_fastrtps_cpp;rosidl_typesupport_introspection_cpp
[2.214s] -- Found PythonInterp: /usr/bin/python3 (found version "3.8.10") 
[2.737s] -- Found ament_cmake_ros: 0.9.2 (/opt/ros/foxy/share/ament_cmake_ros/cmake)
[3.562s] -- Using all available rosidl_typesupport_c: rosidl_typesupport_fastrtps_c;rosidl_typesupport_introspection_c
[3.606s] -- Using all available rosidl_typesupport_cpp: rosidl_typesupport_fastrtps_cpp;rosidl_typesupport_introspection_cpp
[3.705s] -- Found PythonInterp: /usr/bin/python3 (found suitable version "3.8.10", minimum required is "3.5") 
[3.708s] -- Found python_cmake_module: 0.8.1 (/opt/ros/foxy/share/python_cmake_module/cmake)
[3.817s] -- Using PYTHON_EXECUTABLE: /usr/bin/python3
[3.818s] -- Using PYTHON_INCLUDE_DIRS: /usr/include/python3.8
[3.818s] -- Using PYTHON_LIBRARIES: /usr/lib/aarch64-linux-gnu/libpython3.8.so
[3.884s] -- Found ament_lint_auto: 0.9.6 (/opt/ros/foxy/share/ament_lint_auto/cmake)
[3.978s] -- Added test 'copyright' to check source files copyright and LICENSE
[3.999s] -- Added test 'lint_cmake' to check CMake code style
[4.009s] -- Added test 'xmllint' to check XML markup files
[4.042s] -- Configuring done
[4.363s] -- Generating done
[4.377s] -- Build files have been written to: /home/ubuntu/odrv_ws/build/interfaces
[4.483s] [35m[1mScanning dependencies of target interfaces__cpp[0m
[4.485s] [  2%] [34m[1mGenerating C code for ROS interfaces[0m
[4.530s] [  5%] [34m[1mGenerating C++ code for ROS interfaces[0m
[5.854s] [  5%] Built target interfaces__cpp
[5.886s] [35m[1mScanning dependencies of target interfaces__rosidl_generator_c[0m
[5.904s] [  7%] [34m[1mGenerating C++ introspection for ROS interfaces[0m
[5.907s] [ 10%] [34m[1mGenerating C++ type support for eProsima Fast-RTPS[0m
[5.911s] [ 12%] [34m[1mGenerating C++ type support dispatch for ROS interfaces[0m
[5.953s] [ 15%] [32mBuilding C object CMakeFiles/interfaces__rosidl_generator_c.dir/rosidl_generator_c/interfaces/srv/detail/odrive__functions.c.o[0m
[7.199s] [ 17%] [32mBuilding C object CMakeFiles/interfaces__rosidl_generator_c.dir/rosidl_generator_c/interfaces/msg/detail/motor__functions.c.o[0m
[7.622s] [ 20%] [32m[1mLinking C shared library libinterfaces__rosidl_generator_c.so[0m
[8.032s] [35m[1mScanning dependencies of target interfaces__rosidl_typesupport_cpp[0m
[8.184s] [ 23%] [32mBuilding CXX object CMakeFiles/interfaces__rosidl_typesupport_cpp.dir/rosidl_typesupport_cpp/interfaces/srv/odrive__type_support.cpp.o[0m
[8.196s] [ 23%] Built target interfaces__rosidl_generator_c
[8.321s] [ 25%] [34m[1mGenerating C type support dispatch for ROS interfaces[0m
[8.400s] [35m[1mScanning dependencies of target interfaces__rosidl_typesupport_introspection_cpp[0m
[8.588s] [ 28%] [32mBuilding CXX object CMakeFiles/interfaces__rosidl_typesupport_introspection_cpp.dir/rosidl_typesupport_introspection_cpp/interfaces/srv/detail/odrive__type_support.cpp.o[0m
[8.940s] [35m[1mScanning dependencies of target interfaces__rosidl_typesupport_fastrtps_cpp[0m
[9.132s] [ 30%] [32mBuilding CXX object CMakeFiles/interfaces__rosidl_typesupport_fastrtps_cpp.dir/rosidl_typesupport_fastrtps_cpp/interfaces/srv/detail/dds_fastrtps/odrive__type_support.cpp.o[0m
[10.536s] [35m[1mScanning dependencies of target interfaces__rosidl_typesupport_c[0m
[10.609s] [ 33%] [32mBuilding CXX object CMakeFiles/interfaces__rosidl_typesupport_c.dir/rosidl_typesupport_c/interfaces/srv/odrive__type_support.cpp.o[0m
[10.857s] [ 35%] [32mBuilding CXX object CMakeFiles/interfaces__rosidl_typesupport_c.dir/rosidl_typesupport_c/interfaces/msg/motor__type_support.cpp.o[0m
[11.011s] [ 38%] [32mBuilding CXX object CMakeFiles/interfaces__rosidl_typesupport_cpp.dir/rosidl_typesupport_cpp/interfaces/msg/motor__type_support.cpp.o[0m
[11.027s] [ 41%] [32mBuilding CXX object CMakeFiles/interfaces__rosidl_typesupport_introspection_cpp.dir/rosidl_typesupport_introspection_cpp/interfaces/msg/detail/motor__type_support.cpp.o[0m
[11.034s] [ 43%] [32m[1mLinking CXX shared library libinterfaces__rosidl_typesupport_c.so[0m
[11.216s] [ 43%] Built target interfaces__rosidl_typesupport_c
[11.308s] [ 46%] [32mBuilding CXX object CMakeFiles/interfaces__rosidl_typesupport_fastrtps_cpp.dir/rosidl_typesupport_fastrtps_cpp/interfaces/msg/detail/dds_fastrtps/motor__type_support.cpp.o[0m
[12.200s] [ 48%] [34m[1mGenerating C introspection for ROS interfaces[0m
[12.582s] [ 51%] [32m[1mLinking CXX shared library libinterfaces__rosidl_typesupport_introspection_cpp.so[0m
[12.587s] [ 53%] [32m[1mLinking CXX shared library libinterfaces__rosidl_typesupport_cpp.so[0m
[12.797s] [ 53%] Built target interfaces__rosidl_typesupport_cpp
[12.896s] [ 53%] Built target interfaces__rosidl_typesupport_introspection_cpp
[13.584s] [35m[1mScanning dependencies of target interfaces__rosidl_typesupport_introspection_c[0m
[13.648s] [ 56%] [32mBuilding C object CMakeFiles/interfaces__rosidl_typesupport_introspection_c.dir/rosidl_typesupport_introspection_c/interfaces/srv/detail/odrive__type_support.c.o[0m
[13.651s] [ 58%] [32mBuilding C object CMakeFiles/interfaces__rosidl_typesupport_introspection_c.dir/rosidl_typesupport_introspection_c/interfaces/msg/detail/motor__type_support.c.o[0m
[13.662s] [ 61%] [32m[1mLinking CXX shared library libinterfaces__rosidl_typesupport_fastrtps_cpp.so[0m
[13.837s] [ 64%] [32m[1mLinking C shared library libinterfaces__rosidl_typesupport_introspection_c.so[0m
[13.969s] [ 64%] Built target interfaces__rosidl_typesupport_introspection_c
[14.011s] [ 64%] Built target interfaces__rosidl_typesupport_fastrtps_cpp
[14.061s] [ 66%] [34m[1mGenerating C type support for eProsima Fast-RTPS[0m
[15.143s] [35m[1mScanning dependencies of target interfaces__rosidl_typesupport_fastrtps_c[0m
[15.218s] [ 71%] [32mBuilding CXX object CMakeFiles/interfaces__rosidl_typesupport_fastrtps_c.dir/rosidl_typesupport_fastrtps_c/interfaces/msg/detail/motor__type_support_c.cpp.o[0m
[15.219s] [ 71%] [32mBuilding CXX object CMakeFiles/interfaces__rosidl_typesupport_fastrtps_c.dir/rosidl_typesupport_fastrtps_c/interfaces/srv/detail/odrive__type_support_c.cpp.o[0m
[16.806s] [ 74%] [32m[1mLinking CXX shared library libinterfaces__rosidl_typesupport_fastrtps_c.so[0m
[17.114s] [ 74%] Built target interfaces__rosidl_typesupport_fastrtps_c
[17.202s] [ 74%] Built target interfaces
[17.325s] [35m[1mScanning dependencies of target interfaces__py[0m
[17.382s] [ 76%] [34m[1mGenerating Python code for ROS interfaces[0m
[19.902s] [ 76%] Built target interfaces__py
[19.959s] [35m[1mScanning dependencies of target interfaces__python[0m
[20.045s] [ 82%] [32mBuilding C object CMakeFiles/interfaces__python.dir/rosidl_generator_py/interfaces/srv/_odrive_s.c.o[0m
[20.046s] [ 82%] [32mBuilding C object CMakeFiles/interfaces__python.dir/rosidl_generator_py/interfaces/msg/_motor_s.c.o[0m
[20.654s] [ 84%] [32m[1mLinking C shared library rosidl_generator_py/interfaces/libinterfaces__python.so[0m
[20.822s] [ 84%] Built target interfaces__python
[20.877s] [35m[1mScanning dependencies of target interfaces__rosidl_typesupport_introspection_c__pyext[0m
[20.877s] [35m[1mScanning dependencies of target interfaces__rosidl_typesupport_fastrtps_c__pyext[0m
[20.877s] [35m[1mScanning dependencies of target interfaces__rosidl_typesupport_c__pyext[0m
[20.975s] [ 87%] [32mBuilding C object CMakeFiles/interfaces__rosidl_typesupport_c__pyext.dir/rosidl_generator_py/interfaces/_interfaces_s.ep.rosidl_typesupport_c.c.o[0m
[20.978s] [ 89%] [32mBuilding C object CMakeFiles/interfaces__rosidl_typesupport_introspection_c__pyext.dir/rosidl_generator_py/interfaces/_interfaces_s.ep.rosidl_typesupport_introspection_c.c.o[0m
[20.994s] [ 92%] [32mBuilding C object CMakeFiles/interfaces__rosidl_typesupport_fastrtps_c__pyext.dir/rosidl_generator_py/interfaces/_interfaces_s.ep.rosidl_typesupport_fastrtps_c.c.o[0m
[21.384s] [ 97%] [32m[1mLinking C shared library rosidl_generator_py/interfaces/interfaces_s__rosidl_typesupport_introspection_c.cpython-38-aarch64-linux-gnu.so[0m
[21.385s] [ 97%] [32m[1mLinking C shared library rosidl_generator_py/interfaces/interfaces_s__rosidl_typesupport_c.cpython-38-aarch64-linux-gnu.so[0m
[21.429s] [100%] [32m[1mLinking CXX shared library rosidl_generator_py/interfaces/interfaces_s__rosidl_typesupport_fastrtps_c.cpython-38-aarch64-linux-gnu.so[0m
[21.573s] [100%] Built target interfaces__rosidl_typesupport_introspection_c__pyext
[21.578s] [100%] Built target interfaces__rosidl_typesupport_c__pyext
[21.712s] [100%] Built target interfaces__rosidl_typesupport_fastrtps_c__pyext
[21.756s] Invoked command in '/home/ubuntu/odrv_ws/build/interfaces' returned '0': CMAKE_PREFIX_PATH=${CMAKE_PREFIX_PATH}:/home/ubuntu/odrv_ws/install/srvcli:/home/ubuntu/odrv_ws/install/py_srvcli:/opt/ros/foxy /usr/bin/cmake --build /home/ubuntu/odrv_ws/build/interfaces -- -j4 -l4
[22.208s] Invoking command in '/home/ubuntu/odrv_ws/build/interfaces': CMAKE_PREFIX_PATH=${CMAKE_PREFIX_PATH}:/home/ubuntu/odrv_ws/install/srvcli:/home/ubuntu/odrv_ws/install/py_srvcli:/opt/ros/foxy /usr/bin/cmake --install /home/ubuntu/odrv_ws/build/interfaces
[22.244s] -- Install configuration: ""
[22.245s] -- Installing: /home/ubuntu/odrv_ws/install/interfaces/share/ament_index/resource_index/rosidl_interfaces/interfaces
[22.247s] -- Up-to-date: /home/ubuntu/odrv_ws/install/interfaces/include/interfaces
[22.248s] -- Up-to-date: /home/ubuntu/odrv_ws/install/interfaces/include/interfaces/msg
[22.249s] -- Up-to-date: /home/ubuntu/odrv_ws/install/interfaces/include/interfaces/msg/rosidl_generator_c__visibility_control.h
[22.249s] -- Installing: /home/ubuntu/odrv_ws/install/interfaces/include/interfaces/msg/detail
[22.249s] -- Installing: /home/ubuntu/odrv_ws/install/interfaces/include/interfaces/msg/detail/motor__type_support.h
[22.250s] -- Installing: /home/ubuntu/odrv_ws/install/interfaces/include/interfaces/msg/detail/motor__functions.c
[22.251s] -- Installing: /home/ubuntu/odrv_ws/install/interfaces/include/interfaces/msg/detail/motor__struct.h
[22.252s] -- Installing: /home/ubuntu/odrv_ws/install/interfaces/include/interfaces/msg/detail/motor__functions.h
[22.252s] -- Installing: /home/ubuntu/odrv_ws/install/interfaces/include/interfaces/msg/motor.h
[22.253s] -- Up-to-date: /home/ubuntu/odrv_ws/install/interfaces/include/interfaces/srv
[22.254s] -- Installing: /home/ubuntu/odrv_ws/install/interfaces/include/interfaces/srv/odrive.h
[22.255s] -- Up-to-date: /home/ubuntu/odrv_ws/install/interfaces/include/interfaces/srv/detail
[22.256s] -- Installing: /home/ubuntu/odrv_ws/install/interfaces/include/interfaces/srv/detail/odrive__functions.c
[22.257s] -- Installing: /home/ubuntu/odrv_ws/install/interfaces/include/interfaces/srv/detail/odrive__type_support.h
[22.258s] -- Installing: /home/ubuntu/odrv_ws/install/interfaces/include/interfaces/srv/detail/odrive__functions.h
[22.259s] -- Installing: /home/ubuntu/odrv_ws/install/interfaces/include/interfaces/srv/detail/odrive__struct.h
[22.260s] -- Up-to-date: /home/ubuntu/odrv_ws/install/interfaces/share/interfaces/environment/library_path.sh
[22.261s] -- Installing: /home/ubuntu/odrv_ws/install/interfaces/share/interfaces/environment/library_path.dsv
[22.263s] -- Installing: /home/ubuntu/odrv_ws/install/interfaces/lib/libinterfaces__rosidl_generator_c.so
[22.265s] -- Set runtime path of "/home/ubuntu/odrv_ws/install/interfaces/lib/libinterfaces__rosidl_generator_c.so" to ""
[22.265s] -- Up-to-date: /home/ubuntu/odrv_ws/install/interfaces/include/interfaces
[22.266s] -- Up-to-date: /home/ubuntu/odrv_ws/install/interfaces/include/interfaces/msg
[22.266s] -- Up-to-date: /home/ubuntu/odrv_ws/install/interfaces/include/interfaces/msg/detail
[22.267s] -- Installing: /home/ubuntu/odrv_ws/install/interfaces/include/interfaces/msg/detail/motor__rosidl_typesupport_fastrtps_c.h
[22.267s] -- Up-to-date: /home/ubuntu/odrv_ws/install/interfaces/include/interfaces/msg/rosidl_typesupport_fastrtps_c__visibility_control.h
[22.268s] -- Up-to-date: /home/ubuntu/odrv_ws/install/interfaces/include/interfaces/srv
[22.268s] -- Up-to-date: /home/ubuntu/odrv_ws/install/interfaces/include/interfaces/srv/detail
[22.268s] -- Installing: /home/ubuntu/odrv_ws/install/interfaces/include/interfaces/srv/detail/odrive__rosidl_typesupport_fastrtps_c.h
[22.270s] -- Installing: /home/ubuntu/odrv_ws/install/interfaces/lib/libinterfaces__rosidl_typesupport_fastrtps_c.so
[22.273s] -- Set runtime path of "/home/ubuntu/odrv_ws/install/interfaces/lib/libinterfaces__rosidl_typesupport_fastrtps_c.so" to ""
[22.273s] -- Up-to-date: /home/ubuntu/odrv_ws/install/interfaces/include/interfaces
[22.273s] -- Up-to-date: /home/ubuntu/odrv_ws/install/interfaces/include/interfaces/msg
[22.274s] -- Up-to-date: /home/ubuntu/odrv_ws/install/interfaces/include/interfaces/msg/detail
[22.274s] -- Installing: /home/ubuntu/odrv_ws/install/interfaces/include/interfaces/msg/detail/dds_fastrtps
[22.274s] -- Installing: /home/ubuntu/odrv_ws/install/interfaces/include/interfaces/msg/detail/motor__rosidl_typesupport_fastrtps_cpp.hpp
[22.275s] -- Up-to-date: /home/ubuntu/odrv_ws/install/interfaces/include/interfaces/msg/rosidl_typesupport_fastrtps_cpp__visibility_control.h
[22.276s] -- Up-to-date: /home/ubuntu/odrv_ws/install/interfaces/include/interfaces/srv
[22.276s] -- Up-to-date: /home/ubuntu/odrv_ws/install/interfaces/include/interfaces/srv/detail
[22.276s] -- Up-to-date: /home/ubuntu/odrv_ws/install/interfaces/include/interfaces/srv/detail/dds_fastrtps
[22.277s] -- Installing: /home/ubuntu/odrv_ws/install/interfaces/include/interfaces/srv/detail/odrive__rosidl_typesupport_fastrtps_cpp.hpp
[22.281s] -- Installing: /home/ubuntu/odrv_ws/install/interfaces/lib/libinterfaces__rosidl_typesupport_fastrtps_cpp.so
[22.283s] -- Set runtime path of "/home/ubuntu/odrv_ws/install/interfaces/lib/libinterfaces__rosidl_typesupport_fastrtps_cpp.so" to ""
[22.284s] -- Up-to-date: /home/ubuntu/odrv_ws/install/interfaces/include/interfaces
[22.284s] -- Up-to-date: /home/ubuntu/odrv_ws/install/interfaces/include/interfaces/msg
[22.284s] -- Up-to-date: /home/ubuntu/odrv_ws/install/interfaces/include/interfaces/msg/rosidl_typesupport_introspection_c__visibility_control.h
[22.284s] -- Up-to-date: /home/ubuntu/odrv_ws/install/interfaces/include/interfaces/msg/detail
[22.285s] -- Installing: /home/ubuntu/odrv_ws/install/interfaces/include/interfaces/msg/detail/motor__rosidl_typesupport_introspection_c.h
[22.285s] -- Installing: /home/ubuntu/odrv_ws/install/interfaces/include/interfaces/msg/detail/motor__type_support.c
[22.286s] -- Up-to-date: /home/ubuntu/odrv_ws/install/interfaces/include/interfaces/srv
[22.287s] -- Up-to-date: /home/ubuntu/odrv_ws/install/interfaces/include/interfaces/srv/detail
[22.287s] -- Installing: /home/ubuntu/odrv_ws/install/interfaces/include/interfaces/srv/detail/odrive__type_support.c
[22.288s] -- Installing: /home/ubuntu/odrv_ws/install/interfaces/include/interfaces/srv/detail/odrive__rosidl_typesupport_introspection_c.h
[22.292s] -- Installing: /home/ubuntu/odrv_ws/install/interfaces/lib/libinterfaces__rosidl_typesupport_introspection_c.so
[22.294s] -- Set runtime path of "/home/ubuntu/odrv_ws/install/interfaces/lib/libinterfaces__rosidl_typesupport_introspection_c.so" to ""
[22.296s] -- Installing: /home/ubuntu/odrv_ws/install/interfaces/lib/libinterfaces__rosidl_typesupport_c.so
[22.298s] -- Set runtime path of "/home/ubuntu/odrv_ws/install/interfaces/lib/libinterfaces__rosidl_typesupport_c.so" to ""
[22.298s] -- Up-to-date: /home/ubuntu/odrv_ws/install/interfaces/include/interfaces
[22.299s] -- Up-to-date: /home/ubuntu/odrv_ws/install/interfaces/include/interfaces/msg
[22.299s] -- Up-to-date: /home/ubuntu/odrv_ws/install/interfaces/include/interfaces/msg/detail
[22.299s] -- Installing: /home/ubuntu/odrv_ws/install/interfaces/include/interfaces/msg/detail/motor__struct.hpp
[22.300s] -- Installing: /home/ubuntu/odrv_ws/install/interfaces/include/interfaces/msg/detail/motor__traits.hpp
[22.301s] -- Installing: /home/ubuntu/odrv_ws/install/interfaces/include/interfaces/msg/detail/motor__builder.hpp
[22.302s] -- Installing: /home/ubuntu/odrv_ws/install/interfaces/include/interfaces/msg/motor.hpp
[22.303s] -- Up-to-date: /home/ubuntu/odrv_ws/install/interfaces/include/interfaces/srv
[22.303s] -- Up-to-date: /home/ubuntu/odrv_ws/install/interfaces/include/interfaces/srv/detail
[22.303s] -- Installing: /home/ubuntu/odrv_ws/install/interfaces/include/interfaces/srv/detail/odrive__builder.hpp
[22.304s] -- Installing: /home/ubuntu/odrv_ws/install/interfaces/include/interfaces/srv/detail/odrive__traits.hpp
[22.305s] -- Installing: /home/ubuntu/odrv_ws/install/interfaces/include/interfaces/srv/detail/odrive__struct.hpp
[22.306s] -- Installing: /home/ubuntu/odrv_ws/install/interfaces/include/interfaces/srv/odrive.hpp
[22.307s] -- Up-to-date: /home/ubuntu/odrv_ws/install/interfaces/include/interfaces
[22.308s] -- Up-to-date: /home/ubuntu/odrv_ws/install/interfaces/include/interfaces/msg
[22.308s] -- Up-to-date: /home/ubuntu/odrv_ws/install/interfaces/include/interfaces/msg/detail
[22.308s] -- Installing: /home/ubuntu/odrv_ws/install/interfaces/include/interfaces/msg/detail/motor__type_support.cpp
[22.309s] -- Installing: /home/ubuntu/odrv_ws/install/interfaces/include/interfaces/msg/detail/motor__rosidl_typesupport_introspection_cpp.hpp
[22.310s] -- Up-to-date: /home/ubuntu/odrv_ws/install/interfaces/include/interfaces/srv
[22.310s] -- Up-to-date: /home/ubuntu/odrv_ws/install/interfaces/include/interfaces/srv/detail
[22.311s] -- Installing: /home/ubuntu/odrv_ws/install/interfaces/include/interfaces/srv/detail/odrive__type_support.cpp
[22.311s] -- Installing: /home/ubuntu/odrv_ws/install/interfaces/include/interfaces/srv/detail/odrive__rosidl_typesupport_introspection_cpp.hpp
[22.315s] -- Installing: /home/ubuntu/odrv_ws/install/interfaces/lib/libinterfaces__rosidl_typesupport_introspection_cpp.so
[22.318s] -- Set runtime path of "/home/ubuntu/odrv_ws/install/interfaces/lib/libinterfaces__rosidl_typesupport_introspection_cpp.so" to ""
[22.320s] -- Installing: /home/ubuntu/odrv_ws/install/interfaces/lib/libinterfaces__rosidl_typesupport_cpp.so
[22.322s] -- Set runtime path of "/home/ubuntu/odrv_ws/install/interfaces/lib/libinterfaces__rosidl_typesupport_cpp.so" to ""
[22.323s] -- Up-to-date: /home/ubuntu/odrv_ws/install/interfaces/share/interfaces/environment/pythonpath.sh
[22.323s] -- Installing: /home/ubuntu/odrv_ws/install/interfaces/share/interfaces/environment/pythonpath.dsv
[22.324s] -- Installing: /home/ubuntu/odrv_ws/install/interfaces/lib/python3.8/site-packages/interfaces/__init__.py
[22.453s] Compiling '/home/ubuntu/odrv_ws/install/interfaces/lib/python3.8/site-packages/interfaces/__init__.py'...
[22.474s] -- Up-to-date: /home/ubuntu/odrv_ws/install/interfaces/lib/python3.8/site-packages/interfaces/srv
[22.474s] -- Installing: /home/ubuntu/odrv_ws/install/interfaces/lib/python3.8/site-packages/interfaces/srv/__init__.py
[22.475s] -- Installing: /home/ubuntu/odrv_ws/install/interfaces/lib/python3.8/site-packages/interfaces/srv/_odrive.py
[22.476s] -- Installing: /home/ubuntu/odrv_ws/install/interfaces/lib/python3.8/site-packages/interfaces/srv/_odrive_s.c
[22.477s] -- Installing: /home/ubuntu/odrv_ws/install/interfaces/lib/python3.8/site-packages/interfaces/msg
[22.477s] -- Installing: /home/ubuntu/odrv_ws/install/interfaces/lib/python3.8/site-packages/interfaces/msg/_motor_s.c
[22.478s] -- Installing: /home/ubuntu/odrv_ws/install/interfaces/lib/python3.8/site-packages/interfaces/msg/__init__.py
[22.479s] -- Installing: /home/ubuntu/odrv_ws/install/interfaces/lib/python3.8/site-packages/interfaces/msg/_motor.py
[22.483s] -- Installing: /home/ubuntu/odrv_ws/install/interfaces/lib/python3.8/site-packages/interfaces/interfaces_s__rosidl_typesupport_fastrtps_c.cpython-38-aarch64-linux-gnu.so
[22.485s] -- Set runtime path of "/home/ubuntu/odrv_ws/install/interfaces/lib/python3.8/site-packages/interfaces/interfaces_s__rosidl_typesupport_fastrtps_c.cpython-38-aarch64-linux-gnu.so" to ""
[22.488s] -- Installing: /home/ubuntu/odrv_ws/install/interfaces/lib/python3.8/site-packages/interfaces/interfaces_s__rosidl_typesupport_introspection_c.cpython-38-aarch64-linux-gnu.so
[22.491s] -- Set runtime path of "/home/ubuntu/odrv_ws/install/interfaces/lib/python3.8/site-packages/interfaces/interfaces_s__rosidl_typesupport_introspection_c.cpython-38-aarch64-linux-gnu.so" to ""
[22.493s] -- Installing: /home/ubuntu/odrv_ws/install/interfaces/lib/python3.8/site-packages/interfaces/interfaces_s__rosidl_typesupport_c.cpython-38-aarch64-linux-gnu.so
[22.496s] -- Set runtime path of "/home/ubuntu/odrv_ws/install/interfaces/lib/python3.8/site-packages/interfaces/interfaces_s__rosidl_typesupport_c.cpython-38-aarch64-linux-gnu.so" to ""
[22.497s] -- Installing: /home/ubuntu/odrv_ws/install/interfaces/lib/libinterfaces__python.so
[22.500s] -- Set runtime path of "/home/ubuntu/odrv_ws/install/interfaces/lib/libinterfaces__python.so" to ""
[22.500s] -- Up-to-date: /home/ubuntu/odrv_ws/install/interfaces/share/interfaces/srv/Odrive.idl
[22.500s] -- Installing: /home/ubuntu/odrv_ws/install/interfaces/share/interfaces/msg/Motor.idl
[22.501s] -- Up-to-date: /home/ubuntu/odrv_ws/install/interfaces/share/interfaces/srv/Odrive.srv
[22.502s] -- Up-to-date: /home/ubuntu/odrv_ws/install/interfaces/share/interfaces/srv/Odrive_Request.msg
[22.502s] -- Up-to-date: /home/ubuntu/odrv_ws/install/interfaces/share/interfaces/srv/Odrive_Response.msg
[22.503s] -- Installing: /home/ubuntu/odrv_ws/install/interfaces/share/interfaces/msg/Motor.msg
[22.505s] -- Up-to-date: /home/ubuntu/odrv_ws/install/interfaces/share/ament_index/resource_index/package_run_dependencies/interfaces
[22.505s] -- Up-to-date: /home/ubuntu/odrv_ws/install/interfaces/share/ament_index/resource_index/parent_prefix_path/interfaces
[22.506s] -- Up-to-date: /home/ubuntu/odrv_ws/install/interfaces/share/interfaces/environment/ament_prefix_path.sh
[22.506s] -- Installing: /home/ubuntu/odrv_ws/install/interfaces/share/interfaces/environment/ament_prefix_path.dsv
[22.507s] -- Up-to-date: /home/ubuntu/odrv_ws/install/interfaces/share/interfaces/environment/path.sh
[22.508s] -- Installing: /home/ubuntu/odrv_ws/install/interfaces/share/interfaces/environment/path.dsv
[22.509s] -- Up-to-date: /home/ubuntu/odrv_ws/install/interfaces/share/interfaces/local_setup.bash
[22.509s] -- Up-to-date: /home/ubuntu/odrv_ws/install/interfaces/share/interfaces/local_setup.sh
[22.509s] -- Up-to-date: /home/ubuntu/odrv_ws/install/interfaces/share/interfaces/local_setup.zsh
[22.510s] -- Installing: /home/ubuntu/odrv_ws/install/interfaces/share/interfaces/local_setup.dsv
[22.511s] -- Installing: /home/ubuntu/odrv_ws/install/interfaces/share/interfaces/package.dsv
[22.512s] -- Up-to-date: /home/ubuntu/odrv_ws/install/interfaces/share/ament_index/resource_index/packages/interfaces
[22.513s] -- Up-to-date: /home/ubuntu/odrv_ws/install/interfaces/share/interfaces/cmake/interfaces__rosidl_generator_cExport.cmake
[22.514s] -- Installing: /home/ubuntu/odrv_ws/install/interfaces/share/interfaces/cmake/interfaces__rosidl_generator_cExport-noconfig.cmake
[22.516s] -- Up-to-date: /home/ubuntu/odrv_ws/install/interfaces/share/interfaces/cmake/interfaces__rosidl_typesupport_introspection_cExport.cmake
[22.517s] -- Installing: /home/ubuntu/odrv_ws/install/interfaces/share/interfaces/cmake/interfaces__rosidl_typesupport_introspection_cExport-noconfig.cmake
[22.519s] -- Up-to-date: /home/ubuntu/odrv_ws/install/interfaces/share/interfaces/cmake/interfaces__rosidl_typesupport_cExport.cmake
[22.519s] -- Installing: /home/ubuntu/odrv_ws/install/interfaces/share/interfaces/cmake/interfaces__rosidl_typesupport_cExport-noconfig.cmake
[22.522s] -- Up-to-date: /home/ubuntu/odrv_ws/install/interfaces/share/interfaces/cmake/interfaces__rosidl_generator_cppExport.cmake
[22.523s] -- Up-to-date: /home/ubuntu/odrv_ws/install/interfaces/share/interfaces/cmake/interfaces__rosidl_typesupport_introspection_cppExport.cmake
[22.523s] -- Installing: /home/ubuntu/odrv_ws/install/interfaces/share/interfaces/cmake/interfaces__rosidl_typesupport_introspection_cppExport-noconfig.cmake
[22.526s] -- Up-to-date: /home/ubuntu/odrv_ws/install/interfaces/share/interfaces/cmake/interfaces__rosidl_typesupport_cppExport.cmake
[22.526s] -- Installing: /home/ubuntu/odrv_ws/install/interfaces/share/interfaces/cmake/interfaces__rosidl_typesupport_cppExport-noconfig.cmake
[22.528s] -- Installing: /home/ubuntu/odrv_ws/install/interfaces/share/interfaces/cmake/rosidl_cmake-extras.cmake
[22.529s] -- Up-to-date: /home/ubuntu/odrv_ws/install/interfaces/share/interfaces/cmake/ament_cmake_export_dependencies-extras.cmake
[22.529s] -- Up-to-date: /home/ubuntu/odrv_ws/install/interfaces/share/interfaces/cmake/ament_cmake_export_libraries-extras.cmake
[22.529s] -- Up-to-date: /home/ubuntu/odrv_ws/install/interfaces/share/interfaces/cmake/ament_cmake_export_targets-extras.cmake
[22.530s] -- Up-to-date: /home/ubuntu/odrv_ws/install/interfaces/share/interfaces/cmake/ament_cmake_export_include_directories-extras.cmake
[22.530s] -- Up-to-date: /home/ubuntu/odrv_ws/install/interfaces/share/interfaces/cmake/rosidl_cmake_export_typesupport_libraries-extras.cmake
[22.531s] -- Up-to-date: /home/ubuntu/odrv_ws/install/interfaces/share/interfaces/cmake/rosidl_cmake_export_typesupport_targets-extras.cmake
[22.531s] -- Up-to-date: /home/ubuntu/odrv_ws/install/interfaces/share/interfaces/cmake/interfacesConfig.cmake
[22.532s] -- Up-to-date: /home/ubuntu/odrv_ws/install/interfaces/share/interfaces/cmake/interfacesConfig-version.cmake
[22.532s] -- Up-to-date: /home/ubuntu/odrv_ws/install/interfaces/share/interfaces/package.xml
[22.539s] Invoked command in '/home/ubuntu/odrv_ws/build/interfaces' returned '0': CMAKE_PREFIX_PATH=${CMAKE_PREFIX_PATH}:/home/ubuntu/odrv_ws/install/srvcli:/home/ubuntu/odrv_ws/install/py_srvcli:/opt/ros/foxy /usr/bin/cmake --install /home/ubuntu/odrv_ws/build/interfaces
