[0.082s] Invoking command in '/home/ubuntu/odrv_ws/build/interfaces': CMAKE_PREFIX_PATH=${CMAKE_PREFIX_PATH}:/home/ubuntu/odrv_ws/install/srvcli:/home/ubuntu/odrv_ws/install/interfaces:/opt/ros/foxy /usr/bin/cmake /home/ubuntu/odrv_ws/src/interfaces -DCMAKE_INSTALL_PREFIX=/home/ubuntu/odrv_ws/install/interfaces
[1.330s] -- The C compiler identification is GNU 9.4.0
[2.195s] -- The CXX compiler identification is GNU 9.4.0
[2.231s] -- Check for working C compiler: /usr/bin/cc
[2.583s] -- Check for working C compiler: /usr/bin/cc -- works
[2.590s] -- Detecting C compiler ABI info
[2.929s] -- Detecting C compiler ABI info - done
[2.971s] -- Detecting C compile features
[2.974s] -- Detecting C compile features - done
[2.989s] -- Check for working CXX compiler: /usr/bin/c++
[3.352s] -- Check for working CXX compiler: /usr/bin/c++ -- works
[3.357s] -- Detecting CXX compiler ABI info
[3.734s] -- Detecting CXX compiler ABI info - done
[3.778s] -- Detecting CXX compile features
[3.780s] -- Detecting CXX compile features - done
[3.825s] -- Found ament_cmake: 0.9.9 (/opt/ros/foxy/share/ament_cmake/cmake)
[4.006s] -- Found PythonInterp: /usr/bin/python3 (found suitable version "3.8.10", minimum required is "3") 
[4.007s] -- Using PYTHON_EXECUTABLE: /usr/bin/python3
[5.509s] -- Found rclpy: 1.0.8 (/opt/ros/foxy/share/rclpy/cmake)
[5.530s] -- Found example_interfaces: 0.9.1 (/opt/ros/foxy/share/example_interfaces/cmake)
[5.873s] -- Using all available rosidl_typesupport_c: rosidl_typesupport_fastrtps_c;rosidl_typesupport_introspection_c
[5.954s] -- Found rosidl_adapter: 1.2.1 (/opt/ros/foxy/share/rosidl_adapter/cmake)
[6.668s] -- Found OpenSSL: /usr/lib/aarch64-linux-gnu/libcrypto.so (found version "1.1.1f")  
[6.923s] -- Found FastRTPS: /opt/ros/foxy/include  
[7.564s] -- Using all available rosidl_typesupport_cpp: rosidl_typesupport_fastrtps_cpp;rosidl_typesupport_introspection_cpp
[8.203s] -- Found ament_lint_auto: 0.9.6 (/opt/ros/foxy/share/ament_lint_auto/cmake)
[8.316s] -- Found PythonInterp: /usr/bin/python3 (found version "3.8.10") 
[8.892s] -- Found ament_cmake_ros: 0.9.2 (/opt/ros/foxy/share/ament_cmake_ros/cmake)
[9.769s] -- Using all available rosidl_typesupport_c: rosidl_typesupport_fastrtps_c;rosidl_typesupport_introspection_c
[9.814s] -- Using all available rosidl_typesupport_cpp: rosidl_typesupport_fastrtps_cpp;rosidl_typesupport_introspection_cpp
[10.064s] -- Added test 'copyright' to check source files copyright and LICENSE
[10.080s] -- Added test 'lint_cmake' to check CMake code style
[10.090s] -- Added test 'xmllint' to check XML markup files
[10.153s] -- Configuring done
[10.242s] -- Generating done
[10.250s] -- Build files have been written to: /home/ubuntu/odrv_ws/build/interfaces
[10.283s] Invoked command in '/home/ubuntu/odrv_ws/build/interfaces' returned '0': CMAKE_PREFIX_PATH=${CMAKE_PREFIX_PATH}:/home/ubuntu/odrv_ws/install/srvcli:/home/ubuntu/odrv_ws/install/interfaces:/opt/ros/foxy /usr/bin/cmake /home/ubuntu/odrv_ws/src/interfaces -DCMAKE_INSTALL_PREFIX=/home/ubuntu/odrv_ws/install/interfaces
[10.294s] Invoking command in '/home/ubuntu/odrv_ws/build/interfaces': CMAKE_PREFIX_PATH=${CMAKE_PREFIX_PATH}:/home/ubuntu/odrv_ws/install/srvcli:/home/ubuntu/odrv_ws/install/interfaces:/opt/ros/foxy /usr/bin/cmake --build /home/ubuntu/odrv_ws/build/interfaces -- -j4 -l4
[10.478s] [  4%] [34m[1mGenerating C code for ROS interfaces[0m
[10.479s] [35m[1mScanning dependencies of target interfaces__cpp[0m
[10.532s] [  9%] [34m[1mGenerating C++ code for ROS interfaces[0m
[11.726s] [  9%] Built target interfaces__cpp
[11.727s] [35m[1mScanning dependencies of target interfaces__rosidl_generator_c[0m
[11.775s] [ 13%] [34m[1mGenerating C++ introspection for ROS interfaces[0m
[11.779s] [ 22%] [34m[1mGenerating C++ type support dispatch for ROS interfaces[0m
[11.780s] [ 22%] [34m[1mGenerating C++ type support for eProsima Fast-RTPS[0m
[11.799s] [ 27%] [32mBuilding C object CMakeFiles/interfaces__rosidl_generator_c.dir/rosidl_generator_c/interfaces/srv/detail/odrive__functions.c.o[0m
[12.207s] [ 31%] [32m[1mLinking C shared library libinterfaces__rosidl_generator_c.so[0m
[12.470s] [ 31%] Built target interfaces__rosidl_generator_c
[12.535s] [ 36%] [34m[1mGenerating C type support dispatch for ROS interfaces[0m
[13.078s] [35m[1mScanning dependencies of target interfaces__rosidl_typesupport_cpp[0m
[13.215s] [ 40%] [32mBuilding CXX object CMakeFiles/interfaces__rosidl_typesupport_cpp.dir/rosidl_typesupport_cpp/interfaces/srv/odrive__type_support.cpp.o[0m
[13.263s] [35m[1mScanning dependencies of target interfaces__rosidl_typesupport_introspection_cpp[0m
[13.332s] [35m[1mScanning dependencies of target interfaces__rosidl_typesupport_fastrtps_cpp[0m
[13.350s] [ 45%] [32mBuilding CXX object CMakeFiles/interfaces__rosidl_typesupport_introspection_cpp.dir/rosidl_typesupport_introspection_cpp/interfaces/srv/detail/odrive__type_support.cpp.o[0m
[13.541s] [ 50%] [32mBuilding CXX object CMakeFiles/interfaces__rosidl_typesupport_fastrtps_cpp.dir/rosidl_typesupport_fastrtps_cpp/interfaces/srv/detail/dds_fastrtps/odrive__type_support.cpp.o[0m
[13.790s] [35m[1mScanning dependencies of target interfaces__rosidl_typesupport_c[0m
[13.872s] [ 54%] [32mBuilding CXX object CMakeFiles/interfaces__rosidl_typesupport_c.dir/rosidl_typesupport_c/interfaces/srv/odrive__type_support.cpp.o[0m
[14.090s] [ 59%] [32m[1mLinking CXX shared library libinterfaces__rosidl_typesupport_c.so[0m
[14.368s] [ 59%] Built target interfaces__rosidl_typesupport_c
[14.429s] [ 63%] [34m[1mGenerating C introspection for ROS interfaces[0m
[15.237s] [ 68%] [32m[1mLinking CXX shared library libinterfaces__rosidl_typesupport_cpp.so[0m
[15.277s] [ 72%] [32m[1mLinking CXX shared library libinterfaces__rosidl_typesupport_introspection_cpp.so[0m
[15.513s] [ 72%] Built target interfaces__rosidl_typesupport_cpp
[15.623s] [ 72%] Built target interfaces__rosidl_typesupport_introspection_cpp
[15.986s] [35m[1mScanning dependencies of target interfaces__rosidl_typesupport_introspection_c[0m
[16.044s] [ 77%] [32mBuilding C object CMakeFiles/interfaces__rosidl_typesupport_introspection_c.dir/rosidl_typesupport_introspection_c/interfaces/srv/detail/odrive__type_support.c.o[0m
[16.220s] [ 81%] [32m[1mLinking C shared library libinterfaces__rosidl_typesupport_introspection_c.so[0m
[16.357s] [ 81%] Built target interfaces__rosidl_typesupport_introspection_c
[16.423s] [ 86%] [32m[1mLinking CXX shared library libinterfaces__rosidl_typesupport_fastrtps_cpp.so[0m
[16.827s] [ 86%] Built target interfaces__rosidl_typesupport_fastrtps_cpp
[16.879s] [ 90%] [34m[1mGenerating C type support for eProsima Fast-RTPS[0m
[17.987s] [35m[1mScanning dependencies of target interfaces__rosidl_typesupport_fastrtps_c[0m
[18.076s] [ 95%] [32mBuilding CXX object CMakeFiles/interfaces__rosidl_typesupport_fastrtps_c.dir/rosidl_typesupport_fastrtps_c/interfaces/srv/detail/odrive__type_support_c.cpp.o[0m
[20.043s] [100%] [32m[1mLinking CXX shared library libinterfaces__rosidl_typesupport_fastrtps_c.so[0m
[20.403s] [100%] Built target interfaces__rosidl_typesupport_fastrtps_c
[20.450s] [35m[1mScanning dependencies of target interfaces[0m
[20.515s] [100%] Built target interfaces
[20.561s] Invoked command in '/home/ubuntu/odrv_ws/build/interfaces' returned '0': CMAKE_PREFIX_PATH=${CMAKE_PREFIX_PATH}:/home/ubuntu/odrv_ws/install/srvcli:/home/ubuntu/odrv_ws/install/interfaces:/opt/ros/foxy /usr/bin/cmake --build /home/ubuntu/odrv_ws/build/interfaces -- -j4 -l4
[20.872s] Invoking command in '/home/ubuntu/odrv_ws/build/interfaces': CMAKE_PREFIX_PATH=${CMAKE_PREFIX_PATH}:/home/ubuntu/odrv_ws/install/srvcli:/home/ubuntu/odrv_ws/install/interfaces:/opt/ros/foxy /usr/bin/cmake --install /home/ubuntu/odrv_ws/build/interfaces
[20.916s] -- Install configuration: ""
[20.917s] -- Installing: /home/ubuntu/odrv_ws/install/interfaces/share/ament_index/resource_index/rosidl_interfaces/interfaces
[20.918s] -- Installing: /home/ubuntu/odrv_ws/install/interfaces/include/interfaces
[20.919s] -- Installing: /home/ubuntu/odrv_ws/install/interfaces/include/interfaces/msg
[20.919s] -- Installing: /home/ubuntu/odrv_ws/install/interfaces/include/interfaces/msg/rosidl_generator_c__visibility_control.h
[20.920s] -- Installing: /home/ubuntu/odrv_ws/install/interfaces/include/interfaces/srv
[20.921s] -- Installing: /home/ubuntu/odrv_ws/install/interfaces/include/interfaces/srv/odrive.h
[20.922s] -- Installing: /home/ubuntu/odrv_ws/install/interfaces/include/interfaces/srv/detail
[20.922s] -- Installing: /home/ubuntu/odrv_ws/install/interfaces/include/interfaces/srv/detail/odrive__functions.c
[20.923s] -- Installing: /home/ubuntu/odrv_ws/install/interfaces/include/interfaces/srv/detail/odrive__type_support.h
[20.924s] -- Installing: /home/ubuntu/odrv_ws/install/interfaces/include/interfaces/srv/detail/odrive__functions.h
[20.925s] -- Installing: /home/ubuntu/odrv_ws/install/interfaces/include/interfaces/srv/detail/odrive__struct.h
[20.927s] -- Installing: /home/ubuntu/odrv_ws/install/interfaces/share/interfaces/environment/library_path.sh
[20.928s] -- Installing: /home/ubuntu/odrv_ws/install/interfaces/share/interfaces/environment/library_path.dsv
[20.929s] -- Installing: /home/ubuntu/odrv_ws/install/interfaces/lib/libinterfaces__rosidl_generator_c.so
[20.932s] -- Set runtime path of "/home/ubuntu/odrv_ws/install/interfaces/lib/libinterfaces__rosidl_generator_c.so" to ""
[20.933s] -- Up-to-date: /home/ubuntu/odrv_ws/install/interfaces/include/interfaces
[20.934s] -- Up-to-date: /home/ubuntu/odrv_ws/install/interfaces/include/interfaces/msg
[20.934s] -- Installing: /home/ubuntu/odrv_ws/install/interfaces/include/interfaces/msg/rosidl_typesupport_fastrtps_c__visibility_control.h
[20.936s] -- Up-to-date: /home/ubuntu/odrv_ws/install/interfaces/include/interfaces/srv
[20.937s] -- Up-to-date: /home/ubuntu/odrv_ws/install/interfaces/include/interfaces/srv/detail
[20.938s] -- Installing: /home/ubuntu/odrv_ws/install/interfaces/include/interfaces/srv/detail/odrive__rosidl_typesupport_fastrtps_c.h
[20.938s] -- Installing: /home/ubuntu/odrv_ws/install/interfaces/lib/libinterfaces__rosidl_typesupport_fastrtps_c.so
[20.940s] -- Set runtime path of "/home/ubuntu/odrv_ws/install/interfaces/lib/libinterfaces__rosidl_typesupport_fastrtps_c.so" to ""
[20.941s] -- Up-to-date: /home/ubuntu/odrv_ws/install/interfaces/include/interfaces
[20.941s] -- Up-to-date: /home/ubuntu/odrv_ws/install/interfaces/include/interfaces/msg
[20.942s] -- Installing: /home/ubuntu/odrv_ws/install/interfaces/include/interfaces/msg/rosidl_typesupport_fastrtps_cpp__visibility_control.h
[20.943s] -- Up-to-date: /home/ubuntu/odrv_ws/install/interfaces/include/interfaces/srv
[20.943s] -- Up-to-date: /home/ubuntu/odrv_ws/install/interfaces/include/interfaces/srv/detail
[20.944s] -- Installing: /home/ubuntu/odrv_ws/install/interfaces/include/interfaces/srv/detail/dds_fastrtps
[20.944s] -- Installing: /home/ubuntu/odrv_ws/install/interfaces/include/interfaces/srv/detail/odrive__rosidl_typesupport_fastrtps_cpp.hpp
[20.945s] -- Installing: /home/ubuntu/odrv_ws/install/interfaces/lib/libinterfaces__rosidl_typesupport_fastrtps_cpp.so
[20.946s] -- Set runtime path of "/home/ubuntu/odrv_ws/install/interfaces/lib/libinterfaces__rosidl_typesupport_fastrtps_cpp.so" to ""
[20.947s] -- Up-to-date: /home/ubuntu/odrv_ws/install/interfaces/include/interfaces
[20.948s] -- Up-to-date: /home/ubuntu/odrv_ws/install/interfaces/include/interfaces/msg
[20.949s] -- Installing: /home/ubuntu/odrv_ws/install/interfaces/include/interfaces/msg/rosidl_typesupport_introspection_c__visibility_control.h
[20.950s] -- Up-to-date: /home/ubuntu/odrv_ws/install/interfaces/include/interfaces/srv
[20.951s] -- Up-to-date: /home/ubuntu/odrv_ws/install/interfaces/include/interfaces/srv/detail
[20.953s] -- Installing: /home/ubuntu/odrv_ws/install/interfaces/include/interfaces/srv/detail/odrive__type_support.c
[20.954s] -- Installing: /home/ubuntu/odrv_ws/install/interfaces/include/interfaces/srv/detail/odrive__rosidl_typesupport_introspection_c.h
[20.955s] -- Installing: /home/ubuntu/odrv_ws/install/interfaces/lib/libinterfaces__rosidl_typesupport_introspection_c.so
[20.956s] -- Set runtime path of "/home/ubuntu/odrv_ws/install/interfaces/lib/libinterfaces__rosidl_typesupport_introspection_c.so" to ""
[20.957s] -- Installing: /home/ubuntu/odrv_ws/install/interfaces/lib/libinterfaces__rosidl_typesupport_c.so
[20.958s] -- Set runtime path of "/home/ubuntu/odrv_ws/install/interfaces/lib/libinterfaces__rosidl_typesupport_c.so" to ""
[20.959s] -- Up-to-date: /home/ubuntu/odrv_ws/install/interfaces/include/interfaces
[20.959s] -- Up-to-date: /home/ubuntu/odrv_ws/install/interfaces/include/interfaces/srv
[20.960s] -- Up-to-date: /home/ubuntu/odrv_ws/install/interfaces/include/interfaces/srv/detail
[20.960s] -- Installing: /home/ubuntu/odrv_ws/install/interfaces/include/interfaces/srv/detail/odrive__builder.hpp
[20.961s] -- Installing: /home/ubuntu/odrv_ws/install/interfaces/include/interfaces/srv/detail/odrive__traits.hpp
[20.961s] -- Installing: /home/ubuntu/odrv_ws/install/interfaces/include/interfaces/srv/detail/odrive__struct.hpp
[20.962s] -- Installing: /home/ubuntu/odrv_ws/install/interfaces/include/interfaces/srv/odrive.hpp
[20.963s] -- Up-to-date: /home/ubuntu/odrv_ws/install/interfaces/include/interfaces
[20.964s] -- Up-to-date: /home/ubuntu/odrv_ws/install/interfaces/include/interfaces/srv
[20.965s] -- Up-to-date: /home/ubuntu/odrv_ws/install/interfaces/include/interfaces/srv/detail
[20.965s] -- Installing: /home/ubuntu/odrv_ws/install/interfaces/include/interfaces/srv/detail/odrive__type_support.cpp
[20.966s] -- Installing: /home/ubuntu/odrv_ws/install/interfaces/include/interfaces/srv/detail/odrive__rosidl_typesupport_introspection_cpp.hpp
[20.967s] -- Installing: /home/ubuntu/odrv_ws/install/interfaces/lib/libinterfaces__rosidl_typesupport_introspection_cpp.so
[20.970s] -- Set runtime path of "/home/ubuntu/odrv_ws/install/interfaces/lib/libinterfaces__rosidl_typesupport_introspection_cpp.so" to ""
[20.971s] -- Installing: /home/ubuntu/odrv_ws/install/interfaces/lib/libinterfaces__rosidl_typesupport_cpp.so
[20.973s] -- Set runtime path of "/home/ubuntu/odrv_ws/install/interfaces/lib/libinterfaces__rosidl_typesupport_cpp.so" to ""
[20.973s] -- Installing: /home/ubuntu/odrv_ws/install/interfaces/share/interfaces/srv/Odrive.idl
[20.975s] -- Installing: /home/ubuntu/odrv_ws/install/interfaces/share/interfaces/srv/Odrive.srv
[20.976s] -- Installing: /home/ubuntu/odrv_ws/install/interfaces/share/interfaces/srv/Odrive_Request.msg
[20.977s] -- Installing: /home/ubuntu/odrv_ws/install/interfaces/share/interfaces/srv/Odrive_Response.msg
[20.979s] -- Installing: /home/ubuntu/odrv_ws/install/interfaces/share/ament_index/resource_index/package_run_dependencies/interfaces
[20.980s] -- Installing: /home/ubuntu/odrv_ws/install/interfaces/share/ament_index/resource_index/parent_prefix_path/interfaces
[20.985s] -- Installing: /home/ubuntu/odrv_ws/install/interfaces/share/interfaces/environment/ament_prefix_path.sh
[20.989s] -- Installing: /home/ubuntu/odrv_ws/install/interfaces/share/interfaces/environment/ament_prefix_path.dsv
[20.990s] -- Installing: /home/ubuntu/odrv_ws/install/interfaces/share/interfaces/environment/path.sh
[20.991s] -- Installing: /home/ubuntu/odrv_ws/install/interfaces/share/interfaces/environment/path.dsv
[20.993s] -- Installing: /home/ubuntu/odrv_ws/install/interfaces/share/interfaces/local_setup.bash
[20.994s] -- Installing: /home/ubuntu/odrv_ws/install/interfaces/share/interfaces/local_setup.sh
[20.995s] -- Installing: /home/ubuntu/odrv_ws/install/interfaces/share/interfaces/local_setup.zsh
[20.995s] -- Installing: /home/ubuntu/odrv_ws/install/interfaces/share/interfaces/local_setup.dsv
[20.996s] -- Installing: /home/ubuntu/odrv_ws/install/interfaces/share/interfaces/package.dsv
[20.998s] -- Installing: /home/ubuntu/odrv_ws/install/interfaces/share/ament_index/resource_index/packages/interfaces
[21.000s] -- Installing: /home/ubuntu/odrv_ws/install/interfaces/share/interfaces/cmake/interfaces__rosidl_generator_cExport.cmake
[21.001s] -- Installing: /home/ubuntu/odrv_ws/install/interfaces/share/interfaces/cmake/interfaces__rosidl_generator_cExport-noconfig.cmake
[21.003s] -- Installing: /home/ubuntu/odrv_ws/install/interfaces/share/interfaces/cmake/interfaces__rosidl_typesupport_introspection_cExport.cmake
[21.004s] -- Installing: /home/ubuntu/odrv_ws/install/interfaces/share/interfaces/cmake/interfaces__rosidl_typesupport_introspection_cExport-noconfig.cmake
[21.006s] -- Installing: /home/ubuntu/odrv_ws/install/interfaces/share/interfaces/cmake/interfaces__rosidl_typesupport_cExport.cmake
[21.007s] -- Installing: /home/ubuntu/odrv_ws/install/interfaces/share/interfaces/cmake/interfaces__rosidl_typesupport_cExport-noconfig.cmake
[21.009s] -- Installing: /home/ubuntu/odrv_ws/install/interfaces/share/interfaces/cmake/interfaces__rosidl_generator_cppExport.cmake
[21.011s] -- Installing: /home/ubuntu/odrv_ws/install/interfaces/share/interfaces/cmake/interfaces__rosidl_typesupport_introspection_cppExport.cmake
[21.012s] -- Installing: /home/ubuntu/odrv_ws/install/interfaces/share/interfaces/cmake/interfaces__rosidl_typesupport_introspection_cppExport-noconfig.cmake
[21.013s] -- Installing: /home/ubuntu/odrv_ws/install/interfaces/share/interfaces/cmake/interfaces__rosidl_typesupport_cppExport.cmake
[21.015s] -- Installing: /home/ubuntu/odrv_ws/install/interfaces/share/interfaces/cmake/interfaces__rosidl_typesupport_cppExport-noconfig.cmake
[21.016s] -- Installing: /home/ubuntu/odrv_ws/install/interfaces/share/interfaces/cmake/rosidl_cmake-extras.cmake
[21.017s] -- Installing: /home/ubuntu/odrv_ws/install/interfaces/share/interfaces/cmake/ament_cmake_export_dependencies-extras.cmake
[21.019s] -- Installing: /home/ubuntu/odrv_ws/install/interfaces/share/interfaces/cmake/ament_cmake_export_libraries-extras.cmake
[21.020s] -- Installing: /home/ubuntu/odrv_ws/install/interfaces/share/interfaces/cmake/ament_cmake_export_targets-extras.cmake
[21.021s] -- Installing: /home/ubuntu/odrv_ws/install/interfaces/share/interfaces/cmake/ament_cmake_export_include_directories-extras.cmake
[21.023s] -- Installing: /home/ubuntu/odrv_ws/install/interfaces/share/interfaces/cmake/rosidl_cmake_export_typesupport_libraries-extras.cmake
[21.024s] -- Installing: /home/ubuntu/odrv_ws/install/interfaces/share/interfaces/cmake/rosidl_cmake_export_typesupport_targets-extras.cmake
[21.025s] -- Installing: /home/ubuntu/odrv_ws/install/interfaces/share/interfaces/cmake/interfacesConfig.cmake
[21.026s] -- Installing: /home/ubuntu/odrv_ws/install/interfaces/share/interfaces/cmake/interfacesConfig-version.cmake
[21.027s] -- Installing: /home/ubuntu/odrv_ws/install/interfaces/share/interfaces/package.xml
[21.039s] Invoked command in '/home/ubuntu/odrv_ws/build/interfaces' returned '0': CMAKE_PREFIX_PATH=${CMAKE_PREFIX_PATH}:/home/ubuntu/odrv_ws/install/srvcli:/home/ubuntu/odrv_ws/install/interfaces:/opt/ros/foxy /usr/bin/cmake --install /home/ubuntu/odrv_ws/build/interfaces
