[2.810s] Invoking command in '/home/ubuntu/odrv_ws/src/interfaces': PYTHONPATH=/home/ubuntu/odrv_ws/install/interfaces/lib/python3.8/site-packages:${PYTHONPATH} /usr/bin/python3 setup.py egg_info --egg-base ../../build/interfaces build --build-base /home/ubuntu/odrv_ws/build/interfaces/build install --prefix /home/ubuntu/odrv_ws/install/interfaces --record /home/ubuntu/odrv_ws/build/interfaces/install.log --single-version-externally-managed
[3.726s] running egg_info
[3.727s] creating ../../build/interfaces/interfaces.egg-info
[3.728s] writing ../../build/interfaces/interfaces.egg-info/PKG-INFO
[3.729s] writing dependency_links to ../../build/interfaces/interfaces.egg-info/dependency_links.txt
[3.730s] writing entry points to ../../build/interfaces/interfaces.egg-info/entry_points.txt
[3.730s] writing requirements to ../../build/interfaces/interfaces.egg-info/requires.txt
[3.731s] writing top-level names to ../../build/interfaces/interfaces.egg-info/top_level.txt
[3.736s] writing manifest file '../../build/interfaces/interfaces.egg-info/SOURCES.txt'
[3.867s] reading manifest file '../../build/interfaces/interfaces.egg-info/SOURCES.txt'
[3.869s] writing manifest file '../../build/interfaces/interfaces.egg-info/SOURCES.txt'
[3.870s] running build
[3.870s] running build_py
[3.871s] creating /home/ubuntu/odrv_ws/build/interfaces/build
[3.871s] creating /home/ubuntu/odrv_ws/build/interfaces/build/lib
[3.872s] creating /home/ubuntu/odrv_ws/build/interfaces/build/lib/interfaces
[3.872s] copying interfaces/__init__.py -> /home/ubuntu/odrv_ws/build/interfaces/build/lib/interfaces
[3.873s] running install
[3.875s] running install_lib
[3.879s] creating /home/ubuntu/odrv_ws/install/interfaces/lib/python3.8/site-packages/interfaces
[3.879s] copying /home/ubuntu/odrv_ws/build/interfaces/build/lib/interfaces/__init__.py -> /home/ubuntu/odrv_ws/install/interfaces/lib/python3.8/site-packages/interfaces
[3.881s] byte-compiling /home/ubuntu/odrv_ws/install/interfaces/lib/python3.8/site-packages/interfaces/__init__.py to __init__.cpython-38.pyc
[3.886s] running install_data
[3.888s] creating /home/ubuntu/odrv_ws/install/interfaces/share/ament_index
[3.888s] creating /home/ubuntu/odrv_ws/install/interfaces/share/ament_index/resource_index
[3.889s] creating /home/ubuntu/odrv_ws/install/interfaces/share/ament_index/resource_index/packages
[3.889s] copying resource/interfaces -> /home/ubuntu/odrv_ws/install/interfaces/share/ament_index/resource_index/packages
[3.890s] copying package.xml -> /home/ubuntu/odrv_ws/install/interfaces/share/interfaces
[3.890s] running install_egg_info
[3.896s] Copying ../../build/interfaces/interfaces.egg-info to /home/ubuntu/odrv_ws/install/interfaces/lib/python3.8/site-packages/interfaces-0.0.0-py3.8.egg-info
[3.900s] running install_scripts
[3.966s] writing list of installed files to '/home/ubuntu/odrv_ws/build/interfaces/install.log'
[4.070s] Invoked command in '/home/ubuntu/odrv_ws/src/interfaces' returned '0': PYTHONPATH=/home/ubuntu/odrv_ws/install/interfaces/lib/python3.8/site-packages:${PYTHONPATH} /usr/bin/python3 setup.py egg_info --egg-base ../../build/interfaces build --build-base /home/ubuntu/odrv_ws/build/interfaces/build install --prefix /home/ubuntu/odrv_ws/install/interfaces --record /home/ubuntu/odrv_ws/build/interfaces/install.log --single-version-externally-managed
